00:41:08  WARMUP  BAJAJ-AUTO   625 bars  API 2026-02-23→2026-02-27 15:27:00
00:41:10  WARMUP  NESTLEIND    625 bars  API 2026-02-23→2026-02-27 15:27:00
00:41:11  WARMUP  TATACONSUM   625 bars  API 2026-02-23→2026-02-27 15:27:00
00:41:13  WARMUP  HCLTECH      625 bars  API 2026-02-23→2026-02-27 15:27:00
00:41:15  WARMUP  EICHERMOT    625 bars  API 2026-02-23→2026-02-27 15:27:00
00:41:17  WARMUP  BAJFINANCE   625 bars  API 2026-02-23→2026-02-27 15:27:00
00:41:18  WARMUP  SBIN         625 bars  API 2026-02-23→2026-02-27 15:27:00
00:41:20  WARMUP  APOLLOHOSP   625 bars  API 2026-02-23→2026-02-27 15:27:00
00:41:22  WARMUP  JIOFIN       625 bars  API 2026-02-23→2026-02-27 15:27:00
00:41:23  WARMUP  POWERGRID    625 bars  API 2026-02-23→2026-02-27 15:27:00
00:41:24  PDL  BAJAJ-AUTO   H=10187.00  L=10029.50
00:41:24  PDL  NESTLEIND    H=1329.20  L=1310.60
00:41:24  PDL  TATACONSUM   H=1177.40  L=1153.50
00:41:24  PDL  HCLTECH      H=1405.00  L=1368.00
00:41:24  PDL  EICHERMOT    H=8225.00  L=8024.50
00:41:24  PDL  BAJFINANCE   H=1031.20  L=1006.05
00:41:24  PDL  SBIN         H=1215.40  L=1188.90
00:41:24  PDL  APOLLOHOSP   H=7831.00  L=7729.00
00:41:24  PDL  JIOFIN       H=258.85  L=255.35
00:41:24  PDL  POWERGRID    H=307.70  L=301.40
00:41:33  WARMUP  BAJAJ-AUTO   625 bars  API 2026-02-23→2026-02-27 15:27:00
00:41:35  WARMUP  NESTLEIND    625 bars  API 2026-02-23→2026-02-27 15:27:00
00:41:36  WARMUP  TATACONSUM   625 bars  API 2026-02-23→2026-02-27 15:27:00
00:41:38  WARMUP  HCLTECH      625 bars  API 2026-02-23→2026-02-27 15:27:00
00:41:40  WARMUP  EICHERMOT    625 bars  API 2026-02-23→2026-02-27 15:27:00
00:41:42  WARMUP  BAJFINANCE   625 bars  API 2026-02-23→2026-02-27 15:27:00
00:41:43  WARMUP  SBIN         625 bars  API 2026-02-23→2026-02-27 15:27:00
00:41:45  WARMUP  APOLLOHOSP   625 bars  API 2026-02-23→2026-02-27 15:27:00
00:41:47  WARMUP  JIOFIN       625 bars  API 2026-02-23→2026-02-27 15:27:00
00:41:49  WARMUP  POWERGRID    625 bars  API 2026-02-23→2026-02-27 15:27:00
00:41:50  PDL  BAJAJ-AUTO   H=10187.00  L=10029.50
00:41:50  PDL  NESTLEIND    H=1329.20  L=1310.60
00:41:50  PDL  TATACONSUM   H=1177.40  L=1153.50
00:41:50  PDL  HCLTECH      H=1405.00  L=1368.00
00:41:50  PDL  EICHERMOT    H=8225.00  L=8024.50
00:41:50  PDL  BAJFINANCE   H=1031.20  L=1006.05
00:41:50  PDL  SBIN         H=1215.40  L=1188.90
00:41:50  PDL  APOLLOHOSP   H=7831.00  L=7729.00
00:41:50  PDL  JIOFIN       H=258.85  L=255.35
00:41:50  PDL  POWERGRID    H=307.70  L=301.40
00:41:54  WARMUP  BAJAJ-AUTO   625 bars  API 2026-02-23→2026-02-27 15:27:00
00:41:55  WARMUP  NESTLEIND    625 bars  API 2026-02-23→2026-02-27 15:27:00
00:41:58  WARMUP  TATACONSUM   625 bars  API 2026-02-23→2026-02-27 15:27:00
00:41:59  WARMUP  HCLTECH      625 bars  API 2026-02-23→2026-02-27 15:27:00
00:42:01  WARMUP  EICHERMOT    625 bars  API 2026-02-23→2026-02-27 15:27:00
00:42:03  WARMUP  BAJFINANCE   625 bars  API 2026-02-23→2026-02-27 15:27:00
00:42:04  WARMUP  SBIN         625 bars  API 2026-02-23→2026-02-27 15:27:00
00:42:06  WARMUP  APOLLOHOSP   625 bars  API 2026-02-23→2026-02-27 15:27:00
00:42:08  WARMUP  JIOFIN       625 bars  API 2026-02-23→2026-02-27 15:27:00
00:42:09  WARMUP  POWERGRID    625 bars  API 2026-02-23→2026-02-27 15:27:00
00:42:10  PDL  BAJAJ-AUTO   H=10187.00  L=10029.50
00:42:10  PDL  NESTLEIND    H=1329.20  L=1310.60
00:42:10  PDL  TATACONSUM   H=1177.40  L=1153.50
00:42:10  PDL  HCLTECH      H=1405.00  L=1368.00
00:42:10  PDL  EICHERMOT    H=8225.00  L=8024.50
00:42:10  PDL  BAJFINANCE   H=1031.20  L=1006.05
00:42:10  PDL  SBIN         H=1215.40  L=1188.90
00:42:10  PDL  APOLLOHOSP   H=7831.00  L=7729.00
00:42:10  PDL  JIOFIN       H=258.85  L=255.35
00:42:10  PDL  POWERGRID    H=307.70  L=301.40
