08:45:52  ======================================================================
08:45:52  SESSION START  Capital=50000  RR=1:2.0  Risk=1.5%  ws=True
08:45:52  Stocks: NESTLEIND, TRENT, APOLLOHOSP, HDFCLIFE, JSWSTEEL, POWERGRID, HINDALCO, INFY, HDFCBANK, WIPRO
08:45:52  Strategy: PDL-Only (SL=1.0x ATR)  RR=1:2.0  MaxSL/day=2
08:45:52  Telegram: enabled
08:45:52  PHASE 1  Warm-Up — connecting to Angel One
08:45:53  API connected
08:45:53  Loading 5-day 3-min warmup data
08:45:55  WARMUP  NESTLEIND    375 bars  API 2026-03-12→2026-03-16 15:27:00  cached
08:45:58  WARMUP  TRENT        375 bars  API 2026-03-12→2026-03-16 15:27:00  cached
08:46:01  WARMUP  APOLLOHOSP   375 bars  API 2026-03-12→2026-03-16 15:27:00  cached
08:46:04  WARMUP  HDFCLIFE     375 bars  API 2026-03-12→2026-03-16 15:27:00  cached
08:46:07  WARMUP  JSWSTEEL     375 bars  API 2026-03-12→2026-03-16 15:27:00  cached
08:46:11  WARMUP  POWERGRID    375 bars  API 2026-03-12→2026-03-16 15:27:00  cached
08:46:14  WARMUP  HINDALCO     375 bars  API 2026-03-12→2026-03-16 15:27:00  cached
08:46:17  WARMUP  INFY         375 bars  API 2026-03-12→2026-03-16 15:27:00  cached
08:46:20  WARMUP  HDFCBANK     375 bars  API 2026-03-12→2026-03-16 15:27:00  cached
08:46:23  WARMUP  WIPRO        375 bars  API 2026-03-12→2026-03-16 15:27:00  cached
08:46:25  Checking event calendar for corporate events
08:46:27  Event calendar: all stocks cleared
08:46:27  PDL  NESTLEIND    H=1219.30  L=1196.50
08:46:27  PDL  TRENT        H=3612.40  L=3427.90
08:46:27  PDL  APOLLOHOSP   H=7750.00  L=7410.00
08:46:27  PDL  HDFCLIFE     H=630.55  L=617.20
08:46:27  PDL  JSWSTEEL     H=1150.00  L=1120.10
08:46:27  PDL  POWERGRID    H=303.00  L=291.40
08:46:27  PDL  HINDALCO     H=943.15  L=901.30
08:46:27  PDL  INFY         H=1254.30  L=1224.20
08:46:27  PDL  HDFCBANK     H=844.50  L=815.65
08:46:27  PDL  WIPRO        H=198.29  L=192.77
08:46:27  Warm-up complete: 10 stocks loaded (0 excluded), PDL levels for 10
08:46:27  Starting WebSocket feed
08:46:27  WS connected — subscribing 10 tokens (mode=2 Quote)
08:46:27  WS feed started — 10 tokens subscribed
08:46:28  PHASE  START → PRE_MARKET
09:27:49  PHASE  PRE_MARKET → SILENT
09:27:49  SCAN delay 48.8s beyond target 09:27:01
09:27:49  MISSED 4 candle(s) (idx -1→4)
09:27:49  SCAN #1  09:27:49  phase=SILENT  active=False  missed=4
09:27:49  FETCH  REST gap-fill (first scan, missed 4 candle(s))
09:27:49  GAP-FILL  NESTLEIND    Candle fetch failed: Too many requests
09:27:50  GAP-FILL  TRENT        Candle fetch failed: Too many requests
09:27:50  GAP-FILL  APOLLOHOSP   Candle fetch failed: Too many requests
09:27:51  GAP-FILL  HDFCLIFE     Candle fetch failed: Too many requests
09:27:51  GAP-FILL  JSWSTEEL     Candle fetch failed: Too many requests
09:45:26  GAP-FILL  INFY         Candle fetch failed: Too many requests
09:45:26  GAP-FILL  HDFCBANK     Candle fetch failed: Too many requests
09:45:26  GAP-FILL  WIPRO        Candle fetch failed: Couldn't parse the JSON response received from the server: b'Access denied because of exceeding access rate'
10:03:26  GAP-FILL  POWERGRID    Candle fetch failed: HTTPSConnectionPool(host='apiconnect.angelone.in', port=443): Read timed out. (read timeout=7)
10:03:26  GAP-FILL  1/10 OK in 2136.2s
10:03:26  WS stale (47s since last tick) — REST fallback
10:03:29  FETCH  REST  10/10 OK in 2139.7s
10:03:29    NESTLEIND    Baseline     C=1218.10  VWAP=1217.37  RSI=67  Vol=1.2x  → -[-]  inactive_phase
10:03:29    NESTLEIND    Baseline     C=1215.00  VWAP=1217.23  RSI=56  Vol=0.4x  → -[-]  inactive_phase
10:03:29    NESTLEIND    Baseline     C=1218.20  VWAP=1217.19  RSI=63  Vol=0.5x  → -[-]  inactive_phase
10:03:29    NESTLEIND    Baseline     C=1218.50  VWAP=1217.36  RSI=64  Vol=0.4x  → -[-]  inactive_phase
10:03:29    TRENT        Baseline     C=3575.20  VWAP=3580.07  RSI=43  Vol=0.6x  → -[-]  inactive_phase
10:03:29    TRENT        Baseline     C=3579.50  VWAP=3579.68  RSI=48  Vol=0.3x  → -[-]  inactive_phase
10:03:29    TRENT        Baseline     C=3576.10  VWAP=3579.75  RSI=44  Vol=0.2x  → -[-]  inactive_phase
10:03:29    TRENT        Baseline     C=3572.20  VWAP=3578.23  RSI=41  Vol=0.3x  → -[-]  inactive_phase
10:03:29    APOLLOHOSP   Baseline     C=7506.00  VWAP=7498.50  RSI=67  Vol=0.7x  → -[-]  inactive_phase
10:03:29    APOLLOHOSP   Baseline     C=7482.00  VWAP=7496.62  RSI=46  Vol=0.3x  → -[-]  inactive_phase
10:03:29    APOLLOHOSP   Baseline     C=7497.50  VWAP=7496.03  RSI=56  Vol=0.2x  → -[-]  inactive_phase
10:03:29    APOLLOHOSP   Baseline     C=7496.50  VWAP=7495.78  RSI=55  Vol=0.2x  → -[-]  inactive_phase
10:03:29    HDFCLIFE     Baseline     C=627.40  VWAP=626.80  RSI=57  Vol=0.3x  → -[-]  inactive_phase
10:03:29    HDFCLIFE     Baseline     C=625.70  VWAP=626.63  RSI=46  Vol=0.2x  → -[-]  inactive_phase
10:03:29    HDFCLIFE     Baseline     C=626.15  VWAP=626.39  RSI=49  Vol=0.3x  → -[-]  inactive_phase
10:03:29    HDFCLIFE     Baseline     C=624.55  VWAP=626.21  RSI=41  Vol=0.1x  → -[-]  inactive_phase
10:03:29    JSWSTEEL     Baseline     C=1149.50  VWAP=1151.63  RSI=67  Vol=0.6x  → -[-]  inactive_phase
10:03:29    JSWSTEEL     Baseline     C=1144.30  VWAP=1149.01  RSI=50  Vol=0.5x  → -[-]  inactive_phase
10:03:29    JSWSTEEL     Baseline     C=1145.20  VWAP=1148.18  RSI=52  Vol=0.3x  → -[-]  inactive_phase
10:03:29    JSWSTEEL     Baseline     C=1141.90  VWAP=1147.00  RSI=44  Vol=0.4x  → -[-]  inactive_phase
10:03:29    POWERGRID    Baseline     C=297.55  VWAP=298.68  RSI=50  Vol=1.0x  → -[-]  inactive_phase
10:03:29    POWERGRID    Baseline     C=297.60  VWAP=298.39  RSI=51  Vol=0.5x  → -[-]  inactive_phase
10:03:29    POWERGRID    Baseline     C=297.25  VWAP=298.28  RSI=46  Vol=0.3x  → -[-]  inactive_phase
10:03:29    POWERGRID    Baseline     C=296.55  VWAP=298.16  RSI=38  Vol=0.2x  → -[-]  inactive_phase
10:03:29    HINDALCO     Baseline     C=923.10  VWAP=924.97  RSI=54  Vol=1.9x  → -[-]  inactive_phase
10:03:29    HINDALCO     Baseline     C=920.45  VWAP=923.93  RSI=44  Vol=0.9x  → -[-]  inactive_phase
10:03:29    HINDALCO     Baseline     C=919.00  VWAP=923.25  RSI=39  Vol=0.7x  → -[-]  inactive_phase
10:03:29    HINDALCO     Baseline     C=917.05  VWAP=922.22  RSI=34  Vol=0.8x  → -[-]  inactive_phase
10:03:29    INFY         Baseline     C=1232.90  VWAP=1236.20  RSI=20  Vol=1.3x  → -[-]  inactive_phase
10:03:29    INFY         Baseline     C=1228.80  VWAP=1234.06  RSI=16  Vol=0.8x  → -[-]  inactive_phase
10:03:29    INFY         Baseline     C=1222.60  VWAP=1230.88  RSI=13  Vol=1.1x  → SHORT[PDL_BASE]  inactive_phase
10:03:29    INFY         Baseline     C=1221.70  VWAP=1228.50  RSI=12  Vol=1.0x  → -[-]  inactive_phase
10:03:29    HDFCBANK     Baseline     C=837.85  VWAP=840.62  RSI=45  Vol=1.8x  → -[-]  inactive_phase
10:03:29    HDFCBANK     Baseline     C=837.50  VWAP=840.10  RSI=44  Vol=0.4x  → -[-]  inactive_phase
10:03:29    HDFCBANK     Baseline     C=836.70  VWAP=839.79  RSI=40  Vol=0.3x  → -[-]  inactive_phase
10:03:29    HDFCBANK     Baseline     C=836.65  VWAP=839.51  RSI=40  Vol=0.3x  → -[-]  inactive_phase
10:03:29    WIPRO        Baseline     C=193.78  VWAP=194.01  RSI=28  Vol=3.1x  → -[-]  inactive_phase
10:03:29    WIPRO        Baseline     C=192.16  VWAP=193.40  RSI=16  Vol=2.4x  → SHORT[PDL_BASE]  inactive_phase
10:03:29    WIPRO        Baseline     C=190.20  VWAP=192.45  RSI=10  Vol=2.8x  → -[-]  inactive_phase
10:03:29    WIPRO        Baseline     C=189.79  VWAP=191.75  RSI=9  Vol=2.4x  → -[-]  inactive_phase
10:03:29  SCAN #1 complete in 2139.7s
10:03:29  PHASE  SILENT → ACTIVE_AM
10:03:29  WS connected — subscribing 10 tokens (mode=2 Quote)
10:20:18  WS error: Connection closed
10:20:18  WS error: Connection closed
10:20:18  WS error: Connection closed
10:20:18  WS reconnecting in 1s (attempt 1)...
10:20:18  SCAN delay 137.3s beyond target 10:18:01
10:20:18  MISSED 16 candle(s) (idx 4→21)
10:20:18  SCAN #2  10:03:29  phase=ACTIVE_AM  active=True  missed=16
10:20:18  FETCH  REST gap-fill (missed 16 candle(s))
10:20:19  WS connected — subscribing 10 tokens (mode=2 Quote)
10:20:21  GAP-FILL  10/10 OK in 3.3s
10:20:21  FETCH  WS  10 new bars (0 clock-flushed) in 3.324s
10:20:21    NESTLEIND    Baseline     C=1217.60  VWAP=1217.28  RSI=65  Vol=0.4x  → -[-]  
10:20:21    NESTLEIND    Baseline     C=1216.00  VWAP=1217.14  RSI=57  Vol=0.3x  → -[-]  
10:20:21    NESTLEIND    Baseline     C=1217.80  VWAP=1217.13  RSI=63  Vol=0.3x  → -[-]  
10:20:21    NESTLEIND    Baseline     C=1216.50  VWAP=1217.19  RSI=56  Vol=0.5x  → -[-]  
10:20:21    NESTLEIND    Baseline     C=1217.10  VWAP=1217.22  RSI=59  Vol=0.2x  → -[-]  
10:20:21    NESTLEIND    Baseline     C=1216.80  VWAP=1217.15  RSI=57  Vol=0.5x  → -[-]  
10:20:21  STALE SIGNAL  NESTLEIND    Baseline     LONG[PDL_BASE]  bar=09:48  detected=10:03:29  backlog — skipped live alert
10:20:21    NESTLEIND    Baseline     C=1217.70  VWAP=1217.34  RSI=57  Vol=0.2x  → -[-]  cooldown_until_10:18
10:20:21    NESTLEIND    Baseline     C=1218.00  VWAP=1217.34  RSI=58  Vol=0.3x  → -[-]  cooldown_until_10:18
10:20:21    NESTLEIND    Baseline     C=1217.50  VWAP=1217.34  RSI=55  Vol=0.2x  → -[-]  cooldown_until_10:18
10:20:21    NESTLEIND    Baseline     C=1219.00  VWAP=1217.38  RSI=61  Vol=0.2x  → -[-]  cooldown_until_10:18
10:20:21    NESTLEIND    Baseline     C=1219.50  VWAP=1217.42  RSI=63  Vol=0.2x  → -[-]  cooldown_until_10:18
10:20:21    TRENT        Baseline     C=3572.70  VWAP=3575.46  RSI=42  Vol=0.2x  → -[-]  
10:20:21    TRENT        Baseline     C=3577.00  VWAP=3575.70  RSI=47  Vol=0.3x  → -[-]  
10:20:21    TRENT        Baseline     C=3578.80  VWAP=3575.82  RSI=48  Vol=0.1x  → -[-]  
10:20:21    TRENT        Baseline     C=3577.60  VWAP=3576.56  RSI=47  Vol=0.3x  → -[-]  
10:20:21    TRENT        Baseline     C=3588.80  VWAP=3577.86  RSI=58  Vol=0.3x  → -[-]  
10:20:21    TRENT        Baseline     C=3586.30  VWAP=3578.12  RSI=55  Vol=0.1x  → -[-]  
10:20:21    TRENT        Baseline     C=3579.50  VWAP=3578.31  RSI=48  Vol=0.2x  → -[-]  
10:20:21    TRENT        Baseline     C=3575.50  VWAP=3578.09  RSI=44  Vol=0.3x  → -[-]  
10:20:21    TRENT        Baseline     C=3575.40  VWAP=3577.83  RSI=44  Vol=0.3x  → -[-]  
10:20:21    TRENT        Baseline     C=3568.60  VWAP=3577.15  RSI=38  Vol=0.5x  → -[-]  
10:20:21    TRENT        Baseline     C=3572.80  VWAP=3576.75  RSI=43  Vol=0.4x  → -[-]  
10:20:21    TRENT        Baseline     C=3567.60  VWAP=3576.22  RSI=38  Vol=0.5x  → -[-]  
10:20:21    APOLLOHOSP   Baseline     C=7500.00  VWAP=7493.31  RSI=62  Vol=0.1x  → -[-]  
10:20:21    APOLLOHOSP   Baseline     C=7499.00  VWAP=7495.98  RSI=60  Vol=0.6x  → -[-]  
10:20:21    APOLLOHOSP   Baseline     C=7501.00  VWAP=7497.08  RSI=62  Vol=0.3x  → -[-]  
10:20:21    APOLLOHOSP   Baseline     C=7507.00  VWAP=7499.92  RSI=68  Vol=0.6x  → -[-]  
10:20:21    APOLLOHOSP   Baseline     C=7511.00  VWAP=7501.49  RSI=71  Vol=0.4x  → -[-]  
10:20:21    APOLLOHOSP   Baseline     C=7517.00  VWAP=7502.73  RSI=75  Vol=0.3x  → -[-]  
10:20:21    APOLLOHOSP   Baseline     C=7520.00  VWAP=7506.05  RSI=77  Vol=1.0x  → -[-]  
10:20:21    APOLLOHOSP   Baseline     C=7527.00  VWAP=7507.40  RSI=80  Vol=0.4x  → -[-]  
10:20:21    APOLLOHOSP   Baseline     C=7515.00  VWAP=7508.01  RSI=61  Vol=0.3x  → -[-]  
10:20:21    APOLLOHOSP   Baseline     C=7499.00  VWAP=7507.81  RSI=45  Vol=0.4x  → -[-]  
10:20:21    APOLLOHOSP   Baseline     C=7515.00  VWAP=7507.88  RSI=58  Vol=0.3x  → -[-]  
10:20:21    APOLLOHOSP   Baseline     C=7535.00  VWAP=7508.75  RSI=68  Vol=0.4x  → -[-]  
10:20:21    HDFCLIFE     Baseline     C=624.35  VWAP=625.50  RSI=38  Vol=0.3x  → -[-]  
10:20:21    HDFCLIFE     Baseline     C=625.15  VWAP=625.37  RSI=45  Vol=0.2x  → -[-]  
10:20:21    HDFCLIFE     Baseline     C=625.45  VWAP=625.35  RSI=48  Vol=0.1x  → -[-]  
10:20:21    HDFCLIFE     Baseline     C=625.85  VWAP=625.46  RSI=51  Vol=0.3x  → -[-]  
10:20:21    HDFCLIFE     Baseline     C=627.35  VWAP=625.88  RSI=62  Vol=0.9x  → -[-]  
10:20:21    HDFCLIFE     Baseline     C=627.10  VWAP=625.93  RSI=60  Vol=0.2x  → -[-]  
10:20:21    HDFCLIFE     Baseline     C=627.10  VWAP=625.96  RSI=60  Vol=0.2x  → -[-]  
10:20:21    HDFCLIFE     Baseline     C=626.35  VWAP=625.99  RSI=52  Vol=0.2x  → -[-]  
10:20:21    HDFCLIFE     Baseline     C=625.80  VWAP=625.98  RSI=47  Vol=0.2x  → -[-]  
10:20:21    HDFCLIFE     Baseline     C=625.95  VWAP=625.98  RSI=48  Vol=0.2x  → -[-]  
10:20:21    HDFCLIFE     Baseline     C=626.50  VWAP=625.99  RSI=54  Vol=0.2x  → -[-]  
10:20:21    HDFCLIFE     Baseline     C=627.40  VWAP=626.04  RSI=61  Vol=0.4x  → -[-]  
10:20:21    JSWSTEEL     Baseline     C=1140.30  VWAP=1144.01  RSI=38  Vol=0.3x  → -[-]  
10:20:21    JSWSTEEL     Baseline     C=1142.20  VWAP=1143.54  RSI=46  Vol=0.3x  → -[-]  
10:20:21    JSWSTEEL     Baseline     C=1144.20  VWAP=1143.54  RSI=53  Vol=0.2x  → -[-]  
10:20:21    JSWSTEEL     Baseline     C=1145.10  VWAP=1143.75  RSI=56  Vol=0.4x  → -[-]  
10:20:21    JSWSTEEL     Baseline     C=1147.60  VWAP=1144.12  RSI=63  Vol=0.3x  → -[-]  
10:20:21    JSWSTEEL     Baseline     C=1148.50  VWAP=1144.44  RSI=66  Vol=0.4x  → -[-]  
10:20:21  STALE SIGNAL  JSWSTEEL     Baseline     LONG[PDL_BASE]  bar=09:48  detected=10:03:29  backlog — skipped live alert
10:20:21    JSWSTEEL     Baseline     C=1152.50  VWAP=1146.77  RSI=73  Vol=1.4x  → -[-]  cooldown_until_10:18
10:20:21    JSWSTEEL     Baseline     C=1150.50  VWAP=1146.97  RSI=64  Vol=0.4x  → -[-]  cooldown_until_10:18
10:20:21    JSWSTEEL     Baseline     C=1149.70  VWAP=1147.15  RSI=60  Vol=0.4x  → -[-]  cooldown_until_10:18
10:20:21    JSWSTEEL     Baseline     C=1152.70  VWAP=1147.46  RSI=68  Vol=0.6x  → -[-]  cooldown_until_10:18
10:20:21    JSWSTEEL     Baseline     C=1156.50  VWAP=1149.64  RSI=74  Vol=3.4x  → -[-]  cooldown_until_10:18
10:20:21    POWERGRID    Baseline     C=296.90  VWAP=297.35  RSI=44  Vol=0.3x  → -[-]  
10:20:21    POWERGRID    Baseline     C=297.05  VWAP=297.29  RSI=46  Vol=0.2x  → -[-]  
10:20:21    POWERGRID    Baseline     C=297.15  VWAP=297.28  RSI=48  Vol=0.2x  → -[-]  
10:20:21    POWERGRID    Baseline     C=297.20  VWAP=297.29  RSI=48  Vol=0.2x  → -[-]  
10:20:21    POWERGRID    Baseline     C=297.85  VWAP=297.34  RSI=59  Vol=0.2x  → -[-]  
10:20:21    POWERGRID    Baseline     C=298.05  VWAP=297.36  RSI=61  Vol=0.2x  → -[-]  
10:20:21    POWERGRID    Baseline     C=298.75  VWAP=297.43  RSI=69  Vol=0.2x  → -[-]  
10:20:21    POWERGRID    Baseline     C=297.90  VWAP=297.47  RSI=54  Vol=0.2x  → -[-]  
10:20:21    POWERGRID    Baseline     C=297.55  VWAP=297.48  RSI=49  Vol=0.3x  → -[-]  
10:20:21    POWERGRID    Baseline     C=297.55  VWAP=297.48  RSI=49  Vol=0.1x  → -[-]  
10:20:21    POWERGRID    Baseline     C=297.85  VWAP=297.48  RSI=54  Vol=0.1x  → -[-]  
10:20:21    POWERGRID    Baseline     C=297.70  VWAP=297.49  RSI=51  Vol=0.3x  → -[-]  
10:20:21    HINDALCO     Baseline     C=917.05  VWAP=919.62  RSI=31  Vol=0.6x  → -[-]  
10:20:21    HINDALCO     Baseline     C=920.00  VWAP=919.56  RSI=48  Vol=0.5x  → -[-]  
10:20:21    HINDALCO     Baseline     C=920.95  VWAP=919.71  RSI=52  Vol=0.6x  → -[-]  
10:20:21    HINDALCO     Baseline     C=920.00  VWAP=919.78  RSI=48  Vol=0.3x  → -[-]  
10:20:21    HINDALCO     Baseline     C=921.55  VWAP=919.87  RSI=55  Vol=0.3x  → -[-]  
10:20:21    HINDALCO     Baseline     C=922.10  VWAP=919.99  RSI=57  Vol=0.4x  → -[-]  
10:20:21    HINDALCO     Baseline     C=928.55  VWAP=920.84  RSI=74  Vol=0.9x  → -[-]  
10:20:21    HINDALCO     Baseline     C=928.15  VWAP=921.39  RSI=72  Vol=0.7x  → -[-]  
10:20:21    HINDALCO     Baseline     C=928.50  VWAP=921.85  RSI=73  Vol=0.7x  → -[-]  
10:20:21    HINDALCO     Baseline     C=926.90  VWAP=922.44  RSI=64  Vol=1.0x  → -[-]  
10:20:21    HINDALCO     Baseline     C=929.35  VWAP=922.62  RSI=70  Vol=0.4x  → -[-]  
10:20:21    HINDALCO     Baseline     C=934.20  VWAP=923.30  RSI=78  Vol=0.9x  → -[-]  
10:20:21    INFY         Baseline     C=1223.80  VWAP=1224.71  RSI=24  Vol=0.5x  → -[-]  
10:20:21    INFY         Baseline     C=1219.40  VWAP=1224.12  RSI=21  Vol=0.7x  → -[-]  
10:20:21    INFY         Baseline     C=1217.70  VWAP=1222.86  RSI=20  Vol=1.1x  → -[-]  
10:20:21    INFY         Baseline     C=1217.60  VWAP=1222.47  RSI=19  Vol=0.6x  → -[-]  
10:20:21    INFY         Baseline     C=1221.30  VWAP=1222.28  RSI=30  Vol=0.5x  → -[-]  
10:20:21    INFY         Baseline     C=1223.70  VWAP=1222.30  RSI=36  Vol=0.6x  → -[-]  
10:20:21    INFY         Baseline     C=1223.30  VWAP=1222.31  RSI=35  Vol=0.7x  → -[-]  
10:20:21    INFY         Baseline     C=1226.20  VWAP=1222.57  RSI=43  Vol=0.9x  → -[-]  
10:20:21    INFY         Baseline     C=1228.40  VWAP=1223.24  RSI=48  Vol=1.4x  → -[-]  
10:20:21    INFY         Baseline     C=1228.70  VWAP=1223.57  RSI=49  Vol=0.8x  → -[-]  
10:20:21    INFY         Baseline     C=1230.10  VWAP=1223.92  RSI=52  Vol=0.8x  → -[-]  
10:20:21    INFY         Baseline     C=1229.00  VWAP=1224.10  RSI=49  Vol=0.6x  → -[-]  
10:20:21    HDFCBANK     Baseline     C=837.10  VWAP=837.15  RSI=44  Vol=0.4x  → -[-]  
10:20:21    HDFCBANK     Baseline     C=837.40  VWAP=837.19  RSI=46  Vol=0.3x  → -[-]  
10:20:21    HDFCBANK     Baseline     C=838.80  VWAP=837.46  RSI=53  Vol=0.5x  → -[-]  
10:20:21    HDFCBANK     Baseline     C=838.35  VWAP=837.61  RSI=50  Vol=0.3x  → -[-]  
10:20:21    HDFCBANK     Baseline     C=839.00  VWAP=837.72  RSI=54  Vol=0.2x  → -[-]  
10:20:21    HDFCBANK     Baseline     C=839.10  VWAP=837.84  RSI=54  Vol=0.5x  → -[-]  
10:20:21    HDFCBANK     Baseline     C=841.85  VWAP=838.14  RSI=67  Vol=0.5x  → -[-]  
10:20:21    HDFCBANK     Baseline     C=842.60  VWAP=838.67  RSI=69  Vol=0.8x  → -[-]  
10:20:21    HDFCBANK     Baseline     C=842.70  VWAP=838.96  RSI=70  Vol=0.6x  → -[-]  
10:20:21    HDFCBANK     Baseline     C=841.95  VWAP=839.16  RSI=63  Vol=0.5x  → -[-]  
10:20:21    HDFCBANK     Baseline     C=843.80  VWAP=839.40  RSI=71  Vol=0.6x  → -[-]  
10:20:21  STALE SIGNAL  HDFCBANK     Baseline     LONG[PDL_BASE]  bar=10:03  detected=10:03:29  late_bar(expected=10:18) — skipped live alert
10:20:21    WIPRO        Baseline     C=189.67  VWAP=190.76  RSI=18  Vol=1.6x  → -[-]  
10:20:21    WIPRO        Baseline     C=188.67  VWAP=190.42  RSI=15  Vol=2.1x  → -[-]  
10:20:21    WIPRO        Baseline     C=188.69  VWAP=190.13  RSI=15  Vol=1.9x  → -[-]  
10:20:21    WIPRO        Baseline     C=189.51  VWAP=190.00  RSI=27  Vol=2.2x  → -[-]  
10:20:21    WIPRO        Baseline     C=190.04  VWAP=190.00  RSI=34  Vol=1.5x  → -[-]  
10:20:21    WIPRO        Baseline     C=190.67  VWAP=190.03  RSI=41  Vol=1.1x  → -[-]  
10:20:21    WIPRO        Baseline     C=190.46  VWAP=190.04  RSI=39  Vol=0.5x  → -[-]  
10:20:21    WIPRO        Baseline     C=190.65  VWAP=190.05  RSI=42  Vol=0.5x  → -[-]  
10:20:21    WIPRO        Baseline     C=191.22  VWAP=190.11  RSI=48  Vol=1.0x  → -[-]  
10:20:21    WIPRO        Baseline     C=190.95  VWAP=190.15  RSI=46  Vol=0.7x  → -[-]  
10:20:21    WIPRO        Baseline     C=191.26  VWAP=190.17  RSI=49  Vol=0.5x  → -[-]  
10:20:21    WIPRO        Baseline     C=191.10  VWAP=190.20  RSI=47  Vol=0.5x  → -[-]  
10:20:21  SCAN #2 complete in 3.4s
11:10:34  WS connected — subscribing 10 tokens (mode=2 Quote)
11:10:36  SCAN delay 95.8s beyond target 11:09:01
11:10:36  MISSED 16 candle(s) (idx 21→38)
11:10:36  SCAN #3  11:10:36  phase=ACTIVE_AM  active=True  missed=16
11:10:36  FETCH  REST gap-fill (missed 16 candle(s))
11:10:37  GAP-FILL  APOLLOHOSP   Candle fetch failed: Too many requests
11:10:37  GAP-FILL  HDFCLIFE     Candle fetch failed: Too many requests
11:10:38  GAP-FILL  JSWSTEEL     Candle fetch failed: Too many requests
11:10:38  GAP-FILL  POWERGRID    Candle fetch failed: Too many requests
11:10:39  GAP-FILL  HINDALCO     Candle fetch failed: Too many requests
11:10:39  GAP-FILL  INFY         Candle fetch failed: Too many requests
11:10:39  GAP-FILL  HDFCBANK     Candle fetch failed: Too many requests
11:10:40  GAP-FILL  WIPRO        Candle fetch failed: Too many requests
11:10:40  GAP-FILL  2/10 OK in 3.3s
11:10:40  FETCH  WS  10 new bars (0 clock-flushed) in 3.357s
11:10:40    NESTLEIND    Baseline     C=1220.60  VWAP=1217.58  RSI=67  Vol=0.6x  → -[-]  cooldown_until_10:18
11:10:40    NESTLEIND    Baseline     C=1219.60  VWAP=1217.61  RSI=60  Vol=0.2x  → -[-]  cooldown_until_10:18
11:10:40    NESTLEIND    Baseline     C=1220.00  VWAP=1217.64  RSI=62  Vol=0.2x  → -[-]  cooldown_until_10:18
11:10:40    NESTLEIND    Baseline     C=1219.60  VWAP=1217.75  RSI=59  Vol=0.9x  → -[-]  cooldown_until_10:18
11:10:40    NESTLEIND    Baseline     C=1219.90  VWAP=1217.77  RSI=61  Vol=0.2x  → -[-]  
11:10:40    NESTLEIND    Baseline     C=1221.40  VWAP=1217.77  RSI=67  Vol=0.0x  → -[-]  
11:10:40    NESTLEIND    Baseline     C=1221.50  VWAP=1218.58  RSI=68  Vol=4.2x  → -[-]  
11:10:40    NESTLEIND    Baseline     C=1219.70  VWAP=1218.60  RSI=54  Vol=0.3x  → -[-]  
11:10:40    NESTLEIND    Baseline     C=1218.00  VWAP=1218.60  RSI=44  Vol=0.8x  → -[-]  
11:10:40    NESTLEIND    Baseline     C=1215.70  VWAP=1218.57  RSI=35  Vol=0.4x  → -[-]  
11:10:40    NESTLEIND    Baseline     C=1214.50  VWAP=1218.44  RSI=31  Vol=1.0x  → -[-]  
11:10:40    NESTLEIND    Baseline     C=1216.90  VWAP=1218.38  RSI=45  Vol=0.9x  → -[-]  
11:10:40    NESTLEIND    Baseline     C=1216.50  VWAP=1218.32  RSI=43  Vol=0.9x  → -[-]  
11:10:40    NESTLEIND    Baseline     C=1216.70  VWAP=1218.30  RSI=44  Vol=0.5x  → -[-]  
11:10:40    NESTLEIND    Baseline     C=1216.20  VWAP=1218.28  RSI=42  Vol=0.5x  → -[-]  
11:10:40    NESTLEIND    Baseline     C=1219.70  VWAP=1218.28  RSI=59  Vol=0.6x  → -[-]  
11:10:40    NESTLEIND    Baseline     C=1219.90  VWAP=1218.31  RSI=60  Vol=0.9x  → -[-]  
11:10:40    NESTLEIND    Baseline     C=1218.90  VWAP=1218.33  RSI=54  Vol=0.7x  → -[-]  
11:10:40    NESTLEIND    Baseline     C=1217.90  VWAP=1218.32  RSI=49  Vol=0.3x  → -[-]  
11:10:40    NESTLEIND    Baseline     C=1217.90  VWAP=1218.32  RSI=49  Vol=0.4x  → -[-]  
11:10:40    NESTLEIND    Baseline     C=1218.80  VWAP=1218.32  RSI=54  Vol=2.0x  → -[-]  
11:10:40    NESTLEIND    Baseline     C=1215.60  VWAP=1218.30  RSI=39  Vol=0.6x  → -[-]  
11:10:40    TRENT        Baseline     C=3565.70  VWAP=3575.85  RSI=37  Vol=0.4x  → -[-]  
11:10:40    TRENT        Baseline     C=3565.90  VWAP=3575.53  RSI=37  Vol=0.4x  → -[-]  
11:10:40    TRENT        Baseline     C=3568.20  VWAP=3575.02  RSI=41  Vol=0.9x  → -[-]  
11:10:40    TRENT        Baseline     C=3570.80  VWAP=3574.82  RSI=45  Vol=0.6x  → -[-]  
11:10:40    TRENT        Baseline     C=3574.20  VWAP=3574.79  RSI=51  Vol=0.9x  → -[-]  
11:10:40    TRENT        Baseline     C=3573.80  VWAP=3574.79  RSI=50  Vol=0.0x  → -[-]  
11:10:40    TRENT        Baseline     C=3580.00  VWAP=3574.92  RSI=60  Vol=0.8x  → -[-]  
11:10:40    TRENT        Baseline     C=3562.00  VWAP=3574.54  RSI=37  Vol=1.4x  → -[-]  
11:10:40    TRENT        Baseline     C=3556.70  VWAP=3573.44  RSI=33  Vol=1.8x  → -[-]  
11:10:40    TRENT        Baseline     C=3560.40  VWAP=3572.92  RSI=38  Vol=1.0x  → -[-]  
11:10:40    TRENT        Baseline     C=3551.30  VWAP=3572.52  RSI=31  Vol=0.6x  → -[-]  
11:10:40    TRENT        Baseline     C=3556.40  VWAP=3571.93  RSI=38  Vol=1.0x  → -[-]  
11:10:40    TRENT        Baseline     C=3555.70  VWAP=3571.69  RSI=38  Vol=0.5x  → -[-]  
11:10:40    TRENT        Baseline     C=3559.60  VWAP=3571.45  RSI=43  Vol=0.6x  → -[-]  
11:10:40    TRENT        Baseline     C=3559.80  VWAP=3571.32  RSI=44  Vol=0.4x  → -[-]  
11:10:40    TRENT        Baseline     C=3569.00  VWAP=3571.16  RSI=55  Vol=1.1x  → -[-]  
11:10:40    TRENT        Baseline     C=3575.00  VWAP=3571.22  RSI=61  Vol=1.2x  → -[-]  
11:10:40    TRENT        Baseline     C=3579.00  VWAP=3571.36  RSI=65  Vol=0.9x  → -[-]  
11:10:40    TRENT        Baseline     C=3577.90  VWAP=3571.42  RSI=63  Vol=0.4x  → -[-]  
11:10:40    TRENT        Baseline     C=3578.80  VWAP=3571.49  RSI=64  Vol=0.6x  → -[-]  
11:10:40    TRENT        Baseline     C=3577.00  VWAP=3571.55  RSI=61  Vol=0.5x  → -[-]  
11:10:40    TRENT        Baseline     C=3575.20  VWAP=3571.70  RSI=57  Vol=1.7x  → -[-]  
11:10:40    APOLLOHOSP   Baseline     C=7569.50  VWAP=7508.75  RSI=78  Vol=0.0x  → -[-]  
11:10:40    HDFCLIFE     Baseline     C=629.70  VWAP=626.04  RSI=74  Vol=0.0x  → -[-]  
11:10:40    JSWSTEEL     Baseline     C=1160.30  VWAP=1149.65  RSI=79  Vol=0.0x  → -[-]  
11:10:40    POWERGRID    Baseline     C=297.75  VWAP=297.49  RSI=52  Vol=0.0x  → -[-]  
11:10:40    HINDALCO     Baseline     C=933.00  VWAP=923.31  RSI=73  Vol=0.0x  → -[-]  
11:10:40    INFY         Baseline     C=1231.60  VWAP=1224.10  RSI=56  Vol=0.0x  → -[-]  
11:10:40    HDFCBANK     Baseline     C=844.20  VWAP=839.95  RSI=70  Vol=0.0x  → -[-]  cooldown_until_10:33
11:10:40    WIPRO        Baseline     C=190.70  VWAP=190.20  RSI=43  Vol=0.0x  → -[-]  
11:10:40  SCAN #3 complete in 3.4s
11:12:01  SCAN #4  11:12:01  phase=ACTIVE_AM  active=True  missed=0
11:12:01  FETCH  WS  10 new bars (1 clock-flushed) in 0.018s
11:12:01    NESTLEIND    Baseline     C=1217.20  VWAP=1218.29  RSI=47  Vol=0.1x  → -[-]  
11:12:01    TRENT        Baseline     C=3587.00  VWAP=3572.00  RSI=70  Vol=1.0x  → -[-]  
11:12:01    APOLLOHOSP   Baseline     C=7530.00  VWAP=7509.35  RSI=55  Vol=0.4x  → -[-]  
11:12:01    HDFCLIFE     Baseline     C=631.55  VWAP=626.30  RSI=80  Vol=0.6x  → ★ LONG[PDL_BASE]  SL=629.20  TP=633.71  Qty=396
11:12:01    JSWSTEEL     Baseline     C=1155.30  VWAP=1149.68  RSI=62  Vol=0.1x  → -[-]  
11:12:01    POWERGRID    Baseline     C=297.55  VWAP=297.49  RSI=48  Vol=0.5x  → -[-]  
11:12:01    HINDALCO     Baseline     C=937.65  VWAP=923.41  RSI=79  Vol=0.1x  → -[-]  
11:12:01    INFY         Baseline     C=1235.90  VWAP=1224.18  RSI=64  Vol=0.1x  → -[-]  
11:12:01    HDFCBANK     Baseline     C=841.75  VWAP=839.96  RSI=53  Vol=0.1x  → -[-]  
11:12:01    WIPRO        Baseline     C=190.71  VWAP=190.20  RSI=43  Vol=0.1x  → -[-]  
11:12:01  SCAN #4 complete in 0.8s
11:27:51  WS error: Connection closed
11:27:51  WS error: Connection closed
11:27:51  WS error: Connection closed
11:27:51  WS reconnecting in 1s (attempt 1)...
11:27:52  WS connected — subscribing 10 tokens (mode=2 Quote)
12:00:10  SCAN delay 9.9s beyond target 12:00:01
12:00:10  MISSED 15 candle(s) (idx 39→55)
12:00:10  SCAN #5  12:00:10  phase=ACTIVE_AM  active=True  missed=15
12:00:10  FETCH  REST gap-fill (missed 15 candle(s))
12:16:04  WS error: Connection closed
12:16:04  WS error: Connection closed
12:16:04  WS error: Connection closed
12:16:04  WS reconnecting in 1s (attempt 1)...
12:16:05  GAP-FILL  HINDALCO     Candle fetch failed: Couldn't parse the JSON response received from the server: b'Access denied because of exceeding access rate'
12:16:06  WS connected — subscribing 10 tokens (mode=2 Quote)
12:32:37  GAP-FILL  APOLLOHOSP   Candle fetch failed: HTTPSConnectionPool(host='apiconnect.angelone.in', port=443): Read timed out. (read timeout=7)
12:32:37  GAP-FILL  8/10 OK in 1946.1s
12:32:37  FETCH  WS  20 new bars (0 clock-flushed) in 1946.096s
12:32:37    NESTLEIND    Baseline     C=1216.90  VWAP=1218.28  RSI=46  Vol=0.1x  → -[-]  
12:32:37    NESTLEIND    Baseline     C=1214.60  VWAP=1218.19  RSI=37  Vol=1.4x  → -[-]  
12:32:37    NESTLEIND    Baseline     C=1212.10  VWAP=1217.98  RSI=30  Vol=2.0x  → -[-]  
12:32:37    NESTLEIND    Baseline     C=1212.50  VWAP=1217.75  RSI=32  Vol=2.4x  → -[-]  
12:32:37    NESTLEIND    Baseline     C=1210.50  VWAP=1217.47  RSI=27  Vol=2.4x  → -[-]  
12:32:37    NESTLEIND    Baseline     C=1209.60  VWAP=1217.47  RSI=25  Vol=0.0x  → -[-]  
12:32:37    NESTLEIND    Baseline     C=1209.40  VWAP=1217.37  RSI=25  Vol=0.7x  → -[-]  
12:32:37    NESTLEIND    Baseline     C=1207.90  VWAP=1217.27  RSI=21  Vol=0.7x  → -[-]  
12:32:37    NESTLEIND    Baseline     C=1207.00  VWAP=1216.98  RSI=20  Vol=1.7x  → -[-]  
12:32:37    NESTLEIND    Baseline     C=1205.90  VWAP=1216.85  RSI=18  Vol=0.7x  → -[-]  
12:32:37    NESTLEIND    Baseline     C=1206.30  VWAP=1216.74  RSI=21  Vol=0.7x  → -[-]  
12:32:37    NESTLEIND    Baseline     C=1208.00  VWAP=1216.68  RSI=34  Vol=0.5x  → -[-]  
12:32:37    NESTLEIND    Baseline     C=1208.30  VWAP=1216.62  RSI=36  Vol=0.4x  → -[-]  
12:32:37    NESTLEIND    Baseline     C=1207.50  VWAP=1216.55  RSI=33  Vol=0.5x  → -[-]  
12:32:37    NESTLEIND    Baseline     C=1205.20  VWAP=1216.28  RSI=26  Vol=1.8x  → -[-]  
12:32:37    NESTLEIND    Baseline     C=1206.80  VWAP=1216.17  RSI=36  Vol=0.7x  → -[-]  
12:32:37    TRENT        Baseline     C=3588.10  VWAP=3572.18  RSI=71  Vol=0.3x  → -[-]  
12:32:37    TRENT        Baseline     C=3580.60  VWAP=3572.28  RSI=58  Vol=0.5x  → -[-]  
12:32:37    TRENT        Baseline     C=3583.80  VWAP=3572.45  RSI=61  Vol=0.7x  → -[-]  
12:32:37    TRENT        Baseline     C=3587.90  VWAP=3572.75  RSI=65  Vol=1.1x  → -[-]  
12:32:37    TRENT        Baseline     C=3580.00  VWAP=3573.73  RSI=53  Vol=4.5x  → -[-]  
12:32:37    TRENT        Baseline     C=3581.20  VWAP=3573.73  RSI=55  Vol=0.0x  → -[-]  
12:32:37    TRENT        Baseline     C=3584.20  VWAP=3574.14  RSI=58  Vol=2.2x  → -[-]  
12:32:37    TRENT        Baseline     C=3588.10  VWAP=3574.44  RSI=63  Vol=1.1x  → -[-]  
12:32:37    TRENT        Baseline     C=3589.60  VWAP=3574.58  RSI=64  Vol=0.5x  → -[-]  
12:32:37    TRENT        Baseline     C=3581.70  VWAP=3574.94  RSI=51  Vol=2.0x  → -[-]  
12:32:37    TRENT        Baseline     C=3578.20  VWAP=3574.97  RSI=46  Vol=0.4x  → -[-]  
12:32:37    TRENT        Baseline     C=3577.00  VWAP=3574.99  RSI=45  Vol=0.5x  → -[-]  
12:32:37    TRENT        Baseline     C=3571.90  VWAP=3574.92  RSI=38  Vol=1.2x  → -[-]  
12:32:37    TRENT        Baseline     C=3577.20  VWAP=3574.92  RSI=47  Vol=0.5x  → -[-]  
12:32:37    TRENT        Baseline     C=3571.70  VWAP=3574.90  RSI=40  Vol=0.7x  → -[-]  
12:32:37    TRENT        Baseline     C=3574.10  VWAP=3574.89  RSI=44  Vol=0.6x  → -[-]  
12:32:37    APOLLOHOSP   Baseline     C=7528.00  VWAP=7509.37  RSI=55  Vol=0.0x  → -[-]  
12:32:37    APOLLOHOSP   Baseline     C=7507.00  VWAP=7509.37  RSI=46  Vol=0.0x  → -[-]  
12:32:37    HDFCLIFE     Baseline     C=631.30  VWAP=627.05  RSI=77  Vol=0.4x  → -[-]  in_position
12:32:37    HDFCLIFE     Baseline     C=630.20  VWAP=627.35  RSI=65  Vol=1.8x  → -[-]  in_position
12:32:37    HDFCLIFE     Baseline     C=632.70  VWAP=628.96  RSI=75  Vol=7.1x  → -[-]  in_position
12:32:37  BRACKET  HDFCLIFE     Baseline     TP hit at 11:24 — P&L ₹+1190.70  (day total ₹+1190.70)
12:32:37    HDFCLIFE     Baseline     C=632.55  VWAP=629.88  RSI=74  Vol=4.7x  → -[-]  cooldown_until_11:42
12:32:37    HDFCLIFE     Baseline     C=630.60  VWAP=629.95  RSI=58  Vol=1.1x  → -[-]  cooldown_until_11:42
12:32:37    HDFCLIFE     Baseline     C=630.40  VWAP=629.95  RSI=56  Vol=0.0x  → -[-]  cooldown_until_11:42
12:32:37    HDFCLIFE     Baseline     C=630.65  VWAP=629.97  RSI=58  Vol=0.6x  → -[-]  cooldown_until_11:42
12:32:37    HDFCLIFE     Baseline     C=630.30  VWAP=630.01  RSI=55  Vol=2.5x  → -[-]  cooldown_until_11:42
12:32:37    HDFCLIFE     Baseline     C=630.70  VWAP=630.06  RSI=58  Vol=2.1x  → -[-]  cooldown_until_11:42
12:32:37    HDFCLIFE     Baseline     C=630.25  VWAP=630.06  RSI=54  Vol=0.3x  → -[-]  
12:32:37    HDFCLIFE     Baseline     C=630.05  VWAP=630.06  RSI=52  Vol=1.0x  → -[-]  
12:32:37    HDFCLIFE     Baseline     C=630.15  VWAP=630.07  RSI=53  Vol=0.3x  → -[-]  
12:32:37    HDFCLIFE     Baseline     C=631.30  VWAP=630.08  RSI=62  Vol=0.5x  → -[-]  
12:32:37    HDFCLIFE     Baseline     C=631.10  VWAP=630.09  RSI=60  Vol=0.3x  → -[-]  
12:32:37    HDFCLIFE     Baseline     C=630.45  VWAP=630.11  RSI=53  Vol=0.6x  → -[-]  
12:32:37    HDFCLIFE     Baseline     C=632.15  VWAP=630.15  RSI=65  Vol=0.8x  → -[-]  
12:32:37    JSWSTEEL     Baseline     C=1155.40  VWAP=1149.86  RSI=62  Vol=0.0x  → -[-]  
12:32:37    JSWSTEEL     Baseline     C=1154.90  VWAP=1149.99  RSI=60  Vol=0.5x  → -[-]  
12:32:37    JSWSTEEL     Baseline     C=1154.50  VWAP=1150.11  RSI=58  Vol=0.5x  → -[-]  
12:32:37    JSWSTEEL     Baseline     C=1153.50  VWAP=1150.90  RSI=54  Vol=4.7x  → -[-]  
12:32:37    JSWSTEEL     Baseline     C=1150.20  VWAP=1150.93  RSI=44  Vol=3.9x  → -[-]  
12:32:37    JSWSTEEL     Baseline     C=1149.80  VWAP=1150.93  RSI=42  Vol=0.0x  → -[-]  
12:32:37    JSWSTEEL     Baseline     C=1149.00  VWAP=1150.89  RSI=40  Vol=0.6x  → -[-]  
12:32:37    JSWSTEEL     Baseline     C=1147.60  VWAP=1150.80  RSI=36  Vol=0.7x  → -[-]  
12:32:37    JSWSTEEL     Baseline     C=1148.30  VWAP=1150.77  RSI=40  Vol=0.3x  → -[-]  
12:32:37    JSWSTEEL     Baseline     C=1148.90  VWAP=1150.74  RSI=42  Vol=0.3x  → -[-]  
12:32:37    JSWSTEEL     Baseline     C=1148.70  VWAP=1150.70  RSI=42  Vol=0.5x  → -[-]  
12:32:37    JSWSTEEL     Baseline     C=1150.40  VWAP=1150.69  RSI=50  Vol=0.3x  → -[-]  
12:32:37    JSWSTEEL     Baseline     C=1151.00  VWAP=1150.69  RSI=53  Vol=0.4x  → -[-]  
12:32:37    JSWSTEEL     Baseline     C=1150.30  VWAP=1150.69  RSI=49  Vol=0.4x  → -[-]  
12:32:37    JSWSTEEL     Baseline     C=1148.80  VWAP=1150.68  RSI=43  Vol=0.4x  → -[-]  
12:32:37    JSWSTEEL     Baseline     C=1152.60  VWAP=1150.68  RSI=59  Vol=0.2x  → -[-]  
12:32:37    POWERGRID    Baseline     C=297.40  VWAP=297.29  RSI=49  Vol=0.1x  → -[-]  
12:32:37    POWERGRID    Baseline     C=296.65  VWAP=297.25  RSI=41  Vol=2.6x  → -[-]  
12:32:37    POWERGRID    Baseline     C=296.25  VWAP=297.16  RSI=37  Vol=2.2x  → -[-]  
12:32:37    POWERGRID    Baseline     C=295.65  VWAP=297.02  RSI=32  Vol=2.7x  → -[-]  
12:32:37    POWERGRID    Baseline     C=294.55  VWAP=296.88  RSI=25  Vol=1.5x  → -[-]  
12:32:37    POWERGRID    Baseline     C=294.65  VWAP=296.88  RSI=27  Vol=0.0x  → -[-]  
12:32:37    POWERGRID    Baseline     C=294.40  VWAP=296.77  RSI=25  Vol=1.3x  → -[-]  
12:32:37    POWERGRID    Baseline     C=294.20  VWAP=296.72  RSI=24  Vol=0.4x  → -[-]  
12:32:37    POWERGRID    Baseline     C=294.85  VWAP=296.67  RSI=36  Vol=0.7x  → -[-]  
12:32:37    POWERGRID    Baseline     C=294.60  VWAP=296.65  RSI=33  Vol=0.2x  → -[-]  
12:32:37    POWERGRID    Baseline     C=294.30  VWAP=296.62  RSI=31  Vol=0.4x  → -[-]  
12:32:37    POWERGRID    Baseline     C=294.45  VWAP=296.59  RSI=34  Vol=0.5x  → -[-]  
12:32:37    POWERGRID    Baseline     C=294.70  VWAP=296.56  RSI=38  Vol=0.4x  → -[-]  
12:32:37    POWERGRID    Baseline     C=294.40  VWAP=296.54  RSI=35  Vol=0.3x  → -[-]  
12:32:37    POWERGRID    Baseline     C=293.70  VWAP=296.50  RSI=28  Vol=0.5x  → -[-]  
12:32:37    POWERGRID    Baseline     C=293.95  VWAP=296.43  RSI=34  Vol=0.8x  → -[-]  
12:32:37    HINDALCO     Baseline     C=937.85  VWAP=923.54  RSI=80  Vol=0.2x  → -[-]  
12:32:37    HINDALCO     Baseline     C=932.85  VWAP=923.55  RSI=60  Vol=0.0x  → -[-]  
12:32:37    INFY         Baseline     C=1236.00  VWAP=1224.67  RSI=64  Vol=0.1x  → -[-]  
12:32:37    INFY         Baseline     C=1234.80  VWAP=1225.09  RSI=60  Vol=0.8x  → -[-]  
12:32:37    INFY         Baseline     C=1233.20  VWAP=1225.31  RSI=54  Vol=0.6x  → -[-]  
12:32:37    INFY         Baseline     C=1233.40  VWAP=1225.44  RSI=55  Vol=0.4x  → -[-]  
12:32:37    INFY         Baseline     C=1231.60  VWAP=1225.55  RSI=48  Vol=0.4x  → -[-]  
12:32:37    INFY         Baseline     C=1231.60  VWAP=1225.55  RSI=48  Vol=0.0x  → -[-]  
12:32:37    INFY         Baseline     C=1230.10  VWAP=1225.63  RSI=43  Vol=0.5x  → -[-]  
12:32:37    INFY         Baseline     C=1231.00  VWAP=1225.72  RSI=47  Vol=0.6x  → -[-]  
12:32:37    INFY         Baseline     C=1233.00  VWAP=1225.81  RSI=55  Vol=0.5x  → -[-]  
12:32:37    INFY         Baseline     C=1231.30  VWAP=1225.87  RSI=48  Vol=0.4x  → -[-]  
12:32:37    INFY         Baseline     C=1232.40  VWAP=1225.91  RSI=52  Vol=0.3x  → -[-]  
12:32:37    INFY         Baseline     C=1232.30  VWAP=1225.96  RSI=52  Vol=0.3x  → -[-]  
12:32:37    INFY         Baseline     C=1233.20  VWAP=1226.01  RSI=56  Vol=0.4x  → -[-]  
12:32:37    INFY         Baseline     C=1232.60  VWAP=1226.05  RSI=53  Vol=0.3x  → -[-]  
12:32:37    INFY         Baseline     C=1229.90  VWAP=1226.15  RSI=41  Vol=1.3x  → -[-]  
12:32:37    INFY         Baseline     C=1233.70  VWAP=1226.31  RSI=56  Vol=1.9x  → -[-]  
12:32:37    HDFCBANK     Baseline     C=841.75  VWAP=840.07  RSI=53  Vol=0.2x  → -[-]  
12:32:37    HDFCBANK     Baseline     C=838.00  VWAP=839.99  RSI=35  Vol=1.2x  → -[-]  
12:32:37    HDFCBANK     Baseline     C=839.15  VWAP=839.93  RSI=42  Vol=1.2x  → -[-]  
12:32:37    HDFCBANK     Baseline     C=838.25  VWAP=839.85  RSI=39  Vol=1.2x  → -[-]  
12:32:37    HDFCBANK     Baseline     C=836.80  VWAP=839.74  RSI=34  Vol=1.0x  → -[-]  
12:32:37    HDFCBANK     Baseline     C=836.55  VWAP=839.74  RSI=33  Vol=0.0x  → -[-]  
12:32:37    HDFCBANK     Baseline     C=836.60  VWAP=839.60  RSI=33  Vol=1.2x  → -[-]  
12:32:37    HDFCBANK     Baseline     C=835.95  VWAP=839.53  RSI=31  Vol=0.6x  → -[-]  
12:32:37    HDFCBANK     Baseline     C=837.30  VWAP=839.45  RSI=41  Vol=0.8x  → -[-]  
12:32:37    HDFCBANK     Baseline     C=837.20  VWAP=839.41  RSI=40  Vol=0.6x  → -[-]  
12:32:37    HDFCBANK     Baseline     C=837.15  VWAP=839.38  RSI=40  Vol=0.4x  → -[-]  
12:32:37    HDFCBANK     Baseline     C=838.05  VWAP=839.35  RSI=47  Vol=0.6x  → -[-]  
12:32:37    HDFCBANK     Baseline     C=838.95  VWAP=839.34  RSI=54  Vol=0.5x  → -[-]  
12:32:37    HDFCBANK     Baseline     C=839.85  VWAP=839.35  RSI=59  Vol=1.1x  → -[-]  
12:32:37    HDFCBANK     Baseline     C=839.00  VWAP=839.35  RSI=53  Vol=0.9x  → -[-]  
12:32:37    HDFCBANK     Baseline     C=840.00  VWAP=839.35  RSI=59  Vol=0.6x  → -[-]  
12:32:37    WIPRO        Baseline     C=190.74  VWAP=190.24  RSI=44  Vol=0.0x  → -[-]  
12:32:37    WIPRO        Baseline     C=190.41  VWAP=190.24  RSI=39  Vol=0.4x  → -[-]  
12:32:37    WIPRO        Baseline     C=190.12  VWAP=190.24  RSI=35  Vol=0.2x  → -[-]  
12:32:37    WIPRO        Baseline     C=190.27  VWAP=190.24  RSI=39  Vol=0.9x  → -[-]  
12:32:37    WIPRO        Baseline     C=189.88  VWAP=190.23  RSI=33  Vol=0.5x  → -[-]  
12:32:37    WIPRO        Baseline     C=189.80  VWAP=190.23  RSI=32  Vol=0.0x  → -[-]  
12:32:37    WIPRO        Baseline     C=189.69  VWAP=190.23  RSI=31  Vol=0.4x  → -[-]  
12:32:37    WIPRO        Baseline     C=189.86  VWAP=190.22  RSI=36  Vol=0.5x  → -[-]  
12:32:37    WIPRO        Baseline     C=190.35  VWAP=190.22  RSI=48  Vol=1.3x  → -[-]  
12:32:37    WIPRO        Baseline     C=190.20  VWAP=190.22  RSI=45  Vol=0.5x  → -[-]  
12:32:37    WIPRO        Baseline     C=189.99  VWAP=190.22  RSI=41  Vol=1.1x  → -[-]  
12:32:37    WIPRO        Baseline     C=190.15  VWAP=190.21  RSI=45  Vol=1.4x  → -[-]  
12:32:37    WIPRO        Baseline     C=190.29  VWAP=190.21  RSI=49  Vol=0.4x  → -[-]  
12:32:37    WIPRO        Baseline     C=190.20  VWAP=190.21  RSI=47  Vol=0.4x  → -[-]  
12:32:37    WIPRO        Baseline     C=189.98  VWAP=190.21  RSI=42  Vol=0.5x  → -[-]  
12:32:37    WIPRO        Baseline     C=190.31  VWAP=190.21  RSI=51  Vol=0.9x  → -[-]  
12:32:37  SCAN #5 complete in 1946.1s
12:32:37  PHASE  ACTIVE_AM → SHUTDOWN
12:32:37  ======================================================================
12:32:37  SHUTDOWN  1 signal(s), 5 scan cycles
12:32:37    SUMMARY  11:12   LONG  HDFCLIFE     Baseline     @ 630.70  SL=629.20  TP=633.71
12:32:37  ======================================================================
12:32:37  WS feed stopped
