10:14:30  ======================================================================
10:14:30  SESSION START  Capital=50000  RR=1:1.5  Risk=1%
10:14:30  Stocks: HDFCLIFE, TATASTEEL, TITAN, M&M, ADANIPORTS, ONGC, BAJAJFINSV, HINDALCO, SBILIFE
10:14:30  HTF stocks: BAJAJFINSV, HINDALCO, M&M, ONGC, SBILIFE, TATASTEEL
10:14:30  Telegram: enabled
10:14:30  PHASE 1  Warm-Up — connecting to Angel One
10:14:31  API connected
10:14:31  Fetching regime EMAs (60-day daily candles)
10:14:31  REGIME  HDFCLIFE     EMA=722.97  Close=738.30  Bullish
10:14:32  REGIME  TATASTEEL    EMA=201.30  Close=208.10  Bullish
10:14:32  REGIME  TITAN        EMA=4182.55  Close=4248.50  Bullish
10:14:32  REGIME  M&M          EMA=3514.88  Close=3408.80  Bearish
10:14:33  REGIME  ADANIPORTS   EMA=1513.53  Close=1544.30  Bullish
10:14:33  REGIME  ONGC         EMA=267.06  Close=273.80  Bullish
10:14:34  REGIME  BAJAJFINSV   EMA=2023.23  Close=2032.90  Bullish
10:14:34  REGIME  HINDALCO     EMA=929.03  Close=917.55  Bearish
10:14:36  REGIME  SBILIFE      EMA=2048.84  Close=2108.50  Bullish
10:14:36  Loading 5-day 3-min warmup data
10:14:37  WARMUP  HDFCLIFE     395 bars  API 2026-02-19→2026-02-24 10:12:00
10:14:38  WARMUP  TATASTEEL    395 bars  API 2026-02-19→2026-02-24 10:12:00
10:14:39  WARMUP  TITAN        395 bars  API 2026-02-19→2026-02-24 10:12:00
10:14:40  WARMUP  M&M          395 bars  API 2026-02-19→2026-02-24 10:12:00
10:14:41  WARMUP  ADANIPORTS   395 bars  API 2026-02-19→2026-02-24 10:12:00
10:14:42  WARMUP  ONGC         395 bars  API 2026-02-19→2026-02-24 10:12:00
10:14:43  WARMUP  BAJAJFINSV   395 bars  API 2026-02-19→2026-02-24 10:12:00
10:14:44  WARMUP  HINDALCO     395 bars  API 2026-02-19→2026-02-24 10:12:00
10:14:45  WARMUP  SBILIFE      395 bars  API 2026-02-19→2026-02-24 10:12:00
10:14:45  Warm-up complete: 9 stocks loaded, 6 HTF, 9 regime
10:14:45  HTF CHECK  TATASTEEL    395/40 15-min bars  OK
10:14:45  HTF CHECK  M&M          395/40 15-min bars  OK
10:14:45  HTF CHECK  ONGC         395/40 15-min bars  OK
10:14:45  HTF CHECK  BAJAJFINSV   395/40 15-min bars  OK
10:14:45  HTF CHECK  HINDALCO     395/40 15-min bars  OK
10:14:45  HTF CHECK  SBILIFE      395/40 15-min bars  OK
10:14:46  PHASE  START → ACTIVE_AM
10:14:47  SCAN #1  10:14:46  phase=ACTIVE_AM  active=True
10:14:47    HDFCLIFE     C=738.25  VWAP=739.43  EMA=--  RSI=39  Vol=0.7x  HTF=-  → -  
10:14:48    TATASTEEL    C=208.00  VWAP=208.53  EMA=--  RSI=43  Vol=0.5x  HTF=207.94  → -  
10:14:48    TITAN        C=4248.00  VWAP=4248.63  EMA=--  RSI=45  Vol=0.3x  HTF=-  → -  
10:14:49    M&M          C=3410.70  VWAP=3417.32  EMA=--  RSI=31  Vol=0.9x  HTF=3436.28  → -  
10:14:49    ADANIPORTS   C=1543.80  VWAP=1545.94  EMA=--  RSI=44  Vol=0.4x  HTF=-  → -  
10:14:50    ONGC         C=273.85  VWAP=275.82  EMA=--  RSI=24  Vol=1.5x  HTF=274.75  → -  
10:14:50  API  BAJAJFINSV   fetch error: Candle fetch failed: TooManyRequests
10:14:50  API  HINDALCO     fetch error: Candle fetch failed: TooManyRequests
10:14:50  API  SBILIFE      fetch error: Candle fetch failed: TooManyRequests
10:15:02  SCAN #2  10:15:02  phase=ACTIVE_AM  active=True
10:15:02    HDFCLIFE     C=738.15  VWAP=739.43  EMA=--  RSI=38  Vol=0.7x  HTF=-  → -  
10:15:03    TATASTEEL    C=208.04  VWAP=208.53  EMA=--  RSI=44  Vol=0.5x  HTF=207.94  → -  
10:15:03    TITAN        C=4248.50  VWAP=4248.63  EMA=--  RSI=46  Vol=0.3x  HTF=-  → -  
10:15:04    M&M          C=3409.50  VWAP=3417.29  EMA=--  RSI=30  Vol=0.9x  HTF=3436.28  → -  
10:15:04    ADANIPORTS   C=1543.80  VWAP=1545.94  EMA=--  RSI=44  Vol=0.4x  HTF=-  → -  
10:15:05    ONGC         C=273.75  VWAP=275.79  EMA=--  RSI=22  Vol=1.8x  HTF=274.75  → -  
10:15:05    BAJAJFINSV   C=2032.90  VWAP=2037.13  EMA=--  RSI=32  Vol=0.2x  HTF=2048.19  → -  
10:15:06    HINDALCO     C=918.00  VWAP=917.72  EMA=UP  RSI=47  Vol=0.5x  HTF=917.78  → -  
10:15:06    SBILIFE      C=2106.20  VWAP=2106.72  EMA=UP  RSI=43  Vol=3.5x  HTF=2107.50  → -  
10:18:02  SCAN #3  10:18:02  phase=ACTIVE_AM  active=True
10:18:02    HDFCLIFE     C=737.35  VWAP=739.37  EMA=--  RSI=32  Vol=0.7x  HTF=-  → -  
10:18:03    TATASTEEL    C=208.20  VWAP=208.52  EMA=--  RSI=51  Vol=0.7x  HTF=207.96  → -  
10:18:03    TITAN        C=4251.00  VWAP=4248.70  EMA=--  RSI=53  Vol=0.7x  HTF=-  → -  
10:18:04    M&M          C=3411.80  VWAP=3417.14  EMA=--  RSI=35  Vol=0.9x  HTF=3434.05  → -  
10:18:04    ADANIPORTS   C=1540.50  VWAP=1545.87  EMA=--  RSI=34  Vol=0.4x  HTF=-  → -  
10:18:05    ONGC         C=273.60  VWAP=275.68  EMA=--  RSI=20  Vol=1.2x  HTF=274.64  → -  
10:18:05    BAJAJFINSV   C=2033.80  VWAP=2037.09  EMA=--  RSI=38  Vol=0.3x  HTF=2046.88  → -  
10:18:06    HINDALCO     C=917.70  VWAP=917.71  EMA=UP  RSI=46  Vol=0.4x  HTF=917.77  → -  
10:18:06    SBILIFE      C=2105.70  VWAP=2106.63  EMA=DN  RSI=41  Vol=1.8x  HTF=2107.33  → -  
10:21:02  SCAN #4  10:21:02  phase=ACTIVE_AM  active=True
10:21:02    HDFCLIFE     C=738.40  VWAP=739.34  EMA=--  RSI=45  Vol=0.6x  HTF=-  → -  
10:21:03    TATASTEEL    C=208.47  VWAP=208.51  EMA=--  RSI=60  Vol=0.6x  HTF=207.96  → -  
10:21:03    TITAN        C=4258.80  VWAP=4248.90  EMA=--  RSI=67  Vol=0.9x  HTF=-  → -  
10:21:04    M&M          C=3414.90  VWAP=3416.99  EMA=--  RSI=42  Vol=1.2x  HTF=3434.05  → -  
10:21:04    ADANIPORTS   C=1543.20  VWAP=1545.74  EMA=--  RSI=45  Vol=1.0x  HTF=-  → -  
10:21:05    ONGC         C=273.70  VWAP=275.64  EMA=--  RSI=24  Vol=0.5x  HTF=274.64  → -  
10:21:05    BAJAJFINSV   C=2037.00  VWAP=2037.09  EMA=--  RSI=53  Vol=0.1x  HTF=2046.88  → -  
10:21:06    HINDALCO     C=918.60  VWAP=917.72  EMA=UP  RSI=51  Vol=0.7x  HTF=917.77  → -  
10:21:06    SBILIFE      C=2107.50  VWAP=2106.63  EMA=--  RSI=50  Vol=0.9x  HTF=2107.33  → -  
10:24:02  SCAN #5  10:24:02  phase=ACTIVE_AM  active=True
10:24:02    HDFCLIFE     C=738.15  VWAP=739.33  EMA=--  RSI=43  Vol=0.3x  HTF=-  → -  
10:24:03    TATASTEEL    C=208.30  VWAP=208.51  EMA=UP  RSI=53  Vol=0.7x  HTF=207.96  → -  
10:24:03    TITAN        C=4258.40  VWAP=4249.09  EMA=UP  RSI=66  Vol=0.7x  HTF=-  → -  
10:24:04    M&M          C=3409.00  VWAP=3416.53  EMA=--  RSI=34  Vol=2.1x  HTF=3434.05  → -  
10:24:04    ADANIPORTS   C=1541.50  VWAP=1545.71  EMA=--  RSI=40  Vol=0.3x  HTF=-  → -  
10:24:05    ONGC         C=273.65  VWAP=275.60  EMA=--  RSI=23  Vol=0.5x  HTF=274.64  → -  
10:24:05    BAJAJFINSV   C=2038.00  VWAP=2037.09  EMA=--  RSI=56  Vol=0.3x  HTF=2046.88  → -  
10:24:06    HINDALCO     C=918.60  VWAP=917.73  EMA=UP  RSI=51  Vol=0.5x  HTF=917.77  → -  
10:24:06    SBILIFE      C=2105.20  VWAP=2106.62  EMA=--  RSI=41  Vol=0.8x  HTF=2107.33  → -  
10:27:02  SCAN #6  10:27:02  phase=ACTIVE_AM  active=True
10:27:02    HDFCLIFE     C=737.85  VWAP=739.32  EMA=--  RSI=40  Vol=0.2x  HTF=-  → -  
10:27:03    TATASTEEL    C=207.98  VWAP=208.49  EMA=DN  RSI=43  Vol=0.9x  HTF=207.96  → -  
10:27:03    TITAN        C=4257.80  VWAP=4249.27  EMA=UP  RSI=64  Vol=0.7x  HTF=-  → -  
10:27:03    M&M          C=3406.00  VWAP=3416.13  EMA=--  RSI=31  Vol=1.3x  HTF=3434.05  → -  
10:27:04    ADANIPORTS   C=1541.50  VWAP=1545.59  EMA=--  RSI=40  Vol=1.1x  HTF=-  → -  
10:27:04    ONGC         C=273.55  VWAP=275.57  EMA=--  RSI=22  Vol=0.6x  HTF=274.64  → -  
10:27:05    BAJAJFINSV   C=2038.90  VWAP=2037.11  EMA=--  RSI=59  Vol=0.5x  HTF=2046.88  → -  
10:27:05    HINDALCO     C=918.10  VWAP=917.74  EMA=UP  RSI=48  Vol=0.5x  HTF=917.77  → -  
10:27:06    SBILIFE      C=2101.40  VWAP=2106.53  EMA=--  RSI=31  Vol=0.6x  HTF=2107.33  → -  
10:30:02  SCAN #7  10:30:02  phase=ACTIVE_AM  active=True
10:30:02    HDFCLIFE     C=737.95  VWAP=739.28  EMA=--  RSI=41  Vol=0.9x  HTF=-  → -  
10:30:03    TATASTEEL    C=208.22  VWAP=208.49  EMA=--  RSI=51  Vol=0.5x  HTF=207.96  → -  
10:30:03    TITAN        C=4260.00  VWAP=4249.50  EMA=UP  RSI=68  Vol=0.9x  HTF=-  → -  
10:30:04    M&M          C=3411.50  VWAP=3416.02  EMA=--  RSI=43  Vol=0.6x  HTF=3434.05  → -  
10:30:04    ADANIPORTS   C=1539.50  VWAP=1545.38  EMA=--  RSI=35  Vol=1.5x  HTF=-  → -  
10:30:05    ONGC         C=273.45  VWAP=275.48  EMA=--  RSI=21  Vol=1.2x  HTF=274.64  → -  
10:30:05    BAJAJFINSV   C=2038.40  VWAP=2037.15  EMA=--  RSI=57  Vol=0.8x  HTF=2046.88  → -  
10:30:06    HINDALCO     C=918.95  VWAP=917.76  EMA=UP  RSI=54  Vol=0.7x  HTF=917.77  → -  
10:30:06    SBILIFE      C=2102.40  VWAP=2106.27  EMA=--  RSI=35  Vol=1.4x  HTF=2107.33  → -  
10:33:02  SCAN #8  10:33:02  phase=ACTIVE_AM  active=True
10:33:02    HDFCLIFE     C=738.35  VWAP=738.98  EMA=--  RSI=47  Vol=12.6x  HTF=-  → -  
10:33:03    TATASTEEL    C=208.23  VWAP=208.49  EMA=--  RSI=51  Vol=0.4x  HTF=207.99  → -  
10:33:03    TITAN        C=4264.70  VWAP=4250.02  EMA=UP  RSI=74  Vol=1.5x  HTF=-  → -  
10:33:04    M&M          C=3413.50  VWAP=3415.94  EMA=--  RSI=46  Vol=0.9x  HTF=3432.18  → -  
10:33:04    ADANIPORTS   C=1538.40  VWAP=1545.24  EMA=--  RSI=32  Vol=1.0x  HTF=-  → -  
10:33:05    ONGC         C=273.90  VWAP=275.45  EMA=--  RSI=40  Vol=0.6x  HTF=274.58  → -  
10:33:05    BAJAJFINSV   C=2038.90  VWAP=2037.18  EMA=--  RSI=59  Vol=0.6x  HTF=2046.15  → -  
10:33:06    HINDALCO     C=920.05  VWAP=917.79  EMA=UP  RSI=60  Vol=0.8x  HTF=917.98  → -  
10:33:06    SBILIFE      C=2100.50  VWAP=2106.18  EMA=--  RSI=31  Vol=0.5x  HTF=2106.71  → -  
10:36:02  SCAN #9  10:36:02  phase=ACTIVE_AM  active=True
10:36:02    HDFCLIFE     C=738.00  VWAP=738.93  EMA=--  RSI=43  Vol=1.4x  HTF=-  → -  
10:36:03    TATASTEEL    C=208.09  VWAP=208.48  EMA=--  RSI=46  Vol=0.6x  HTF=207.99  → -  
10:36:03    TITAN        C=4264.10  VWAP=4250.23  EMA=UP  RSI=72  Vol=0.6x  HTF=-  → -  
10:36:04    M&M          C=3415.00  VWAP=3415.89  EMA=--  RSI=49  Vol=1.0x  HTF=3432.18  → -  
10:36:04    ADANIPORTS   C=1537.60  VWAP=1545.10  EMA=--  RSI=30  Vol=0.9x  HTF=-  → -  
10:36:05    ONGC         C=273.75  VWAP=275.43  EMA=--  RSI=36  Vol=0.4x  HTF=274.58  → -  
10:36:05    BAJAJFINSV   C=2038.90  VWAP=2037.19  EMA=--  RSI=59  Vol=0.2x  HTF=2046.15  → -  
10:36:06    HINDALCO     C=919.90  VWAP=917.82  EMA=UP  RSI=59  Vol=0.5x  HTF=917.98  → -  
10:36:06    SBILIFE      C=2100.60  VWAP=2106.07  EMA=--  RSI=31  Vol=0.5x  HTF=2106.71  → -  
10:39:02  SCAN #10  10:39:02  phase=ACTIVE_AM  active=True
10:39:02    HDFCLIFE     C=737.80  VWAP=738.92  EMA=--  RSI=41  Vol=0.2x  HTF=-  → -  
10:39:03    TATASTEEL    C=208.15  VWAP=208.48  EMA=--  RSI=49  Vol=0.3x  HTF=207.99  → -  
10:39:03    TITAN        C=4264.20  VWAP=4250.43  EMA=UP  RSI=72  Vol=0.6x  HTF=-  → -  
10:39:04    M&M          C=3413.40  VWAP=3415.85  EMA=--  RSI=46  Vol=1.3x  HTF=3432.18  → -  
10:39:04    ADANIPORTS   C=1539.70  VWAP=1545.00  EMA=--  RSI=41  Vol=0.8x  HTF=-  → -  
10:39:05    ONGC         C=273.60  VWAP=275.38  EMA=--  RSI=33  Vol=0.8x  HTF=274.58  → -  
10:39:05    BAJAJFINSV   C=2038.60  VWAP=2037.21  EMA=--  RSI=57  Vol=0.3x  HTF=2046.15  → -  
10:39:06    HINDALCO     C=920.25  VWAP=917.84  EMA=UP  RSI=61  Vol=0.6x  HTF=917.98  → -  
10:39:06    SBILIFE      C=2097.90  VWAP=2105.95  EMA=--  RSI=25  Vol=0.5x  HTF=2106.71  → -  
10:42:02  SCAN #11  10:42:02  phase=ACTIVE_AM  active=True
10:42:02    HDFCLIFE     C=738.05  VWAP=738.91  EMA=--  RSI=45  Vol=0.3x  HTF=-  → -  
10:42:03    TATASTEEL    C=208.09  VWAP=208.47  EMA=--  RSI=46  Vol=0.4x  HTF=207.99  → -  
10:42:03    TITAN        C=4263.00  VWAP=4250.66  EMA=UP  RSI=68  Vol=0.7x  HTF=-  → -  
10:42:04    M&M          C=3412.60  VWAP=3415.81  EMA=--  RSI=45  Vol=0.5x  HTF=3432.18  → -  
10:42:04    ADANIPORTS   C=1540.30  VWAP=1544.94  EMA=--  RSI=43  Vol=0.7x  HTF=-  → -  
10:42:05    ONGC         C=274.05  VWAP=275.35  EMA=--  RSI=48  Vol=0.8x  HTF=274.58  → -  
10:42:05    BAJAJFINSV   C=2036.90  VWAP=2037.21  EMA=--  RSI=47  Vol=0.2x  HTF=2046.15  → -  
10:42:06    HINDALCO     C=920.75  VWAP=917.89  EMA=UP  RSI=64  Vol=0.8x  HTF=917.98  → -  
10:42:06    SBILIFE      C=2097.20  VWAP=2105.82  EMA=--  RSI=24  Vol=0.5x  HTF=2106.71  → -  
10:45:02  SCAN #12  10:45:02  phase=ACTIVE_AM  active=True
10:45:02    HDFCLIFE     C=738.25  VWAP=738.90  EMA=--  RSI=48  Vol=0.4x  HTF=-  → -  
10:45:02    TATASTEEL    C=208.12  VWAP=208.46  EMA=--  RSI=48  Vol=1.5x  HTF=207.99  → -  
10:45:03    TITAN        C=4265.20  VWAP=4250.92  EMA=UP  RSI=71  Vol=0.8x  HTF=-  → -  
10:45:03    M&M          C=3412.70  VWAP=3415.78  EMA=--  RSI=45  Vol=0.6x  HTF=3432.18  → -  
10:45:04    ADANIPORTS   C=1539.90  VWAP=1544.81  EMA=--  RSI=42  Vol=1.7x  HTF=-  → -  
10:45:04    ONGC         C=274.10  VWAP=275.32  EMA=--  RSI=50  Vol=0.9x  HTF=274.58  → -  
10:45:05    BAJAJFINSV   C=2035.80  VWAP=2037.19  EMA=--  RSI=41  Vol=0.8x  HTF=2046.15  → -  
10:45:05    HINDALCO     C=920.50  VWAP=917.99  EMA=UP  RSI=62  Vol=1.4x  HTF=917.98  → -  
10:45:06    SBILIFE      C=2096.30  VWAP=2105.73  EMA=--  RSI=22  Vol=0.3x  HTF=2106.71  → -  
10:48:02  SCAN #13  10:48:02  phase=ACTIVE_AM  active=True
10:48:02    HDFCLIFE     C=738.40  VWAP=738.89  EMA=--  RSI=50  Vol=0.2x  HTF=-  → -  
10:48:02    TATASTEEL    C=208.03  VWAP=208.45  EMA=--  RSI=44  Vol=1.3x  HTF=207.99  → -  
10:48:03    TITAN        C=4264.90  VWAP=4251.05  EMA=UP  RSI=70  Vol=0.4x  HTF=-  → -  
10:48:03    M&M          C=3412.00  VWAP=3415.74  EMA=--  RSI=43  Vol=0.5x  HTF=3430.35  → -  
10:48:04    ADANIPORTS   C=1539.10  VWAP=1544.74  EMA=--  RSI=39  Vol=0.7x  HTF=-  → -  
10:48:04    ONGC         C=274.25  VWAP=275.31  EMA=--  RSI=54  Vol=0.5x  HTF=274.55  → -  
10:48:05    BAJAJFINSV   C=2033.50  VWAP=2037.15  EMA=--  RSI=32  Vol=0.4x  HTF=2045.00  → -  
10:48:05    HINDALCO     C=919.55  VWAP=918.02  EMA=UP  RSI=52  Vol=0.9x  HTF=918.12  → -  
10:48:06    SBILIFE      C=2098.10  VWAP=2105.60  EMA=--  RSI=33  Vol=0.5x  HTF=2105.93  → -  
10:51:02  SCAN #14  10:51:02  phase=ACTIVE_AM  active=True
10:51:02    HDFCLIFE     C=738.55  VWAP=738.89  EMA=--  RSI=52  Vol=0.3x  HTF=-  → -  
10:51:02    TATASTEEL    C=207.98  VWAP=208.44  EMA=--  RSI=42  Vol=0.6x  HTF=207.99  → -  
10:51:03    TITAN        C=4262.90  VWAP=4251.17  EMA=UP  RSI=62  Vol=0.6x  HTF=-  → -  
10:51:03    M&M          C=3408.20  VWAP=3415.57  EMA=--  RSI=36  Vol=1.2x  HTF=3430.35  → -  
10:51:04    ADANIPORTS   C=1538.60  VWAP=1544.67  EMA=--  RSI=37  Vol=0.7x  HTF=-  → -  
10:51:04    ONGC         C=274.35  VWAP=275.29  EMA=--  RSI=56  Vol=0.7x  HTF=274.55  → -  
10:51:05    BAJAJFINSV   C=2034.20  VWAP=2037.11  EMA=--  RSI=37  Vol=0.4x  HTF=2045.00  → -  
10:51:05    HINDALCO     C=918.80  VWAP=918.03  EMA=UP  RSI=46  Vol=1.3x  HTF=918.12  → -  
10:51:06    SBILIFE      C=2096.90  VWAP=2105.42  EMA=--  RSI=30  Vol=0.7x  HTF=2105.93  → -  
10:54:02  SCAN #15  10:54:02  phase=ACTIVE_AM  active=True
10:54:02    HDFCLIFE     C=738.45  VWAP=738.87  EMA=--  RSI=50  Vol=1.2x  HTF=-  → -  
10:54:02    TATASTEEL    C=207.97  VWAP=208.44  EMA=--  RSI=41  Vol=0.6x  HTF=207.99  → -  
10:54:03    TITAN        C=4263.10  VWAP=4251.27  EMA=UP  RSI=62  Vol=0.5x  HTF=-  → -  
10:54:03    M&M          C=3408.00  VWAP=3415.30  EMA=--  RSI=36  Vol=1.5x  HTF=3430.35  → -  
10:54:04    ADANIPORTS   C=1537.70  VWAP=1544.58  EMA=--  RSI=34  Vol=0.8x  HTF=-  → -  
10:54:04    ONGC         C=274.10  VWAP=275.27  EMA=--  RSI=48  Vol=0.6x  HTF=274.55  → -  
10:54:05    BAJAJFINSV   C=2036.10  VWAP=2037.04  EMA=--  RSI=48  Vol=1.4x  HTF=2045.00  → -  
10:54:05    HINDALCO     C=918.80  VWAP=918.05  EMA=UP  RSI=46  Vol=1.6x  HTF=918.12  → -  
10:54:06    SBILIFE      C=2096.20  VWAP=2105.37  EMA=--  RSI=28  Vol=0.2x  HTF=2105.93  → -  
10:57:02  SCAN #16  10:57:02  phase=ACTIVE_AM  active=True
10:57:02    HDFCLIFE     C=738.40  VWAP=738.87  EMA=--  RSI=50  Vol=0.2x  HTF=-  → -  
10:57:02    TATASTEEL    C=207.98  VWAP=208.43  EMA=--  RSI=42  Vol=0.7x  HTF=207.99  → -  
10:57:03    TITAN        C=4266.00  VWAP=4251.46  EMA=UP  RSI=69  Vol=0.9x  HTF=-  → -  
10:57:04    M&M          C=3408.80  VWAP=3415.00  EMA=--  RSI=38  Vol=1.9x  HTF=3430.35  → -  
10:57:04    ADANIPORTS   C=1539.10  VWAP=1544.44  EMA=--  RSI=43  Vol=1.5x  HTF=-  → -  
10:57:05    ONGC         C=274.05  VWAP=275.26  EMA=--  RSI=47  Vol=0.5x  HTF=274.55  → -  
10:57:05    BAJAJFINSV   C=2037.20  VWAP=2037.04  EMA=--  RSI=53  Vol=0.2x  HTF=2045.00  → -  
10:57:05    HINDALCO     C=919.00  VWAP=918.06  EMA=UP  RSI=48  Vol=0.5x  HTF=918.12  → -  
10:57:06    SBILIFE      C=2097.70  VWAP=2105.31  EMA=--  RSI=37  Vol=0.3x  HTF=2105.93  → -  
11:00:02  SCAN #17  11:00:02  phase=ACTIVE_AM  active=True
11:00:02    HDFCLIFE     C=738.05  VWAP=738.86  EMA=--  RSI=43  Vol=0.4x  HTF=-  → -  
11:00:03    TATASTEEL    C=208.00  VWAP=208.43  EMA=--  RSI=44  Vol=0.7x  HTF=207.99  → -  
11:00:03    TITAN        C=4268.20  VWAP=4252.10  EMA=UP  RSI=73  Vol=2.1x  HTF=-  → -  
11:00:04    M&M          C=3414.70  VWAP=3414.64  EMA=--  RSI=55  Vol=3.1x  HTF=3430.35  → -  
11:00:04    ADANIPORTS   C=1539.50  VWAP=1544.39  EMA=--  RSI=45  Vol=0.5x  HTF=-  → -  
11:00:05    ONGC         C=274.55  VWAP=275.24  EMA=--  RSI=61  Vol=0.7x  HTF=274.55  → -  
11:00:05    BAJAJFINSV   C=2037.20  VWAP=2037.04  EMA=--  RSI=53  Vol=0.5x  HTF=2045.00  → -  
11:00:06    HINDALCO     C=918.75  VWAP=918.07  EMA=UP  RSI=45  Vol=0.5x  HTF=918.12  → -  
11:00:06    SBILIFE      C=2095.70  VWAP=2104.98  EMA=--  RSI=31  Vol=1.3x  HTF=2105.93  → -  
11:03:02  SCAN #18  11:03:02  phase=ACTIVE_AM  active=True
11:03:02    HDFCLIFE     C=738.20  VWAP=738.86  EMA=--  RSI=46  Vol=0.2x  HTF=-  → -  
11:03:02    TATASTEEL    C=208.09  VWAP=208.43  EMA=--  RSI=50  Vol=0.5x  HTF=208.00  → -  
11:03:03    TITAN        C=4272.80  VWAP=4252.57  EMA=UP  RSI=79  Vol=1.3x  HTF=-  → -  
11:03:03    M&M          C=3416.30  VWAP=3414.65  EMA=--  RSI=58  Vol=0.6x  HTF=3429.07  → -  
11:03:04    ADANIPORTS   C=1540.30  VWAP=1544.32  EMA=--  RSI=50  Vol=1.0x  HTF=-  → -  
11:03:04    ONGC         C=274.90  VWAP=275.21  EMA=--  RSI=67  Vol=3.5x  HTF=274.58  → -  
11:03:05    BAJAJFINSV   C=2038.00  VWAP=2037.05  EMA=--  RSI=57  Vol=0.9x  HTF=2044.37  → -  
11:03:05    HINDALCO     C=919.20  VWAP=918.08  EMA=UP  RSI=51  Vol=0.7x  HTF=918.22  → -  
11:03:06    SBILIFE      C=2096.30  VWAP=2104.87  EMA=--  RSI=35  Vol=0.5x  HTF=2105.05  → -  
11:06:02  SCAN #19  11:06:02  phase=ACTIVE_AM  active=True
11:06:02    HDFCLIFE     C=738.50  VWAP=738.85  EMA=--  RSI=53  Vol=0.2x  HTF=-  → -  
11:06:02    TATASTEEL    C=207.98  VWAP=208.42  EMA=--  RSI=43  Vol=0.8x  HTF=208.00  → -  
11:06:03    TITAN        C=4271.80  VWAP=4252.99  EMA=UP  RSI=75  Vol=1.2x  HTF=-  → -  
11:06:03    M&M          C=3413.80  VWAP=3414.65  EMA=--  RSI=51  Vol=0.5x  HTF=3429.07  → -  
11:06:04    ADANIPORTS   C=1539.80  VWAP=1544.28  EMA=--  RSI=47  Vol=0.5x  HTF=-  → -  
11:06:04    ONGC         C=275.05  VWAP=275.20  EMA=UP  RSI=70  Vol=0.6x  HTF=274.58  → -  
11:06:05    BAJAJFINSV   C=2042.00  VWAP=2037.68  EMA=UP  RSI=71  Vol=9.6x  HTF=2044.37  → -  
11:06:05    HINDALCO     C=919.70  VWAP=918.10  EMA=UP  RSI=56  Vol=0.9x  HTF=918.22  → -  
11:06:06    SBILIFE      C=2096.60  VWAP=2104.81  EMA=--  RSI=36  Vol=0.3x  HTF=2105.05  → -  
11:09:02  SCAN #20  11:09:02  phase=ACTIVE_AM  active=True
11:09:02    HDFCLIFE     C=738.55  VWAP=738.85  EMA=--  RSI=54  Vol=0.1x  HTF=-  → -  
11:09:03    TATASTEEL    C=208.01  VWAP=208.42  EMA=--  RSI=45  Vol=0.7x  HTF=208.00  → -  
11:09:03    TITAN        C=4270.00  VWAP=4253.63  EMA=UP  RSI=68  Vol=2.3x  HTF=-  → -  
11:09:04    M&M          C=3416.70  VWAP=3414.66  EMA=--  RSI=58  Vol=0.6x  HTF=3429.07  → -  
11:09:04    ADANIPORTS   C=1542.50  VWAP=1544.17  EMA=--  RSI=60  Vol=2.7x  HTF=-  → -  
11:09:04    ONGC         C=275.25  VWAP=275.20  EMA=UP  RSI=73  Vol=0.4x  HTF=274.58  → -  
11:09:05    BAJAJFINSV   C=2042.40  VWAP=2037.73  EMA=UP  RSI=72  Vol=0.5x  HTF=2044.37  → -  
11:09:05    HINDALCO     C=919.65  VWAP=918.14  EMA=UP  RSI=55  Vol=1.8x  HTF=918.22  → -  
11:09:06    SBILIFE      C=2099.00  VWAP=2104.73  EMA=--  RSI=49  Vol=0.5x  HTF=2105.05  → -  
11:12:02  SCAN #21  11:12:02  phase=ACTIVE_AM  active=True
11:12:02    HDFCLIFE     C=738.45  VWAP=738.84  EMA=--  RSI=51  Vol=0.9x  HTF=-  → -  
11:12:03    TATASTEEL    C=208.16  VWAP=208.41  EMA=--  RSI=56  Vol=1.1x  HTF=208.00  → -  
11:12:03    TITAN        C=4269.50  VWAP=4254.17  EMA=UP  RSI=66  Vol=2.0x  HTF=-  → -  
11:12:04    M&M          C=3418.20  VWAP=3414.70  EMA=--  RSI=61  Vol=0.5x  HTF=3429.07  → -  
11:12:04    ADANIPORTS   C=1543.80  VWAP=1544.16  EMA=--  RSI=65  Vol=1.3x  HTF=-  → -  
11:12:05    ONGC         C=275.15  VWAP=275.20  EMA=UP  RSI=69  Vol=0.3x  HTF=274.58  → -  
11:12:05    BAJAJFINSV   C=2044.40  VWAP=2038.08  EMA=UP  RSI=77  Vol=3.1x  HTF=2044.37  → -  
11:12:06    HINDALCO     C=919.95  VWAP=918.18  EMA=UP  RSI=59  Vol=1.5x  HTF=918.22  → -  
11:12:06    SBILIFE      C=2098.60  VWAP=2104.63  EMA=--  RSI=47  Vol=0.6x  HTF=2105.05  → -  
11:15:02  SCAN #22  11:15:02  phase=ACTIVE_AM  active=True
11:15:02    HDFCLIFE     C=739.10  VWAP=738.85  EMA=--  RSI=64  Vol=0.8x  HTF=-  → -  
11:15:02    TATASTEEL    C=208.14  VWAP=208.41  EMA=--  RSI=54  Vol=0.6x  HTF=208.00  → -  
11:15:03    TITAN        C=4271.00  VWAP=4255.35  EMA=UP  RSI=69  Vol=3.4x  HTF=-  → -  
11:15:03    M&M          C=3418.70  VWAP=3414.94  EMA=UP  RSI=62  Vol=2.5x  HTF=3429.07  → -  
11:15:04    ADANIPORTS   C=1543.40  VWAP=1544.15  EMA=--  RSI=62  Vol=2.9x  HTF=-  → -  
11:15:04    ONGC         C=275.35  VWAP=275.21  EMA=UP  RSI=72  Vol=0.6x  HTF=274.58  → -  
11:15:05    BAJAJFINSV   C=2041.40  VWAP=2038.37  EMA=UP  RSI=60  Vol=2.6x  HTF=2044.37  → -  
11:15:05    HINDALCO     C=919.95  VWAP=918.20  EMA=UP  RSI=59  Vol=0.9x  HTF=918.22  → -  
11:15:06    SBILIFE      C=2095.70  VWAP=2104.48  EMA=--  RSI=37  Vol=1.0x  HTF=2105.05  → -  
11:18:02  SCAN #23  11:18:02  phase=ACTIVE_AM  active=True
11:18:02    HDFCLIFE     C=738.95  VWAP=738.85  EMA=UP  RSI=60  Vol=0.2x  HTF=-  → -  
11:18:03    TATASTEEL    C=208.18  VWAP=208.41  EMA=--  RSI=57  Vol=0.4x  HTF=208.02  → -  
11:18:03    TITAN        C=4278.00  VWAP=4255.92  EMA=UP  RSI=79  Vol=1.4x  HTF=-  → -  
11:18:03    M&M          C=3418.20  VWAP=3414.95  EMA=UP  RSI=60  Vol=0.3x  HTF=3428.08  → -  
11:18:04    ADANIPORTS   C=1542.90  VWAP=1544.14  EMA=UP  RSI=59  Vol=0.3x  HTF=-  → -  
11:18:04    ONGC         C=275.05  VWAP=275.20  EMA=UP  RSI=61  Vol=0.3x  HTF=274.62  → -  
11:18:05    BAJAJFINSV   C=2042.40  VWAP=2038.43  EMA=UP  RSI=63  Vol=0.8x  HTF=2044.19  → -  
11:18:05    HINDALCO     C=919.90  VWAP=918.22  EMA=UP  RSI=58  Vol=0.6x  HTF=918.37  → -  
11:18:06    SBILIFE      C=2096.00  VWAP=2103.94  EMA=--  RSI=38  Vol=3.5x  HTF=2104.23  → -  
11:21:02  SCAN #24  11:21:02  phase=ACTIVE_AM  active=True
11:21:02    HDFCLIFE     C=739.80  VWAP=738.86  EMA=UP  RSI=71  Vol=0.5x  HTF=-  → -  
11:21:02    TATASTEEL    C=208.30  VWAP=208.40  EMA=UP  RSI=64  Vol=1.4x  HTF=208.02  → -  
11:21:03    TITAN        C=4279.00  VWAP=4256.45  EMA=UP  RSI=80  Vol=1.2x  HTF=-  → -  
11:21:03    M&M          C=3419.20  VWAP=3415.07  EMA=UP  RSI=62  Vol=1.3x  HTF=3428.08  → -  
11:21:04    ADANIPORTS   C=1545.20  VWAP=1544.14  EMA=UP  RSI=68  Vol=0.5x  HTF=-  → -  
11:21:05    ONGC         C=275.45  VWAP=275.21  EMA=UP  RSI=68  Vol=0.9x  HTF=274.62  → -  
11:21:05    BAJAJFINSV   C=2042.30  VWAP=2038.44  EMA=UP  RSI=62  Vol=0.2x  HTF=2044.19  → -  
11:21:06    HINDALCO     C=920.05  VWAP=918.25  EMA=UP  RSI=60  Vol=1.1x  HTF=918.37  → -  
11:21:06    SBILIFE      C=2101.40  VWAP=2103.58  EMA=--  RSI=59  Vol=3.9x  HTF=2104.23  → -  
11:24:02  SCAN #25  11:24:02  phase=ACTIVE_AM  active=True
11:24:02    HDFCLIFE     C=740.00  VWAP=738.86  EMA=UP  RSI=73  Vol=0.3x  HTF=-  → -  
11:24:02    TATASTEEL    C=208.32  VWAP=208.40  EMA=UP  RSI=65  Vol=0.9x  HTF=208.02  → -  
11:24:03    TITAN        C=4277.70  VWAP=4256.90  EMA=UP  RSI=75  Vol=1.1x  HTF=-  → -  
11:24:03    M&M          C=3416.90  VWAP=3415.12  EMA=UP  RSI=54  Vol=0.8x  HTF=3428.08  → -  
11:24:04    ADANIPORTS   C=1547.00  VWAP=1544.25  EMA=UP  RSI=73  Vol=2.0x  HTF=-  → -  
11:24:04    ONGC         C=275.25  VWAP=275.21  EMA=UP  RSI=62  Vol=0.3x  HTF=274.62  → -  
11:24:05    BAJAJFINSV   C=2040.80  VWAP=2038.46  EMA=UP  RSI=55  Vol=0.3x  HTF=2044.19  → -  
11:24:05    HINDALCO     C=919.85  VWAP=918.26  EMA=UP  RSI=56  Vol=0.6x  HTF=918.37  → -  
11:24:06    SBILIFE      C=2100.00  VWAP=2103.55  EMA=--  RSI=54  Vol=0.5x  HTF=2104.23  → -  
11:27:02  SCAN #26  11:27:02  phase=ACTIVE_AM  active=True
11:27:02    HDFCLIFE     C=740.65  VWAP=738.88  EMA=UP  RSI=78  Vol=0.3x  HTF=-  → -  
11:27:02    TATASTEEL    C=208.26  VWAP=208.40  EMA=UP  RSI=59  Vol=0.9x  HTF=208.02  → -  
11:27:03    TITAN        C=4278.80  VWAP=4257.23  EMA=UP  RSI=76  Vol=0.8x  HTF=-  → -  
11:27:03    M&M          C=3417.50  VWAP=3415.14  EMA=UP  RSI=56  Vol=0.4x  HTF=3428.08  → -  
11:27:04    ADANIPORTS   C=1545.30  VWAP=1544.26  EMA=UP  RSI=62  Vol=0.6x  HTF=-  → -  
11:27:04    ONGC         C=275.20  VWAP=275.21  EMA=UP  RSI=60  Vol=0.3x  HTF=274.62  → -  
11:27:05    BAJAJFINSV   C=2041.40  VWAP=2038.46  EMA=UP  RSI=57  Vol=0.1x  HTF=2044.19  → -  
11:27:05    HINDALCO     C=919.65  VWAP=918.27  EMA=UP  RSI=52  Vol=0.5x  HTF=918.37  → -  
11:27:06    SBILIFE      C=2101.70  VWAP=2103.53  EMA=--  RSI=59  Vol=0.8x  HTF=2104.23  → -  
11:30:02  SCAN #27  11:30:02  phase=ACTIVE_AM  active=True
11:30:02    HDFCLIFE     C=739.60  VWAP=738.89  EMA=UP  RSI=57  Vol=0.5x  HTF=-  → -  
11:30:02    TATASTEEL    C=208.37  VWAP=208.40  EMA=UP  RSI=65  Vol=0.8x  HTF=208.02  → -  
11:30:03    TITAN        C=4275.50  VWAP=4257.77  EMA=UP  RSI=63  Vol=1.5x  HTF=-  → -  
11:30:03    M&M          C=3418.50  VWAP=3415.15  EMA=UP  RSI=59  Vol=0.2x  HTF=3428.08  → -  
11:30:04    ADANIPORTS   C=1544.90  VWAP=1544.27  EMA=UP  RSI=60  Vol=0.6x  HTF=-  → -  
11:30:04    ONGC         C=275.95  VWAP=275.22  EMA=UP  RSI=72  Vol=1.1x  HTF=274.62  → -  
11:30:05    BAJAJFINSV   C=2043.70  VWAP=2038.49  EMA=UP  RSI=65  Vol=0.3x  HTF=2044.19  → -  
11:30:05    HINDALCO     C=920.25  VWAP=918.29  EMA=UP  RSI=61  Vol=0.7x  HTF=918.37  → -  
11:30:06    SBILIFE      C=2101.50  VWAP=2103.52  EMA=--  RSI=58  Vol=0.3x  HTF=2104.23  → -  
11:33:02  SCAN #28  11:33:02  phase=ACTIVE_AM  active=True
11:33:02    HDFCLIFE     C=739.45  VWAP=738.89  EMA=UP  RSI=55  Vol=0.6x  HTF=-  → -  
11:33:03    TATASTEEL    C=208.43  VWAP=208.40  EMA=UP  RSI=68  Vol=1.4x  HTF=208.05  → ★ LONG  SL=208.22  TP=208.75  Qty=1199
11:33:04    TITAN        C=4266.20  VWAP=4258.00  EMA=UP  RSI=41  Vol=1.2x  HTF=-  → -  
11:33:04    M&M          C=3420.10  VWAP=3415.28  EMA=UP  RSI=63  Vol=1.3x  HTF=3427.36  → -  
11:33:05    ADANIPORTS   C=1546.20  VWAP=1544.28  EMA=UP  RSI=65  Vol=0.3x  HTF=-  → -  
11:33:05    ONGC         C=275.80  VWAP=275.23  EMA=UP  RSI=68  Vol=1.0x  HTF=274.73  → -  
11:33:06    BAJAJFINSV   C=2043.80  VWAP=2038.50  EMA=UP  RSI=65  Vol=0.1x  HTF=2044.15  → -  
11:33:06    HINDALCO     C=920.45  VWAP=918.32  EMA=UP  RSI=64  Vol=1.1x  HTF=918.56  → -  
11:33:07    SBILIFE      C=2096.10  VWAP=2103.18  EMA=--  RSI=40  Vol=3.1x  HTF=2103.49  → -  
11:36:02  SCAN #29  11:36:02  phase=ACTIVE_AM  active=True
11:36:02    HDFCLIFE     C=738.80  VWAP=738.89  EMA=UP  RSI=46  Vol=0.4x  HTF=-  → -  
11:36:03    TATASTEEL    C=208.40  VWAP=208.40  EMA=UP  RSI=65  Vol=1.1x  HTF=208.05  → -  in_position
11:36:03    TITAN        C=4266.70  VWAP=4258.22  EMA=UP  RSI=42  Vol=1.9x  HTF=-  → -  
11:36:03    M&M          C=3416.80  VWAP=3415.32  EMA=UP  RSI=51  Vol=0.7x  HTF=3427.36  → -  
11:36:04    ADANIPORTS   C=1545.30  VWAP=1544.28  EMA=UP  RSI=59  Vol=0.2x  HTF=-  → -  
11:36:04    ONGC         C=275.70  VWAP=275.23  EMA=UP  RSI=65  Vol=0.5x  HTF=274.73  → -  
11:36:05    BAJAJFINSV   C=2042.00  VWAP=2038.60  EMA=UP  RSI=55  Vol=1.2x  HTF=2044.15  → -  
11:36:05    HINDALCO     C=920.40  VWAP=918.33  EMA=UP  RSI=63  Vol=0.5x  HTF=918.56  → -  
11:36:06    SBILIFE      C=2094.80  VWAP=2102.87  EMA=--  RSI=37  Vol=2.0x  HTF=2103.49  → -  
11:39:02  SCAN #30  11:39:02  phase=ACTIVE_AM  active=True
11:39:02    HDFCLIFE     C=739.40  VWAP=738.89  EMA=UP  RSI=54  Vol=0.3x  HTF=-  → -  
11:39:03    TATASTEEL    C=208.39  VWAP=208.40  EMA=UP  RSI=64  Vol=0.9x  HTF=208.05  → -  in_position
11:39:03    TITAN        C=4271.00  VWAP=4258.37  EMA=UP  RSI=52  Vol=0.7x  HTF=-  → -  
11:39:03    M&M          C=3419.50  VWAP=3415.34  EMA=UP  RSI=58  Vol=0.4x  HTF=3427.36  → -  
11:39:04    ADANIPORTS   C=1546.20  VWAP=1544.30  EMA=UP  RSI=63  Vol=0.9x  HTF=-  → -  
11:39:04    ONGC         C=275.90  VWAP=275.23  EMA=UP  RSI=68  Vol=0.6x  HTF=274.73  → -  
11:39:06    BAJAJFINSV   C=2045.00  VWAP=2038.74  EMA=UP  RSI=65  Vol=1.2x  HTF=2044.15  → ★ LONG  SL=2042.28  TP=2049.07  Qty=122
11:39:06    HINDALCO     C=920.90  VWAP=918.37  EMA=UP  RSI=69  Vol=1.1x  HTF=918.56  → -  
11:39:07    SBILIFE      C=2096.00  VWAP=2102.50  EMA=--  RSI=42  Vol=2.5x  HTF=2103.49  → -  
11:42:02  SCAN #31  11:42:02  phase=ACTIVE_AM  active=True
11:42:03    HDFCLIFE     C=738.95  VWAP=738.89  EMA=UP  RSI=48  Vol=1.2x  HTF=-  → ★ LONG  SL=738.14  TP=740.16  Qty=338
11:42:03  BRACKET  TATASTEEL    SL hit — position closed
11:42:03    TATASTEEL    C=208.17  VWAP=208.40  EMA=UP  RSI=45  Vol=0.9x  HTF=208.05  → -  cooldown_until_11:48
11:42:04    TITAN        C=4269.00  VWAP=4258.52  EMA=UP  RSI=48  Vol=0.7x  HTF=-  → -  
11:42:04    M&M          C=3416.40  VWAP=3415.35  EMA=UP  RSI=49  Vol=0.3x  HTF=3427.36  → -  
11:42:05    ADANIPORTS   C=1544.40  VWAP=1544.31  EMA=UP  RSI=53  Vol=0.6x  HTF=-  → -  
11:42:05    ONGC         C=275.90  VWAP=275.24  EMA=UP  RSI=68  Vol=0.5x  HTF=274.73  → -  
11:42:06    BAJAJFINSV   C=2044.10  VWAP=2038.77  EMA=UP  RSI=61  Vol=0.2x  HTF=2044.15  → -  in_position
11:42:06    HINDALCO     C=919.60  VWAP=918.39  EMA=UP  RSI=46  Vol=0.9x  HTF=918.56  → -  
11:42:07    SBILIFE      C=2096.00  VWAP=2102.40  EMA=--  RSI=42  Vol=0.7x  HTF=2103.49  → -  
11:45:02  SCAN #32  11:45:02  phase=ACTIVE_AM  active=True
11:45:02    HDFCLIFE     C=738.90  VWAP=738.89  EMA=UP  RSI=47  Vol=0.3x  HTF=-  → -  in_position
11:45:02    TATASTEEL    C=208.15  VWAP=208.40  EMA=UP  RSI=43  Vol=1.0x  HTF=208.05  → -  cooldown_until_11:48
11:45:03    TITAN        C=4269.90  VWAP=4258.59  EMA=UP  RSI=50  Vol=0.3x  HTF=-  → -  
11:45:03    M&M          C=3415.10  VWAP=3415.35  EMA=UP  RSI=45  Vol=0.5x  HTF=3427.36  → -  
11:45:04    ADANIPORTS   C=1544.20  VWAP=1544.31  EMA=UP  RSI=52  Vol=0.4x  HTF=-  → -  
11:45:04    ONGC         C=275.70  VWAP=275.24  EMA=UP  RSI=61  Vol=0.6x  HTF=274.73  → -  
11:45:05    BAJAJFINSV   C=2044.80  VWAP=2038.84  EMA=UP  RSI=63  Vol=0.6x  HTF=2044.15  → -  in_position
11:45:05    HINDALCO     C=917.85  VWAP=918.39  EMA=UP  RSI=30  Vol=1.0x  HTF=918.56  → -  
11:45:06    SBILIFE      C=2095.90  VWAP=2102.27  EMA=--  RSI=42  Vol=1.0x  HTF=2103.49  → -  
11:48:02  SCAN #33  11:48:02  phase=ACTIVE_AM  active=True
11:48:02  BRACKET  HDFCLIFE     SL hit — position closed
11:48:02    HDFCLIFE     C=738.30  VWAP=738.89  EMA=UP  RSI=40  Vol=1.7x  HTF=-  → -  cooldown_until_11:57
11:48:02    TATASTEEL    C=208.03  VWAP=208.39  EMA=UP  RSI=36  Vol=2.2x  HTF=208.05  → -  
11:48:03    TITAN        C=4265.10  VWAP=4258.70  EMA=UP  RSI=40  Vol=0.7x  HTF=-  → -  
11:48:03    M&M          C=3416.40  VWAP=3415.36  EMA=UP  RSI=49  Vol=0.9x  HTF=3426.36  → -  
11:48:04    ADANIPORTS   C=1542.10  VWAP=1544.29  EMA=UP  RSI=42  Vol=1.0x  HTF=-  → -  
11:48:04    ONGC         C=275.75  VWAP=275.25  EMA=UP  RSI=62  Vol=0.7x  HTF=274.82  → -  
11:48:05  BRACKET  BAJAJFINSV   SL hit — position closed
11:48:05    BAJAJFINSV   C=2043.90  VWAP=2039.21  EMA=UP  RSI=58  Vol=3.6x  HTF=2044.13  → -  cooldown_until_11:54
11:48:05    HINDALCO     C=917.50  VWAP=918.36  EMA=DN  RSI=28  Vol=1.8x  HTF=918.47  → -  
11:48:06    SBILIFE      C=2096.00  VWAP=2102.16  EMA=--  RSI=42  Vol=0.8x  HTF=2102.81  → -  
11:51:02  SCAN #34  11:51:02  phase=ACTIVE_AM  active=True
11:51:02    HDFCLIFE     C=738.20  VWAP=738.88  EMA=DN  RSI=39  Vol=0.8x  HTF=-  → -  cooldown_until_11:57
11:51:03    TATASTEEL    C=208.03  VWAP=208.38  EMA=DN  RSI=36  Vol=1.5x  HTF=208.05  → -  
11:51:03    TITAN        C=4267.80  VWAP=4258.79  EMA=UP  RSI=47  Vol=0.6x  HTF=-  → -  
11:51:04    M&M          C=3417.10  VWAP=3415.37  EMA=UP  RSI=51  Vol=0.3x  HTF=3426.36  → -  
11:51:04    ADANIPORTS   C=1541.10  VWAP=1544.25  EMA=UP  RSI=38  Vol=1.0x  HTF=-  → -  
11:51:05    ONGC         C=275.75  VWAP=275.25  EMA=UP  RSI=62  Vol=0.6x  HTF=274.82  → -  
11:51:05    BAJAJFINSV   C=2045.90  VWAP=2039.35  EMA=UP  RSI=65  Vol=1.0x  HTF=2044.13  → LONG  cooldown_until_11:54
11:51:06    HINDALCO     C=917.55  VWAP=918.35  EMA=--  RSI=29  Vol=0.8x  HTF=918.47  → -  
11:51:06    SBILIFE      C=2096.20  VWAP=2102.15  EMA=--  RSI=43  Vol=0.1x  HTF=2102.81  → -  
11:54:02  SCAN #35  11:54:02  phase=ACTIVE_AM  active=True
11:54:02    HDFCLIFE     C=738.90  VWAP=738.88  EMA=--  RSI=50  Vol=2.0x  HTF=-  → -  cooldown_until_11:57
11:54:03    TATASTEEL    C=207.95  VWAP=208.37  EMA=--  RSI=32  Vol=2.2x  HTF=208.05  → -  
11:54:03    TITAN        C=4267.50  VWAP=4258.84  EMA=UP  RSI=46  Vol=0.3x  HTF=-  → -  
11:54:04    M&M          C=3417.50  VWAP=3415.43  EMA=UP  RSI=53  Vol=2.1x  HTF=3426.36  → -  
11:54:04    ADANIPORTS   C=1542.00  VWAP=1544.23  EMA=UP  RSI=43  Vol=0.5x  HTF=-  → -  
11:54:05    ONGC         C=275.25  VWAP=275.25  EMA=UP  RSI=45  Vol=1.1x  HTF=274.82  → -  
11:54:05    BAJAJFINSV   C=2045.90  VWAP=2039.42  EMA=UP  RSI=65  Vol=0.5x  HTF=2044.13  → -  cooldown_until_11:54
11:54:06    HINDALCO     C=917.00  VWAP=918.34  EMA=--  RSI=25  Vol=0.9x  HTF=918.47  → -  
11:54:06    SBILIFE      C=2095.70  VWAP=2102.14  EMA=--  RSI=41  Vol=0.1x  HTF=2102.81  → -  
11:57:02  SCAN #36  11:57:02  phase=ACTIVE_AM  active=True
11:57:02    HDFCLIFE     C=738.60  VWAP=738.88  EMA=--  RSI=46  Vol=0.5x  HTF=-  → -  cooldown_until_11:57
11:57:03    TATASTEEL    C=207.99  VWAP=208.37  EMA=--  RSI=36  Vol=1.5x  HTF=208.05  → -  
11:57:03    TITAN        C=4266.30  VWAP=4258.92  EMA=UP  RSI=44  Vol=0.5x  HTF=-  → -  
11:57:04    M&M          C=3418.00  VWAP=3415.45  EMA=UP  RSI=54  Vol=0.6x  HTF=3426.36  → -  
11:57:04    ADANIPORTS   C=1541.80  VWAP=1544.22  EMA=DN  RSI=42  Vol=0.4x  HTF=-  → -  
11:57:05    ONGC         C=275.10  VWAP=275.25  EMA=UP  RSI=41  Vol=0.6x  HTF=274.82  → -  
11:57:05    BAJAJFINSV   C=2045.90  VWAP=2039.55  EMA=UP  RSI=65  Vol=0.9x  HTF=2044.13  → -  
11:57:06    HINDALCO     C=915.80  VWAP=918.32  EMA=--  RSI=20  Vol=1.0x  HTF=918.47  → -  
11:57:07    SBILIFE      C=2095.10  VWAP=2102.02  EMA=--  RSI=38  Vol=0.9x  HTF=2102.81  → -  
12:00:02  PHASE  ACTIVE_AM → MIDDAY
12:00:02  SCAN #37  12:00:02  phase=MIDDAY  active=False
12:00:02    HDFCLIFE     C=738.30  VWAP=738.87  EMA=--  RSI=42  Vol=0.3x  HTF=-  → -  inactive_phase
12:00:03    TATASTEEL    C=207.93  VWAP=208.36  EMA=--  RSI=33  Vol=0.4x  HTF=208.05  → -  inactive_phase
12:00:03    TITAN        C=4264.20  VWAP=4258.97  EMA=DN  RSI=39  Vol=0.5x  HTF=-  → -  inactive_phase
12:00:04    M&M          C=3419.10  VWAP=3415.51  EMA=UP  RSI=58  Vol=1.0x  HTF=3426.36  → -  inactive_phase
12:00:04    ADANIPORTS   C=1541.40  VWAP=1544.18  EMA=--  RSI=40  Vol=1.0x  HTF=-  → -  inactive_phase
12:00:05    ONGC         C=275.15  VWAP=275.25  EMA=UP  RSI=43  Vol=0.6x  HTF=274.82  → -  inactive_phase
12:00:05    BAJAJFINSV   C=2045.70  VWAP=2039.57  EMA=UP  RSI=63  Vol=0.1x  HTF=2044.13  → -  inactive_phase
12:00:06    HINDALCO     C=915.40  VWAP=918.27  EMA=--  RSI=18  Vol=1.5x  HTF=918.47  → -  inactive_phase
12:00:06    SBILIFE      C=2090.30  VWAP=2101.24  EMA=--  RSI=24  Vol=3.6x  HTF=2102.81  → -  inactive_phase
12:03:02  SCAN #38  12:03:02  phase=MIDDAY  active=False
12:03:02    HDFCLIFE     C=738.50  VWAP=738.87  EMA=--  RSI=45  Vol=1.0x  HTF=-  → -  inactive_phase
12:03:03    TATASTEEL    C=207.94  VWAP=208.36  EMA=--  RSI=34  Vol=0.5x  HTF=208.04  → -  inactive_phase
12:03:03    TITAN        C=4262.00  VWAP=4259.02  EMA=--  RSI=35  Vol=0.8x  HTF=-  → -  inactive_phase
12:03:04    M&M          C=3418.90  VWAP=3415.57  EMA=UP  RSI=57  Vol=1.3x  HTF=3425.68  → -  inactive_phase
12:03:04    ADANIPORTS   C=1541.30  VWAP=1544.17  EMA=--  RSI=40  Vol=0.3x  HTF=-  → -  inactive_phase
12:03:05    ONGC         C=275.50  VWAP=275.25  EMA=UP  RSI=54  Vol=1.9x  HTF=274.88  → LONG  inactive_phase
12:03:05    BAJAJFINSV   C=2045.60  VWAP=2039.59  EMA=UP  RSI=63  Vol=0.2x  HTF=2044.26  → -  inactive_phase
12:03:06    HINDALCO     C=915.10  VWAP=918.24  EMA=--  RSI=17  Vol=0.6x  HTF=918.16  → -  inactive_phase
12:03:06    SBILIFE      C=2093.20  VWAP=2100.61  EMA=--  RSI=39  Vol=3.1x  HTF=2101.94  → -  inactive_phase
12:06:02  SCAN #39  12:06:02  phase=MIDDAY  active=False
12:06:02    HDFCLIFE     C=738.70  VWAP=738.87  EMA=--  RSI=49  Vol=0.9x  HTF=-  → -  inactive_phase
12:06:03    TATASTEEL    C=208.00  VWAP=208.36  EMA=--  RSI=41  Vol=1.2x  HTF=208.04  → -  inactive_phase
12:06:03    TITAN        C=4267.70  VWAP=4259.06  EMA=--  RSI=50  Vol=0.4x  HTF=-  → -  inactive_phase
12:06:04    M&M          C=3422.00  VWAP=3415.63  EMA=UP  RSI=67  Vol=0.9x  HTF=3425.68  → -  inactive_phase
12:06:04    ADANIPORTS   C=1542.70  VWAP=1544.16  EMA=--  RSI=50  Vol=0.4x  HTF=-  → -  inactive_phase
12:06:06    ONGC         C=275.60  VWAP=275.25  EMA=UP  RSI=57  Vol=1.1x  HTF=274.88  → LONG  inactive_phase
12:06:07    BAJAJFINSV   C=2045.90  VWAP=2039.69  EMA=UP  RSI=64  Vol=1.0x  HTF=2044.26  → LONG  inactive_phase
12:06:07    HINDALCO     C=916.10  VWAP=918.21  EMA=--  RSI=33  Vol=1.3x  HTF=918.16  → -  inactive_phase
12:06:08    SBILIFE      C=2094.50  VWAP=2100.45  EMA=--  RSI=45  Vol=1.0x  HTF=2101.94  → -  inactive_phase
12:09:02  SCAN #40  12:09:02  phase=MIDDAY  active=False
12:09:02    HDFCLIFE     C=738.60  VWAP=738.87  EMA=--  RSI=47  Vol=0.1x  HTF=-  → -  inactive_phase
12:09:03    TATASTEEL    C=207.93  VWAP=208.35  EMA=--  RSI=36  Vol=0.5x  HTF=208.04  → -  inactive_phase
12:09:03    TITAN        C=4268.80  VWAP=4259.18  EMA=--  RSI=53  Vol=0.8x  HTF=-  → -  inactive_phase
12:09:04    M&M          C=3422.20  VWAP=3415.66  EMA=UP  RSI=68  Vol=0.3x  HTF=3425.68  → -  inactive_phase
12:09:08    ADANIPORTS   C=1542.50  VWAP=1544.15  EMA=--  RSI=48  Vol=1.2x  HTF=-  → -  inactive_phase
12:09:08    ONGC         C=275.25  VWAP=275.26  EMA=UP  RSI=46  Vol=1.0x  HTF=274.88  → -  inactive_phase
12:09:09    BAJAJFINSV   C=2043.10  VWAP=2039.73  EMA=UP  RSI=45  Vol=0.5x  HTF=2044.26  → -  inactive_phase
12:09:09    HINDALCO     C=915.50  VWAP=918.17  EMA=--  RSI=29  Vol=1.4x  HTF=918.16  → -  inactive_phase
12:09:10    SBILIFE      C=2094.20  VWAP=2100.39  EMA=--  RSI=44  Vol=0.4x  HTF=2101.94  → -  inactive_phase
12:12:02  SCAN #41  12:12:02  phase=MIDDAY  active=False
12:12:02    HDFCLIFE     C=738.20  VWAP=738.87  EMA=--  RSI=41  Vol=0.5x  HTF=-  → -  inactive_phase
12:12:03    TATASTEEL    C=207.93  VWAP=208.35  EMA=--  RSI=36  Vol=0.4x  HTF=208.04  → -  inactive_phase
12:12:03    TITAN        C=4267.10  VWAP=4259.26  EMA=--  RSI=49  Vol=0.6x  HTF=-  → -  inactive_phase
12:12:04    M&M          C=3420.80  VWAP=3415.69  EMA=UP  RSI=60  Vol=0.4x  HTF=3425.68  → -  inactive_phase
12:12:04    ADANIPORTS   C=1541.90  VWAP=1544.13  EMA=--  RSI=45  Vol=0.4x  HTF=-  → -  inactive_phase
12:12:05    ONGC         C=275.25  VWAP=275.26  EMA=UP  RSI=46  Vol=1.0x  HTF=274.88  → -  inactive_phase
12:12:05    BAJAJFINSV   C=2043.10  VWAP=2039.76  EMA=UP  RSI=45  Vol=0.6x  HTF=2044.26  → -  inactive_phase
12:12:06    HINDALCO     C=915.30  VWAP=918.13  EMA=--  RSI=28  Vol=1.2x  HTF=918.16  → -  inactive_phase
12:12:07    SBILIFE      C=2093.30  VWAP=2100.34  EMA=--  RSI=41  Vol=0.4x  HTF=2101.94  → -  inactive_phase
12:15:02  SCAN #42  12:15:02  phase=MIDDAY  active=False
12:15:02    HDFCLIFE     C=738.45  VWAP=738.86  EMA=--  RSI=46  Vol=0.6x  HTF=-  → -  inactive_phase
12:15:03    TATASTEEL    C=208.00  VWAP=208.35  EMA=--  RSI=45  Vol=1.1x  HTF=208.04  → -  inactive_phase
12:15:03    TITAN        C=4268.90  VWAP=4259.38  EMA=--  RSI=53  Vol=1.0x  HTF=-  → -  inactive_phase
12:15:04    M&M          C=3421.50  VWAP=3415.77  EMA=UP  RSI=62  Vol=1.2x  HTF=3425.68  → -  inactive_phase
12:15:04    ADANIPORTS   C=1543.30  VWAP=1544.12  EMA=--  RSI=54  Vol=1.1x  HTF=-  → -  inactive_phase
12:15:05    ONGC         C=275.05  VWAP=275.25  EMA=UP  RSI=41  Vol=1.4x  HTF=274.88  → -  inactive_phase
12:15:05    BAJAJFINSV   C=2044.10  VWAP=2039.99  EMA=UP  RSI=52  Vol=4.6x  HTF=2044.26  → -  inactive_phase
12:15:06    HINDALCO     C=915.75  VWAP=918.12  EMA=--  RSI=35  Vol=0.5x  HTF=918.16  → -  inactive_phase
12:15:06    SBILIFE      C=2087.10  VWAP=2100.13  EMA=--  RSI=26  Vol=0.8x  HTF=2101.94  → -  inactive_phase
12:18:02  SCAN #43  12:18:02  phase=MIDDAY  active=False
12:18:02    HDFCLIFE     C=738.30  VWAP=738.86  EMA=--  RSI=43  Vol=1.2x  HTF=-  → -  inactive_phase
12:18:03    TATASTEEL    C=207.98  VWAP=208.35  EMA=--  RSI=43  Vol=0.5x  HTF=208.04  → -  inactive_phase
12:18:03    TITAN        C=4266.90  VWAP=4259.42  EMA=--  RSI=48  Vol=0.4x  HTF=-  → -  inactive_phase
12:18:04    M&M          C=3418.60  VWAP=3415.87  EMA=UP  RSI=49  Vol=2.4x  HTF=3425.04  → -  inactive_phase
12:18:04    ADANIPORTS   C=1543.20  VWAP=1544.12  EMA=--  RSI=53  Vol=0.6x  HTF=-  → -  inactive_phase
12:18:05    ONGC         C=275.00  VWAP=275.25  EMA=DN  RSI=39  Vol=1.6x  HTF=274.89  → -  inactive_phase
12:18:05    BAJAJFINSV   C=2044.90  VWAP=2040.06  EMA=UP  RSI=56  Vol=1.1x  HTF=2044.32  → LONG  inactive_phase
12:18:06    HINDALCO     C=915.85  VWAP=918.10  EMA=--  RSI=36  Vol=0.5x  HTF=917.95  → -  inactive_phase
12:18:06    SBILIFE      C=2086.40  VWAP=2099.85  EMA=--  RSI=25  Vol=0.9x  HTF=2100.52  → -  inactive_phase
12:21:02  SCAN #44  12:21:02  phase=MIDDAY  active=False
12:21:02    HDFCLIFE     C=738.20  VWAP=738.85  EMA=--  RSI=42  Vol=1.6x  HTF=-  → -  inactive_phase
12:21:03    TATASTEEL    C=207.87  VWAP=208.34  EMA=--  RSI=34  Vol=0.5x  HTF=208.04  → -  inactive_phase
12:21:03    TITAN        C=4258.10  VWAP=4259.44  EMA=--  RSI=32  Vol=1.0x  HTF=-  → -  inactive_phase
12:21:04    M&M          C=3417.20  VWAP=3415.88  EMA=UP  RSI=44  Vol=0.5x  HTF=3425.04  → -  inactive_phase
12:21:04    ADANIPORTS   C=1541.60  VWAP=1544.10  EMA=--  RSI=43  Vol=0.7x  HTF=-  → -  inactive_phase
12:21:05    ONGC         C=274.85  VWAP=275.25  EMA=--  RSI=36  Vol=1.0x  HTF=274.89  → -  inactive_phase
12:21:05    BAJAJFINSV   C=2044.20  VWAP=2040.09  EMA=UP  RSI=51  Vol=0.3x  HTF=2044.32  → -  inactive_phase
12:21:06    HINDALCO     C=915.75  VWAP=918.09  EMA=--  RSI=35  Vol=0.7x  HTF=917.95  → -  inactive_phase
12:21:06    SBILIFE      C=2083.40  VWAP=2099.77  EMA=--  RSI=21  Vol=0.3x  HTF=2100.52  → -  inactive_phase
12:24:02  SCAN #45  12:24:02  phase=MIDDAY  active=False
12:24:02    HDFCLIFE     C=737.95  VWAP=738.83  EMA=--  RSI=38  Vol=1.9x  HTF=-  → -  inactive_phase
12:24:03    TATASTEEL    C=207.84  VWAP=208.34  EMA=--  RSI=32  Vol=0.8x  HTF=208.04  → -  inactive_phase
12:24:03    TITAN        C=4261.00  VWAP=4259.45  EMA=--  RSI=40  Vol=0.5x  HTF=-  → -  inactive_phase
12:24:04    M&M          C=3416.40  VWAP=3415.90  EMA=UP  RSI=41  Vol=1.7x  HTF=3425.04  → -  inactive_phase
12:24:04    ADANIPORTS   C=1541.90  VWAP=1544.10  EMA=--  RSI=45  Vol=0.5x  HTF=-  → -  inactive_phase
12:24:05    ONGC         C=274.90  VWAP=275.25  EMA=--  RSI=38  Vol=0.8x  HTF=274.89  → -  inactive_phase
12:24:05    BAJAJFINSV   C=2041.90  VWAP=2040.18  EMA=UP  RSI=39  Vol=2.6x  HTF=2044.32  → -  inactive_phase
12:24:06    HINDALCO     C=914.90  VWAP=918.05  EMA=--  RSI=28  Vol=1.2x  HTF=917.95  → -  inactive_phase
12:24:06    SBILIFE      C=2084.30  VWAP=2099.68  EMA=--  RSI=25  Vol=0.3x  HTF=2100.52  → -  inactive_phase
12:27:02  SCAN #46  12:27:02  phase=MIDDAY  active=False
12:27:02    HDFCLIFE     C=737.95  VWAP=738.82  EMA=--  RSI=38  Vol=1.0x  HTF=-  → -  inactive_phase
12:27:03    TATASTEEL    C=207.91  VWAP=208.34  EMA=--  RSI=41  Vol=0.9x  HTF=208.04  → -  inactive_phase
12:27:03    TITAN        C=4262.40  VWAP=4259.46  EMA=--  RSI=43  Vol=0.4x  HTF=-  → -  inactive_phase
12:27:04    M&M          C=3414.70  VWAP=3415.89  EMA=DN  RSI=35  Vol=2.0x  HTF=3425.04  → SHORT  inactive_phase
12:27:04    ADANIPORTS   C=1542.30  VWAP=1544.08  EMA=--  RSI=48  Vol=0.7x  HTF=-  → -  inactive_phase
12:27:05    ONGC         C=274.80  VWAP=275.24  EMA=--  RSI=35  Vol=0.7x  HTF=274.89  → -  inactive_phase
12:27:05    BAJAJFINSV   C=2039.30  VWAP=2040.18  EMA=DN  RSI=30  Vol=0.1x  HTF=2044.32  → -  inactive_phase
12:27:06    HINDALCO     C=913.95  VWAP=917.99  EMA=--  RSI=23  Vol=1.4x  HTF=917.95  → -  inactive_phase
12:27:06    SBILIFE      C=2081.90  VWAP=2099.65  EMA=--  RSI=21  Vol=0.1x  HTF=2100.52  → -  inactive_phase
12:30:02  SCAN #47  12:30:02  phase=MIDDAY  active=False
12:30:02    HDFCLIFE     C=737.90  VWAP=738.82  EMA=--  RSI=37  Vol=0.8x  HTF=-  → -  inactive_phase
12:30:03    TATASTEEL    C=208.08  VWAP=208.33  EMA=--  RSI=57  Vol=1.2x  HTF=208.04  → -  inactive_phase
12:30:03    TITAN        C=4263.40  VWAP=4259.49  EMA=--  RSI=45  Vol=0.9x  HTF=-  → -  inactive_phase
12:30:04    M&M          C=3417.00  VWAP=3415.89  EMA=--  RSI=46  Vol=0.4x  HTF=3425.04  → -  inactive_phase
12:30:04    ADANIPORTS   C=1542.60  VWAP=1544.07  EMA=--  RSI=51  Vol=1.2x  HTF=-  → -  inactive_phase
12:30:05    ONGC         C=274.95  VWAP=275.24  EMA=--  RSI=42  Vol=1.0x  HTF=274.89  → -  inactive_phase
12:30:05    BAJAJFINSV   C=2039.40  VWAP=2040.18  EMA=--  RSI=30  Vol=0.3x  HTF=2044.32  → -  inactive_phase
12:30:06    HINDALCO     C=914.20  VWAP=917.95  EMA=--  RSI=27  Vol=1.0x  HTF=917.95  → -  inactive_phase
12:30:07    SBILIFE      C=2083.00  VWAP=2099.55  EMA=--  RSI=27  Vol=0.3x  HTF=2100.52  → -  inactive_phase
12:33:02  SCAN #48  12:33:02  phase=MIDDAY  active=False
12:33:02    HDFCLIFE     C=738.30  VWAP=738.82  EMA=--  RSI=48  Vol=0.2x  HTF=-  → -  inactive_phase
12:33:03    TATASTEEL    C=208.06  VWAP=208.33  EMA=--  RSI=55  Vol=0.8x  HTF=208.04  → -  inactive_phase
12:33:03    TITAN        C=4262.70  VWAP=4259.52  EMA=--  RSI=44  Vol=0.8x  HTF=-  → -  inactive_phase
12:33:04    M&M          C=3418.30  VWAP=3415.90  EMA=--  RSI=51  Vol=0.6x  HTF=3424.43  → -  inactive_phase
12:33:04    ADANIPORTS   C=1542.60  VWAP=1544.07  EMA=--  RSI=51  Vol=0.5x  HTF=-  → -  inactive_phase
12:33:05    ONGC         C=274.70  VWAP=275.24  EMA=--  RSI=35  Vol=0.8x  HTF=274.88  → -  inactive_phase
12:33:05    BAJAJFINSV   C=2038.60  VWAP=2040.17  EMA=--  RSI=28  Vol=0.2x  HTF=2043.80  → -  inactive_phase
12:33:06    HINDALCO     C=914.25  VWAP=917.91  EMA=--  RSI=28  Vol=0.9x  HTF=917.61  → -  inactive_phase
12:33:06    SBILIFE      C=2083.40  VWAP=2099.52  EMA=--  RSI=29  Vol=0.1x  HTF=2098.97  → -  inactive_phase
12:36:02  SCAN #49  12:36:02  phase=MIDDAY  active=False
12:36:02    HDFCLIFE     C=738.55  VWAP=738.82  EMA=--  RSI=54  Vol=0.5x  HTF=-  → -  inactive_phase
12:36:03    TATASTEEL    C=208.05  VWAP=208.33  EMA=--  RSI=54  Vol=1.3x  HTF=208.04  → -  inactive_phase
12:36:03    TITAN        C=4263.60  VWAP=4259.53  EMA=--  RSI=46  Vol=0.4x  HTF=-  → -  inactive_phase
12:36:04    M&M          C=3420.00  VWAP=3415.93  EMA=UP  RSI=57  Vol=0.6x  HTF=3424.43  → -  inactive_phase
12:36:04    ADANIPORTS   C=1542.80  VWAP=1544.05  EMA=--  RSI=52  Vol=1.4x  HTF=-  → -  inactive_phase
12:36:05    ONGC         C=274.60  VWAP=275.23  EMA=--  RSI=32  Vol=0.9x  HTF=274.88  → -  inactive_phase
12:36:05    BAJAJFINSV   C=2039.80  VWAP=2040.17  EMA=--  RSI=37  Vol=0.1x  HTF=2043.80  → -  inactive_phase
12:36:06    HINDALCO     C=913.95  VWAP=917.86  EMA=--  RSI=26  Vol=1.2x  HTF=917.61  → -  inactive_phase
12:36:07    SBILIFE      C=2083.50  VWAP=2099.38  EMA=--  RSI=29  Vol=0.6x  HTF=2098.97  → -  inactive_phase
12:39:02  SCAN #50  12:39:02  phase=MIDDAY  active=False
12:39:02    HDFCLIFE     C=738.35  VWAP=738.82  EMA=--  RSI=49  Vol=0.5x  HTF=-  → -  inactive_phase
12:39:03    TATASTEEL    C=208.03  VWAP=208.31  EMA=--  RSI=52  Vol=4.3x  HTF=208.04  → -  inactive_phase
12:39:03    TITAN        C=4264.10  VWAP=4259.56  EMA=--  RSI=48  Vol=0.6x  HTF=-  → -  inactive_phase
12:39:04    M&M          C=3421.60  VWAP=3415.96  EMA=UP  RSI=62  Vol=0.5x  HTF=3424.43  → -  inactive_phase
12:39:04    ADANIPORTS   C=1543.60  VWAP=1544.04  EMA=UP  RSI=59  Vol=1.9x  HTF=-  → -  inactive_phase
12:39:05    ONGC         C=274.65  VWAP=275.23  EMA=--  RSI=35  Vol=0.9x  HTF=274.88  → -  inactive_phase
12:39:05    BAJAJFINSV   C=2040.80  VWAP=2040.18  EMA=--  RSI=43  Vol=0.9x  HTF=2043.80  → -  inactive_phase
12:39:06    HINDALCO     C=915.20  VWAP=917.80  EMA=--  RSI=45  Vol=1.8x  HTF=917.61  → -  inactive_phase
12:39:06    SBILIFE      C=2083.60  VWAP=2099.35  EMA=--  RSI=30  Vol=0.1x  HTF=2098.97  → -  inactive_phase
12:42:02  SCAN #51  12:42:02  phase=MIDDAY  active=False
12:42:02    HDFCLIFE     C=738.30  VWAP=738.81  EMA=--  RSI=48  Vol=1.6x  HTF=-  → -  inactive_phase
12:42:03    TATASTEEL    C=208.13  VWAP=208.31  EMA=--  RSI=61  Vol=0.7x  HTF=208.04  → -  inactive_phase
12:42:03    TITAN        C=4264.00  VWAP=4259.58  EMA=--  RSI=48  Vol=0.6x  HTF=-  → -  inactive_phase
12:42:04    M&M          C=3423.80  VWAP=3416.04  EMA=UP  RSI=68  Vol=0.9x  HTF=3424.43  → -  inactive_phase
12:42:04    ADANIPORTS   C=1543.00  VWAP=1544.04  EMA=UP  RSI=53  Vol=1.2x  HTF=-  → -  inactive_phase
12:42:05    ONGC         C=275.20  VWAP=275.23  EMA=--  RSI=56  Vol=1.7x  HTF=274.88  → -  inactive_phase
12:42:05    BAJAJFINSV   C=2042.50  VWAP=2040.20  EMA=--  RSI=53  Vol=0.9x  HTF=2043.80  → -  inactive_phase
12:42:06    HINDALCO     C=915.10  VWAP=917.78  EMA=--  RSI=44  Vol=0.6x  HTF=917.61  → -  inactive_phase
12:42:06    SBILIFE      C=2083.90  VWAP=2098.54  EMA=--  RSI=32  Vol=3.2x  HTF=2098.97  → -  inactive_phase
12:45:02  SCAN #52  12:45:02  phase=MIDDAY  active=False
12:45:02    HDFCLIFE     C=738.05  VWAP=738.81  EMA=--  RSI=42  Vol=0.8x  HTF=-  → -  inactive_phase
12:45:03    TATASTEEL    C=207.96  VWAP=208.31  EMA=--  RSI=45  Vol=0.5x  HTF=208.04  → -  inactive_phase
12:45:03    TITAN        C=4263.80  VWAP=4259.60  EMA=--  RSI=47  Vol=0.5x  HTF=-  → -  inactive_phase
12:45:04    M&M          C=3424.00  VWAP=3416.09  EMA=UP  RSI=69  Vol=0.5x  HTF=3424.43  → -  inactive_phase
12:45:04    ADANIPORTS   C=1542.60  VWAP=1544.03  EMA=UP  RSI=49  Vol=0.8x  HTF=-  → -  inactive_phase
12:45:05    ONGC         C=274.85  VWAP=275.23  EMA=--  RSI=46  Vol=0.9x  HTF=274.88  → -  inactive_phase
12:45:05    BAJAJFINSV   C=2046.10  VWAP=2040.47  EMA=--  RSI=66  Vol=2.8x  HTF=2043.80  → -  inactive_phase
12:45:06    HINDALCO     C=915.30  VWAP=917.76  EMA=--  RSI=47  Vol=0.8x  HTF=917.61  → -  inactive_phase
12:45:06    SBILIFE      C=2084.60  VWAP=2098.52  EMA=--  RSI=37  Vol=0.1x  HTF=2098.97  → -  inactive_phase
12:48:02  SCAN #53  12:48:02  phase=MIDDAY  active=False
12:48:02    HDFCLIFE     C=737.85  VWAP=738.78  EMA=--  RSI=38  Vol=3.4x  HTF=-  → -  inactive_phase
12:48:03    TATASTEEL    C=207.94  VWAP=208.30  EMA=--  RSI=43  Vol=1.6x  HTF=208.03  → -  inactive_phase
12:48:03    TITAN        C=4261.70  VWAP=4259.61  EMA=--  RSI=41  Vol=0.5x  HTF=-  → -  inactive_phase
12:48:04    M&M          C=3421.80  VWAP=3416.14  EMA=UP  RSI=58  Vol=0.7x  HTF=3424.19  → -  inactive_phase
12:48:04    ADANIPORTS   C=1541.20  VWAP=1543.99  EMA=DN  RSI=38  Vol=2.0x  HTF=-  → -  inactive_phase
12:48:05    ONGC         C=274.80  VWAP=275.22  EMA=--  RSI=44  Vol=0.9x  HTF=274.87  → -  inactive_phase
12:48:05    BAJAJFINSV   C=2045.00  VWAP=2040.50  EMA=UP  RSI=60  Vol=0.4x  HTF=2043.91  → -  inactive_phase
12:48:06    HINDALCO     C=914.00  VWAP=917.74  EMA=--  RSI=35  Vol=0.5x  HTF=917.29  → -  inactive_phase
12:48:06    SBILIFE      C=2086.00  VWAP=2098.49  EMA=--  RSI=45  Vol=0.2x  HTF=2097.79  → -  inactive_phase
12:51:02  SCAN #54  12:51:02  phase=MIDDAY  active=False
12:51:02    HDFCLIFE     C=738.15  VWAP=738.77  EMA=--  RSI=47  Vol=0.8x  HTF=-  → -  inactive_phase
12:51:03    TATASTEEL    C=207.98  VWAP=208.30  EMA=--  RSI=47  Vol=0.7x  HTF=208.03  → -  inactive_phase
12:51:03    TITAN        C=4262.00  VWAP=4259.62  EMA=--  RSI=42  Vol=0.5x  HTF=-  → -  inactive_phase
12:51:04    M&M          C=3422.00  VWAP=3416.16  EMA=UP  RSI=58  Vol=0.4x  HTF=3424.19  → -  inactive_phase
12:51:04    ADANIPORTS   C=1541.20  VWAP=1543.97  EMA=--  RSI=38  Vol=1.1x  HTF=-  → -  inactive_phase
12:51:05    ONGC         C=274.60  VWAP=275.22  EMA=--  RSI=39  Vol=0.9x  HTF=274.87  → -  inactive_phase
12:51:05    BAJAJFINSV   C=2043.50  VWAP=2040.56  EMA=UP  RSI=53  Vol=1.2x  HTF=2043.91  → -  inactive_phase
12:51:06    HINDALCO     C=914.50  VWAP=917.72  EMA=--  RSI=41  Vol=0.6x  HTF=917.29  → -  inactive_phase
12:51:06    SBILIFE      C=2084.50  VWAP=2098.34  EMA=--  RSI=39  Vol=0.8x  HTF=2097.79  → -  inactive_phase
12:54:02  SCAN #55  12:54:02  phase=MIDDAY  active=False
12:54:02    HDFCLIFE     C=738.45  VWAP=738.77  EMA=--  RSI=54  Vol=0.7x  HTF=-  → -  inactive_phase
12:54:03    TATASTEEL    C=207.96  VWAP=208.30  EMA=--  RSI=45  Vol=0.4x  HTF=208.03  → -  inactive_phase
12:54:03    TITAN        C=4263.00  VWAP=4259.63  EMA=--  RSI=46  Vol=0.8x  HTF=-  → -  inactive_phase
12:54:04    M&M          C=3421.80  VWAP=3416.21  EMA=UP  RSI=57  Vol=0.8x  HTF=3424.19  → -  inactive_phase
12:54:04    ADANIPORTS   C=1542.20  VWAP=1543.96  EMA=--  RSI=48  Vol=0.7x  HTF=-  → -  inactive_phase
12:54:05    ONGC         C=274.55  VWAP=275.22  EMA=--  RSI=38  Vol=0.8x  HTF=274.87  → -  inactive_phase
12:54:05    BAJAJFINSV   C=2043.90  VWAP=2040.60  EMA=UP  RSI=55  Vol=1.0x  HTF=2043.91  → -  inactive_phase
12:54:06    HINDALCO     C=914.80  VWAP=917.71  EMA=--  RSI=45  Vol=0.3x  HTF=917.29  → -  inactive_phase
12:54:06    SBILIFE      C=2085.40  VWAP=2098.31  EMA=--  RSI=44  Vol=0.2x  HTF=2097.79  → -  inactive_phase
12:57:02  SCAN #56  12:57:02  phase=MIDDAY  active=False
12:57:02    HDFCLIFE     C=738.10  VWAP=738.76  EMA=--  RSI=46  Vol=1.8x  HTF=-  → -  inactive_phase
12:57:03    TATASTEEL    C=207.91  VWAP=208.30  EMA=--  RSI=41  Vol=0.5x  HTF=208.03  → -  inactive_phase
12:57:03    TITAN        C=4265.00  VWAP=4259.66  EMA=--  RSI=54  Vol=0.9x  HTF=-  → -  inactive_phase
12:57:04    M&M          C=3423.20  VWAP=3416.25  EMA=UP  RSI=63  Vol=0.6x  HTF=3424.19  → -  inactive_phase
12:57:04    ADANIPORTS   C=1543.50  VWAP=1543.95  EMA=--  RSI=59  Vol=1.7x  HTF=-  → -  inactive_phase
12:57:05    ONGC         C=274.60  VWAP=275.21  EMA=--  RSI=40  Vol=0.9x  HTF=274.87  → -  inactive_phase
12:57:05    BAJAJFINSV   C=2044.00  VWAP=2040.61  EMA=UP  RSI=55  Vol=0.2x  HTF=2043.91  → -  inactive_phase
12:57:06    HINDALCO     C=914.55  VWAP=917.68  EMA=--  RSI=43  Vol=1.0x  HTF=917.29  → -  inactive_phase
12:57:06    SBILIFE      C=2085.30  VWAP=2098.27  EMA=--  RSI=44  Vol=0.2x  HTF=2097.79  → -  inactive_phase
13:00:02  SCAN #57  13:00:02  phase=MIDDAY  active=False
13:00:02    HDFCLIFE     C=737.95  VWAP=738.76  EMA=--  RSI=43  Vol=0.9x  HTF=-  → -  inactive_phase
13:00:03    TATASTEEL    C=207.89  VWAP=208.29  EMA=--  RSI=39  Vol=1.7x  HTF=208.03  → -  inactive_phase
13:00:03    TITAN        C=4263.80  VWAP=4259.68  EMA=--  RSI=49  Vol=0.8x  HTF=-  → -  inactive_phase
13:00:04    M&M          C=3421.90  VWAP=3416.30  EMA=UP  RSI=55  Vol=0.9x  HTF=3424.19  → -  inactive_phase
13:00:04    ADANIPORTS   C=1543.40  VWAP=1543.94  EMA=UP  RSI=58  Vol=1.4x  HTF=-  → -  inactive_phase
13:00:05    ONGC         C=274.65  VWAP=275.21  EMA=--  RSI=42  Vol=0.8x  HTF=274.87  → -  inactive_phase
13:00:05    BAJAJFINSV   C=2043.90  VWAP=2040.63  EMA=UP  RSI=54  Vol=0.5x  HTF=2043.91  → -  inactive_phase
13:00:06    HINDALCO     C=915.00  VWAP=917.67  EMA=--  RSI=49  Vol=0.6x  HTF=917.29  → -  inactive_phase
13:00:06    SBILIFE      C=2085.00  VWAP=2098.22  EMA=--  RSI=42  Vol=0.3x  HTF=2097.79  → -  inactive_phase
13:03:02  SCAN #58  13:03:02  phase=MIDDAY  active=False
13:03:02    HDFCLIFE     C=738.00  VWAP=738.75  EMA=--  RSI=44  Vol=0.9x  HTF=-  → -  inactive_phase
13:03:03    TATASTEEL    C=208.00  VWAP=208.29  EMA=--  RSI=52  Vol=0.8x  HTF=208.03  → -  inactive_phase
13:03:03    TITAN        C=4264.80  VWAP=4259.70  EMA=--  RSI=53  Vol=0.6x  HTF=-  → -  inactive_phase
13:03:04    M&M          C=3422.60  VWAP=3416.36  EMA=UP  RSI=58  Vol=1.2x  HTF=3424.04  → -  inactive_phase
13:03:04    ADANIPORTS   C=1543.10  VWAP=1543.94  EMA=UP  RSI=55  Vol=0.3x  HTF=-  → -  inactive_phase
13:03:05    ONGC         C=274.75  VWAP=275.20  EMA=--  RSI=47  Vol=0.9x  HTF=274.86  → -  inactive_phase
13:03:05    BAJAJFINSV   C=2044.70  VWAP=2040.73  EMA=UP  RSI=59  Vol=2.0x  HTF=2043.98  → LONG  inactive_phase
13:03:06    HINDALCO     C=915.30  VWAP=917.65  EMA=--  RSI=52  Vol=1.0x  HTF=917.10  → -  inactive_phase
13:03:06    SBILIFE      C=2085.10  VWAP=2098.19  EMA=--  RSI=43  Vol=0.2x  HTF=2096.64  → -  inactive_phase
13:06:02  SCAN #59  13:06:02  phase=MIDDAY  active=False
13:06:02    HDFCLIFE     C=738.40  VWAP=738.74  EMA=--  RSI=54  Vol=1.8x  HTF=-  → -  inactive_phase
13:06:03    TATASTEEL    C=208.06  VWAP=208.28  EMA=--  RSI=57  Vol=0.8x  HTF=208.03  → -  inactive_phase
13:06:03    TITAN        C=4266.20  VWAP=4259.83  EMA=--  RSI=58  Vol=2.7x  HTF=-  → -  inactive_phase
13:06:04    M&M          C=3424.10  VWAP=3416.45  EMA=UP  RSI=64  Vol=1.2x  HTF=3424.04  → -  inactive_phase
13:06:04    ADANIPORTS   C=1544.00  VWAP=1543.94  EMA=UP  RSI=62  Vol=1.1x  HTF=-  → LONG  inactive_phase
13:06:05    ONGC         C=274.80  VWAP=275.20  EMA=--  RSI=49  Vol=0.9x  HTF=274.86  → -  inactive_phase
13:06:05    BAJAJFINSV   C=2044.80  VWAP=2040.79  EMA=UP  RSI=59  Vol=0.9x  HTF=2043.98  → -  inactive_phase
13:06:06    HINDALCO     C=916.10  VWAP=917.57  EMA=--  RSI=61  Vol=5.0x  HTF=917.10  → -  inactive_phase
13:06:06    SBILIFE      C=2085.90  VWAP=2098.16  EMA=--  RSI=49  Vol=0.4x  HTF=2096.64  → -  inactive_phase
13:09:02  SCAN #60  13:09:02  phase=MIDDAY  active=False
13:09:02    HDFCLIFE     C=738.10  VWAP=738.74  EMA=--  RSI=47  Vol=0.6x  HTF=-  → -  inactive_phase
13:09:03    TATASTEEL    C=208.03  VWAP=208.28  EMA=--  RSI=54  Vol=0.6x  HTF=208.03  → -  inactive_phase
13:09:03    TITAN        C=4266.00  VWAP=4259.86  EMA=--  RSI=57  Vol=0.7x  HTF=-  → -  inactive_phase
13:09:04    M&M          C=3425.70  VWAP=3416.56  EMA=UP  RSI=69  Vol=1.3x  HTF=3424.04  → -  inactive_phase
13:09:04    ADANIPORTS   C=1541.30  VWAP=1543.79  EMA=UP  RSI=40  Vol=7.6x  HTF=-  → -  inactive_phase
13:09:05    ONGC         C=274.55  VWAP=275.20  EMA=--  RSI=40  Vol=0.8x  HTF=274.86  → -  inactive_phase
13:09:05    BAJAJFINSV   C=2042.80  VWAP=2040.87  EMA=UP  RSI=46  Vol=2.1x  HTF=2043.98  → -  inactive_phase
13:09:06    HINDALCO     C=917.30  VWAP=917.56  EMA=--  RSI=70  Vol=1.0x  HTF=917.10  → -  inactive_phase
13:09:07    SBILIFE      C=2086.10  VWAP=2098.12  EMA=--  RSI=50  Vol=0.4x  HTF=2096.64  → -  inactive_phase
13:12:02  SCAN #61  13:12:02  phase=MIDDAY  active=False
13:12:02    HDFCLIFE     C=737.65  VWAP=738.71  EMA=--  RSI=38  Vol=2.9x  HTF=-  → -  inactive_phase
13:12:03    TATASTEEL    C=208.02  VWAP=208.28  EMA=--  RSI=53  Vol=0.3x  HTF=208.03  → -  inactive_phase
13:12:03    TITAN        C=4265.90  VWAP=4259.88  EMA=UP  RSI=57  Vol=0.7x  HTF=-  → -  inactive_phase
13:12:04    M&M          C=3427.00  VWAP=3416.65  EMA=UP  RSI=72  Vol=0.9x  HTF=3424.04  → -  inactive_phase
13:12:04    ADANIPORTS   C=1542.80  VWAP=1543.78  EMA=UP  RSI=51  Vol=0.7x  HTF=-  → -  inactive_phase
13:12:05    ONGC         C=274.70  VWAP=275.19  EMA=--  RSI=46  Vol=1.1x  HTF=274.86  → -  inactive_phase
13:12:05    BAJAJFINSV   C=2043.50  VWAP=2040.87  EMA=UP  RSI=50  Vol=0.1x  HTF=2043.98  → -  inactive_phase
13:12:06    HINDALCO     C=916.40  VWAP=917.55  EMA=UP  RSI=58  Vol=0.9x  HTF=917.10  → -  inactive_phase
13:12:06    SBILIFE      C=2086.10  VWAP=2098.11  EMA=--  RSI=50  Vol=0.2x  HTF=2096.64  → -  inactive_phase
13:15:02  SCAN #62  13:15:02  phase=MIDDAY  active=False
13:15:02    HDFCLIFE     C=738.10  VWAP=738.70  EMA=--  RSI=49  Vol=1.8x  HTF=-  → -  inactive_phase
13:15:03    TATASTEEL    C=208.04  VWAP=208.28  EMA=UP  RSI=55  Vol=0.8x  HTF=208.03  → -  inactive_phase
13:15:03    TITAN        C=4264.80  VWAP=4259.91  EMA=UP  RSI=51  Vol=1.2x  HTF=-  → -  inactive_phase
13:15:04    M&M          C=3427.00  VWAP=3416.72  EMA=UP  RSI=72  Vol=0.7x  HTF=3424.04  → -  inactive_phase
13:15:04    ADANIPORTS   C=1543.50  VWAP=1543.78  EMA=UP  RSI=55  Vol=0.7x  HTF=-  → -  inactive_phase
13:15:05    ONGC         C=274.80  VWAP=275.19  EMA=--  RSI=51  Vol=0.9x  HTF=274.86  → -  inactive_phase
13:15:05    BAJAJFINSV   C=2044.80  VWAP=2040.90  EMA=UP  RSI=57  Vol=0.6x  HTF=2043.98  → -  inactive_phase
13:15:06    HINDALCO     C=916.80  VWAP=917.54  EMA=UP  RSI=62  Vol=1.0x  HTF=917.10  → -  inactive_phase
13:15:06    SBILIFE      C=2087.60  VWAP=2098.03  EMA=--  RSI=61  Vol=1.0x  HTF=2096.64  → -  inactive_phase
13:18:02  SCAN #63  13:18:02  phase=MIDDAY  active=False
13:18:02    HDFCLIFE     C=736.60  VWAP=738.68  EMA=--  RSI=30  Vol=1.1x  HTF=-  → -  inactive_phase
13:18:03    TATASTEEL    C=208.17  VWAP=208.28  EMA=UP  RSI=66  Vol=1.4x  HTF=208.04  → -  inactive_phase
13:18:03    TITAN        C=4263.70  VWAP=4259.93  EMA=DN  RSI=45  Vol=1.0x  HTF=-  → -  inactive_phase
13:18:04    M&M          C=3426.60  VWAP=3416.76  EMA=UP  RSI=69  Vol=0.5x  HTF=3424.28  → -  inactive_phase
13:18:04    ADANIPORTS   C=1541.00  VWAP=1543.77  EMA=DN  RSI=41  Vol=0.6x  HTF=-  → -  inactive_phase
13:18:05    ONGC         C=274.65  VWAP=275.19  EMA=--  RSI=45  Vol=0.9x  HTF=274.84  → -  inactive_phase
13:18:05    BAJAJFINSV   C=2044.90  VWAP=2040.90  EMA=UP  RSI=58  Vol=0.1x  HTF=2044.07  → -  inactive_phase
13:18:06    HINDALCO     C=917.20  VWAP=917.54  EMA=UP  RSI=65  Vol=0.6x  HTF=917.11  → -  inactive_phase
13:18:06    SBILIFE      C=2086.00  VWAP=2097.98  EMA=--  RSI=48  Vol=0.8x  HTF=2095.67  → -  inactive_phase
13:21:02  SCAN #64  13:21:02  phase=MIDDAY  active=False
13:21:02    HDFCLIFE     C=737.30  VWAP=738.67  EMA=--  RSI=42  Vol=1.0x  HTF=-  → -  inactive_phase
13:21:03    TATASTEEL    C=208.10  VWAP=208.28  EMA=UP  RSI=57  Vol=1.0x  HTF=208.04  → -  inactive_phase
13:21:03    TITAN        C=4263.70  VWAP=4259.98  EMA=--  RSI=45  Vol=2.6x  HTF=-  → -  inactive_phase
13:21:04    M&M          C=3426.10  VWAP=3416.82  EMA=UP  RSI=65  Vol=0.7x  HTF=3424.28  → -  inactive_phase
13:21:04    ADANIPORTS   C=1542.60  VWAP=1543.76  EMA=--  RSI=50  Vol=0.4x  HTF=-  → -  inactive_phase
13:21:05    ONGC         C=275.20  VWAP=275.18  EMA=--  RSI=63  Vol=1.5x  HTF=274.84  → -  inactive_phase
13:21:05    BAJAJFINSV   C=2044.30  VWAP=2040.93  EMA=UP  RSI=54  Vol=0.7x  HTF=2044.07  → -  inactive_phase
13:21:06    HINDALCO     C=917.55  VWAP=917.54  EMA=UP  RSI=67  Vol=0.7x  HTF=917.11  → -  inactive_phase
13:21:06    SBILIFE      C=2087.00  VWAP=2097.92  EMA=--  RSI=55  Vol=0.9x  HTF=2095.67  → -  inactive_phase
13:24:02  SCAN #65  13:24:02  phase=MIDDAY  active=False
13:24:02    HDFCLIFE     C=737.30  VWAP=738.66  EMA=--  RSI=42  Vol=0.7x  HTF=-  → -  inactive_phase
13:24:03    TATASTEEL    C=208.12  VWAP=208.28  EMA=UP  RSI=59  Vol=0.8x  HTF=208.04  → -  inactive_phase
13:24:03    TITAN        C=4265.50  VWAP=4260.02  EMA=UP  RSI=55  Vol=1.1x  HTF=-  → -  inactive_phase
13:24:04    M&M          C=3424.00  VWAP=3416.97  EMA=UP  RSI=52  Vol=2.3x  HTF=3424.28  → -  inactive_phase
13:24:04    ADANIPORTS   C=1541.70  VWAP=1543.74  EMA=--  RSI=46  Vol=0.8x  HTF=-  → -  inactive_phase
13:24:05    ONGC         C=274.90  VWAP=275.18  EMA=--  RSI=52  Vol=0.8x  HTF=274.84  → -  inactive_phase
13:24:05    BAJAJFINSV   C=2044.50  VWAP=2040.94  EMA=UP  RSI=55  Vol=0.3x  HTF=2044.07  → -  inactive_phase
13:24:06    HINDALCO     C=916.80  VWAP=917.54  EMA=UP  RSI=57  Vol=0.5x  HTF=917.11  → -  inactive_phase
13:24:06    SBILIFE      C=2086.60  VWAP=2097.86  EMA=--  RSI=52  Vol=1.0x  HTF=2095.67  → -  inactive_phase
13:27:02  SCAN #66  13:27:02  phase=MIDDAY  active=False
13:27:02    HDFCLIFE     C=737.10  VWAP=738.65  EMA=--  RSI=39  Vol=0.5x  HTF=-  → -  inactive_phase
13:27:03    TATASTEEL    C=208.00  VWAP=208.27  EMA=UP  RSI=46  Vol=0.5x  HTF=208.04  → -  inactive_phase
13:27:03    TITAN        C=4264.70  VWAP=4260.03  EMA=UP  RSI=51  Vol=0.6x  HTF=-  → -  inactive_phase
13:27:04    M&M          C=3422.70  VWAP=3417.11  EMA=UP  RSI=45  Vol=2.8x  HTF=3424.28  → -  inactive_phase
13:27:04    ADANIPORTS   C=1541.70  VWAP=1543.71  EMA=--  RSI=46  Vol=1.3x  HTF=-  → -  inactive_phase
13:27:05    ONGC         C=274.75  VWAP=275.18  EMA=--  RSI=48  Vol=1.0x  HTF=274.84  → -  inactive_phase
13:27:05    BAJAJFINSV   C=2044.00  VWAP=2040.95  EMA=UP  RSI=51  Vol=0.2x  HTF=2044.07  → -  inactive_phase
13:27:06    HINDALCO     C=915.50  VWAP=917.48  EMA=UP  RSI=44  Vol=2.9x  HTF=917.11  → -  inactive_phase
13:27:06    SBILIFE      C=2085.70  VWAP=2097.74  EMA=--  RSI=46  Vol=1.5x  HTF=2095.67  → -  inactive_phase
13:30:02  SCAN #67  13:30:02  phase=MIDDAY  active=False
13:30:02    HDFCLIFE     C=736.50  VWAP=738.64  EMA=--  RSI=33  Vol=0.7x  HTF=-  → -  inactive_phase
13:30:03    TATASTEEL    C=207.81  VWAP=208.27  EMA=DN  RSI=33  Vol=1.0x  HTF=208.04  → -  inactive_phase
13:30:03    TITAN        C=4263.60  VWAP=4260.06  EMA=DN  RSI=45  Vol=1.2x  HTF=-  → -  inactive_phase
13:30:04    M&M          C=3420.00  VWAP=3417.14  EMA=UP  RSI=35  Vol=0.8x  HTF=3424.28  → -  inactive_phase
13:30:05    ADANIPORTS   C=1541.40  VWAP=1543.66  EMA=--  RSI=44  Vol=1.7x  HTF=-  → -  inactive_phase
13:30:05    ONGC         C=273.80  VWAP=275.16  EMA=--  RSI=30  Vol=2.9x  HTF=274.84  → -  inactive_phase
13:30:06    BAJAJFINSV   C=2044.90  VWAP=2041.08  EMA=UP  RSI=57  Vol=3.0x  HTF=2044.07  → LONG  inactive_phase
13:30:06    HINDALCO     C=914.20  VWAP=917.46  EMA=UP  RSI=36  Vol=0.7x  HTF=917.11  → -  inactive_phase
13:30:07    SBILIFE      C=2084.50  VWAP=2097.48  EMA=--  RSI=39  Vol=2.9x  HTF=2095.67  → -  inactive_phase
13:33:02  SCAN #68  13:33:02  phase=MIDDAY  active=False
13:33:02    HDFCLIFE     C=732.95  VWAP=738.50  EMA=--  RSI=16  Vol=3.1x  HTF=-  → -  inactive_phase
13:33:03    TATASTEEL    C=207.46  VWAP=208.25  EMA=--  RSI=21  Vol=2.6x  HTF=207.99  → -  inactive_phase
13:33:03    TITAN        C=4257.70  VWAP=4260.06  EMA=--  RSI=27  Vol=1.9x  HTF=-  → -  inactive_phase
13:33:04    M&M          C=3409.00  VWAP=3416.97  EMA=DN  RSI=17  Vol=4.0x  HTF=3422.89  → -  inactive_phase
13:33:04    ADANIPORTS   C=1537.60  VWAP=1543.55  EMA=--  RSI=29  Vol=1.9x  HTF=-  → -  inactive_phase
13:33:05    ONGC         C=273.70  VWAP=275.14  EMA=--  RSI=28  Vol=1.3x  HTF=274.74  → -  inactive_phase
13:33:05    BAJAJFINSV   C=2039.70  VWAP=2041.09  EMA=DN  RSI=31  Vol=2.4x  HTF=2043.67  → -  inactive_phase
13:33:06    HINDALCO     C=912.30  VWAP=917.40  EMA=DN  RSI=27  Vol=1.1x  HTF=916.68  → -  inactive_phase
13:33:06    SBILIFE      C=2080.90  VWAP=2096.82  EMA=--  RSI=26  Vol=4.9x  HTF=2094.33  → -  inactive_phase
13:36:02  SCAN #69  13:36:02  phase=MIDDAY  active=False
13:36:02    HDFCLIFE     C=732.90  VWAP=738.36  EMA=--  RSI=16  Vol=2.5x  HTF=-  → -  inactive_phase
13:36:03    TATASTEEL    C=207.33  VWAP=208.23  EMA=--  RSI=18  Vol=2.5x  HTF=207.99  → -  inactive_phase
13:36:03    TITAN        C=4258.40  VWAP=4260.03  EMA=--  RSI=30  Vol=3.4x  HTF=-  → -  inactive_phase
13:36:04    M&M          C=3406.10  VWAP=3416.79  EMA=--  RSI=15  Vol=1.8x  HTF=3422.89  → -  inactive_phase
13:36:04    ADANIPORTS   C=1538.70  VWAP=1543.45  EMA=--  RSI=36  Vol=1.6x  HTF=-  → -  inactive_phase
13:36:05    ONGC         C=273.70  VWAP=275.13  EMA=--  RSI=28  Vol=1.4x  HTF=274.74  → -  inactive_phase
13:36:05    BAJAJFINSV   C=2039.50  VWAP=2041.07  EMA=--  RSI=31  Vol=0.5x  HTF=2043.67  → -  inactive_phase
13:36:06    HINDALCO     C=912.75  VWAP=917.31  EMA=--  RSI=31  Vol=1.7x  HTF=916.68  → -  inactive_phase
13:36:06    SBILIFE      C=2080.80  VWAP=2096.16  EMA=--  RSI=26  Vol=4.1x  HTF=2094.33  → -  inactive_phase
13:39:02  SCAN #70  13:39:02  phase=MIDDAY  active=False
13:39:02    HDFCLIFE     C=733.55  VWAP=738.24  EMA=--  RSI=25  Vol=2.2x  HTF=-  → -  inactive_phase
13:39:03    TATASTEEL    C=207.59  VWAP=208.21  EMA=--  RSI=37  Vol=2.6x  HTF=207.99  → -  inactive_phase
13:39:03    TITAN        C=4264.60  VWAP=4260.07  EMA=--  RSI=54  Vol=3.7x  HTF=-  → -  inactive_phase
13:39:04    M&M          C=3407.50  VWAP=3416.51  EMA=--  RSI=20  Vol=2.2x  HTF=3422.89  → -  inactive_phase
13:39:04    ADANIPORTS   C=1542.50  VWAP=1543.35  EMA=--  RSI=54  Vol=3.4x  HTF=-  → -  inactive_phase
13:39:05    ONGC         C=274.50  VWAP=275.11  EMA=--  RSI=50  Vol=2.8x  HTF=274.74  → -  inactive_phase
13:39:05    BAJAJFINSV   C=2042.30  VWAP=2041.07  EMA=--  RSI=47  Vol=0.8x  HTF=2043.67  → -  inactive_phase
13:39:06    HINDALCO     C=913.60  VWAP=917.25  EMA=--  RSI=39  Vol=1.3x  HTF=916.68  → -  inactive_phase
13:39:06    SBILIFE      C=2083.80  VWAP=2095.69  EMA=--  RSI=45  Vol=3.0x  HTF=2094.33  → -  inactive_phase
13:42:02  SCAN #71  13:42:02  phase=MIDDAY  active=False
13:42:02    HDFCLIFE     C=733.45  VWAP=738.22  EMA=--  RSI=24  Vol=0.4x  HTF=-  → -  inactive_phase
13:42:03    TATASTEEL    C=207.63  VWAP=208.20  EMA=--  RSI=40  Vol=0.7x  HTF=207.99  → -  inactive_phase
13:42:03    TITAN        C=4263.70  VWAP=4260.12  EMA=--  RSI=51  Vol=1.3x  HTF=-  → -  inactive_phase
13:42:04    M&M          C=3408.20  VWAP=3416.39  EMA=--  RSI=23  Vol=1.5x  HTF=3422.89  → -  inactive_phase
13:42:04    ADANIPORTS   C=1543.20  VWAP=1543.35  EMA=--  RSI=57  Vol=0.7x  HTF=-  → -  inactive_phase
13:42:05    ONGC         C=274.80  VWAP=275.10  EMA=--  RSI=56  Vol=1.0x  HTF=274.74  → -  inactive_phase
13:42:05    BAJAJFINSV   C=2040.30  VWAP=2041.07  EMA=--  RSI=39  Vol=0.7x  HTF=2043.67  → -  inactive_phase
13:42:06    HINDALCO     C=913.90  VWAP=917.21  EMA=--  RSI=42  Vol=1.2x  HTF=916.68  → -  inactive_phase
13:42:06    SBILIFE      C=2083.80  VWAP=2095.16  EMA=--  RSI=45  Vol=4.1x  HTF=2094.33  → -  inactive_phase
13:45:02  SCAN #72  13:45:02  phase=MIDDAY  active=False
13:45:02    HDFCLIFE     C=733.75  VWAP=738.20  EMA=--  RSI=29  Vol=0.4x  HTF=-  → -  inactive_phase
13:45:03    TATASTEEL    C=207.88  VWAP=208.20  EMA=--  RSI=52  Vol=1.3x  HTF=207.99  → -  inactive_phase
13:45:04    TITAN        C=4265.10  VWAP=4260.15  EMA=--  RSI=55  Vol=0.9x  HTF=-  → -  inactive_phase
13:45:04    M&M          C=3411.20  VWAP=3416.30  EMA=--  RSI=35  Vol=1.0x  HTF=3422.89  → -  inactive_phase
13:45:05    ADANIPORTS   C=1543.00  VWAP=1543.35  EMA=--  RSI=56  Vol=0.7x  HTF=-  → -  inactive_phase
13:45:07    ONGC         C=274.90  VWAP=275.10  EMA=--  RSI=58  Vol=0.8x  HTF=274.74  → -  inactive_phase
13:45:09    BAJAJFINSV   C=2038.90  VWAP=2041.07  EMA=--  RSI=35  Vol=0.2x  HTF=2043.67  → -  inactive_phase
13:45:13    HINDALCO     C=914.00  VWAP=917.19  EMA=--  RSI=43  Vol=0.5x  HTF=916.68  → -  inactive_phase
13:45:15    SBILIFE      C=2083.70  VWAP=2095.03  EMA=--  RSI=44  Vol=1.0x  HTF=2094.33  → -  inactive_phase
13:48:02  SCAN #73  13:48:02  phase=MIDDAY  active=False
13:48:02    HDFCLIFE     C=733.50  VWAP=738.18  EMA=--  RSI=27  Vol=0.4x  HTF=-  → -  inactive_phase
13:48:03    TATASTEEL    C=207.85  VWAP=208.19  EMA=--  RSI=51  Vol=0.7x  HTF=207.97  → -  inactive_phase
13:48:03    TITAN        C=4264.20  VWAP=4260.16  EMA=--  RSI=52  Vol=0.4x  HTF=-  → -  inactive_phase
13:48:04    M&M          C=3409.00  VWAP=3416.27  EMA=--  RSI=31  Vol=0.4x  HTF=3421.62  → -  inactive_phase
13:48:06    ADANIPORTS   C=1544.00  VWAP=1543.35  EMA=UP  RSI=59  Vol=0.2x  HTF=-  → -  inactive_phase
13:48:07    ONGC         C=274.75  VWAP=275.10  EMA=--  RSI=54  Vol=0.8x  HTF=274.74  → -  inactive_phase
13:48:11    BAJAJFINSV   C=2038.00  VWAP=2041.06  EMA=--  RSI=33  Vol=0.2x  HTF=2043.15  → -  inactive_phase
13:48:12    HINDALCO     C=914.60  VWAP=917.17  EMA=--  RSI=49  Vol=0.8x  HTF=916.49  → -  inactive_phase
13:48:13    SBILIFE      C=2082.00  VWAP=2094.97  EMA=--  RSI=37  Vol=0.4x  HTF=2093.21  → -  inactive_phase
13:51:02  SCAN #74  13:51:02  phase=MIDDAY  active=False
13:51:09  API  HDFCLIFE     fetch error: HTTPSConnectionPool(host='apiconnect.angelone.in', port=443): Max retries exceeded with url: /rest/secure/angelbroking/historical/v1/getCandleData (Caused by ConnectTimeoutError(<HTTPSConnection(host='apiconnect.angelone.in', port=443) at 0x109345810>, 'Connection to apiconnect.angelone.in timed out. (connect timeout=7)'))
13:51:09    TATASTEEL    C=207.89  VWAP=208.19  EMA=--  RSI=53  Vol=0.5x  HTF=207.97  → -  inactive_phase
13:51:10    TITAN        C=4263.20  VWAP=4260.19  EMA=--  RSI=49  Vol=1.0x  HTF=-  → -  inactive_phase
13:51:10    M&M          C=3406.60  VWAP=3416.21  EMA=--  RSI=27  Vol=0.6x  HTF=3421.62  → -  inactive_phase
13:51:10    ADANIPORTS   C=1543.80  VWAP=1543.35  EMA=UP  RSI=58  Vol=0.4x  HTF=-  → -  inactive_phase
13:51:11    ONGC         C=274.80  VWAP=275.10  EMA=--  RSI=55  Vol=0.8x  HTF=274.74  → -  inactive_phase
13:51:11    BAJAJFINSV   C=2038.50  VWAP=2041.06  EMA=--  RSI=36  Vol=0.2x  HTF=2043.15  → -  inactive_phase
13:51:12    HINDALCO     C=914.50  VWAP=917.16  EMA=--  RSI=48  Vol=0.3x  HTF=916.49  → -  inactive_phase
13:51:12    SBILIFE      C=2081.90  VWAP=2094.94  EMA=--  RSI=36  Vol=0.2x  HTF=2093.21  → -  inactive_phase
13:54:02  SCAN #75  13:54:02  phase=MIDDAY  active=False
13:54:02    HDFCLIFE     C=733.00  VWAP=738.15  EMA=--  RSI=24  Vol=0.4x  HTF=-  → -  inactive_phase
13:54:03    TATASTEEL    C=207.99  VWAP=208.19  EMA=--  RSI=58  Vol=1.0x  HTF=207.97  → -  inactive_phase
13:54:03    TITAN        C=4263.00  VWAP=4260.21  EMA=--  RSI=48  Vol=0.5x  HTF=-  → -  inactive_phase
13:54:03    M&M          C=3405.50  VWAP=3416.12  EMA=--  RSI=26  Vol=0.8x  HTF=3421.62  → -  inactive_phase
13:54:04    ADANIPORTS   C=1543.90  VWAP=1543.35  EMA=UP  RSI=59  Vol=0.5x  HTF=-  → -  inactive_phase
13:54:05    ONGC         C=275.25  VWAP=275.10  EMA=UP  RSI=64  Vol=1.2x  HTF=274.74  → LONG  inactive_phase
13:54:05    BAJAJFINSV   C=2039.30  VWAP=2041.06  EMA=--  RSI=40  Vol=0.1x  HTF=2043.15  → -  inactive_phase
13:54:06    HINDALCO     C=914.90  VWAP=917.08  EMA=--  RSI=52  Vol=3.0x  HTF=916.49  → -  inactive_phase
13:54:06    SBILIFE      C=2080.80  VWAP=2094.91  EMA=--  RSI=32  Vol=0.2x  HTF=2093.21  → -  inactive_phase
13:57:02  SCAN #76  13:57:02  phase=MIDDAY  active=False
13:57:02    HDFCLIFE     C=734.00  VWAP=738.10  EMA=--  RSI=40  Vol=1.2x  HTF=-  → -  inactive_phase
13:57:02    TATASTEEL    C=208.22  VWAP=208.19  EMA=UP  RSI=66  Vol=1.3x  HTF=207.97  → LONG  inactive_phase
13:57:03    TITAN        C=4265.00  VWAP=4260.34  EMA=--  RSI=55  Vol=3.1x  HTF=-  → -  inactive_phase
13:57:03    M&M          C=3414.30  VWAP=3416.06  EMA=--  RSI=51  Vol=1.0x  HTF=3421.62  → -  inactive_phase
13:57:04    ADANIPORTS   C=1549.30  VWAP=1543.48  EMA=UP  RSI=75  Vol=2.2x  HTF=-  → -  inactive_phase
13:57:04    ONGC         C=275.85  VWAP=275.11  EMA=UP  RSI=72  Vol=1.8x  HTF=274.74  → -  inactive_phase
13:57:05    BAJAJFINSV   C=2041.90  VWAP=2041.06  EMA=--  RSI=53  Vol=0.8x  HTF=2043.15  → -  inactive_phase
13:57:05    HINDALCO     C=916.50  VWAP=917.04  EMA=--  RSI=64  Vol=2.9x  HTF=916.49  → -  inactive_phase
13:57:06    SBILIFE      C=2083.40  VWAP=2094.79  EMA=--  RSI=49  Vol=0.9x  HTF=2093.21  → -  inactive_phase
14:00:02  PHASE  MIDDAY → ACTIVE_PM
14:00:02  SCAN #77  14:00:02  phase=ACTIVE_PM  active=True
14:00:03    HDFCLIFE     C=734.80  VWAP=738.01  EMA=--  RSI=49  Vol=2.4x  HTF=-  → -  
14:00:03    TATASTEEL    C=208.38  VWAP=208.19  EMA=UP  RSI=71  Vol=2.3x  HTF=207.97  → -  
14:00:04    TITAN        C=4268.70  VWAP=4260.68  EMA=UP  RSI=66  Vol=4.1x  HTF=-  → -  
14:00:04    M&M          C=3414.30  VWAP=3416.03  EMA=--  RSI=51  Vol=1.7x  HTF=3421.62  → -  
14:00:05    ADANIPORTS   C=1549.70  VWAP=1543.93  EMA=UP  RSI=76  Vol=5.2x  HTF=-  → -  
14:00:05    ONGC         C=276.05  VWAP=275.13  EMA=UP  RSI=74  Vol=3.2x  HTF=274.74  → -  
14:00:06    BAJAJFINSV   C=2041.90  VWAP=2041.07  EMA=--  RSI=53  Vol=1.5x  HTF=2043.15  → -  
14:00:06    HINDALCO     C=916.90  VWAP=917.02  EMA=UP  RSI=66  Vol=3.4x  HTF=916.49  → -  
14:00:07    SBILIFE      C=2082.30  VWAP=2094.62  EMA=--  RSI=44  Vol=1.2x  HTF=2093.21  → -  
14:03:02  SCAN #78  14:03:02  phase=ACTIVE_PM  active=True
14:03:02    HDFCLIFE     C=733.95  VWAP=737.92  EMA=--  RSI=41  Vol=2.0x  HTF=-  → -  
14:03:03    TATASTEEL    C=208.24  VWAP=208.19  EMA=UP  RSI=63  Vol=2.0x  HTF=208.00  → ★ LONG  SL=207.99  TP=208.61  Qty=1200
14:03:04    TITAN        C=4269.50  VWAP=4261.08  EMA=UP  RSI=67  Vol=3.9x  HTF=-  → -  
14:03:04    M&M          C=3414.10  VWAP=3415.99  EMA=--  RSI=51  Vol=1.3x  HTF=3420.94  → -  
14:03:05    ADANIPORTS   C=1549.50  VWAP=1544.04  EMA=UP  RSI=75  Vol=1.2x  HTF=-  → -  
14:03:06    ONGC         C=275.80  VWAP=275.19  EMA=UP  RSI=67  Vol=5.2x  HTF=274.83  → ★ LONG  SL=275.24  TP=276.64  Qty=893
14:03:06    BAJAJFINSV   C=2041.60  VWAP=2041.07  EMA=--  RSI=51  Vol=1.3x  HTF=2043.01  → -  
14:03:07    HINDALCO     C=916.50  VWAP=917.01  EMA=UP  RSI=62  Vol=0.8x  HTF=916.49  → -  
14:03:07    SBILIFE      C=2081.50  VWAP=2094.48  EMA=--  RSI=40  Vol=1.0x  HTF=2092.14  → -  
14:06:02  SCAN #79  14:06:02  phase=ACTIVE_PM  active=True
14:06:02    HDFCLIFE     C=732.75  VWAP=737.89  EMA=--  RSI=33  Vol=0.5x  HTF=-  → -  
14:06:02    TATASTEEL    C=208.14  VWAP=208.19  EMA=UP  RSI=57  Vol=0.5x  HTF=208.00  → -  in_position
14:06:03    TITAN        C=4269.20  VWAP=4261.17  EMA=UP  RSI=66  Vol=0.9x  HTF=-  → -  
14:06:03    M&M          C=3412.10  VWAP=3415.94  EMA=--  RSI=46  Vol=1.1x  HTF=3420.94  → -  
14:06:04    ADANIPORTS   C=1548.40  VWAP=1544.06  EMA=UP  RSI=67  Vol=0.3x  HTF=-  → -  
14:06:04  BRACKET  ONGC         SL hit — position closed
14:06:04    ONGC         C=275.10  VWAP=275.19  EMA=UP  RSI=51  Vol=0.9x  HTF=274.83  → -  cooldown_until_14:18
14:06:05    BAJAJFINSV   C=2039.40  VWAP=2041.07  EMA=--  RSI=41  Vol=0.3x  HTF=2043.01  → -  
14:06:05    HINDALCO     C=916.60  VWAP=917.01  EMA=UP  RSI=62  Vol=0.4x  HTF=916.49  → -  
14:06:06    SBILIFE      C=2080.00  VWAP=2093.89  EMA=--  RSI=34  Vol=2.9x  HTF=2092.14  → -  
14:09:02  SCAN #80  14:09:02  phase=ACTIVE_PM  active=True
14:09:02    HDFCLIFE     C=732.55  VWAP=737.85  EMA=--  RSI=32  Vol=0.8x  HTF=-  → -  
14:09:03  BRACKET  TATASTEEL    SL hit — position closed
14:09:03    TATASTEEL    C=208.09  VWAP=208.19  EMA=UP  RSI=54  Vol=0.7x  HTF=208.00  → -  cooldown_until_14:18
14:09:03    TITAN        C=4274.90  VWAP=4261.31  EMA=UP  RSI=77  Vol=0.9x  HTF=-  → -  
14:09:03    M&M          C=3413.40  VWAP=3415.88  EMA=--  RSI=49  Vol=1.6x  HTF=3420.94  → -  
14:09:04    ADANIPORTS   C=1548.20  VWAP=1544.09  EMA=UP  RSI=66  Vol=0.5x  HTF=-  → -  
14:09:05    ONGC         C=275.00  VWAP=275.19  EMA=UP  RSI=49  Vol=0.5x  HTF=274.83  → -  cooldown_until_14:18
14:09:05    BAJAJFINSV   C=2039.70  VWAP=2041.07  EMA=--  RSI=43  Vol=0.2x  HTF=2043.01  → -  
14:09:06    HINDALCO     C=916.70  VWAP=917.01  EMA=UP  RSI=63  Vol=0.5x  HTF=916.49  → -  
14:09:06    SBILIFE      C=2080.00  VWAP=2093.68  EMA=--  RSI=34  Vol=1.0x  HTF=2092.14  → -  
14:12:02  SCAN #81  14:12:02  phase=ACTIVE_PM  active=True
14:12:02    HDFCLIFE     C=732.20  VWAP=737.77  EMA=--  RSI=30  Vol=1.2x  HTF=-  → -  
14:12:02    TATASTEEL    C=208.17  VWAP=208.19  EMA=UP  RSI=58  Vol=0.7x  HTF=208.00  → -  cooldown_until_14:18
14:12:03    TITAN        C=4276.80  VWAP=4261.53  EMA=UP  RSI=79  Vol=1.2x  HTF=-  → -  
14:12:03    M&M          C=3415.00  VWAP=3415.88  EMA=--  RSI=54  Vol=0.3x  HTF=3420.94  → -  
14:12:04    ADANIPORTS   C=1549.40  VWAP=1544.12  EMA=UP  RSI=70  Vol=0.4x  HTF=-  → -  
14:12:04    ONGC         C=275.70  VWAP=275.19  EMA=UP  RSI=60  Vol=0.9x  HTF=274.83  → -  cooldown_until_14:18
14:12:05    BAJAJFINSV   C=2040.10  VWAP=2041.06  EMA=--  RSI=45  Vol=0.5x  HTF=2043.01  → -  
14:12:05    HINDALCO     C=917.45  VWAP=917.01  EMA=UP  RSI=69  Vol=0.7x  HTF=916.49  → -  
14:12:06    SBILIFE      C=2082.00  VWAP=2093.64  EMA=--  RSI=47  Vol=0.2x  HTF=2092.14  → -  
14:15:02  SCAN #82  14:15:02  phase=ACTIVE_PM  active=True
14:15:02    HDFCLIFE     C=733.30  VWAP=737.75  EMA=--  RSI=43  Vol=0.5x  HTF=-  → -  
14:15:02    TATASTEEL    C=208.34  VWAP=208.19  EMA=UP  RSI=65  Vol=0.6x  HTF=208.00  → -  cooldown_until_14:18
14:15:03    TITAN        C=4277.90  VWAP=4261.60  EMA=UP  RSI=81  Vol=0.4x  HTF=-  → -  
14:15:03    M&M          C=3415.00  VWAP=3415.87  EMA=--  RSI=54  Vol=0.4x  HTF=3420.94  → -  
14:15:04    ADANIPORTS   C=1549.10  VWAP=1544.15  EMA=UP  RSI=68  Vol=0.5x  HTF=-  → -  
14:15:04    ONGC         C=275.85  VWAP=275.21  EMA=UP  RSI=62  Vol=1.6x  HTF=274.83  → LONG  cooldown_until_14:18
14:15:05    BAJAJFINSV   C=2041.50  VWAP=2041.06  EMA=--  RSI=53  Vol=0.8x  HTF=2043.01  → -  
14:15:05    HINDALCO     C=917.45  VWAP=917.01  EMA=UP  RSI=69  Vol=0.6x  HTF=916.49  → -  
14:15:06    SBILIFE      C=2082.70  VWAP=2093.61  EMA=--  RSI=51  Vol=0.2x  HTF=2092.14  → -  
14:32:06  SCAN #83  14:32:06  phase=ACTIVE_PM  active=True
14:32:07    HDFCLIFE     C=731.30  VWAP=737.71  EMA=--  RSI=31  Vol=0.6x  HTF=-  → -  
14:32:08    TATASTEEL    C=208.97  VWAP=208.23  EMA=UP  RSI=79  Vol=3.9x  HTF=208.03  → -  
14:32:08    TITAN        C=4280.30  VWAP=4261.93  EMA=UP  RSI=83  Vol=1.1x  HTF=-  → -  
14:32:09    M&M          C=3412.00  VWAP=3415.85  EMA=--  RSI=45  Vol=0.4x  HTF=3420.40  → -  
14:32:09    ADANIPORTS   C=1549.10  VWAP=1544.17  EMA=UP  RSI=68  Vol=0.3x  HTF=-  → -  
14:32:10    ONGC         C=276.45  VWAP=275.23  EMA=UP  RSI=70  Vol=1.2x  HTF=274.93  → ★ LONG  SL=275.76  TP=277.48  Qty=727
14:32:11    BAJAJFINSV   C=2038.30  VWAP=2041.04  EMA=--  RSI=39  Vol=1.5x  HTF=2042.87  → -  
14:32:11    HINDALCO     C=919.70  VWAP=917.05  EMA=UP  RSI=80  Vol=1.0x  HTF=916.58  → -  
14:32:12    SBILIFE      C=2080.20  VWAP=2093.59  EMA=--  RSI=40  Vol=0.1x  HTF=2091.28  → -  
14:48:02  SCAN #84  14:48:01  phase=ACTIVE_PM  active=True
14:48:02    HDFCLIFE     C=731.45  VWAP=737.38  EMA=--  RSI=36  Vol=2.3x  HTF=-  → -  
14:48:04    TATASTEEL    C=208.70  VWAP=208.24  EMA=UP  RSI=64  Vol=1.2x  HTF=208.17  → ★ LONG  SL=208.41  TP=209.13  Qty=1197
14:48:04    TITAN        C=4280.30  VWAP=4262.72  EMA=UP  RSI=74  Vol=1.6x  HTF=-  → -  
14:48:05    M&M          C=3408.90  VWAP=3415.54  EMA=--  RSI=40  Vol=1.2x  HTF=3418.66  → -  
14:48:06    ADANIPORTS   C=1548.90  VWAP=1544.36  EMA=UP  RSI=66  Vol=1.2x  HTF=-  → ★ LONG  SL=1546.31  TP=1552.79  Qty=161
14:48:06  BRACKET  ONGC         SL hit — position closed
14:48:06    ONGC         C=275.40  VWAP=275.23  EMA=UP  RSI=50  Vol=1.6x  HTF=275.10  → LONG  max_signals_PM(2)
14:48:07    BAJAJFINSV   C=2044.90  VWAP=2041.12  EMA=--  RSI=63  Vol=3.7x  HTF=2042.68  → -  
14:48:07    HINDALCO     C=919.70  VWAP=917.14  EMA=UP  RSI=80  Vol=1.2x  HTF=917.12  → -  
14:48:08    SBILIFE      C=2081.20  VWAP=2093.22  EMA=--  RSI=46  Vol=1.1x  HTF=2089.45  → -  
14:51:02  SCAN #85  14:51:02  phase=ACTIVE_PM  active=True
14:51:02    HDFCLIFE     C=732.25  VWAP=737.21  EMA=--  RSI=43  Vol=2.4x  HTF=-  → -  
14:51:03  BRACKET  TATASTEEL    TP hit — position closed
14:51:03    TATASTEEL    C=209.31  VWAP=208.27  EMA=UP  RSI=74  Vol=2.0x  HTF=208.17  → -  cooldown_until_15:03
14:51:03    TITAN        C=4283.20  VWAP=4263.02  EMA=UP  RSI=77  Vol=1.0x  HTF=-  → -  
14:51:04    M&M          C=3413.70  VWAP=3415.52  EMA=--  RSI=53  Vol=0.6x  HTF=3418.66  → -  
14:51:04    ADANIPORTS   C=1551.60  VWAP=1544.41  EMA=UP  RSI=76  Vol=0.5x  HTF=-  → -  in_position
14:51:04    ONGC         C=275.75  VWAP=275.24  EMA=UP  RSI=55  Vol=0.6x  HTF=275.10  → -  max_signals_PM(2)
14:51:06    BAJAJFINSV   C=2046.40  VWAP=2041.20  EMA=UP  RSI=67  Vol=1.6x  HTF=2042.68  → ★ LONG  SL=2043.70  TP=2050.45  Qty=122
14:51:06    HINDALCO     C=920.95  VWAP=917.19  EMA=UP  RSI=85  Vol=1.2x  HTF=917.12  → -  
14:51:07    SBILIFE      C=2083.60  VWAP=2093.17  EMA=--  RSI=57  Vol=0.4x  HTF=2089.45  → -  
14:54:02  SCAN #86  14:54:02  phase=ACTIVE_PM  active=True
14:54:02    HDFCLIFE     C=732.65  VWAP=737.13  EMA=--  RSI=47  Vol=1.4x  HTF=-  → -  
14:54:03    TATASTEEL    C=209.29  VWAP=208.30  EMA=UP  RSI=73  Vol=2.1x  HTF=208.17  → -  cooldown_until_15:03
14:54:03    TITAN        C=4284.50  VWAP=4263.22  EMA=UP  RSI=79  Vol=0.6x  HTF=-  → -  
14:54:03    M&M          C=3411.60  VWAP=3415.49  EMA=--  RSI=48  Vol=0.7x  HTF=3418.66  → -  
14:54:04  BRACKET  ADANIPORTS   TP hit — position closed
14:54:04    ADANIPORTS   C=1552.60  VWAP=1544.58  EMA=UP  RSI=79  Vol=1.4x  HTF=-  → -  cooldown_until_15:03
14:54:04    ONGC         C=275.80  VWAP=275.24  EMA=UP  RSI=56  Vol=0.8x  HTF=275.10  → -  max_signals_PM(2)
14:54:05    BAJAJFINSV   C=2045.10  VWAP=2041.22  EMA=UP  RSI=61  Vol=0.5x  HTF=2042.68  → -  in_position
14:54:05    HINDALCO     C=922.20  VWAP=917.32  EMA=UP  RSI=88  Vol=2.0x  HTF=917.12  → -  
14:54:06    SBILIFE      C=2083.20  VWAP=2093.13  EMA=--  RSI=55  Vol=0.3x  HTF=2089.45  → -  
14:57:02  SCAN #87  14:57:02  phase=ACTIVE_PM  active=True
14:57:02    HDFCLIFE     C=732.70  VWAP=736.97  EMA=--  RSI=47  Vol=2.6x  HTF=-  → -  
14:57:02    TATASTEEL    C=209.34  VWAP=208.31  EMA=UP  RSI=74  Vol=0.9x  HTF=208.17  → -  cooldown_until_15:03
14:57:03    TITAN        C=4287.60  VWAP=4263.55  EMA=UP  RSI=82  Vol=0.9x  HTF=-  → -  
14:57:03    M&M          C=3416.10  VWAP=3415.48  EMA=--  RSI=57  Vol=1.0x  HTF=3418.66  → -  
14:57:04    ADANIPORTS   C=1551.70  VWAP=1544.65  EMA=UP  RSI=71  Vol=0.6x  HTF=-  → -  cooldown_until_15:03
14:57:04    ONGC         C=275.95  VWAP=275.25  EMA=UP  RSI=58  Vol=0.6x  HTF=275.10  → -  max_signals_PM(2)
14:57:05    BAJAJFINSV   C=2046.40  VWAP=2041.24  EMA=UP  RSI=65  Vol=0.5x  HTF=2042.68  → -  in_position
14:57:05    HINDALCO     C=921.40  VWAP=917.42  EMA=UP  RSI=77  Vol=1.5x  HTF=917.12  → -  
14:57:06    SBILIFE      C=2082.50  VWAP=2093.05  EMA=--  RSI=51  Vol=0.6x  HTF=2089.45  → -  
15:00:02  PHASE  ACTIVE_PM → SHUTDOWN
15:00:02  ======================================================================
15:00:02  SHUTDOWN  9 signal(s), 0 stagnation exit(s), 87 scan cycles
15:00:02    SUMMARY  11:33   LONG  TATASTEEL    @ 208.43  SL=208.22  TP=208.75
15:00:02    SUMMARY  11:39   LONG  BAJAJFINSV   @ 2045.00  SL=2042.28  TP=2049.07
15:00:02    SUMMARY  11:42   LONG  HDFCLIFE     @ 738.95  SL=738.14  TP=740.16
15:00:02    SUMMARY  14:03   LONG  TATASTEEL    @ 208.24  SL=207.99  TP=208.61
15:00:02    SUMMARY  14:03   LONG  ONGC         @ 275.80  SL=275.24  TP=276.64
15:00:02    SUMMARY  14:32   LONG  ONGC         @ 276.45  SL=275.76  TP=277.48
15:00:02    SUMMARY  14:48   LONG  TATASTEEL    @ 208.70  SL=208.41  TP=209.13
15:00:02    SUMMARY  14:48   LONG  ADANIPORTS   @ 1548.90  SL=1546.31  TP=1552.79
15:00:02    SUMMARY  14:51   LONG  BAJAJFINSV   @ 2046.40  SL=2043.70  TP=2050.45
15:00:02  ======================================================================
