08:57:54  ======================================================================
08:57:54  SESSION START  Capital=25000  RR=1:1.5  Risk=1.5%  ws=True  auto_trade=True
08:57:54  Stocks: TCS, HCLTECH, SHRIRAMFIN, NTPC, BAJAJ-AUTO, ADANIPORTS, HDFCLIFE, COALINDIA, ADANIENT, MARUTI
08:57:54  Strategy: PDL-Only (SL=1.0x ATR)  RR=1:1.5  MaxSL/day=2
08:57:54  AUTO-TRADE: ENABLED — bracket orders will be placed via Angel One
08:57:54  Telegram: enabled
08:57:54  PHASE 1  Warm-Up — connecting to Angel One
08:57:54  API connected
08:57:54  NET  public_ip=115.110.236.142
08:57:54  NET  public_ip mismatch current=115.110.236.142 registered=152.57.29.200, 152.57.127.20, 152.57.115.48, 49.37.176.21 — order placement likely to fail
08:57:55  Loading 5-day 3-min warmup data
08:57:57  WARMUP  TCS          375 bars  API 2026-04-15→2026-04-17 15:27:00  cached
08:58:00  WARMUP  HCLTECH      375 bars  API 2026-04-15→2026-04-17 15:27:00  cached
08:58:03  WARMUP  SHRIRAMFIN   375 bars  API 2026-04-15→2026-04-17 15:27:00  cached
08:58:06  WARMUP  NTPC         375 bars  API 2026-04-15→2026-04-17 15:27:00  cached
08:58:09  WARMUP  BAJAJ-AUTO   375 bars  API 2026-04-15→2026-04-17 15:27:00  cached
08:58:12  WARMUP  ADANIPORTS   375 bars  API 2026-04-15→2026-04-17 15:27:00  cached
08:58:16  WARMUP  HDFCLIFE     375 bars  API 2026-04-15→2026-04-17 15:27:00  cached
08:58:19  WARMUP  COALINDIA    375 bars  API 2026-04-15→2026-04-17 15:27:00  cached
08:58:22  WARMUP  ADANIENT     375 bars  API 2026-04-15→2026-04-17 15:27:00  cached
08:58:25  WARMUP  MARUTI       375 bars  API 2026-04-15→2026-04-17 15:27:00  cached
08:58:26  Checking event calendar for corporate events
08:58:29  Event calendar: all stocks cleared
08:58:29  PDL  TCS          H=2589.00  L=2555.90
08:58:29  PDL  HCLTECH      H=1458.00  L=1430.00
08:58:29  PDL  SHRIRAMFIN   H=1039.50  L=1013.15
08:58:29  PDL  NTPC         H=396.25  L=388.45
08:58:29  PDL  BAJAJ-AUTO   H=9830.00  L=9722.00
08:58:29  PDL  ADANIPORTS   H=1578.50  L=1549.20
08:58:29  PDL  HDFCLIFE     H=625.00  L=606.20
08:58:29  PDL  COALINDIA    H=440.15  L=430.50
08:58:29  PDL  ADANIENT     H=2240.00  L=2186.10
08:58:29  PDL  MARUTI       H=13647.00  L=13256.00
08:58:29  Warm-up complete: 10 stocks loaded (0 excluded), PDL levels for 10
08:58:29  Starting WebSocket feed
08:58:29  WS connected — subscribing 10 tokens (mode=2 Quote)
08:58:29  WS feed started — 10 tokens subscribed
08:58:30  PHASE  START → PRE_MARKET
09:15:00  PHASE  PRE_MARKET → SILENT
09:15:01  SCAN #1  09:15:00  phase=SILENT  active=False  missed=0
09:15:01  FETCH  REST gap-fill (first scan)
09:15:04  GAP-FILL  10/10 OK in 3.3s
09:15:04  FETCH  WS  0 new bars (0 clock-flushed) in 3.285s
09:15:04  SCAN #1 complete in 3.3s
09:31:02  PHASE  SILENT → ACTIVE_AM
09:31:03  SCAN delay 62.0s beyond target 09:30:01
09:31:03  MISSED 4 candle(s) (idx 0→5)
09:31:03  SCAN #2  09:31:02  phase=ACTIVE_AM  active=True  missed=4
09:31:03  FETCH  REST gap-fill (missed 4 candle(s))
09:31:06  GAP-FILL  10/10 OK in 3.3s
09:31:06  FETCH  WS  10 new bars (10 clock-flushed) in 3.312s
09:31:06    TCS          Baseline     C=2568.60  → -[-]  inactive_phase
09:31:06    TCS          Baseline     C=2576.00  → -[-]  inactive_phase
09:31:06    TCS          Baseline     C=2578.40  → -[-]  inactive_phase
09:31:06    TCS          Baseline     C=2572.90  → -[-]  inactive_phase
09:31:06    TCS          Baseline     C=2570.00  → -[-]  
09:31:06    HCLTECH      Baseline     C=1440.70  → -[-]  inactive_phase
09:31:06    HCLTECH      Baseline     C=1443.80  → -[-]  inactive_phase
09:31:06    HCLTECH      Baseline     C=1442.50  → -[-]  inactive_phase
09:31:06    HCLTECH      Baseline     C=1439.70  → -[-]  inactive_phase
09:31:06    HCLTECH      Baseline     C=1437.80  → -[-]  
09:31:06    SHRIRAMFIN   Baseline     C=1032.15  → -[-]  inactive_phase
09:31:06    SHRIRAMFIN   Baseline     C=1040.60  → LONG[PDL_BASE]  inactive_phase
09:31:06    SHRIRAMFIN   Baseline     C=1043.45  → -[-]  inactive_phase
09:31:06    SHRIRAMFIN   Baseline     C=1044.70  → -[-]  inactive_phase
09:31:06    SHRIRAMFIN   Baseline     C=1041.00  → -[-]  
09:31:06    NTPC         Baseline     C=392.95  → -[-]  inactive_phase
09:31:06    NTPC         Baseline     C=394.50  → -[-]  inactive_phase
09:31:06    NTPC         Baseline     C=394.70  → -[-]  inactive_phase
09:31:06    NTPC         Baseline     C=394.30  → -[-]  inactive_phase
09:31:06    NTPC         Baseline     C=395.00  → -[-]  
09:31:06    BAJAJ-AUTO   Baseline     C=9720.50  → -[-]  inactive_phase
09:31:06    BAJAJ-AUTO   Baseline     C=9774.00  → -[-]  inactive_phase
09:31:06    BAJAJ-AUTO   Baseline     C=9763.00  → -[-]  inactive_phase
09:31:06    BAJAJ-AUTO   Baseline     C=9786.00  → -[-]  inactive_phase
09:31:06    BAJAJ-AUTO   Baseline     C=9779.00  → -[-]  
09:31:06    ADANIPORTS   Baseline     C=1575.70  → -[-]  inactive_phase
09:31:06    ADANIPORTS   Baseline     C=1587.40  → LONG[PDL_BASE]  inactive_phase
09:31:06    ADANIPORTS   Baseline     C=1587.90  → -[-]  inactive_phase
09:31:06    ADANIPORTS   Baseline     C=1586.50  → -[-]  inactive_phase
09:31:06    ADANIPORTS   Baseline     C=1583.20  → -[-]  
09:31:06    HDFCLIFE     Baseline     C=611.80  → -[-]  inactive_phase
09:31:06    HDFCLIFE     Baseline     C=612.90  → -[-]  inactive_phase
09:31:06    HDFCLIFE     Baseline     C=612.35  → -[-]  inactive_phase
09:31:06    HDFCLIFE     Baseline     C=613.20  → -[-]  inactive_phase
09:31:06    HDFCLIFE     Baseline     C=612.00  → -[-]  
09:31:06    COALINDIA    Baseline     C=436.25  → -[-]  inactive_phase
09:31:06    COALINDIA    Baseline     C=435.00  → -[-]  inactive_phase
09:31:06    COALINDIA    Baseline     C=435.75  → -[-]  inactive_phase
09:31:06    COALINDIA    Baseline     C=435.10  → -[-]  inactive_phase
09:31:06    COALINDIA    Baseline     C=435.95  → -[-]  
09:31:06    ADANIENT     Baseline     C=2224.20  → -[-]  inactive_phase
09:31:06    ADANIENT     Baseline     C=2243.80  → LONG[PDL_BASE]  inactive_phase
09:31:06    ADANIENT     Baseline     C=2241.70  → -[-]  inactive_phase
09:31:06    ADANIENT     Baseline     C=2245.00  → -[-]  inactive_phase
09:31:06    ADANIENT     Baseline     C=2239.80  → -[-]  
09:31:06    MARUTI       Baseline     C=13418.00  → -[-]  inactive_phase
09:31:06    MARUTI       Baseline     C=13525.00  → -[-]  inactive_phase
09:31:06    MARUTI       Baseline     C=13468.00  → -[-]  inactive_phase
09:31:06    MARUTI       Baseline     C=13458.00  → -[-]  inactive_phase
09:31:06    MARUTI       Baseline     C=13422.00  → -[-]  
09:31:06  SCAN #2 complete in 3.3s
09:32:27  WS connected — subscribing 10 tokens (mode=2 Quote)
09:33:01  SCAN #3  09:33:01  phase=ACTIVE_AM  active=True  missed=0
09:33:01  FETCH  WS  10 new bars (7 clock-flushed) in 0.019s
09:33:01    TCS          Baseline     C=2572.00  → -[-]  
09:33:01    HCLTECH      Baseline     C=1438.60  → -[-]  
09:33:01    SHRIRAMFIN   Baseline     C=1035.40  → -[-]  
09:33:01    NTPC         Baseline     C=393.80  → -[-]  
09:33:01    BAJAJ-AUTO   Baseline     C=9760.00  → -[-]  
09:33:01    ADANIPORTS   Baseline     C=1582.00  → -[-]  
09:33:01    HDFCLIFE     Baseline     C=611.00  → -[-]  
09:33:01    COALINDIA    Baseline     C=435.70  → -[-]  
09:33:01    ADANIENT     Baseline     C=2234.00  → -[-]  
09:33:01    MARUTI       Baseline     C=13402.00  → -[-]  
09:33:01  SCAN #3 complete in 0.0s
09:36:01  SCAN #4  09:36:01  phase=ACTIVE_AM  active=True  missed=0
09:36:01  FETCH  WS  10 new bars (5 clock-flushed) in 0.017s
09:36:01    TCS          Baseline     C=2576.00  → -[-]  
09:36:01    HCLTECH      Baseline     C=1437.20  → -[-]  
09:36:01    SHRIRAMFIN   Baseline     C=1035.00  → -[-]  
09:36:01    NTPC         Baseline     C=393.80  → -[-]  
09:36:01    BAJAJ-AUTO   Baseline     C=9776.50  → -[-]  
09:36:01    ADANIPORTS   Baseline     C=1580.80  → -[-]  
09:36:01    HDFCLIFE     Baseline     C=610.40  → -[-]  
09:36:01    COALINDIA    Baseline     C=435.60  → -[-]  
09:36:01    ADANIENT     Baseline     C=2226.40  → -[-]  
09:36:01    MARUTI       Baseline     C=13410.00  → -[-]  
09:36:01  SCAN #4 complete in 0.0s
09:42:53  SCAN delay 52.7s beyond target 09:42:01
09:42:53  MISSED 1 candle(s) (idx 7→9)
09:42:53  SCAN #5  09:42:53  phase=ACTIVE_AM  active=True  missed=1
09:42:53  FETCH  REST gap-fill (missed 1 candle(s))
09:42:57  GAP-FILL  10/10 OK in 3.3s
09:42:57  WS stale (31s since last tick) — REST fallback
09:43:00  FETCH  REST  10/10 OK in 6.8s
09:43:00    TCS          Baseline     C=2576.40  → -[-]  
09:43:00    TCS          Baseline     C=2570.00  → -[-]  
09:43:00    HCLTECH      Baseline     C=1434.90  → -[-]  
09:43:00    HCLTECH      Baseline     C=1431.30  → -[-]  
09:43:00    SHRIRAMFIN   Baseline     C=1034.90  → -[-]  
09:43:00    SHRIRAMFIN   Baseline     C=1036.25  → -[-]  
09:43:00  STALE SIGNAL  NTPC         Baseline     LONG[PDL_BASE]  bar=09:39  detected=09:42:53  backlog — skipped live alert
09:43:00    NTPC         Baseline     C=396.60  → -[-]  cooldown_until_10:09
09:43:00    BAJAJ-AUTO   Baseline     C=9756.50  → -[-]  
09:43:00    BAJAJ-AUTO   Baseline     C=9740.00  → -[-]  
09:43:00    ADANIPORTS   Baseline     C=1580.00  → -[-]  
09:43:00    ADANIPORTS   Baseline     C=1581.00  → -[-]  
09:43:00    HDFCLIFE     Baseline     C=608.50  → -[-]  
09:43:00    HDFCLIFE     Baseline     C=607.65  → -[-]  
09:43:00    COALINDIA    Baseline     C=435.20  → -[-]  
09:43:00    COALINDIA    Baseline     C=435.50  → -[-]  
09:43:00    ADANIENT     Baseline     C=2219.60  → -[-]  
09:43:00    ADANIENT     Baseline     C=2223.00  → -[-]  
09:43:00    MARUTI       Baseline     C=13405.00  → -[-]  
09:43:00    MARUTI       Baseline     C=13375.00  → -[-]  
09:43:00  SCAN #5 complete in 6.8s
09:45:01  SCAN #6  09:45:00  phase=ACTIVE_AM  active=True  missed=0
09:45:01  FETCH  WS  30 new bars (5 clock-flushed) in 0.025s
09:45:01    TCS          Baseline     C=2572.00  → -[-]  
09:45:01    HCLTECH      Baseline     C=1431.60  → -[-]  
09:45:01    SHRIRAMFIN   Baseline     C=1032.95  → -[-]  
09:45:01    NTPC         Baseline     C=395.20  → -[-]  cooldown_until_10:09
09:45:01  ORDER  BAJAJ-AUTO   SELL  qty=12  limit=9716.50  buf=0.50  SL=9740.52  TP=9689.08  sym=BAJAJ-AUTO-EQ
09:45:01  ORDER RAW RESP  BAJAJ-AUTO   {'status': True, 'message': 'SUCCESS', 'errorcode': '', 'data': {'script': 'BAJAJ-AUTO-EQ', 'orderid': '260420000136328', 'uniqueorderid': 'cd084d41-3d4a-4ac9-b548-c404e40d9ead'}}
09:45:01  ORDER OK  BAJAJ-AUTO   order_id=260420000136328
09:45:08  ORDER FILLED  BAJAJ-AUTO   order_id=260420000136328  qty=12  avg=9716.50  in 6.2s
09:45:08  SL ORDER  BAJAJ-AUTO   BUY  qty=12  trigger=9740.50  limit=9760.00
09:45:08  SL ORDER RAW  BAJAJ-AUTO   {'status': True, 'message': 'SUCCESS', 'errorcode': '', 'data': {'script': 'BAJAJ-AUTO-EQ', 'orderid': '260420000136678', 'uniqueorderid': 'a7fcc994-1358-4552-ba49-f0b556f1b9ee'}}
09:45:09  SL ORDER OK  BAJAJ-AUTO   order_id=260420000136678  exchange=trigger pending
09:45:09  TP ORDER  BAJAJ-AUTO   BUY  qty=12  limit=9689.00
09:45:09  TP ORDER RAW  BAJAJ-AUTO   {'status': True, 'message': 'SUCCESS', 'errorcode': '', 'data': {'script': 'BAJAJ-AUTO-EQ', 'orderid': '260420000136746', 'uniqueorderid': '2704130a-f801-4535-af69-1df671c07f21'}}
09:45:10  TP ORDER OK  BAJAJ-AUTO   order_id=260420000136746  exchange=open
09:45:11  SAME-BAR EXIT  BAJAJ-AUTO   SHORT on entry bar — SL
09:45:11  SAME-BAR SKIP  BAJAJ-AUTO   auto-trade active — broker handles SL/TP, keeping position tracked
09:45:11    BAJAJ-AUTO   Baseline     C=9717.00  → ★ SHORT[PDL_BASE]  SL=9740.52  TP=9689.08  Qty=12
09:45:11    ADANIPORTS   Baseline     C=1576.70  → -[-]  
09:45:12  ORDER  HDFCLIFE     SELL  qty=206  limit=605.40  buf=0.10  SL=607.75  TP=603.44  sym=HDFCLIFE-EQ
09:45:12  ORDER RAW RESP  HDFCLIFE     {'status': True, 'message': 'SUCCESS', 'errorcode': '', 'data': {'script': 'HDFCLIFE-EQ', 'orderid': '260420000136901', 'uniqueorderid': '5b317664-eaee-4049-a36e-846c16bc9174'}}
09:45:12  ORDER OK  HDFCLIFE     order_id=260420000136901
09:45:12  ORDER FILLED  HDFCLIFE     order_id=260420000136901  qty=206  avg=605.60  in 0.0s
09:45:12  SL ORDER  HDFCLIFE     BUY  qty=206  trigger=607.80  limit=609.00
09:45:12  SL ORDER RAW  HDFCLIFE     {'status': True, 'message': 'SUCCESS', 'errorcode': '', 'data': {'script': 'HDFCLIFE-EQ', 'orderid': '260420000136911', 'uniqueorderid': '6d7fedc9-c117-45cd-8cb5-148d6ad49dc0'}}
09:45:13  SL ORDER OK  HDFCLIFE     order_id=260420000136911  exchange=trigger pending
09:45:13  TP ORDER  HDFCLIFE     BUY  qty=206  limit=603.40
09:45:13  TP ORDER RAW  HDFCLIFE     {'status': True, 'message': 'SUCCESS', 'errorcode': '', 'data': {'script': 'HDFCLIFE-EQ', 'orderid': '260420000136987', 'uniqueorderid': '7fdce798-5508-46e1-84aa-f3d07fd44f8f'}}
09:45:14  TP ORDER OK  HDFCLIFE     order_id=260420000136987  exchange=open
09:45:15  SAME-BAR EXIT  HDFCLIFE     SHORT on entry bar — SL
09:45:15  SAME-BAR SKIP  HDFCLIFE     auto-trade active — broker handles SL/TP, keeping position tracked
09:45:15    HDFCLIFE     Baseline     C=605.50  → ★ SHORT[PDL_BASE]  SL=607.75  TP=603.44  Qty=206
09:45:15    COALINDIA    Baseline     C=435.55  → -[-]  
09:45:15    ADANIENT     Baseline     C=2213.00  → -[-]  
09:45:15    MARUTI       Baseline     C=13369.00  → -[-]  
09:45:15  SCAN #6 complete in 14.6s
09:48:01  SCAN #7  09:48:01  phase=ACTIVE_AM  active=True  missed=0
09:48:01  FETCH  WS  10 new bars (2 clock-flushed) in 0.022s
09:48:01    TCS          Baseline     C=2569.70  → -[-]  
09:48:01    HCLTECH      Baseline     C=1430.80  → -[-]  
09:48:01    SHRIRAMFIN   Baseline     C=1030.40  → -[-]  
09:48:01    NTPC         Baseline     C=395.35  → -[-]  cooldown_until_10:09
09:48:01    BAJAJ-AUTO   Baseline     C=9717.50  → -[-]  in_position
09:48:01    ADANIPORTS   Baseline     C=1574.80  → -[-]  
09:48:01    HDFCLIFE     Baseline     C=605.75  → -[-]  in_position
09:48:01    COALINDIA    Baseline     C=435.00  → -[-]  
09:48:01    ADANIENT     Baseline     C=2212.80  → -[-]  
09:48:01    MARUTI       Baseline     C=13346.00  → -[-]  
09:48:01  SCAN #7 complete in 0.1s
09:51:01  SCAN #8  09:51:01  phase=ACTIVE_AM  active=True  missed=0
09:51:01  FETCH  WS  10 new bars (5 clock-flushed) in 0.018s
09:51:01    TCS          Baseline     C=2567.80  → -[-]  
09:51:01  ORDER  HCLTECH      SELL  qty=87  limit=1428.30  buf=0.10  SL=1432.75  TP=1425.12  sym=HCLTECH-EQ
09:51:02  ORDER RAW RESP  HCLTECH      {'status': True, 'message': 'SUCCESS', 'errorcode': '', 'data': {'script': 'HCLTECH-EQ', 'orderid': '260420000153017', 'uniqueorderid': 'f077f73b-0e7e-4d4b-af47-865673d15d27'}}
09:51:02  ORDER OK  HCLTECH      order_id=260420000153017
09:51:17  ORDER FILLED  HCLTECH      order_id=260420000153017  qty=87  avg=1428.30  in 15.6s
09:51:17  SL ORDER  HCLTECH      BUY  qty=87  trigger=1432.70  limit=1435.60
09:51:17  SL ORDER RAW  HCLTECH      {'status': True, 'message': 'SUCCESS', 'errorcode': '', 'data': {'script': 'HCLTECH-EQ', 'orderid': '260420000153527', 'uniqueorderid': '5ddf8044-80b0-4f25-b226-722de1485ce1'}}
09:51:18  SL ORDER OK  HCLTECH      order_id=260420000153527  exchange=trigger pending
09:51:18  TP ORDER  HCLTECH      BUY  qty=87  limit=1425.10
09:51:19  TP ORDER RAW  HCLTECH      {'status': True, 'message': 'SUCCESS', 'errorcode': '', 'data': {'script': 'HCLTECH-EQ', 'orderid': '260420000153576', 'uniqueorderid': 'cc857032-371f-47ab-aac8-3562e0719715'}}
09:51:20  TP ORDER OK  HCLTECH      order_id=260420000153576  exchange=open
09:51:20    HCLTECH      Baseline     C=1428.40  → ★ SHORT[PDL_BASE]  SL=1432.75  TP=1425.12  Qty=87
09:51:20    SHRIRAMFIN   Baseline     C=1030.50  → -[-]  max_positions(3/3)
09:51:20    NTPC         Baseline     C=395.55  → -[-]  cooldown_until_10:09
09:51:20    BAJAJ-AUTO   Baseline     C=9724.50  → -[-]  in_position
09:51:20    ADANIPORTS   Baseline     C=1576.20  → -[-]  max_positions(3/3)
09:51:21    HDFCLIFE     Baseline     C=607.00  → -[-]  in_position
09:51:21    COALINDIA    Baseline     C=434.70  → -[-]  max_positions(3/3)
09:51:21    ADANIENT     Baseline     C=2212.80  → -[-]  max_positions(3/3)
09:51:21    MARUTI       Baseline     C=13351.00  → -[-]  max_positions(3/3)
09:51:21  SCAN #8 complete in 20.0s
09:54:01  SCAN #9  09:54:01  phase=ACTIVE_AM  active=True  missed=0
09:54:01  FETCH  WS  10 new bars (6 clock-flushed) in 0.022s
09:54:01    TCS          Baseline     C=2572.20  → -[-]  max_positions(3/3)
09:54:01    HCLTECH      Baseline     C=1430.50  → -[-]  in_position
09:54:01    SHRIRAMFIN   Baseline     C=1033.15  → -[-]  max_positions(3/3)
09:54:01    NTPC         Baseline     C=396.55  → -[-]  cooldown_until_10:09
09:54:01  BROKER EXIT  BAJAJ-AUTO   SL filled on broker — cleaning up
09:54:01  ORDER CANCELLED  order_id=260420000136746
09:54:01  BROKER EXIT P&L  BAJAJ-AUTO   SL  ₹-288.19
09:54:01    ADANIPORTS   Baseline     C=1578.80  → -[-]  
09:54:01  BROKER EXIT  HDFCLIFE     SL filled on broker — cleaning up
09:54:01  ORDER CANCELLED  order_id=260420000136987
09:54:01  BROKER EXIT P&L  HDFCLIFE     SL  ₹-443.87
09:54:01    COALINDIA    Baseline     C=435.10  → -[-]  
09:54:01    ADANIENT     Baseline     C=2217.60  → -[-]  
09:54:01    MARUTI       Baseline     C=13380.00  → -[-]  
09:54:01  SCAN #9 complete in 0.5s
09:57:01  SCAN #10  09:57:01  phase=ACTIVE_AM  active=True  missed=0
09:57:01  FETCH  WS  10 new bars (6 clock-flushed) in 0.021s
09:57:01    TCS          Baseline     C=2570.60  → -[-]  
09:57:01    HCLTECH      Baseline     C=1428.20  → -[-]  in_position
09:57:01    SHRIRAMFIN   Baseline     C=1033.00  → -[-]  
09:57:01    NTPC         Baseline     C=396.45  → -[-]  cooldown_until_10:09
09:57:01    BAJAJ-AUTO   Baseline     C=9740.00  → -[-]  cooldown_until_10:15
09:57:01    ADANIPORTS   Baseline     C=1577.80  → -[-]  
09:57:01    HDFCLIFE     Baseline     C=608.40  → -[-]  cooldown_until_10:15
09:57:01    COALINDIA    Baseline     C=435.00  → -[-]  
09:57:01    ADANIENT     Baseline     C=2220.30  → -[-]  
09:57:01    MARUTI       Baseline     C=13380.00  → -[-]  
09:57:01  SCAN #10 complete in 0.1s
10:00:01  SCAN #11  10:00:01  phase=ACTIVE_AM  active=True  missed=0
10:00:01  FETCH  WS  10 new bars (10 clock-flushed) in 0.017s
10:00:01    TCS          Baseline     C=2573.30  → -[-]  
10:00:01    HCLTECH      Baseline     C=1430.30  → -[-]  in_position
10:00:01    SHRIRAMFIN   Baseline     C=1031.80  → -[-]  
10:00:01    NTPC         Baseline     C=396.35  → -[-]  cooldown_until_10:09
10:00:01    BAJAJ-AUTO   Baseline     C=9737.00  → -[-]  cooldown_until_10:15
10:00:01    ADANIPORTS   Baseline     C=1576.50  → -[-]  
10:00:01    HDFCLIFE     Baseline     C=608.50  → -[-]  cooldown_until_10:15
10:00:01    COALINDIA    Baseline     C=435.25  → -[-]  
10:00:01    ADANIENT     Baseline     C=2221.50  → -[-]  
10:00:01    MARUTI       Baseline     C=13390.00  → -[-]  
10:00:01  SCAN #11 complete in 0.1s
10:03:01  SCAN #12  10:03:01  phase=ACTIVE_AM  active=True  missed=0
10:03:01  FETCH  WS  10 new bars (6 clock-flushed) in 0.019s
10:03:01    TCS          Baseline     C=2574.70  → -[-]  
10:03:01    HCLTECH      Baseline     C=1429.50  → -[-]  in_position
10:03:01    SHRIRAMFIN   Baseline     C=1033.70  → -[-]  
10:03:01    NTPC         Baseline     C=396.70  → -[-]  cooldown_until_10:09
10:03:01    BAJAJ-AUTO   Baseline     C=9747.00  → -[-]  cooldown_until_10:15
10:03:01    ADANIPORTS   Baseline     C=1577.70  → -[-]  
10:03:01    HDFCLIFE     Baseline     C=608.60  → -[-]  cooldown_until_10:15
10:03:01    COALINDIA    Baseline     C=435.20  → -[-]  
10:03:01    ADANIENT     Baseline     C=2223.80  → -[-]  
10:03:01    MARUTI       Baseline     C=13398.00  → -[-]  
10:03:01  SCAN #12 complete in 0.1s
10:06:01  SCAN #13  10:06:01  phase=ACTIVE_AM  active=True  missed=0
10:06:01  FETCH  WS  10 new bars (6 clock-flushed) in 0.020s
10:06:01    TCS          Baseline     C=2577.10  → -[-]  
10:06:01    HCLTECH      Baseline     C=1430.30  → -[-]  in_position
10:06:01    SHRIRAMFIN   Baseline     C=1034.05  → -[-]  
10:06:01    NTPC         Baseline     C=396.10  → -[-]  cooldown_until_10:09
10:06:01    BAJAJ-AUTO   Baseline     C=9757.00  → -[-]  cooldown_until_10:15
10:06:01    ADANIPORTS   Baseline     C=1578.40  → -[-]  
10:06:01    HDFCLIFE     Baseline     C=609.35  → -[-]  cooldown_until_10:15
10:06:01    COALINDIA    Baseline     C=435.25  → -[-]  
10:06:01    ADANIENT     Baseline     C=2223.00  → -[-]  
10:06:01    MARUTI       Baseline     C=13398.00  → -[-]  
10:06:01  SCAN #13 complete in 0.1s
10:09:01  SCAN #14  10:09:01  phase=ACTIVE_AM  active=True  missed=0
10:09:01  FETCH  WS  10 new bars (2 clock-flushed) in 0.019s
10:09:01    TCS          Baseline     C=2575.40  → -[-]  
10:09:01    HCLTECH      Baseline     C=1430.10  → -[-]  in_position
10:09:01    SHRIRAMFIN   Baseline     C=1035.95  → -[-]  
10:09:01    NTPC         Baseline     C=395.70  → -[-]  
10:09:01    BAJAJ-AUTO   Baseline     C=9764.00  → -[-]  cooldown_until_10:15
10:09:01  ORDER  ADANIPORTS   BUY  qty=79  limit=1581.50  buf=0.10  SL=1574.97  TP=1584.78  sym=ADANIPORTS-EQ
10:09:01  ORDER RAW RESP  ADANIPORTS   {'status': True, 'message': 'SUCCESS', 'errorcode': '', 'data': {'script': 'ADANIPORTS-EQ', 'orderid': '260420000192381', 'uniqueorderid': '9192c18d-ad1f-4066-af3b-0d75ac5e52b8'}}
10:09:01  ORDER OK  ADANIPORTS   order_id=260420000192381
10:10:04  ORDER EXPIRY  ADANIPORTS   timeout  order_id=260420000192381  elapsed=62s  filled=0
10:10:04  ORDER CANCELLED  order_id=260420000192381
10:10:04  ORDER FINAL  ADANIPORTS   order_id=260420000192381  status=cancelled  qty=0  avg=0.00
10:10:04  POSITION SKIP  ADANIPORTS   entry order not filled (cancelled) — signal logged but no open position recorded
10:10:05    ADANIPORTS   Baseline     C=1581.40  → ★ LONG[PDL_BASE]  SL=1574.97  TP=1584.78  Qty=79  entry_not_filled(cancelled)
10:10:05    HDFCLIFE     Baseline     C=609.60  → -[-]  cooldown_until_10:15
10:10:05    COALINDIA    Baseline     C=435.10  → -[-]  
10:10:05    ADANIENT     Baseline     C=2233.00  → -[-]  
10:10:05    MARUTI       Baseline     C=13415.00  → -[-]  
10:10:05  SCAN #14 complete in 64.1s
10:12:01  SCAN #15  10:12:01  phase=ACTIVE_AM  active=True  missed=0
10:12:01  FETCH  WS  10 new bars (5 clock-flushed) in 0.019s
10:12:01    TCS          Baseline     C=2575.40  → -[-]  
10:12:01    HCLTECH      Baseline     C=1430.00  → -[-]  in_position
10:12:01    SHRIRAMFIN   Baseline     C=1035.75  → -[-]  
10:12:01    NTPC         Baseline     C=395.25  → -[-]  
10:12:01    BAJAJ-AUTO   Baseline     C=9760.00  → -[-]  cooldown_until_10:15
10:12:01    ADANIPORTS   Baseline     C=1583.80  → -[-]  cooldown_until_10:39
10:12:01    HDFCLIFE     Baseline     C=609.50  → -[-]  cooldown_until_10:15
10:12:01    COALINDIA    Baseline     C=436.30  → -[-]  
10:12:01    ADANIENT     Baseline     C=2234.70  → -[-]  
10:12:01    MARUTI       Baseline     C=13411.00  → -[-]  
10:12:01  SCAN #15 complete in 0.2s
10:15:01  SCAN #16  10:15:01  phase=ACTIVE_AM  active=True  missed=0
10:15:01  FETCH  WS  10 new bars (1 clock-flushed) in 0.021s
10:15:01    TCS          Baseline     C=2574.90  → -[-]  
10:15:01    HCLTECH      Baseline     C=1431.30  → -[-]  in_position
10:15:01    SHRIRAMFIN   Baseline     C=1035.95  → -[-]  
10:15:01    NTPC         Baseline     C=395.75  → -[-]  
10:15:01    BAJAJ-AUTO   Baseline     C=9757.00  → -[-]  
10:15:01    ADANIPORTS   Baseline     C=1582.70  → -[-]  cooldown_until_10:39
10:15:01    HDFCLIFE     Baseline     C=609.75  → -[-]  
10:15:01    COALINDIA    Baseline     C=436.45  → -[-]  
10:15:01    ADANIENT     Baseline     C=2235.50  → -[-]  
10:15:01    MARUTI       Baseline     C=13407.00  → -[-]  
10:15:01  SCAN #16 complete in 0.1s
10:18:01  SCAN #17  10:18:01  phase=ACTIVE_AM  active=True  missed=0
10:18:01  FETCH  WS  10 new bars (2 clock-flushed) in 0.019s
10:18:01    TCS          Baseline     C=2574.50  → -[-]  
10:18:01    HCLTECH      Baseline     C=1432.00  → -[-]  in_position
10:18:01    SHRIRAMFIN   Baseline     C=1038.40  → -[-]  
10:18:01    NTPC         Baseline     C=396.30  → -[-]  
10:18:01    BAJAJ-AUTO   Baseline     C=9764.50  → -[-]  
10:18:01    ADANIPORTS   Baseline     C=1584.90  → -[-]  cooldown_until_10:39
10:18:01    HDFCLIFE     Baseline     C=609.50  → -[-]  
10:18:01    COALINDIA    Baseline     C=437.15  → -[-]  
10:18:01    ADANIENT     Baseline     C=2238.70  → -[-]  
10:18:01    MARUTI       Baseline     C=13430.00  → -[-]  
10:18:01  SCAN #17 complete in 0.2s
10:21:01  SCAN #18  10:21:01  phase=ACTIVE_AM  active=True  missed=0
10:21:01  FETCH  WS  10 new bars (7 clock-flushed) in 0.017s
10:21:01    TCS          Baseline     C=2570.60  → -[-]  
10:21:01    HCLTECH      Baseline     C=1431.60  → -[-]  in_position
10:21:02  ORDER  SHRIRAMFIN   BUY  qty=120  limit=1041.10  buf=0.10  SL=1037.03  TP=1043.89  sym=SHRIRAMFIN-EQ
10:21:02  ORDER RAW RESP  SHRIRAMFIN   {'status': True, 'message': 'SUCCESS', 'errorcode': '', 'data': {'script': 'SHRIRAMFIN-EQ', 'orderid': '260420000214173', 'uniqueorderid': '4c098d22-c6f3-4b94-af3e-a8d85cc2d709'}}
10:21:02  ORDER OK  SHRIRAMFIN   order_id=260420000214173
10:22:02  ORDER EXPIRY  SHRIRAMFIN   timeout  order_id=260420000214173  elapsed=60s  filled=0
10:22:02  ORDER CANCELLED  order_id=260420000214173
10:22:02  ORDER FINAL  SHRIRAMFIN   order_id=260420000214173  status=cancelled  qty=0  avg=0.00
10:22:02  POSITION SKIP  SHRIRAMFIN   entry order not filled (cancelled) — signal logged but no open position recorded
10:22:03    SHRIRAMFIN   Baseline     C=1041.05  → ★ LONG[PDL_BASE]  SL=1037.03  TP=1043.89  Qty=120  entry_not_filled(cancelled)
10:22:03    NTPC         Baseline     C=395.95  → -[-]  
10:22:03    BAJAJ-AUTO   Baseline     C=9765.00  → -[-]  
10:22:03    ADANIPORTS   Baseline     C=1583.80  → -[-]  cooldown_until_10:39
10:22:03    HDFCLIFE     Baseline     C=609.65  → -[-]  
10:22:03    COALINDIA    Baseline     C=436.95  → -[-]  
10:22:03    ADANIENT     Baseline     C=2236.70  → -[-]  
10:22:03    MARUTI       Baseline     C=13413.00  → -[-]  
10:22:03  SCAN #18 complete in 62.6s
10:24:01  SCAN #19  10:24:01  phase=ACTIVE_AM  active=True  missed=0
10:24:01  FETCH  WS  10 new bars (7 clock-flushed) in 0.009s
10:24:01    TCS          Baseline     C=2573.00  → -[-]  
10:24:01    HCLTECH      Baseline     C=1431.70  → -[-]  in_position
10:24:01    SHRIRAMFIN   Baseline     C=1042.05  → -[-]  cooldown_until_10:51
10:24:01    NTPC         Baseline     C=396.05  → -[-]  
10:24:01    BAJAJ-AUTO   Baseline     C=9783.00  → -[-]  
10:24:01    ADANIPORTS   Baseline     C=1584.00  → -[-]  cooldown_until_10:39
10:24:01    HDFCLIFE     Baseline     C=609.35  → -[-]  
10:24:01    COALINDIA    Baseline     C=436.80  → -[-]  
10:24:01    ADANIENT     Baseline     C=2239.60  → -[-]  
10:24:01    MARUTI       Baseline     C=13430.00  → -[-]  
10:24:01  SCAN #19 complete in 0.1s
10:27:01  SCAN #20  10:27:01  phase=ACTIVE_AM  active=True  missed=0
10:27:01  FETCH  WS  10 new bars (6 clock-flushed) in 0.021s
10:27:01    TCS          Baseline     C=2571.70  → -[-]  
10:27:01  BROKER EXIT  HCLTECH      SL filled on broker — cleaning up
10:27:01  ORDER CANCELLED  order_id=260420000153576
10:27:01  BROKER EXIT P&L  HCLTECH      SL  ₹-386.86
10:27:01    SHRIRAMFIN   Baseline     C=1042.80  → -[-]  cooldown_until_10:51
10:27:01    NTPC         Baseline     C=396.10  → -[-]  
10:27:01    BAJAJ-AUTO   Baseline     C=9779.50  → -[-]  
10:27:01    ADANIPORTS   Baseline     C=1584.80  → -[-]  cooldown_until_10:39
10:27:01    HDFCLIFE     Baseline     C=609.40  → -[-]  
10:27:01    COALINDIA    Baseline     C=436.05  → -[-]  
10:27:01    ADANIENT     Baseline     C=2241.50  → -[-]  
10:27:01    MARUTI       Baseline     C=13422.00  → -[-]  
10:27:01  SCAN #20 complete in 0.3s
10:30:01  SCAN #21  10:30:01  phase=ACTIVE_AM  active=True  missed=0
10:30:01  FETCH  WS  10 new bars (2 clock-flushed) in 0.023s
10:30:01    TCS          Baseline     C=2572.10  → -[-]  
10:30:01    HCLTECH      Baseline     C=1432.80  → -[-]  
10:30:01    SHRIRAMFIN   Baseline     C=1044.75  → -[-]  cooldown_until_10:51
10:30:01    NTPC         Baseline     C=396.15  → -[-]  
10:30:01    BAJAJ-AUTO   Baseline     C=9784.00  → -[-]  
10:30:01    ADANIPORTS   Baseline     C=1586.50  → -[-]  cooldown_until_10:39
10:30:01    HDFCLIFE     Baseline     C=609.25  → -[-]  
10:30:01    COALINDIA    Baseline     C=435.90  → -[-]  
10:30:01    ADANIENT     Baseline     C=2241.20  → -[-]  
10:30:01    MARUTI       Baseline     C=13422.00  → -[-]  
10:30:01  SCAN #21 complete in 0.0s
10:33:01  SCAN #22  10:33:01  phase=ACTIVE_AM  active=True  missed=0
10:33:01  FETCH  WS  10 new bars (5 clock-flushed) in 0.007s
10:33:01    TCS          Baseline     C=2575.30  → -[-]  
10:33:01    HCLTECH      Baseline     C=1434.40  → -[-]  
10:33:01    SHRIRAMFIN   Baseline     C=1045.10  → -[-]  cooldown_until_10:51
10:33:01    NTPC         Baseline     C=396.35  → -[-]  
10:33:01    BAJAJ-AUTO   Baseline     C=9818.50  → -[-]  
10:33:01    ADANIPORTS   Baseline     C=1588.50  → -[-]  cooldown_until_10:39
10:33:01    HDFCLIFE     Baseline     C=608.50  → -[-]  
10:33:01    COALINDIA    Baseline     C=436.20  → -[-]  
10:33:01    ADANIENT     Baseline     C=2240.90  → -[-]  
10:33:01    MARUTI       Baseline     C=13431.00  → -[-]  
10:33:01  SCAN #22 complete in 0.0s
10:36:01  SCAN #23  10:36:01  phase=ACTIVE_AM  active=True  missed=0
10:36:01  FETCH  WS  10 new bars (3 clock-flushed) in 0.022s
10:36:01    TCS          Baseline     C=2575.80  → -[-]  
10:36:01    HCLTECH      Baseline     C=1434.00  → -[-]  
10:36:01    SHRIRAMFIN   Baseline     C=1045.85  → -[-]  cooldown_until_10:51
10:36:01    NTPC         Baseline     C=396.35  → -[-]  
10:36:01    BAJAJ-AUTO   Baseline     C=9814.50  → -[-]  
10:36:01    ADANIPORTS   Baseline     C=1587.00  → -[-]  cooldown_until_10:39
10:36:01    HDFCLIFE     Baseline     C=609.45  → -[-]  
10:36:01    COALINDIA    Baseline     C=436.60  → -[-]  
10:36:01    ADANIENT     Baseline     C=2240.20  → -[-]  
10:36:01    MARUTI       Baseline     C=13421.00  → -[-]  
10:36:01  SCAN #23 complete in 0.0s
10:39:01  SCAN #24  10:39:01  phase=ACTIVE_AM  active=True  missed=0
10:39:01  FETCH  WS  10 new bars (8 clock-flushed) in 0.018s
10:39:01    TCS          Baseline     C=2577.20  → -[-]  
10:39:01    HCLTECH      Baseline     C=1433.60  → -[-]  
10:39:01    SHRIRAMFIN   Baseline     C=1045.90  → -[-]  cooldown_until_10:51
10:39:01    NTPC         Baseline     C=396.25  → -[-]  
10:39:01    BAJAJ-AUTO   Baseline     C=9796.50  → -[-]  
10:39:01    ADANIPORTS   Baseline     C=1584.20  → -[-]  
10:39:01    HDFCLIFE     Baseline     C=609.00  → -[-]  
10:39:01    COALINDIA    Baseline     C=436.70  → -[-]  
10:39:01    ADANIENT     Baseline     C=2239.20  → -[-]  
10:39:01    MARUTI       Baseline     C=13416.00  → -[-]  
10:39:01  SCAN #24 complete in 0.0s
10:42:01  SCAN #25  10:42:01  phase=ACTIVE_AM  active=True  missed=0
10:42:01  FETCH  WS  10 new bars (7 clock-flushed) in 0.020s
10:42:01    TCS          Baseline     C=2578.30  → -[-]  
10:42:01    HCLTECH      Baseline     C=1433.20  → -[-]  
10:42:01    SHRIRAMFIN   Baseline     C=1046.30  → -[-]  cooldown_until_10:51
10:42:01    NTPC         Baseline     C=396.65  → -[-]  
10:42:01    BAJAJ-AUTO   Baseline     C=9796.50  → -[-]  
10:42:01    ADANIPORTS   Baseline     C=1587.00  → -[-]  
10:42:01    HDFCLIFE     Baseline     C=609.55  → -[-]  
10:42:01    COALINDIA    Baseline     C=436.85  → -[-]  
10:42:01  ORDER  ADANIENT     BUY  qty=55  limit=2244.20  buf=0.15  SL=2235.02  TP=2248.85  sym=ADANIENT-EQ
10:42:01  ORDER RAW RESP  ADANIENT     {'status': True, 'message': 'SUCCESS', 'errorcode': '', 'data': {'script': 'ADANIENT-EQ', 'orderid': '260420000254497', 'uniqueorderid': '33dcd396-fa73-49ea-838e-e54f467df221'}}
10:42:01  ORDER OK  ADANIENT     order_id=260420000254497
10:42:01  ORDER FILLED  ADANIENT     order_id=260420000254497  qty=55  avg=2244.00  in 0.0s
10:42:01  SL ORDER  ADANIENT     SELL  qty=55  trigger=2235.00  limit=2230.60
10:42:02  SL ORDER RAW  ADANIENT     {'status': True, 'message': 'SUCCESS', 'errorcode': '', 'data': {'script': 'ADANIENT-EQ', 'orderid': '260420000254504', 'uniqueorderid': '2d48593c-6a23-4019-a9fc-6a4f8d738dd8'}}
10:42:03  SL ORDER OK  ADANIENT     order_id=260420000254504  exchange=trigger pending
10:42:03  TP ORDER  ADANIENT     SELL  qty=55  limit=2248.80
10:42:03  TP ORDER RAW  ADANIENT     {'status': True, 'message': 'SUCCESS', 'errorcode': '', 'data': {'script': 'ADANIENT-EQ', 'orderid': '260420000254526', 'uniqueorderid': 'd4079ebf-4d9c-4862-afe0-b6ff56984560'}}
10:42:04  TP ORDER OK  ADANIENT     order_id=260420000254526  exchange=open
10:42:05    ADANIENT     Baseline     C=2244.00  → ★ LONG[PDL_BASE]  SL=2235.02  TP=2248.85  Qty=55
10:42:05    MARUTI       Baseline     C=13413.00  → -[-]  
10:42:05  SCAN #25 complete in 4.2s
10:45:01  SCAN #26  10:45:01  phase=ACTIVE_AM  active=True  missed=0
10:45:01  FETCH  WS  10 new bars (7 clock-flushed) in 0.011s
10:45:01    TCS          Baseline     C=2575.30  → -[-]  
10:45:01    HCLTECH      Baseline     C=1432.90  → -[-]  
10:45:01    SHRIRAMFIN   Baseline     C=1048.35  → -[-]  cooldown_until_10:51
10:45:01    NTPC         Baseline     C=396.95  → -[-]  
10:45:01    BAJAJ-AUTO   Baseline     C=9808.00  → -[-]  
10:45:01    ADANIPORTS   Baseline     C=1586.80  → -[-]  
10:45:01    HDFCLIFE     Baseline     C=609.10  → -[-]  
10:45:01    COALINDIA    Baseline     C=436.95  → -[-]  
10:45:01    ADANIENT     Baseline     C=2242.40  → -[-]  in_position
10:45:01    MARUTI       Baseline     C=13422.00  → -[-]  
10:45:01  SCAN #26 complete in 0.1s
10:50:24  SCAN delay 143.2s beyond target 10:48:01
10:50:24  SCAN #27  10:50:24  phase=ACTIVE_AM  active=True  missed=0
10:50:24  FETCH  WS  10 new bars (0 clock-flushed) in 0.018s
10:50:24    TCS          Baseline     C=2571.50  → -[-]  
10:50:24    HCLTECH      Baseline     C=1431.80  → -[-]  
10:50:24    SHRIRAMFIN   Baseline     C=1046.15  → -[-]  cooldown_until_10:51
10:50:24    NTPC         Baseline     C=396.70  → -[-]  
10:50:24    BAJAJ-AUTO   Baseline     C=9798.00  → -[-]  
10:50:24    ADANIPORTS   Baseline     C=1589.20  → -[-]  
10:50:24    HDFCLIFE     Baseline     C=609.00  → -[-]  
10:50:24    COALINDIA    Baseline     C=436.95  → -[-]  
10:50:24    ADANIENT     Baseline     C=2240.60  → -[-]  in_position
10:50:24    MARUTI       Baseline     C=13425.00  → -[-]  
10:50:24  SCAN #27 complete in 0.2s
11:06:30  SCAN delay 29.6s beyond target 11:06:01
11:06:30  MISSED 5 candle(s) (idx 31→37)
11:06:30  SCAN #28  11:06:30  phase=ACTIVE_AM  active=True  missed=5
11:06:30  FETCH  REST gap-fill (missed 5 candle(s))
11:06:33  GAP-FILL  10/10 OK in 3.3s
11:06:33  FETCH  WS  10 new bars (10 clock-flushed) in 3.269s
11:06:33    TCS          Baseline     C=2573.00  → -[-]  
11:06:33    TCS          Baseline     C=2572.70  → -[-]  
11:06:33    TCS          Baseline     C=2572.00  → -[-]  
11:06:33    TCS          Baseline     C=2573.10  → -[-]  
11:06:33    TCS          Baseline     C=2575.70  → -[-]  
11:06:33    TCS          Baseline     C=2579.00  → -[-]  
11:06:33    HCLTECH      Baseline     C=1432.00  → -[-]  
11:06:33    HCLTECH      Baseline     C=1433.20  → -[-]  
11:06:33    HCLTECH      Baseline     C=1433.70  → -[-]  
11:06:33    HCLTECH      Baseline     C=1434.90  → -[-]  
11:06:33    HCLTECH      Baseline     C=1433.20  → -[-]  
11:06:33    HCLTECH      Baseline     C=1434.00  → -[-]  
11:06:33    SHRIRAMFIN   Baseline     C=1045.90  → -[-]  
11:06:33    SHRIRAMFIN   Baseline     C=1046.00  → -[-]  
11:06:33    SHRIRAMFIN   Baseline     C=1046.35  → -[-]  
11:06:33    SHRIRAMFIN   Baseline     C=1047.00  → -[-]  
11:06:33    SHRIRAMFIN   Baseline     C=1045.60  → -[-]  
11:06:33    SHRIRAMFIN   Baseline     C=1045.90  → -[-]  
11:06:33    NTPC         Baseline     C=396.30  → -[-]  
11:06:33    NTPC         Baseline     C=396.45  → -[-]  
11:06:33    NTPC         Baseline     C=396.20  → -[-]  
11:06:33    NTPC         Baseline     C=396.85  → -[-]  
11:06:33    NTPC         Baseline     C=397.15  → -[-]  
11:06:33    NTPC         Baseline     C=397.65  → -[-]  
11:06:33    BAJAJ-AUTO   Baseline     C=9802.50  → -[-]  
11:06:33    BAJAJ-AUTO   Baseline     C=9810.00  → -[-]  
11:06:33    BAJAJ-AUTO   Baseline     C=9810.00  → -[-]  
11:06:33    BAJAJ-AUTO   Baseline     C=9805.00  → -[-]  
11:06:33    BAJAJ-AUTO   Baseline     C=9807.50  → -[-]  
11:06:33    BAJAJ-AUTO   Baseline     C=9813.00  → -[-]  
11:06:33    ADANIPORTS   Baseline     C=1590.10  → -[-]  
11:06:33    ADANIPORTS   Baseline     C=1593.80  → -[-]  
11:06:33    ADANIPORTS   Baseline     C=1592.60  → -[-]  
11:06:33    ADANIPORTS   Baseline     C=1594.30  → -[-]  
11:06:33    ADANIPORTS   Baseline     C=1590.60  → -[-]  
11:06:33    ADANIPORTS   Baseline     C=1591.40  → -[-]  
11:06:33    HDFCLIFE     Baseline     C=609.55  → -[-]  
11:06:33    HDFCLIFE     Baseline     C=609.65  → -[-]  
11:06:33    HDFCLIFE     Baseline     C=609.70  → -[-]  
11:06:33    HDFCLIFE     Baseline     C=609.90  → -[-]  
11:06:33    HDFCLIFE     Baseline     C=609.15  → -[-]  
11:06:33    HDFCLIFE     Baseline     C=609.45  → -[-]  
11:06:33    COALINDIA    Baseline     C=437.80  → -[-]  
11:06:33    COALINDIA    Baseline     C=439.25  → -[-]  
11:06:33    COALINDIA    Baseline     C=437.75  → -[-]  
11:06:33    COALINDIA    Baseline     C=438.50  → -[-]  
11:06:33    COALINDIA    Baseline     C=438.25  → -[-]  
11:06:33    COALINDIA    Baseline     C=438.20  → -[-]  
11:06:33    ADANIENT     Baseline     C=2240.40  → -[-]  in_position
11:06:33    ADANIENT     Baseline     C=2243.00  → -[-]  in_position
11:06:33    ADANIENT     Baseline     C=2241.90  → -[-]  in_position
11:06:33    ADANIENT     Baseline     C=2244.10  → -[-]  in_position
11:06:33    ADANIENT     Baseline     C=2240.60  → -[-]  in_position
11:06:33    ADANIENT     Baseline     C=2244.00  → -[-]  in_position
11:06:33    MARUTI       Baseline     C=13425.00  → -[-]  
11:06:33    MARUTI       Baseline     C=13426.00  → -[-]  
11:06:33    MARUTI       Baseline     C=13431.00  → -[-]  
11:06:33    MARUTI       Baseline     C=13409.00  → -[-]  
11:06:33    MARUTI       Baseline     C=13422.00  → -[-]  
11:06:33    MARUTI       Baseline     C=13430.00  → -[-]  
11:06:33  SCAN #28 complete in 3.4s
11:07:11  WS error: Connection closed
11:07:11  WS error: Connection closed
11:07:11  WS error: Connection closed
11:07:11  WS reconnecting in 1s (attempt 1)...
11:07:13  WS connected — subscribing 10 tokens (mode=2 Quote)
11:09:01  SCAN #29  11:09:01  phase=ACTIVE_AM  active=True  missed=0
11:09:01  FETCH  WS  10 new bars (1 clock-flushed) in 0.021s
11:09:01    TCS          Baseline     C=2576.00  → -[-]  
11:09:01    HCLTECH      Baseline     C=1431.60  → -[-]  
11:09:01    SHRIRAMFIN   Baseline     C=1045.50  → -[-]  
11:09:01    NTPC         Baseline     C=399.85  → -[-]  
11:09:01    BAJAJ-AUTO   Baseline     C=9805.50  → -[-]  
11:09:01    ADANIPORTS   Baseline     C=1589.60  → -[-]  
11:09:01    HDFCLIFE     Baseline     C=609.25  → -[-]  
11:09:01    COALINDIA    Baseline     C=439.00  → -[-]  
11:09:01    ADANIENT     Baseline     C=2242.00  → -[-]  in_position
11:09:01    MARUTI       Baseline     C=13410.00  → -[-]  
11:09:01  SCAN #29 complete in 0.1s
11:11:52  WS connected — subscribing 10 tokens (mode=2 Quote)
11:12:01  SCAN #30  11:12:01  phase=ACTIVE_AM  active=True  missed=0
11:12:01  FETCH  WS  10 new bars (1 clock-flushed) in 0.022s
11:12:01    TCS          Baseline     C=2575.40  → -[-]  
11:12:01    HCLTECH      Baseline     C=1431.70  → -[-]  
11:12:01    SHRIRAMFIN   Baseline     C=1044.85  → -[-]  
11:12:01    NTPC         Baseline     C=399.50  → -[-]  
11:12:01    BAJAJ-AUTO   Baseline     C=9808.00  → -[-]  
11:12:01    ADANIPORTS   Baseline     C=1587.00  → -[-]  
11:12:01    HDFCLIFE     Baseline     C=608.75  → -[-]  
11:12:02  ORDER  COALINDIA    BUY  qty=283  limit=440.50  buf=0.10  SL=439.40  TP=441.48  sym=COALINDIA-EQ
11:12:02  ORDER RAW RESP  COALINDIA    {'status': True, 'message': 'SUCCESS', 'errorcode': '', 'data': {'script': 'COALINDIA-EQ', 'orderid': '260420000294425', 'uniqueorderid': 'bb470549-9a75-4e6d-b060-01e1b53f2a70'}}
11:12:02  ORDER OK  COALINDIA    order_id=260420000294425
11:12:02  ORDER FILLED  COALINDIA    order_id=260420000294425  qty=283  avg=440.50  in 0.0s
11:12:02  SL ORDER  COALINDIA    SELL  qty=283  trigger=439.40  limit=438.50
11:12:02  SL ORDER RAW  COALINDIA    {'status': True, 'message': 'SUCCESS', 'errorcode': '', 'data': {'script': 'COALINDIA-EQ', 'orderid': '260420000294427', 'uniqueorderid': 'c9b38b91-31ff-415a-ae6e-a8bd8628b470'}}
11:12:03  SL ORDER OK  COALINDIA    order_id=260420000294427  exchange=trigger pending
11:12:03  TP ORDER  COALINDIA    SELL  qty=283  limit=441.50
11:12:03  TP ORDER RAW  COALINDIA    {'status': True, 'message': 'SUCCESS', 'errorcode': '', 'data': {'script': 'COALINDIA-EQ', 'orderid': '260420000294454', 'uniqueorderid': '02a084c5-e2fa-4052-86c0-44d256bd4a1b'}}
11:12:04  TP ORDER OK  COALINDIA    order_id=260420000294454  exchange=open
11:12:05  SAME-BAR EXIT  COALINDIA    LONG on entry bar — SL
11:12:05  SAME-BAR SKIP  COALINDIA    auto-trade active — broker handles SL/TP, keeping position tracked
11:12:05    COALINDIA    Baseline     C=440.40  → ★ LONG[PDL_BASE]  SL=439.40  TP=441.48  Qty=283
11:12:05    ADANIENT     Baseline     C=2239.40  → -[-]  in_position
11:12:05    MARUTI       Baseline     C=13404.00  → -[-]  
11:12:05  SCAN #30 complete in 4.7s
11:15:01  SCAN #31  11:15:01  phase=ACTIVE_AM  active=True  missed=0
11:15:01  FETCH  WS  10 new bars (5 clock-flushed) in 0.022s
11:15:01    TCS          Baseline     C=2576.60  → -[-]  
11:15:01    HCLTECH      Baseline     C=1432.70  → -[-]  
11:15:01    SHRIRAMFIN   Baseline     C=1045.00  → -[-]  
11:15:01    NTPC         Baseline     C=399.00  → -[-]  
11:15:01    BAJAJ-AUTO   Baseline     C=9799.00  → -[-]  
11:15:01    ADANIPORTS   Baseline     C=1588.50  → -[-]  
11:15:01    HDFCLIFE     Baseline     C=608.80  → -[-]  
11:15:01  BROKER EXIT  COALINDIA    TP filled on broker — cleaning up
11:15:01  ORDER CANCELLED  order_id=260420000294427
11:15:01  BROKER EXIT P&L  COALINDIA    TP  ₹+277.24
11:15:01    ADANIENT     Baseline     C=2239.00  → -[-]  in_position
11:15:01    MARUTI       Baseline     C=13416.00  → -[-]  
11:15:01  SCAN #31 complete in 0.4s
11:18:01  SCAN #32  11:18:01  phase=ACTIVE_AM  active=True  missed=0
11:18:01  FETCH  WS  10 new bars (3 clock-flushed) in 0.021s
11:18:01    TCS          Baseline     C=2578.90  → -[-]  
11:18:01    HCLTECH      Baseline     C=1433.00  → -[-]  
11:18:01    SHRIRAMFIN   Baseline     C=1045.45  → -[-]  
11:18:01    NTPC         Baseline     C=399.45  → -[-]  
11:18:01    BAJAJ-AUTO   Baseline     C=9802.00  → -[-]  
11:18:01    ADANIPORTS   Baseline     C=1588.60  → -[-]  
11:18:01    HDFCLIFE     Baseline     C=609.10  → -[-]  
11:18:01    COALINDIA    Baseline     C=442.35  → -[-]  cooldown_until_11:42
11:18:01    ADANIENT     Baseline     C=2241.50  → -[-]  in_position
11:18:01    MARUTI       Baseline     C=13428.00  → -[-]  
11:18:01  SCAN #32 complete in 0.2s
11:21:01  SCAN #33  11:21:01  phase=ACTIVE_AM  active=True  missed=0
11:21:01  FETCH  WS  10 new bars (0 clock-flushed) in 0.020s
11:21:01    TCS          Baseline     C=2579.80  → -[-]  
11:21:01    HCLTECH      Baseline     C=1434.20  → -[-]  
11:21:01    SHRIRAMFIN   Baseline     C=1045.80  → -[-]  
11:21:01    NTPC         Baseline     C=399.30  → -[-]  
11:21:01    BAJAJ-AUTO   Baseline     C=9809.50  → -[-]  
11:21:01    ADANIPORTS   Baseline     C=1590.40  → -[-]  
11:21:01    HDFCLIFE     Baseline     C=609.00  → -[-]  
11:21:01    COALINDIA    Baseline     C=442.60  → -[-]  cooldown_until_11:42
11:21:01    ADANIENT     Baseline     C=2240.70  → -[-]  in_position
11:21:01    MARUTI       Baseline     C=13444.00  → -[-]  
11:21:01  SCAN #33 complete in 0.3s
11:24:01  SCAN #34  11:24:01  phase=ACTIVE_AM  active=True  missed=0
11:24:01  FETCH  WS  10 new bars (6 clock-flushed) in 0.021s
11:24:01    TCS          Baseline     C=2584.50  → -[-]  
11:24:01    HCLTECH      Baseline     C=1435.30  → -[-]  
11:24:01    SHRIRAMFIN   Baseline     C=1045.35  → -[-]  
11:24:01    NTPC         Baseline     C=399.65  → -[-]  
11:24:01    BAJAJ-AUTO   Baseline     C=9806.00  → -[-]  
11:24:01    ADANIPORTS   Baseline     C=1591.00  → -[-]  
11:24:01    HDFCLIFE     Baseline     C=609.40  → -[-]  
11:24:01    COALINDIA    Baseline     C=442.80  → -[-]  cooldown_until_11:42
11:24:01    ADANIENT     Baseline     C=2241.00  → -[-]  in_position
11:24:01    MARUTI       Baseline     C=13457.00  → -[-]  
11:24:01  SCAN #34 complete in 0.2s
11:27:01  SCAN #35  11:27:01  phase=ACTIVE_AM  active=True  missed=0
11:27:01  FETCH  WS  10 new bars (0 clock-flushed) in 0.023s
11:27:01    TCS          Baseline     C=2589.10  → -[-]  
11:27:01    HCLTECH      Baseline     C=1437.00  → -[-]  
11:27:01    SHRIRAMFIN   Baseline     C=1046.20  → -[-]  
11:27:01    NTPC         Baseline     C=399.80  → -[-]  
11:27:01    BAJAJ-AUTO   Baseline     C=9805.50  → -[-]  
11:27:01    ADANIPORTS   Baseline     C=1590.00  → -[-]  
11:27:01    HDFCLIFE     Baseline     C=609.60  → -[-]  
11:27:01    COALINDIA    Baseline     C=443.25  → -[-]  cooldown_until_11:42
11:27:01    ADANIENT     Baseline     C=2241.90  → -[-]  in_position
11:27:01    MARUTI       Baseline     C=13477.00  → -[-]  
11:27:01  SCAN #35 complete in 0.4s
11:30:01  SCAN #36  11:30:01  phase=ACTIVE_AM  active=True  missed=0
11:30:01  FETCH  WS  10 new bars (1 clock-flushed) in 0.023s
11:30:01    TCS          Baseline     C=2590.00  → -[-]  
11:30:01    HCLTECH      Baseline     C=1437.50  → -[-]  
11:30:01    SHRIRAMFIN   Baseline     C=1046.75  → -[-]  
11:30:01    NTPC         Baseline     C=399.65  → -[-]  
11:30:01    BAJAJ-AUTO   Baseline     C=9802.50  → -[-]  
11:30:01    ADANIPORTS   Baseline     C=1589.90  → -[-]  
11:30:01    HDFCLIFE     Baseline     C=609.70  → -[-]  
11:30:01    COALINDIA    Baseline     C=443.30  → -[-]  cooldown_until_11:42
11:30:01    ADANIENT     Baseline     C=2241.60  → -[-]  in_position
11:30:01    MARUTI       Baseline     C=13474.00  → -[-]  
11:30:01  SCAN #36 complete in 0.1s
11:33:01  SCAN #37  11:33:01  phase=ACTIVE_AM  active=True  missed=0
11:33:01  FETCH  WS  10 new bars (5 clock-flushed) in 0.023s
11:33:01    TCS          Baseline     C=2588.00  → -[-]  
11:33:01    HCLTECH      Baseline     C=1437.30  → -[-]  
11:33:01    SHRIRAMFIN   Baseline     C=1046.75  → -[-]  
11:33:01    NTPC         Baseline     C=399.95  → -[-]  
11:33:01    BAJAJ-AUTO   Baseline     C=9802.00  → -[-]  
11:33:01    ADANIPORTS   Baseline     C=1589.30  → -[-]  
11:33:01    HDFCLIFE     Baseline     C=609.70  → -[-]  
11:33:01    COALINDIA    Baseline     C=443.10  → -[-]  cooldown_until_11:42
11:33:01    ADANIENT     Baseline     C=2243.00  → -[-]  in_position
11:33:01    MARUTI       Baseline     C=13472.00  → -[-]  
11:33:01  SCAN #37 complete in 0.2s
11:36:01  SCAN #38  11:36:01  phase=ACTIVE_AM  active=True  missed=0
11:36:01  FETCH  WS  10 new bars (1 clock-flushed) in 0.022s
11:36:01    TCS          Baseline     C=2588.90  → -[-]  
11:36:01    HCLTECH      Baseline     C=1439.50  → -[-]  
11:36:01    SHRIRAMFIN   Baseline     C=1045.70  → -[-]  
11:36:01    NTPC         Baseline     C=399.90  → -[-]  
11:36:01    BAJAJ-AUTO   Baseline     C=9804.00  → -[-]  
11:36:01    ADANIPORTS   Baseline     C=1588.90  → -[-]  
11:36:01    HDFCLIFE     Baseline     C=609.15  → -[-]  
11:36:01    COALINDIA    Baseline     C=442.80  → -[-]  cooldown_until_11:42
11:36:01    ADANIENT     Baseline     C=2242.30  → -[-]  in_position
11:36:01    MARUTI       Baseline     C=13472.00  → -[-]  
11:36:01  SCAN #38 complete in 0.2s
11:39:01  SCAN #39  11:39:01  phase=ACTIVE_AM  active=True  missed=0
11:39:01  FETCH  WS  10 new bars (1 clock-flushed) in 0.022s
11:39:01    TCS          Baseline     C=2589.00  → -[-]  
11:39:01    HCLTECH      Baseline     C=1438.50  → -[-]  
11:39:01    SHRIRAMFIN   Baseline     C=1045.40  → -[-]  
11:39:01    NTPC         Baseline     C=398.85  → -[-]  
11:39:01    BAJAJ-AUTO   Baseline     C=9803.50  → -[-]  
11:39:01    ADANIPORTS   Baseline     C=1588.40  → -[-]  
11:39:01    HDFCLIFE     Baseline     C=609.00  → -[-]  
11:39:01    COALINDIA    Baseline     C=442.70  → -[-]  cooldown_until_11:42
11:39:01    ADANIENT     Baseline     C=2242.00  → -[-]  in_position
11:39:01    MARUTI       Baseline     C=13456.00  → -[-]  
11:39:01  SCAN #39 complete in 0.2s
11:42:01  SCAN #40  11:42:01  phase=ACTIVE_AM  active=True  missed=0
11:42:01  FETCH  WS  10 new bars (6 clock-flushed) in 0.022s
11:42:01    TCS          Baseline     C=2588.80  → -[-]  
11:42:01    HCLTECH      Baseline     C=1439.50  → -[-]  
11:42:01    SHRIRAMFIN   Baseline     C=1045.40  → -[-]  
11:42:01    NTPC         Baseline     C=399.10  → -[-]  
11:42:01    BAJAJ-AUTO   Baseline     C=9800.50  → -[-]  
11:42:01    ADANIPORTS   Baseline     C=1589.00  → -[-]  
11:42:01    HDFCLIFE     Baseline     C=609.25  → -[-]  
11:42:01    COALINDIA    Baseline     C=442.75  → -[-]  
11:42:01    ADANIENT     Baseline     C=2242.30  → -[-]  in_position
11:42:01    MARUTI       Baseline     C=13463.00  → -[-]  
11:42:01  SCAN #40 complete in 0.2s
11:45:01  SCAN #41  11:45:01  phase=ACTIVE_AM  active=True  missed=0
11:45:01  FETCH  WS  10 new bars (6 clock-flushed) in 0.021s
11:45:01  ORDER  TCS          BUY  qty=48  limit=2591.00  buf=0.10  SL=2585.80  TP=2594.70  sym=TCS-EQ
11:45:02  ORDER RAW RESP  TCS          {'status': True, 'message': 'SUCCESS', 'errorcode': '', 'data': {'script': 'TCS-EQ', 'orderid': '260420000337973', 'uniqueorderid': '798b5f17-ad64-4888-b5a4-cf6e7b7c3600'}}
11:45:02  ORDER OK  TCS          order_id=260420000337973
11:45:02  ORDER FILLED  TCS          order_id=260420000337973  qty=48  avg=2590.90  in 0.0s
11:45:02  SL ORDER  TCS          SELL  qty=48  trigger=2585.80  limit=2580.70
11:45:02  SL ORDER RAW  TCS          {'status': True, 'message': 'SUCCESS', 'errorcode': '', 'data': {'script': 'TCS-EQ', 'orderid': '260420000337975', 'uniqueorderid': 'cf73d5d7-8aba-4b6e-910f-d24cce383842'}}
11:45:03  SL ORDER OK  TCS          order_id=260420000337975  exchange=trigger pending
11:45:03  TP ORDER  TCS          SELL  qty=48  limit=2594.70
11:45:03  TP ORDER RAW  TCS          {'status': True, 'message': 'SUCCESS', 'errorcode': '', 'data': {'script': 'TCS-EQ', 'orderid': '260420000337999', 'uniqueorderid': 'a092b097-4304-4ea4-b63b-4bf49509adf4'}}
11:45:04  TP ORDER OK  TCS          order_id=260420000337999  exchange=open
11:45:05    TCS          Baseline     C=2590.90  → ★ LONG[PDL_BASE]  SL=2585.80  TP=2594.70  Qty=48
11:45:05    HCLTECH      Baseline     C=1440.80  → -[-]  
11:45:05    SHRIRAMFIN   Baseline     C=1045.10  → -[-]  
11:45:05    NTPC         Baseline     C=399.15  → -[-]  
11:45:05    BAJAJ-AUTO   Baseline     C=9805.50  → -[-]  
11:45:05    ADANIPORTS   Baseline     C=1589.50  → -[-]  
11:45:05    HDFCLIFE     Baseline     C=609.00  → -[-]  
11:45:05    COALINDIA    Baseline     C=442.75  → -[-]  
11:45:05    ADANIENT     Baseline     C=2243.30  → -[-]  in_position
11:45:05    MARUTI       Baseline     C=13450.00  → -[-]  
11:45:05  SCAN #41 complete in 4.8s
11:48:01  SCAN #42  11:48:01  phase=ACTIVE_AM  active=True  missed=0
11:48:01  FETCH  WS  10 new bars (6 clock-flushed) in 0.019s
11:48:01    TCS          Baseline     C=2590.40  → -[-]  in_position
11:48:01    HCLTECH      Baseline     C=1439.80  → -[-]  
11:48:01    SHRIRAMFIN   Baseline     C=1045.00  → -[-]  
11:48:01    NTPC         Baseline     C=398.80  → -[-]  
11:48:01    BAJAJ-AUTO   Baseline     C=9808.50  → -[-]  
11:48:01    ADANIPORTS   Baseline     C=1589.70  → -[-]  
11:48:01    HDFCLIFE     Baseline     C=609.10  → -[-]  
11:48:01    COALINDIA    Baseline     C=442.90  → -[-]  
11:48:01    ADANIENT     Baseline     C=2244.30  → -[-]  in_position
11:48:01    MARUTI       Baseline     C=13454.00  → -[-]  
11:48:01  SCAN #42 complete in 0.3s
11:51:01  SCAN #43  11:51:01  phase=ACTIVE_AM  active=True  missed=0
11:51:01  FETCH  WS  10 new bars (5 clock-flushed) in 0.018s
11:51:01    TCS          Baseline     C=2590.50  → -[-]  in_position
11:51:01    HCLTECH      Baseline     C=1439.60  → -[-]  
11:51:01    SHRIRAMFIN   Baseline     C=1044.05  → -[-]  
11:51:01    NTPC         Baseline     C=398.70  → -[-]  
11:51:01    BAJAJ-AUTO   Baseline     C=9800.00  → -[-]  
11:51:01    ADANIPORTS   Baseline     C=1589.70  → -[-]  
11:51:01    HDFCLIFE     Baseline     C=609.45  → -[-]  
11:51:01    COALINDIA    Baseline     C=442.80  → -[-]  
11:51:01    ADANIENT     Baseline     C=2243.70  → -[-]  in_position
11:51:01    MARUTI       Baseline     C=13455.00  → -[-]  
11:51:01  SCAN #43 complete in 0.2s
11:54:01  SCAN #44  11:54:01  phase=ACTIVE_AM  active=True  missed=0
11:54:01  FETCH  WS  10 new bars (0 clock-flushed) in 0.021s
11:54:01    TCS          Baseline     C=2590.00  → -[-]  in_position
11:54:01    HCLTECH      Baseline     C=1440.60  → -[-]  
11:54:01    SHRIRAMFIN   Baseline     C=1044.45  → -[-]  
11:54:01    NTPC         Baseline     C=399.00  → -[-]  
11:54:01    BAJAJ-AUTO   Baseline     C=9804.00  → -[-]  
11:54:01    ADANIPORTS   Baseline     C=1589.00  → -[-]  
11:54:01    HDFCLIFE     Baseline     C=609.50  → -[-]  
11:54:01    COALINDIA    Baseline     C=443.05  → -[-]  
11:54:01    ADANIENT     Baseline     C=2243.00  → -[-]  in_position
11:54:01    MARUTI       Baseline     C=13494.00  → -[-]  
11:54:01  SCAN #44 complete in 0.2s
11:57:01  SCAN #45  11:57:01  phase=ACTIVE_AM  active=True  missed=0
11:57:01  FETCH  WS  10 new bars (1 clock-flushed) in 0.020s
11:57:01    TCS          Baseline     C=2590.80  → -[-]  in_position
11:57:01    HCLTECH      Baseline     C=1439.20  → -[-]  
11:57:01    SHRIRAMFIN   Baseline     C=1044.50  → -[-]  
11:57:01    NTPC         Baseline     C=399.00  → -[-]  
11:57:01    BAJAJ-AUTO   Baseline     C=9807.50  → -[-]  
11:57:01    ADANIPORTS   Baseline     C=1587.60  → -[-]  
11:57:01    HDFCLIFE     Baseline     C=609.70  → -[-]  
11:57:01    COALINDIA    Baseline     C=443.15  → -[-]  
11:57:01    ADANIENT     Baseline     C=2242.90  → -[-]  in_position
11:57:01    MARUTI       Baseline     C=13495.00  → -[-]  
11:57:01  SCAN #45 complete in 0.2s
12:00:01  SCAN #46  12:00:01  phase=ACTIVE_AM  active=True  missed=0
12:00:01  FETCH  WS  10 new bars (2 clock-flushed) in 0.023s
12:00:01    TCS          Baseline     C=2591.20  → -[-]  in_position
12:00:01    HCLTECH      Baseline     C=1439.00  → -[-]  
12:00:01    SHRIRAMFIN   Baseline     C=1044.80  → -[-]  
12:00:01    NTPC         Baseline     C=398.80  → -[-]  
12:00:01    BAJAJ-AUTO   Baseline     C=9804.00  → -[-]  
12:00:01    ADANIPORTS   Baseline     C=1587.80  → -[-]  
12:00:01    HDFCLIFE     Baseline     C=609.70  → -[-]  
12:00:01    COALINDIA    Baseline     C=442.90  → -[-]  
12:00:01    ADANIENT     Baseline     C=2243.00  → -[-]  in_position
12:00:01    MARUTI       Baseline     C=13497.00  → -[-]  
12:00:01  SCAN #46 complete in 0.2s
12:03:01  SCAN #47  12:03:01  phase=ACTIVE_AM  active=True  missed=0
12:03:01  FETCH  WS  10 new bars (1 clock-flushed) in 0.018s
12:03:01    TCS          Baseline     C=2590.00  → -[-]  in_position
12:03:01    HCLTECH      Baseline     C=1439.30  → -[-]  
12:03:01    SHRIRAMFIN   Baseline     C=1044.80  → -[-]  
12:03:01    NTPC         Baseline     C=398.30  → -[-]  
12:03:01    BAJAJ-AUTO   Baseline     C=9800.50  → -[-]  
12:03:01    ADANIPORTS   Baseline     C=1589.50  → -[-]  
12:03:01    HDFCLIFE     Baseline     C=609.65  → -[-]  
12:03:01    COALINDIA    Baseline     C=442.20  → -[-]  
12:03:01    ADANIENT     Baseline     C=2242.80  → -[-]  in_position
12:03:01    MARUTI       Baseline     C=13488.00  → -[-]  
12:03:01  SCAN #47 complete in 0.5s
12:06:01  SCAN #48  12:06:01  phase=ACTIVE_AM  active=True  missed=0
12:06:01  FETCH  WS  10 new bars (8 clock-flushed) in 0.021s
12:06:01    TCS          Baseline     C=2589.60  → -[-]  in_position
12:06:01    HCLTECH      Baseline     C=1438.90  → -[-]  
12:06:01    SHRIRAMFIN   Baseline     C=1044.45  → -[-]  
12:06:01    NTPC         Baseline     C=398.35  → -[-]  
12:06:01    BAJAJ-AUTO   Baseline     C=9794.00  → -[-]  
12:06:01    ADANIPORTS   Baseline     C=1589.90  → -[-]  
12:06:01    HDFCLIFE     Baseline     C=609.65  → -[-]  
12:06:01    COALINDIA    Baseline     C=442.35  → -[-]  
12:06:01    ADANIENT     Baseline     C=2241.40  → -[-]  in_position
12:06:01    MARUTI       Baseline     C=13476.00  → -[-]  
12:06:01  SCAN #48 complete in 0.2s
12:09:01  SCAN #49  12:09:01  phase=ACTIVE_AM  active=True  missed=0
12:09:01  FETCH  WS  10 new bars (2 clock-flushed) in 0.021s
12:09:01    TCS          Baseline     C=2590.50  → -[-]  in_position
12:09:01    HCLTECH      Baseline     C=1439.90  → -[-]  
12:09:01    SHRIRAMFIN   Baseline     C=1044.80  → -[-]  
12:09:01    NTPC         Baseline     C=398.05  → -[-]  
12:09:01    BAJAJ-AUTO   Baseline     C=9788.00  → -[-]  
12:09:01    ADANIPORTS   Baseline     C=1589.30  → -[-]  
12:09:01    HDFCLIFE     Baseline     C=609.85  → -[-]  
12:09:01    COALINDIA    Baseline     C=442.70  → -[-]  
12:09:01    ADANIENT     Baseline     C=2241.80  → -[-]  in_position
12:09:01    MARUTI       Baseline     C=13490.00  → -[-]  
12:09:01  SCAN #49 complete in 0.2s
12:12:01  SCAN #50  12:12:01  phase=ACTIVE_AM  active=True  missed=0
12:12:01  FETCH  WS  10 new bars (1 clock-flushed) in 0.018s
12:12:01    TCS          Baseline     C=2590.00  → -[-]  in_position
12:12:01    HCLTECH      Baseline     C=1439.20  → -[-]  
12:12:01    SHRIRAMFIN   Baseline     C=1045.30  → -[-]  
12:12:01    NTPC         Baseline     C=398.20  → -[-]  
12:12:01    BAJAJ-AUTO   Baseline     C=9795.00  → -[-]  
12:12:01    ADANIPORTS   Baseline     C=1589.50  → -[-]  
12:12:01    HDFCLIFE     Baseline     C=609.70  → -[-]  
12:12:01    COALINDIA    Baseline     C=442.50  → -[-]  
12:12:01    ADANIENT     Baseline     C=2241.50  → -[-]  in_position
12:12:01    MARUTI       Baseline     C=13487.00  → -[-]  
12:12:01  SCAN #50 complete in 0.3s
12:15:01  SCAN #51  12:15:01  phase=ACTIVE_AM  active=True  missed=0
12:15:01  FETCH  WS  10 new bars (1 clock-flushed) in 0.020s
12:15:01    TCS          Baseline     C=2588.80  → -[-]  in_position
12:15:01    HCLTECH      Baseline     C=1439.10  → -[-]  
12:15:01    SHRIRAMFIN   Baseline     C=1045.35  → -[-]  
12:15:01    NTPC         Baseline     C=397.80  → -[-]  
12:15:01    BAJAJ-AUTO   Baseline     C=9792.50  → -[-]  
12:15:01    ADANIPORTS   Baseline     C=1590.30  → -[-]  
12:15:01    HDFCLIFE     Baseline     C=609.50  → -[-]  
12:15:01    COALINDIA    Baseline     C=442.15  → -[-]  
12:15:01    ADANIENT     Baseline     C=2241.80  → -[-]  in_position
12:15:01    MARUTI       Baseline     C=13491.00  → -[-]  
12:15:01  SCAN #51 complete in 0.3s
12:18:01  SCAN #52  12:18:01  phase=ACTIVE_AM  active=True  missed=0
12:18:01  FETCH  WS  10 new bars (7 clock-flushed) in 0.021s
12:18:01    TCS          Baseline     C=2587.50  → -[-]  in_position
12:18:01    HCLTECH      Baseline     C=1438.50  → -[-]  
12:18:01    SHRIRAMFIN   Baseline     C=1046.75  → -[-]  
12:18:01    NTPC         Baseline     C=398.00  → -[-]  
12:18:01    BAJAJ-AUTO   Baseline     C=9793.50  → -[-]  
12:18:01    ADANIPORTS   Baseline     C=1590.00  → -[-]  
12:18:01    HDFCLIFE     Baseline     C=609.65  → -[-]  
12:18:01    COALINDIA    Baseline     C=442.35  → -[-]  
12:18:01    ADANIENT     Baseline     C=2241.90  → -[-]  in_position
12:18:01    MARUTI       Baseline     C=13492.00  → -[-]  
12:18:01  SCAN #52 complete in 0.2s
12:21:01  SCAN #53  12:21:01  phase=ACTIVE_AM  active=True  missed=0
12:21:01  FETCH  WS  10 new bars (6 clock-flushed) in 0.018s
12:21:01  BROKER EXIT  TCS          SL filled on broker — cleaning up
12:21:01  ORDER CANCELLED  order_id=260420000337999
12:21:01  BROKER EXIT P&L  TCS          SL  ₹-245.04
12:21:01    HCLTECH      Baseline     C=1438.60  → -[-]  
12:21:01    SHRIRAMFIN   Baseline     C=1046.45  → -[-]  
12:21:01    NTPC         Baseline     C=398.45  → -[-]  
12:21:01    BAJAJ-AUTO   Baseline     C=9794.00  → -[-]  
12:21:01    ADANIPORTS   Baseline     C=1590.00  → -[-]  
12:21:01    HDFCLIFE     Baseline     C=609.85  → -[-]  
12:21:01    COALINDIA    Baseline     C=442.80  → -[-]  
12:21:01    ADANIENT     Baseline     C=2243.90  → -[-]  in_position
12:21:01    MARUTI       Baseline     C=13497.00  → -[-]  
12:21:01  SCAN #53 complete in 0.5s
12:24:01  SCAN #54  12:24:01  phase=ACTIVE_AM  active=True  missed=0
12:24:01  FETCH  WS  10 new bars (2 clock-flushed) in 0.022s
12:24:01    TCS          Baseline     C=2587.60  → -[-]  
12:24:01    HCLTECH      Baseline     C=1438.00  → -[-]  
12:24:01    SHRIRAMFIN   Baseline     C=1045.05  → -[-]  
12:24:01    NTPC         Baseline     C=398.10  → -[-]  
12:24:01    BAJAJ-AUTO   Baseline     C=9797.50  → -[-]  
12:24:01    ADANIPORTS   Baseline     C=1590.90  → -[-]  
12:24:01    HDFCLIFE     Baseline     C=609.70  → -[-]  
12:24:01    COALINDIA    Baseline     C=442.70  → -[-]  
12:24:01    ADANIENT     Baseline     C=2244.50  → -[-]  in_position
12:24:01    MARUTI       Baseline     C=13492.00  → -[-]  
12:24:01  SCAN #54 complete in 0.3s
12:27:01  SCAN #55  12:27:01  phase=ACTIVE_AM  active=True  missed=0
12:27:01  FETCH  WS  10 new bars (2 clock-flushed) in 0.024s
12:27:01    TCS          Baseline     C=2590.00  → -[-]  
12:27:01    HCLTECH      Baseline     C=1438.40  → -[-]  
12:27:01    SHRIRAMFIN   Baseline     C=1045.55  → -[-]  
12:27:01    NTPC         Baseline     C=398.20  → -[-]  
12:27:01    BAJAJ-AUTO   Baseline     C=9807.00  → -[-]  
12:27:01    ADANIPORTS   Baseline     C=1593.80  → -[-]  
12:27:01    HDFCLIFE     Baseline     C=610.00  → -[-]  
12:27:01    COALINDIA    Baseline     C=442.80  → -[-]  
12:27:01    ADANIENT     Baseline     C=2245.50  → -[-]  in_position
12:27:01    MARUTI       Baseline     C=13496.00  → -[-]  
12:27:01  SCAN #55 complete in 0.2s
12:30:01  SCAN #56  12:30:01  phase=ACTIVE_AM  active=True  missed=0
12:30:01  FETCH  WS  10 new bars (9 clock-flushed) in 0.023s
12:30:01    TCS          Baseline     C=2591.00  → -[-]  
12:30:01    HCLTECH      Baseline     C=1438.80  → -[-]  
12:30:01    SHRIRAMFIN   Baseline     C=1045.50  → -[-]  
12:30:01    NTPC         Baseline     C=398.50  → -[-]  
12:30:01    BAJAJ-AUTO   Baseline     C=9801.50  → -[-]  
12:30:01    ADANIPORTS   Baseline     C=1593.00  → -[-]  
12:30:01    HDFCLIFE     Baseline     C=609.85  → -[-]  
12:30:01    COALINDIA    Baseline     C=442.85  → -[-]  
12:30:01    ADANIENT     Baseline     C=2244.60  → -[-]  in_position
12:30:01    MARUTI       Baseline     C=13500.00  → -[-]  
12:30:01  SCAN #56 complete in 0.2s
12:33:01  SCAN #57  12:33:01  phase=ACTIVE_AM  active=True  missed=0
12:33:01  FETCH  WS  10 new bars (2 clock-flushed) in 0.018s
12:33:01    TCS          Baseline     C=2592.80  → -[-]  
12:33:01    HCLTECH      Baseline     C=1438.90  → -[-]  
12:33:01    SHRIRAMFIN   Baseline     C=1045.25  → -[-]  
12:33:01    NTPC         Baseline     C=398.30  → -[-]  
12:33:01    BAJAJ-AUTO   Baseline     C=9802.50  → -[-]  
12:33:01    ADANIPORTS   Baseline     C=1593.40  → -[-]  
12:33:01    HDFCLIFE     Baseline     C=610.30  → -[-]  
12:33:01    COALINDIA    Baseline     C=442.85  → -[-]  
12:33:01    ADANIENT     Baseline     C=2243.10  → -[-]  in_position
12:33:01    MARUTI       Baseline     C=13491.00  → -[-]  
12:33:01  SCAN #57 complete in 0.1s
12:36:01  SCAN #58  12:36:01  phase=ACTIVE_AM  active=True  missed=0
12:36:01  FETCH  WS  10 new bars (9 clock-flushed) in 0.022s
12:36:01    TCS          Baseline     C=2593.90  → -[-]  
12:36:01    HCLTECH      Baseline     C=1439.90  → -[-]  
12:36:01    SHRIRAMFIN   Baseline     C=1045.15  → -[-]  
12:36:01    NTPC         Baseline     C=398.60  → -[-]  
12:36:01    BAJAJ-AUTO   Baseline     C=9808.00  → -[-]  
12:36:01    ADANIPORTS   Baseline     C=1594.50  → -[-]  
12:36:01    HDFCLIFE     Baseline     C=610.65  → -[-]  
12:36:01    COALINDIA    Baseline     C=442.65  → -[-]  
12:36:01    ADANIENT     Baseline     C=2244.80  → -[-]  in_position
12:36:01    MARUTI       Baseline     C=13492.00  → -[-]  
12:36:01  SCAN #58 complete in 0.3s
12:39:01  SCAN #59  12:39:01  phase=ACTIVE_AM  active=True  missed=0
12:39:01  FETCH  WS  10 new bars (5 clock-flushed) in 0.021s
12:39:01    TCS          Baseline     C=2593.00  → -[-]  
12:39:01    HCLTECH      Baseline     C=1439.80  → -[-]  
12:39:01    SHRIRAMFIN   Baseline     C=1045.75  → -[-]  
12:39:01    NTPC         Baseline     C=398.65  → -[-]  
12:39:01    BAJAJ-AUTO   Baseline     C=9802.00  → -[-]  
12:39:01    ADANIPORTS   Baseline     C=1594.20  → -[-]  
12:39:01    HDFCLIFE     Baseline     C=610.70  → -[-]  
12:39:01    COALINDIA    Baseline     C=442.50  → -[-]  
12:39:01    ADANIENT     Baseline     C=2245.50  → -[-]  in_position
12:39:01    MARUTI       Baseline     C=13492.00  → -[-]  
12:39:01  SCAN #59 complete in 0.2s
12:42:01  SCAN #60  12:42:01  phase=ACTIVE_AM  active=True  missed=0
12:42:01  FETCH  WS  10 new bars (0 clock-flushed) in 0.021s
12:42:01    TCS          Baseline     C=2592.20  → -[-]  
12:42:01    HCLTECH      Baseline     C=1438.50  → -[-]  
12:42:01    SHRIRAMFIN   Baseline     C=1046.55  → -[-]  
12:42:01    NTPC         Baseline     C=398.55  → -[-]  
12:42:01    BAJAJ-AUTO   Baseline     C=9822.00  → -[-]  
12:42:01    ADANIPORTS   Baseline     C=1594.40  → -[-]  
12:42:01    HDFCLIFE     Baseline     C=611.25  → -[-]  
12:42:01    COALINDIA    Baseline     C=442.55  → -[-]  
12:42:01    ADANIENT     Baseline     C=2246.60  → -[-]  in_position
12:42:01    MARUTI       Baseline     C=13500.00  → -[-]  
12:42:01  SCAN #60 complete in 0.2s
12:45:01  SCAN #61  12:45:01  phase=ACTIVE_AM  active=True  missed=0
12:45:01  FETCH  WS  10 new bars (2 clock-flushed) in 0.020s
12:45:01    TCS          Baseline     C=2592.20  → -[-]  
12:45:01    HCLTECH      Baseline     C=1438.90  → -[-]  
12:45:01    SHRIRAMFIN   Baseline     C=1046.15  → -[-]  
12:45:01    NTPC         Baseline     C=398.35  → -[-]  
12:45:01  LOW REWARD SKIP  BAJAJ-AUTO   LONG  remaining=0.32 < min=3.72 (30.0% ATR)  planned_entry=9849.50  tp=9849.82 — entry too close to TP, skipping order
12:45:02    BAJAJ-AUTO   Baseline     C=9849.00  → ★ LONG[PDL_BASE]  SL=9818.85  TP=9849.82  Qty=12  skip_low_reward(remaining=0.32,min=3.72,entry=9849.50,tp=9849.82)
12:45:02    ADANIPORTS   Baseline     C=1593.70  → -[-]  
12:45:02    HDFCLIFE     Baseline     C=611.75  → -[-]  
12:45:02    COALINDIA    Baseline     C=442.75  → -[-]  
12:45:02    ADANIENT     Baseline     C=2245.90  → -[-]  in_position
12:45:02    MARUTI       Baseline     C=13501.00  → -[-]  
12:45:02  SCAN #61 complete in 1.6s
12:48:01  SCAN #62  12:48:01  phase=ACTIVE_AM  active=True  missed=0
12:48:01  FETCH  WS  10 new bars (1 clock-flushed) in 0.021s
12:48:01    TCS          Baseline     C=2592.00  → -[-]  
12:48:01    HCLTECH      Baseline     C=1438.90  → -[-]  
12:48:01    SHRIRAMFIN   Baseline     C=1046.05  → -[-]  
12:48:01    NTPC         Baseline     C=399.75  → -[-]  
12:48:01    BAJAJ-AUTO   Baseline     C=9852.00  → -[-]  cooldown_until_13:15
12:48:01    ADANIPORTS   Baseline     C=1593.50  → -[-]  
12:48:01    HDFCLIFE     Baseline     C=612.05  → -[-]  
12:48:01    COALINDIA    Baseline     C=442.60  → -[-]  
12:48:01    ADANIENT     Baseline     C=2247.90  → -[-]  in_position
12:48:01    MARUTI       Baseline     C=13492.00  → -[-]  
12:48:01  SCAN #62 complete in 0.2s
12:51:01  SCAN #63  12:51:01  phase=ACTIVE_AM  active=True  missed=0
12:51:01  FETCH  WS  10 new bars (0 clock-flushed) in 0.022s
12:51:01    TCS          Baseline     C=2591.90  → -[-]  
12:51:01    HCLTECH      Baseline     C=1439.00  → -[-]  
12:51:01    SHRIRAMFIN   Baseline     C=1046.20  → -[-]  
12:51:01    NTPC         Baseline     C=399.60  → -[-]  
12:51:01    BAJAJ-AUTO   Baseline     C=9852.00  → -[-]  cooldown_until_13:15
12:51:01    ADANIPORTS   Baseline     C=1592.30  → -[-]  
12:51:01    HDFCLIFE     Baseline     C=611.80  → -[-]  
12:51:01    COALINDIA    Baseline     C=442.80  → -[-]  
12:51:01    ADANIENT     Baseline     C=2246.90  → -[-]  in_position
12:51:01    MARUTI       Baseline     C=13497.00  → -[-]  
12:51:01  SCAN #63 complete in 0.2s
12:54:01  SCAN #64  12:54:01  phase=ACTIVE_AM  active=True  missed=0
12:54:01  FETCH  WS  10 new bars (7 clock-flushed) in 0.022s
12:54:01    TCS          Baseline     C=2592.40  → -[-]  
12:54:01    HCLTECH      Baseline     C=1439.10  → -[-]  
12:54:01    SHRIRAMFIN   Baseline     C=1046.00  → -[-]  
12:54:01    NTPC         Baseline     C=399.60  → -[-]  
12:54:01    BAJAJ-AUTO   Baseline     C=9854.00  → -[-]  cooldown_until_13:15
12:54:01    ADANIPORTS   Baseline     C=1594.40  → -[-]  
12:54:01    HDFCLIFE     Baseline     C=612.80  → -[-]  
12:54:01    COALINDIA    Baseline     C=442.85  → -[-]  
12:54:01    ADANIENT     Baseline     C=2247.70  → -[-]  in_position
12:54:01    MARUTI       Baseline     C=13499.00  → -[-]  
12:54:01  SCAN #64 complete in 0.2s
12:57:01  SCAN #65  12:57:01  phase=ACTIVE_AM  active=True  missed=0
12:57:01  FETCH  WS  10 new bars (0 clock-flushed) in 0.021s
12:57:01    TCS          Baseline     C=2592.00  → -[-]  
12:57:01    HCLTECH      Baseline     C=1439.10  → -[-]  
12:57:01    SHRIRAMFIN   Baseline     C=1046.45  → -[-]  
12:57:01    NTPC         Baseline     C=399.75  → -[-]  
12:57:01    BAJAJ-AUTO   Baseline     C=9855.00  → -[-]  cooldown_until_13:15
12:57:01    ADANIPORTS   Baseline     C=1595.00  → -[-]  
12:57:01    HDFCLIFE     Baseline     C=612.05  → -[-]  
12:57:01    COALINDIA    Baseline     C=442.80  → -[-]  
12:57:01    ADANIENT     Baseline     C=2247.50  → -[-]  in_position
12:57:01    MARUTI       Baseline     C=13498.00  → -[-]  
12:57:01  SCAN #65 complete in 0.2s
13:00:01  SCAN #66  13:00:01  phase=ACTIVE_AM  active=True  missed=0
13:00:01  FETCH  WS  10 new bars (0 clock-flushed) in 0.022s
13:00:01    TCS          Baseline     C=2591.50  → -[-]  
13:00:01    HCLTECH      Baseline     C=1438.40  → -[-]  
13:00:01    SHRIRAMFIN   Baseline     C=1046.05  → -[-]  
13:00:01    NTPC         Baseline     C=399.70  → -[-]  
13:00:01    BAJAJ-AUTO   Baseline     C=9854.00  → -[-]  cooldown_until_13:15
13:00:01    ADANIPORTS   Baseline     C=1595.30  → -[-]  
13:00:01    HDFCLIFE     Baseline     C=611.80  → -[-]  
13:00:01    COALINDIA    Baseline     C=442.65  → -[-]  
13:00:01  BROKER EXIT  ADANIENT     TP filled on broker — cleaning up
13:00:01  ORDER CANCELLED  order_id=260420000254504
13:00:01  BROKER EXIT P&L  ADANIENT     TP  ₹+266.58
13:00:01    MARUTI       Baseline     C=13477.00  → -[-]  
13:00:01  SCAN #66 complete in 0.4s
13:18:32  WS error: Connection closed
13:18:32  WS error: Connection closed
13:18:32  WS error: Connection closed
13:18:32  WS reconnecting in 1s (attempt 1)...
13:18:33  WS connected — subscribing 10 tokens (mode=2 Quote)
13:45:33  WS connected — subscribing 10 tokens (mode=2 Quote)
13:45:40  PHASE  ACTIVE_AM → SHUTDOWN
13:45:40  ======================================================================
13:45:40  SHUTDOWN  9 signal(s), 66 scan cycles
13:45:40    SUMMARY  09:45  SHORT  BAJAJ-AUTO   Baseline     @ 9716.50  SL=9740.52  TP=9689.08
13:45:40    SUMMARY  09:45  SHORT  HDFCLIFE     Baseline     @ 605.60  SL=607.75  TP=603.44
13:45:40    SUMMARY  09:51  SHORT  HCLTECH      Baseline     @ 1428.30  SL=1432.75  TP=1425.12
13:45:40    SUMMARY  10:09   LONG  ADANIPORTS   Baseline     @ 1578.89  SL=1574.97  TP=1584.78
13:45:40    SUMMARY  10:21   LONG  SHRIRAMFIN   Baseline     @ 1039.77  SL=1037.03  TP=1043.89
13:45:40    SUMMARY  10:42   LONG  ADANIENT     Baseline     @ 2244.00  SL=2235.02  TP=2248.85
13:45:40    SUMMARY  11:12   LONG  COALINDIA    Baseline     @ 440.50  SL=439.40  TP=441.48
13:45:40    SUMMARY  11:45   LONG  TCS          Baseline     @ 2590.90  SL=2585.80  TP=2594.70
13:45:40    SUMMARY  12:45   LONG  BAJAJ-AUTO   Baseline     @ 9831.24  SL=9818.85  TP=9849.82
13:45:40  ======================================================================
13:45:41  WS feed stopped
13:45:41  WS error: Connection closed
