09:19:12  ======================================================================
09:19:12  SESSION START  Capital=15000  RR=1:1.5  Risk=1.5%  ws=True  auto_trade=True
09:19:12  Stocks: HINDUNILVR, AXISBANK, HDFCLIFE, BAJAJFINSV, JSWSTEEL, SBIN, MARUTI, TRENT, SHRIRAMFIN, TCS
09:19:12  Strategy: PDL-Only (SL=1.0x ATR)  RR=1:1.5  MaxSL/day=2
09:19:12  AUTO-TRADE: ENABLED — bracket orders will be placed via Angel One
09:19:12  Telegram: enabled
09:19:12  PHASE 1  Warm-Up — connecting to Angel One
09:19:15  API connected
09:19:16  NET  public_ip=152.57.127.20
09:19:16  NET  public_ip matched registered_ips=152.57.29.200, 152.57.127.20
09:19:16  Loading 5-day 3-min warmup data
09:19:19  WARMUP  HINDUNILVR   375 bars  API 2026-04-06→2026-04-08 15:27:00  cached
09:19:26  WARMUP  AXISBANK     375 bars  API 2026-04-06→2026-04-08 15:27:00  cached
09:19:29  WARMUP  HDFCLIFE     375 bars  API 2026-04-06→2026-04-08 15:27:00  cached
09:19:34  WARMUP  BAJAJFINSV   375 bars  API 2026-04-06→2026-04-08 15:27:00  cached
09:19:37  WARMUP  JSWSTEEL     375 bars  API 2026-04-06→2026-04-08 15:27:00  cached
09:19:41  WARMUP  SBIN         375 bars  API 2026-04-06→2026-04-08 15:27:00  cached
09:19:45  WARMUP  MARUTI       375 bars  API 2026-04-06→2026-04-08 15:27:00  cached
09:19:48  WARMUP  TRENT        375 bars  API 2026-04-06→2026-04-08 15:27:00  cached
09:19:52  WARMUP  SHRIRAMFIN   375 bars  API 2026-04-06→2026-04-08 15:27:00  cached
09:19:57  WARMUP  TCS          375 bars  API 2026-04-06→2026-04-08 15:27:00  cached
09:19:58  Checking event calendar for corporate events
09:20:03  EVENT SKIP  TCS             RESULTS: Financial Results/Dividend
09:20:03  PDL  HINDUNILVR   H=2192.80  L=2130.00
09:20:03  PDL  AXISBANK     H=1335.60  L=1300.10
09:20:03  PDL  HDFCLIFE     H=608.55  L=592.05
09:20:03  PDL  BAJAJFINSV   H=1809.00  L=1751.50
09:20:03  PDL  JSWSTEEL     H=1204.60  L=1170.00
09:20:03  PDL  SBIN         H=1077.80  L=1059.45
09:20:03  PDL  MARUTI       H=13745.00  L=13210.00
09:20:03  PDL  TRENT        H=3999.00  L=3891.80
09:20:03  PDL  SHRIRAMFIN   H=1035.45  L=975.00
09:20:03  Warm-up complete: 10 stocks loaded (1 excluded), PDL levels for 9
09:20:03  Starting WebSocket feed
09:20:08  WS connected — subscribing 9 tokens (mode=2 Quote)
09:20:08  WS feed started — 9 tokens subscribed
09:20:09  PHASE  START → SILENT
09:20:09  SCAN delay 128.4s beyond target 09:18:01
09:20:09  MISSED 1 candle(s) (idx -1→1)
09:20:09  SCAN #1  09:20:09  phase=SILENT  active=False  missed=1
09:20:09  FETCH  REST gap-fill (first scan, missed 1 candle(s))
09:20:10  GAP-FILL  JSWSTEEL     Candle fetch failed: Couldn't parse the JSON response received from the server: b'Access denied because of exceeding access rate'
09:20:14  GAP-FILL  8/9 OK in 4.8s
09:20:14  FETCH  WS  0 new bars (0 clock-flushed) in 4.839s
09:20:14    HINDUNILVR   Baseline     C=2144.00  → -[-]  inactive_phase
09:20:14    AXISBANK     Baseline     C=1319.60  → -[-]  inactive_phase
09:20:14    HDFCLIFE     Baseline     C=596.65  → -[-]  inactive_phase
09:20:14    BAJAJFINSV   Baseline     C=1778.90  → -[-]  inactive_phase
09:20:14    SBIN         Baseline     C=1063.70  → -[-]  inactive_phase
09:20:14    MARUTI       Baseline     C=13524.00  → -[-]  inactive_phase
09:20:14    TRENT        Baseline     C=3913.10  → -[-]  inactive_phase
09:20:14    SHRIRAMFIN   Baseline     C=1005.65  → -[-]  inactive_phase
09:20:14  SCAN #1 complete in 4.8s
09:21:01  SCAN #2  09:21:01  phase=SILENT  active=False  missed=0
09:21:01  FETCH  WS  9 new bars (3 clock-flushed) in 0.020s
09:21:01    HINDUNILVR   Baseline     C=2144.70  → -[-]  inactive_phase
09:21:01    AXISBANK     Baseline     C=1321.60  → -[-]  inactive_phase
09:21:01    HDFCLIFE     Baseline     C=597.80  → -[-]  inactive_phase
09:21:01    BAJAJFINSV   Baseline     C=1783.80  → -[-]  inactive_phase
09:21:01    JSWSTEEL     Baseline     C=1212.80  → LONG[PDL_BASE]  inactive_phase
09:21:01    SBIN         Baseline     C=1062.75  → -[-]  inactive_phase
09:21:01    MARUTI       Baseline     C=13554.00  → -[-]  inactive_phase
09:21:01    TRENT        Baseline     C=3927.70  → -[-]  inactive_phase
09:21:01    SHRIRAMFIN   Baseline     C=1004.95  → -[-]  inactive_phase
09:21:01  SCAN #2 complete in 0.0s
09:24:01  SCAN #3  09:24:01  phase=SILENT  active=False  missed=0
09:24:01  FETCH  WS  9 new bars (6 clock-flushed) in 0.023s
09:24:01    HINDUNILVR   Baseline     C=2147.30  → -[-]  inactive_phase
09:24:01    AXISBANK     Baseline     C=1320.00  → -[-]  inactive_phase
09:24:01    HDFCLIFE     Baseline     C=597.50  → -[-]  inactive_phase
09:24:01    BAJAJFINSV   Baseline     C=1780.90  → -[-]  inactive_phase
09:24:01    JSWSTEEL     Baseline     C=1208.40  → -[-]  inactive_phase
09:24:01    SBIN         Baseline     C=1061.40  → -[-]  inactive_phase
09:24:01    MARUTI       Baseline     C=13570.00  → -[-]  inactive_phase
09:24:01    TRENT        Baseline     C=3927.50  → -[-]  inactive_phase
09:24:01    SHRIRAMFIN   Baseline     C=1002.00  → -[-]  inactive_phase
09:24:01  SCAN #3 complete in 0.0s
09:27:01  SCAN #4  09:27:01  phase=SILENT  active=False  missed=0
09:27:01  FETCH  WS  9 new bars (3 clock-flushed) in 0.020s
09:27:01    HINDUNILVR   Baseline     C=2159.40  → -[-]  inactive_phase
09:27:01    AXISBANK     Baseline     C=1324.00  → -[-]  inactive_phase
09:27:01    HDFCLIFE     Baseline     C=598.25  → -[-]  inactive_phase
09:27:01    BAJAJFINSV   Baseline     C=1784.30  → -[-]  inactive_phase
09:27:01    JSWSTEEL     Baseline     C=1217.00  → -[-]  inactive_phase
09:27:01    SBIN         Baseline     C=1063.30  → -[-]  inactive_phase
09:27:01    MARUTI       Baseline     C=13549.00  → -[-]  inactive_phase
09:27:01    TRENT        Baseline     C=3927.00  → -[-]  inactive_phase
09:27:01    SHRIRAMFIN   Baseline     C=1007.70  → -[-]  inactive_phase
09:27:01  SCAN #4 complete in 0.0s
09:30:01  PHASE  SILENT → ACTIVE_AM
09:30:01  SCAN #5  09:30:01  phase=ACTIVE_AM  active=True  missed=0
09:30:01  FETCH  WS  9 new bars (3 clock-flushed) in 0.018s
09:30:01    HINDUNILVR   Baseline     C=2160.00  → -[-]  
09:30:01    AXISBANK     Baseline     C=1323.40  → -[-]  
09:30:01    HDFCLIFE     Baseline     C=598.90  → -[-]  
09:30:01    BAJAJFINSV   Baseline     C=1781.80  → -[-]  
09:30:01    JSWSTEEL     Baseline     C=1215.30  → -[-]  
09:30:01    SBIN         Baseline     C=1062.00  → -[-]  
09:30:01    MARUTI       Baseline     C=13573.00  → -[-]  
09:30:01    TRENT        Baseline     C=3927.90  → -[-]  
09:30:01    SHRIRAMFIN   Baseline     C=1006.20  → -[-]  
09:30:01  SCAN #5 complete in 0.0s
09:33:01  SCAN #6  09:33:01  phase=ACTIVE_AM  active=True  missed=0
09:33:01  FETCH  WS  9 new bars (4 clock-flushed) in 0.021s
09:33:01    HINDUNILVR   Baseline     C=2159.10  → -[-]  
09:33:01    AXISBANK     Baseline     C=1323.70  → -[-]  
09:33:01    HDFCLIFE     Baseline     C=596.50  → -[-]  
09:33:01    BAJAJFINSV   Baseline     C=1780.20  → -[-]  
09:33:01    JSWSTEEL     Baseline     C=1208.20  → -[-]  
09:33:01  ORDER  SBIN         SELL  qty=70  limit=1058.10  buf=0.10  SL=1062.01  TP=1054.90  sym=SBIN-EQ
09:33:02  ORDER RAW RESP  SBIN         {'status': True, 'message': 'SUCCESS', 'errorcode': '', 'data': {'script': 'SBIN-EQ', 'orderid': '260409000117700', 'uniqueorderid': '1c6db185-c95a-4481-bd12-4edefddb157d'}}
09:33:02  ORDER OK  SBIN         order_id=260409000117700
09:33:05  ORDER FILLED  SBIN         order_id=260409000117700  qty=70  avg=1058.10  in 3.3s
09:33:05  SL ORDER  SBIN         BUY  qty=70  trigger=1062.00  limit=1064.10
09:33:05  SL ORDER RAW  SBIN         {'status': True, 'message': 'SUCCESS', 'errorcode': '', 'data': {'script': 'SBIN-EQ', 'orderid': '260409000118094', 'uniqueorderid': '982f2898-ad31-49d6-895b-274efd48f9c3'}}
09:33:07  SL ORDER OK  SBIN         order_id=260409000118094  exchange=trigger pending
09:33:07  TP ORDER  SBIN         BUY  qty=70  limit=1054.90
09:33:07  TP ORDER RAW  SBIN         {'status': True, 'message': 'SUCCESS', 'errorcode': '', 'data': {'script': 'SBIN-EQ', 'orderid': '260409000118248', 'uniqueorderid': 'f24eb7ed-b24b-4bd5-a769-f88a7e779786'}}
09:33:08  TP ORDER OK  SBIN         order_id=260409000118248  exchange=open
09:33:09  SAME-BAR EXIT  SBIN         SHORT on entry bar — SL
09:33:09  ORDER CANCELLED  order_id=260409000118248
09:33:09  CANCEL TP  SBIN         order_id=260409000118248 (same-bar SL)
09:33:09    SBIN         Baseline     C=1058.20  → ★ SHORT[PDL_BASE]  SL=1062.01  TP=1054.90  Qty=70
09:33:09    MARUTI       Baseline     C=13525.00  → -[-]  
09:33:09    TRENT        Baseline     C=3912.90  → -[-]  
09:33:09    SHRIRAMFIN   Baseline     C=1005.05  → -[-]  
09:33:09  SCAN #6 complete in 8.9s
09:36:01  SCAN #7  09:36:01  phase=ACTIVE_AM  active=True  missed=0
09:36:01  FETCH  WS  9 new bars (4 clock-flushed) in 0.020s
09:36:01    HINDUNILVR   Baseline     C=2146.00  → -[-]  
09:36:01    AXISBANK     Baseline     C=1323.80  → -[-]  
09:36:01    HDFCLIFE     Baseline     C=592.65  → -[-]  
09:36:01    BAJAJFINSV   Baseline     C=1778.60  → -[-]  
09:36:01    JSWSTEEL     Baseline     C=1206.20  → -[-]  
09:36:01    SBIN         Baseline     C=1058.80  → -[-]  cooldown_until_10:03
09:36:01    MARUTI       Baseline     C=13530.00  → -[-]  
09:36:01    TRENT        Baseline     C=3901.30  → -[-]  
09:36:01    SHRIRAMFIN   Baseline     C=1005.75  → -[-]  
09:36:01  SCAN #7 complete in 0.0s
09:39:01  SCAN #8  09:39:01  phase=ACTIVE_AM  active=True  missed=0
09:39:01  FETCH  WS  9 new bars (6 clock-flushed) in 0.020s
09:39:01    HINDUNILVR   Baseline     C=2142.90  → -[-]  
09:39:01    AXISBANK     Baseline     C=1323.60  → -[-]  
09:39:01  ORDER  HDFCLIFE     SELL  qty=126  limit=591.90  buf=0.10  SL=593.63  TP=589.23  sym=HDFCLIFE-EQ
09:39:02  ORDER RAW RESP  HDFCLIFE     {'status': True, 'message': 'SUCCESS', 'errorcode': '', 'data': {'script': 'HDFCLIFE-EQ', 'orderid': '260409000142731', 'uniqueorderid': '291d9dfb-5ed0-4b76-9cf4-db6c24f6ee25'}}
09:39:02  ORDER OK  HDFCLIFE     order_id=260409000142731
09:39:02  ORDER FILLED  HDFCLIFE     order_id=260409000142731  qty=126  avg=592.00  in 0.0s
09:39:02  SL ORDER  HDFCLIFE     BUY  qty=126  trigger=593.60  limit=594.80
09:39:02  SL ORDER RAW  HDFCLIFE     {'status': True, 'message': 'SUCCESS', 'errorcode': '', 'data': {'script': 'HDFCLIFE-EQ', 'orderid': '260409000142754', 'uniqueorderid': 'feedf09d-f94f-4567-9f91-62a8dac82e85'}}
09:39:04  SL ORDER OK  HDFCLIFE     order_id=260409000142754  exchange=trigger pending
09:39:04  TP ORDER  HDFCLIFE     BUY  qty=126  limit=589.20
09:39:04  TP ORDER RAW  HDFCLIFE     {'status': True, 'message': 'SUCCESS', 'errorcode': '', 'data': {'script': 'HDFCLIFE-EQ', 'orderid': '260409000142859', 'uniqueorderid': '675d49a8-5abd-4726-a463-9bbee879814e'}}
09:39:05  TP ORDER OK  HDFCLIFE     order_id=260409000142859  exchange=open
09:39:06  SAME-BAR EXIT  HDFCLIFE     SHORT on entry bar — SL
09:39:06  ORDER CANCELLED  order_id=260409000142859
09:39:06  CANCEL TP  HDFCLIFE     order_id=260409000142859 (same-bar SL)
09:39:06    HDFCLIFE     Baseline     C=592.00  → ★ SHORT[PDL_BASE]  SL=593.63  TP=589.23  Qty=126
09:39:06    BAJAJFINSV   Baseline     C=1779.40  → -[-]  
09:39:06    JSWSTEEL     Baseline     C=1206.00  → -[-]  
09:39:06    SBIN         Baseline     C=1056.30  → -[-]  cooldown_until_10:03
09:39:06    MARUTI       Baseline     C=13532.00  → -[-]  
09:39:06    TRENT        Baseline     C=3904.00  → -[-]  
09:39:06    SHRIRAMFIN   Baseline     C=1004.60  → -[-]  
09:39:06  SCAN #8 complete in 6.0s
09:40:51  STOPPED MANUALLY  2 signal(s), 8 scans
09:40:51    SUMMARY  09:33  SHORT  SBIN         Baseline     @ 1058.10  [PDL_BASE]
09:40:51    SUMMARY  09:39  SHORT  HDFCLIFE     Baseline     @ 592.00  [PDL_BASE]
09:40:51  WS feed stopped
09:41:08  ======================================================================
09:41:08  SESSION START  Capital=15000  RR=1:1.5  Risk=1.5%  ws=True  auto_trade=True
09:41:08  Stocks: HINDUNILVR, AXISBANK, HDFCLIFE, BAJAJFINSV, JSWSTEEL, SBIN, MARUTI, TRENT, SHRIRAMFIN, TCS
09:41:08  Strategy: PDL-Only (SL=1.0x ATR)  RR=1:1.5  MaxSL/day=2
09:41:08  AUTO-TRADE: ENABLED — bracket orders will be placed via Angel One
09:41:08  Telegram: enabled
09:41:08  PHASE 1  Warm-Up — connecting to Angel One
09:41:09  API connected
09:41:09  NET  public_ip=152.57.127.20
09:41:09  NET  public_ip matched registered_ips=152.57.29.200, 152.57.127.20
09:41:09  Loading 5-day 3-min warmup data
09:41:11  WARMUP  HINDUNILVR   383 bars  API 2026-04-06→2026-04-09 09:36:00  cached
09:41:14  WARMUP  AXISBANK     383 bars  API 2026-04-06→2026-04-09 09:36:00  cached
09:41:17  WARMUP  HDFCLIFE     383 bars  API 2026-04-06→2026-04-09 09:36:00  cached
09:41:21  WARMUP  BAJAJFINSV   383 bars  API 2026-04-06→2026-04-09 09:36:00  cached
09:41:24  WARMUP  JSWSTEEL     383 bars  API 2026-04-06→2026-04-09 09:36:00  cached
09:41:28  WARMUP  SBIN         383 bars  API 2026-04-06→2026-04-09 09:36:00  cached
09:41:31  WARMUP  MARUTI       383 bars  API 2026-04-06→2026-04-09 09:36:00  cached
09:41:34  WARMUP  TRENT        383 bars  API 2026-04-06→2026-04-09 09:36:00  cached
09:41:38  WARMUP  SHRIRAMFIN   383 bars  API 2026-04-06→2026-04-09 09:36:00  cached
09:41:41  WARMUP  TCS          383 bars  API 2026-04-06→2026-04-09 09:36:00  cached
09:41:43  Checking event calendar for corporate events
09:41:43  EVENT SKIP  TCS             RESULTS: Financial Results/Dividend
09:41:43  PDL  HINDUNILVR   H=2192.80  L=2130.00
09:41:43  PDL  AXISBANK     H=1335.60  L=1300.10
09:41:43  PDL  HDFCLIFE     H=608.55  L=592.05
09:41:43  PDL  BAJAJFINSV   H=1809.00  L=1751.50
09:41:43  PDL  JSWSTEEL     H=1204.60  L=1170.00
09:41:43  PDL  SBIN         H=1077.80  L=1059.45
09:41:43  PDL  MARUTI       H=13745.00  L=13210.00
09:41:43  PDL  TRENT        H=3999.00  L=3891.80
09:41:43  PDL  SHRIRAMFIN   H=1035.45  L=975.00
09:41:43  Warm-up complete: 10 stocks loaded (1 excluded), PDL levels for 9
09:41:43  Starting WebSocket feed
09:41:44  WS connected — subscribing 9 tokens (mode=2 Quote)
09:41:44  WS feed started — 9 tokens subscribed
09:41:45  STATE RESTORED  cooldowns=2  dirs=9  sl_counts=2  sig_counts=2  positions=0  pnl=₹0.00
09:41:45  PHASE  START → ACTIVE_AM
09:41:46  SCAN delay 165.3s beyond target 09:39:01
09:41:46  MISSED 8 candle(s) (idx -1→8)
09:41:46  SCAN #1  09:41:45  phase=ACTIVE_AM  active=True  missed=8
09:41:46  FETCH  REST gap-fill (first scan, missed 8 candle(s))
09:41:49  GAP-FILL  9/9 OK in 3.1s
09:41:49  FETCH  WS  0 new bars (0 clock-flushed) in 3.063s
09:41:49  SCAN #1 complete in 3.1s
09:42:01  SCAN #2  09:42:01  phase=ACTIVE_AM  active=True  missed=0
09:42:01  FETCH  WS  9 new bars (6 clock-flushed) in 0.020s
09:42:01    HINDUNILVR   Baseline     C=2142.90  → -[-]  
09:42:01    AXISBANK     Baseline     C=1325.00  → -[-]  
09:42:01    HDFCLIFE     Baseline     C=592.15  → -[-]  cooldown_until_10:09
09:42:01    BAJAJFINSV   Baseline     C=1777.60  → -[-]  
09:42:01    JSWSTEEL     Baseline     C=1204.00  → -[-]  
09:42:01    SBIN         Baseline     C=1053.80  → -[-]  cooldown_until_10:03
09:42:01    MARUTI       Baseline     C=13502.00  → -[-]  
09:42:01  ORDER  TRENT        SELL  qty=18  limit=3888.40  buf=0.35  SL=3902.66  TP=3872.49  sym=TRENT-EQ
09:42:02  ORDER RAW RESP  TRENT        {'status': True, 'message': 'SUCCESS', 'errorcode': '', 'data': {'script': 'TRENT-EQ', 'orderid': '260409000155367', 'uniqueorderid': '857d2eba-96ce-4ef2-8e3f-d8dce90652e4'}}
09:42:02  ORDER OK  TRENT        order_id=260409000155367
09:43:02  ORDER EXPIRY  TRENT        timeout  order_id=260409000155367  elapsed=60s  filled=0
09:43:02  ORDER CANCELLED  order_id=260409000155367
09:43:02  POSITION SKIP  TRENT        entry order not filled (open) — signal logged but no open position recorded
09:43:03    TRENT        Baseline     C=3888.70  → ★ SHORT[PDL_BASE]  SL=3902.66  TP=3872.49  Qty=18  entry_not_filled(open)
09:43:03    SHRIRAMFIN   Baseline     C=1004.25  → -[-]  
09:43:03  SCAN #2 complete in 62.7s
09:45:01  SCAN #3  09:45:01  phase=ACTIVE_AM  active=True  missed=0
09:45:01  FETCH  WS  9 new bars (6 clock-flushed) in 0.021s
09:45:01    HINDUNILVR   Baseline     C=2142.50  → -[-]  
09:45:01    AXISBANK     Baseline     C=1325.10  → -[-]  
09:45:01    HDFCLIFE     Baseline     C=590.75  → -[-]  cooldown_until_10:09
09:45:01    BAJAJFINSV   Baseline     C=1778.40  → -[-]  
09:45:01  ORDER  JSWSTEEL     BUY  qty=46  limit=1206.00  buf=0.15  SL=1200.20  TP=1212.42  sym=JSWSTEEL-EQ
09:45:02  ORDER RAW RESP  JSWSTEEL     {'status': True, 'message': 'SUCCESS', 'errorcode': '', 'data': {'script': 'JSWSTEEL-EQ', 'orderid': '260409000166259', 'uniqueorderid': '4e83ab94-e159-4b96-8b2c-493eee8285b5'}}
09:45:02  ORDER OK  JSWSTEEL     order_id=260409000166259
09:45:58  ORDER FILLED  JSWSTEEL     order_id=260409000166259  qty=46  avg=1206.00  in 55.8s
09:45:58  SL ORDER  JSWSTEEL     SELL  qty=46  trigger=1200.20  limit=1197.80
09:45:58  SL ORDER RAW  JSWSTEEL     {'status': True, 'message': 'SUCCESS', 'errorcode': '', 'data': {'script': 'JSWSTEEL-EQ', 'orderid': '260409000169766', 'uniqueorderid': '9bb90622-05ef-4d56-b046-f278b86ba4e2'}}
09:45:59  SL ORDER OK  JSWSTEEL     order_id=260409000169766  exchange=trigger pending
09:45:59  TP ORDER  JSWSTEEL     SELL  qty=46  limit=1212.40
09:46:00  TP ORDER RAW  JSWSTEEL     {'status': True, 'message': 'SUCCESS', 'errorcode': '', 'data': {'script': 'JSWSTEEL-EQ', 'orderid': '260409000169900', 'uniqueorderid': 'a9132830-e056-4c4d-8f93-d49dde74defb'}}
09:46:01  TP ORDER OK  JSWSTEEL     order_id=260409000169900  exchange=open
09:46:02    JSWSTEEL     Baseline     C=1205.80  → ★ LONG[PDL_BASE]  SL=1200.20  TP=1212.42  Qty=46
09:46:02    SBIN         Baseline     C=1054.00  → -[-]  cooldown_until_10:03
09:46:02    MARUTI       Baseline     C=13501.00  → -[-]  
09:46:02    TRENT        Baseline     C=3886.90  → -[-]  cooldown_until_10:12
09:46:02    SHRIRAMFIN   Baseline     C=1008.00  → -[-]  
09:46:02  SCAN #3 complete in 61.2s
09:48:01  SCAN #4  09:48:01  phase=ACTIVE_AM  active=True  missed=0
09:48:01  FETCH  WS  9 new bars (2 clock-flushed) in 0.019s
09:48:01    HINDUNILVR   Baseline     C=2139.50  → -[-]  
09:48:01    AXISBANK     Baseline     C=1325.20  → -[-]  
09:48:01    HDFCLIFE     Baseline     C=590.55  → -[-]  cooldown_until_10:09
09:48:01    BAJAJFINSV   Baseline     C=1775.00  → -[-]  
09:48:01    JSWSTEEL     Baseline     C=1201.60  → -[-]  in_position
09:48:01    SBIN         Baseline     C=1054.00  → -[-]  cooldown_until_10:03
09:48:01    MARUTI       Baseline     C=13480.00  → -[-]  
09:48:01    TRENT        Baseline     C=3882.10  → -[-]  cooldown_until_10:12
09:48:01    SHRIRAMFIN   Baseline     C=1007.40  → -[-]  
09:48:01  SCAN #4 complete in 0.3s
09:51:01  SCAN #5  09:51:01  phase=ACTIVE_AM  active=True  missed=0
09:51:01  FETCH  WS  9 new bars (4 clock-flushed) in 0.019s
09:51:01    HINDUNILVR   Baseline     C=2138.80  → -[-]  
09:51:01    AXISBANK     Baseline     C=1323.50  → -[-]  
09:51:01    HDFCLIFE     Baseline     C=589.40  → -[-]  cooldown_until_10:09
09:51:01    BAJAJFINSV   Baseline     C=1771.40  → -[-]  
09:51:01    JSWSTEEL     Baseline     C=1204.50  → -[-]  in_position
09:51:01    SBIN         Baseline     C=1051.75  → -[-]  cooldown_until_10:03
09:51:01    MARUTI       Baseline     C=13419.00  → -[-]  
09:51:01    TRENT        Baseline     C=3868.30  → -[-]  cooldown_until_10:12
09:51:01    SHRIRAMFIN   Baseline     C=1004.80  → -[-]  
09:51:01  SCAN #5 complete in 0.3s
09:54:01  SCAN #6  09:54:01  phase=ACTIVE_AM  active=True  missed=0
09:54:01  FETCH  WS  9 new bars (9 clock-flushed) in 0.007s
09:54:01    HINDUNILVR   Baseline     C=2138.40  → -[-]  
09:54:01    AXISBANK     Baseline     C=1326.30  → -[-]  
09:54:01    HDFCLIFE     Baseline     C=588.35  → -[-]  cooldown_until_10:09
09:54:01    BAJAJFINSV   Baseline     C=1773.40  → -[-]  
09:54:01    JSWSTEEL     Baseline     C=1201.40  → -[-]  in_position
09:54:01    SBIN         Baseline     C=1053.15  → -[-]  cooldown_until_10:03
09:54:01    MARUTI       Baseline     C=13401.00  → -[-]  
09:54:01    TRENT        Baseline     C=3863.00  → -[-]  cooldown_until_10:12
09:54:01    SHRIRAMFIN   Baseline     C=1006.05  → -[-]  
09:54:01  SCAN #6 complete in 0.3s
09:56:15  STOPPED MANUALLY  2 signal(s), 6 scans
09:56:15    SUMMARY  09:42  SHORT  TRENT        Baseline     @ 3890.59  [PDL_BASE]
09:56:15    SUMMARY  09:45   LONG  JSWSTEEL     Baseline     @ 1206.00  [PDL_BASE]
09:56:16  WS feed stopped
09:56:19  ======================================================================
09:56:19  SESSION START  Capital=15000  RR=1:1.5  Risk=1.5%  ws=True  auto_trade=True
09:56:19  Stocks: HINDUNILVR, AXISBANK, HDFCLIFE, BAJAJFINSV, JSWSTEEL, SBIN, MARUTI, TRENT, SHRIRAMFIN, TCS
09:56:19  Strategy: PDL-Only (SL=1.0x ATR)  RR=1:1.5  MaxSL/day=2
09:56:19  AUTO-TRADE: ENABLED — bracket orders will be placed via Angel One
09:56:19  Telegram: enabled
09:56:19  PHASE 1  Warm-Up — connecting to Angel One
09:56:20  API connected
09:56:20  NET  public_ip=152.57.127.20
09:56:20  NET  public_ip matched registered_ips=152.57.29.200, 152.57.127.20
09:56:20  Loading 5-day 3-min warmup data
09:56:20  WARMUP  HINDUNILVR   383 bars  cache=2026-04-09
09:56:20  WARMUP  AXISBANK     383 bars  cache=2026-04-09
09:56:20  WARMUP  HDFCLIFE     383 bars  cache=2026-04-09
09:56:20  WARMUP  BAJAJFINSV   383 bars  cache=2026-04-09
09:56:20  WARMUP  JSWSTEEL     383 bars  cache=2026-04-09
09:56:20  WARMUP  SBIN         383 bars  cache=2026-04-09
09:56:20  WARMUP  MARUTI       383 bars  cache=2026-04-09
09:56:20  WARMUP  TRENT        383 bars  cache=2026-04-09
09:56:20  WARMUP  SHRIRAMFIN   383 bars  cache=2026-04-09
09:56:20  WARMUP  TCS          383 bars  cache=2026-04-09
09:56:20  Checking event calendar for corporate events
09:56:20  EVENT SKIP  TCS             RESULTS: Financial Results/Dividend
09:56:20  PDL  HINDUNILVR   H=2192.80  L=2130.00
09:56:20  PDL  AXISBANK     H=1335.60  L=1300.10
09:56:20  PDL  HDFCLIFE     H=608.55  L=592.05
09:56:20  PDL  BAJAJFINSV   H=1809.00  L=1751.50
09:56:20  PDL  JSWSTEEL     H=1204.60  L=1170.00
09:56:20  PDL  SBIN         H=1077.80  L=1059.45
09:56:20  PDL  MARUTI       H=13745.00  L=13210.00
09:56:20  PDL  TRENT        H=3999.00  L=3891.80
09:56:20  PDL  SHRIRAMFIN   H=1035.45  L=975.00
09:56:20  Warm-up complete: 10 stocks loaded (1 excluded), PDL levels for 9
09:56:20  Starting WebSocket feed
09:56:22  WS connected — subscribing 9 tokens (mode=2 Quote)
09:56:22  WS feed started — 9 tokens subscribed
09:56:23  STATE RESTORED  cooldowns=4  dirs=9  sl_counts=2  sig_counts=4  positions=1  pnl=₹0.00
09:56:23  STATE POS  JSWSTEEL     LONG  entry=1206.00  SL=1200.20  TP=1212.42  sl_oid=260409000169766  tp_oid=260409000169900
09:56:23  PHASE  START → ACTIVE_AM
09:56:23  SCAN delay 142.8s beyond target 09:54:01
09:56:23  MISSED 13 candle(s) (idx -1→13)
09:56:23  SCAN #1  09:56:23  phase=ACTIVE_AM  active=True  missed=13
09:56:23  FETCH  REST gap-fill (first scan, missed 13 candle(s))
09:56:26  GAP-FILL  9/9 OK in 3.1s
09:56:26  FETCH  WS  0 new bars (0 clock-flushed) in 3.103s
09:56:27    HINDUNILVR   Baseline     C=2141.20  → -[-]  
09:56:27    HINDUNILVR   Baseline     C=2142.50  → -[-]  
09:56:27    HINDUNILVR   Baseline     C=2139.50  → -[-]  
09:56:27    HINDUNILVR   Baseline     C=2138.80  → -[-]  
09:56:27    HINDUNILVR   Baseline     C=2138.40  → -[-]  
09:56:27    AXISBANK     Baseline     C=1325.20  → -[-]  
09:56:27    AXISBANK     Baseline     C=1325.10  → -[-]  
09:56:27    AXISBANK     Baseline     C=1325.20  → -[-]  
09:56:27    AXISBANK     Baseline     C=1323.50  → -[-]  
09:56:27    AXISBANK     Baseline     C=1326.30  → -[-]  
09:56:27    HDFCLIFE     Baseline     C=592.15  → -[-]  cooldown_until_10:09
09:56:27    HDFCLIFE     Baseline     C=590.45  → -[-]  cooldown_until_10:09
09:56:27    HDFCLIFE     Baseline     C=590.30  → -[-]  cooldown_until_10:09
09:56:27    HDFCLIFE     Baseline     C=589.40  → -[-]  cooldown_until_10:09
09:56:27    HDFCLIFE     Baseline     C=588.55  → -[-]  cooldown_until_10:09
09:56:27    BAJAJFINSV   Baseline     C=1777.90  → -[-]  
09:56:27    BAJAJFINSV   Baseline     C=1778.40  → -[-]  
09:56:27    BAJAJFINSV   Baseline     C=1775.00  → -[-]  
09:56:27    BAJAJFINSV   Baseline     C=1771.40  → -[-]  
09:56:27    BAJAJFINSV   Baseline     C=1773.40  → -[-]  
09:56:27    JSWSTEEL     Baseline     C=1204.00  → -[-]  in_position
09:56:27    JSWSTEEL     Baseline     C=1205.80  → -[-]  in_position
09:56:27    JSWSTEEL     Baseline     C=1201.60  → -[-]  in_position
09:56:27    JSWSTEEL     Baseline     C=1204.50  → -[-]  in_position
09:56:27    JSWSTEEL     Baseline     C=1201.20  → -[-]  in_position
09:56:27    SBIN         Baseline     C=1053.80  → -[-]  cooldown_until_10:03
09:56:27    SBIN         Baseline     C=1054.00  → -[-]  cooldown_until_10:03
09:56:27    SBIN         Baseline     C=1054.00  → -[-]  cooldown_until_10:03
09:56:27    SBIN         Baseline     C=1051.75  → -[-]  cooldown_until_10:03
09:56:27    SBIN         Baseline     C=1053.15  → -[-]  cooldown_until_10:03
09:56:27    MARUTI       Baseline     C=13502.00  → -[-]  
09:56:27    MARUTI       Baseline     C=13502.00  → -[-]  
09:56:27    MARUTI       Baseline     C=13480.00  → -[-]  
09:56:27    MARUTI       Baseline     C=13423.00  → -[-]  
09:56:27    MARUTI       Baseline     C=13401.00  → -[-]  
09:56:27    TRENT        Baseline     C=3890.20  → -[-]  cooldown_until_10:12
09:56:27    TRENT        Baseline     C=3886.90  → -[-]  cooldown_until_10:12
09:56:27    TRENT        Baseline     C=3882.10  → -[-]  cooldown_until_10:12
09:56:27    TRENT        Baseline     C=3868.30  → -[-]  cooldown_until_10:12
09:56:27    TRENT        Baseline     C=3863.00  → -[-]  cooldown_until_10:12
09:56:27    SHRIRAMFIN   Baseline     C=1004.25  → -[-]  
09:56:27    SHRIRAMFIN   Baseline     C=1009.55  → -[-]  
09:56:27    SHRIRAMFIN   Baseline     C=1007.40  → -[-]  
09:56:27    SHRIRAMFIN   Baseline     C=1004.20  → -[-]  
09:56:27    SHRIRAMFIN   Baseline     C=1006.00  → -[-]  
09:56:27  SCAN #1 complete in 3.4s
09:57:01  SCAN #2  09:57:01  phase=ACTIVE_AM  active=True  missed=0
09:57:01  FETCH  WS  9 new bars (5 clock-flushed) in 0.016s
09:57:01    HINDUNILVR   Baseline     C=2131.70  → -[-]  
09:57:01    AXISBANK     Baseline     C=1326.90  → -[-]  
09:57:01    HDFCLIFE     Baseline     C=588.35  → -[-]  cooldown_until_10:09
09:57:01    BAJAJFINSV   Baseline     C=1769.20  → -[-]  
09:57:01    JSWSTEEL     Baseline     C=1201.70  → -[-]  in_position
09:57:01    SBIN         Baseline     C=1052.95  → -[-]  cooldown_until_10:03
09:57:01    MARUTI       Baseline     C=13380.00  → -[-]  
09:57:01    TRENT        Baseline     C=3858.10  → -[-]  cooldown_until_10:12
09:57:01    SHRIRAMFIN   Baseline     C=1006.15  → -[-]  
09:57:01  SCAN #2 complete in 0.3s
10:00:01  SCAN #3  10:00:01  phase=ACTIVE_AM  active=True  missed=0
10:00:01  FETCH  WS  9 new bars (2 clock-flushed) in 0.020s
10:00:01    HINDUNILVR   Baseline     C=2134.00  → -[-]  
10:00:01    AXISBANK     Baseline     C=1324.90  → -[-]  
10:00:01    HDFCLIFE     Baseline     C=589.05  → -[-]  cooldown_until_10:09
10:00:01    BAJAJFINSV   Baseline     C=1768.80  → -[-]  
10:00:01    JSWSTEEL     Baseline     C=1201.60  → -[-]  in_position
10:00:01    SBIN         Baseline     C=1053.70  → -[-]  cooldown_until_10:03
10:00:01    MARUTI       Baseline     C=13365.00  → -[-]  
10:00:01    TRENT        Baseline     C=3854.30  → -[-]  cooldown_until_10:12
10:00:01    SHRIRAMFIN   Baseline     C=1005.40  → -[-]  
10:00:01  SCAN #3 complete in 0.6s
10:03:01  SCAN #4  10:03:01  phase=ACTIVE_AM  active=True  missed=0
10:03:01  FETCH  WS  9 new bars (2 clock-flushed) in 0.010s
10:03:01    HINDUNILVR   Baseline     C=2133.50  → -[-]  
10:03:01    AXISBANK     Baseline     C=1326.70  → -[-]  
10:03:01    HDFCLIFE     Baseline     C=589.85  → -[-]  cooldown_until_10:09
10:03:01    BAJAJFINSV   Baseline     C=1769.90  → -[-]  
10:03:01  BROKER EXIT  JSWSTEEL     SL filled on broker — cleaning up
10:03:01  ORDER CANCELLED  order_id=260409000169900
10:03:01  BROKER EXIT P&L  JSWSTEEL     SL  ₹-266.76
10:03:01    SBIN         Baseline     C=1054.85  → -[-]  
10:03:01    MARUTI       Baseline     C=13356.00  → -[-]  
10:03:01    TRENT        Baseline     C=3862.70  → -[-]  cooldown_until_10:12
10:03:01    SHRIRAMFIN   Baseline     C=1007.50  → -[-]  
10:03:01  SCAN #4 complete in 0.6s
10:06:01  SCAN #5  10:06:01  phase=ACTIVE_AM  active=True  missed=0
10:06:01  FETCH  WS  9 new bars (3 clock-flushed) in 0.012s
10:06:01    HINDUNILVR   Baseline     C=2135.70  → -[-]  
10:06:01    AXISBANK     Baseline     C=1327.80  → -[-]  
10:06:01    HDFCLIFE     Baseline     C=590.50  → -[-]  cooldown_until_10:09
10:06:01    BAJAJFINSV   Baseline     C=1770.90  → -[-]  
10:06:01    JSWSTEEL     Baseline     C=1210.50  → -[-]  cooldown_until_10:15
10:06:01    SBIN         Baseline     C=1055.10  → -[-]  
10:06:01    MARUTI       Baseline     C=13397.00  → -[-]  
10:06:01    TRENT        Baseline     C=3867.20  → -[-]  cooldown_until_10:12
10:06:01    SHRIRAMFIN   Baseline     C=1008.50  → -[-]  
10:06:01  SCAN #5 complete in 0.0s
10:09:01  SCAN #6  10:09:01  phase=ACTIVE_AM  active=True  missed=0
10:09:01  FETCH  WS  9 new bars (6 clock-flushed) in 0.008s
10:09:01    HINDUNILVR   Baseline     C=2136.10  → -[-]  
10:09:01    AXISBANK     Baseline     C=1327.40  → -[-]  
10:09:01    HDFCLIFE     Baseline     C=590.35  → -[-]  
10:09:01    BAJAJFINSV   Baseline     C=1773.30  → -[-]  
10:09:01    JSWSTEEL     Baseline     C=1208.70  → -[-]  cooldown_until_10:15
10:09:01    SBIN         Baseline     C=1054.90  → -[-]  
10:09:01    MARUTI       Baseline     C=13390.00  → -[-]  
10:09:01    TRENT        Baseline     C=3862.70  → -[-]  cooldown_until_10:12
10:09:01    SHRIRAMFIN   Baseline     C=1008.80  → -[-]  
10:09:01  SCAN #6 complete in 0.0s
10:12:01  SCAN #7  10:12:00  phase=ACTIVE_AM  active=True  missed=0
10:12:01  FETCH  WS  9 new bars (5 clock-flushed) in 0.023s
10:12:01    HINDUNILVR   Baseline     C=2136.20  → -[-]  
10:12:01    AXISBANK     Baseline     C=1332.40  → -[-]  
10:12:01    HDFCLIFE     Baseline     C=592.10  → -[-]  
10:12:01    BAJAJFINSV   Baseline     C=1776.10  → -[-]  
10:12:01    JSWSTEEL     Baseline     C=1210.00  → -[-]  cooldown_until_10:15
10:12:01    SBIN         Baseline     C=1057.65  → -[-]  
10:12:01    MARUTI       Baseline     C=13428.00  → -[-]  
10:12:01    TRENT        Baseline     C=3869.00  → -[-]  
10:12:01    SHRIRAMFIN   Baseline     C=1011.65  → -[-]  
10:12:01  SCAN #7 complete in 0.0s
10:15:01  SCAN #8  10:15:01  phase=ACTIVE_AM  active=True  missed=0
10:15:01  FETCH  WS  9 new bars (5 clock-flushed) in 0.018s
10:15:01    HINDUNILVR   Baseline     C=2136.60  → -[-]  
10:15:01    AXISBANK     Baseline     C=1332.50  → -[-]  
10:15:01    HDFCLIFE     Baseline     C=591.80  → -[-]  
10:15:01    BAJAJFINSV   Baseline     C=1776.20  → -[-]  
10:15:01    JSWSTEEL     Baseline     C=1207.80  → -[-]  
10:15:01    SBIN         Baseline     C=1057.00  → -[-]  
10:15:01    MARUTI       Baseline     C=13414.00  → -[-]  
10:15:01    TRENT        Baseline     C=3863.00  → -[-]  
10:15:01    SHRIRAMFIN   Baseline     C=1010.00  → -[-]  
10:15:01  SCAN #8 complete in 0.0s
10:18:01  SCAN #9  10:18:01  phase=ACTIVE_AM  active=True  missed=0
10:18:01  FETCH  WS  9 new bars (2 clock-flushed) in 0.019s
10:18:01    HINDUNILVR   Baseline     C=2137.50  → -[-]  
10:18:01    AXISBANK     Baseline     C=1332.70  → -[-]  
10:18:01    HDFCLIFE     Baseline     C=591.30  → -[-]  
10:18:01    BAJAJFINSV   Baseline     C=1777.90  → -[-]  
10:18:01    JSWSTEEL     Baseline     C=1209.00  → -[-]  
10:18:01    SBIN         Baseline     C=1056.95  → -[-]  
10:18:01    MARUTI       Baseline     C=13437.00  → -[-]  
10:18:01    TRENT        Baseline     C=3866.40  → -[-]  
10:18:01    SHRIRAMFIN   Baseline     C=1012.60  → -[-]  
10:18:01  SCAN #9 complete in 0.0s
10:21:01  SCAN #10  10:21:01  phase=ACTIVE_AM  active=True  missed=0
10:21:01  FETCH  WS  9 new bars (3 clock-flushed) in 0.019s
10:21:01    HINDUNILVR   Baseline     C=2138.70  → -[-]  
10:21:01    AXISBANK     Baseline     C=1332.00  → -[-]  
10:21:01    HDFCLIFE     Baseline     C=592.45  → -[-]  
10:21:01    BAJAJFINSV   Baseline     C=1777.40  → -[-]  
10:21:01    JSWSTEEL     Baseline     C=1206.70  → -[-]  
10:21:01    SBIN         Baseline     C=1056.40  → -[-]  
10:21:01    MARUTI       Baseline     C=13445.00  → -[-]  
10:21:01    TRENT        Baseline     C=3869.00  → -[-]  
10:21:01    SHRIRAMFIN   Baseline     C=1010.00  → -[-]  
10:21:01  SCAN #10 complete in 0.0s
10:24:01  SCAN #11  10:24:01  phase=ACTIVE_AM  active=True  missed=0
10:24:01  FETCH  WS  9 new bars (6 clock-flushed) in 0.020s
10:24:01    HINDUNILVR   Baseline     C=2138.00  → -[-]  
10:24:01    AXISBANK     Baseline     C=1333.10  → -[-]  
10:24:01    HDFCLIFE     Baseline     C=591.80  → -[-]  
10:24:01    BAJAJFINSV   Baseline     C=1776.40  → -[-]  
10:24:01    JSWSTEEL     Baseline     C=1204.20  → -[-]  
10:24:01    SBIN         Baseline     C=1055.80  → -[-]  
10:24:01    MARUTI       Baseline     C=13427.00  → -[-]  
10:24:01    TRENT        Baseline     C=3865.60  → -[-]  
10:24:01    SHRIRAMFIN   Baseline     C=1011.15  → -[-]  
10:24:01  SCAN #11 complete in 0.0s
10:27:01  SCAN #12  10:27:01  phase=ACTIVE_AM  active=True  missed=0
10:27:01  FETCH  WS  9 new bars (4 clock-flushed) in 0.019s
10:27:01    HINDUNILVR   Baseline     C=2136.70  → -[-]  
10:27:01    AXISBANK     Baseline     C=1331.60  → -[-]  
10:27:01    HDFCLIFE     Baseline     C=591.70  → -[-]  
10:27:01    BAJAJFINSV   Baseline     C=1775.70  → -[-]  
10:27:01    JSWSTEEL     Baseline     C=1201.90  → -[-]  
10:27:01    SBIN         Baseline     C=1055.65  → -[-]  
10:27:01    MARUTI       Baseline     C=13418.00  → -[-]  
10:27:01    TRENT        Baseline     C=3858.20  → -[-]  
10:27:01    SHRIRAMFIN   Baseline     C=1008.15  → -[-]  
10:27:01  SCAN #12 complete in 0.0s
10:30:01  SCAN #13  10:30:01  phase=ACTIVE_AM  active=True  missed=0
10:30:01  FETCH  WS  9 new bars (2 clock-flushed) in 0.021s
10:30:01    HINDUNILVR   Baseline     C=2139.00  → -[-]  
10:30:01    AXISBANK     Baseline     C=1332.70  → -[-]  
10:30:01    HDFCLIFE     Baseline     C=592.55  → -[-]  
10:30:01    BAJAJFINSV   Baseline     C=1777.00  → -[-]  
10:30:01    JSWSTEEL     Baseline     C=1202.20  → -[-]  
10:30:01    SBIN         Baseline     C=1057.00  → -[-]  
10:30:01    MARUTI       Baseline     C=13429.00  → -[-]  
10:30:01    TRENT        Baseline     C=3865.00  → -[-]  
10:30:01    SHRIRAMFIN   Baseline     C=1009.40  → -[-]  
10:30:01  SCAN #13 complete in 0.0s
10:33:01  SCAN #14  10:33:01  phase=ACTIVE_AM  active=True  missed=0
10:33:01  FETCH  WS  9 new bars (3 clock-flushed) in 0.018s
10:33:01    HINDUNILVR   Baseline     C=2142.30  → -[-]  
10:33:01    AXISBANK     Baseline     C=1335.30  → -[-]  
10:33:01    HDFCLIFE     Baseline     C=592.35  → -[-]  
10:33:01    BAJAJFINSV   Baseline     C=1778.40  → -[-]  
10:33:01    JSWSTEEL     Baseline     C=1202.20  → -[-]  
10:33:01    SBIN         Baseline     C=1059.20  → -[-]  
10:33:01    MARUTI       Baseline     C=13446.00  → -[-]  
10:33:01    TRENT        Baseline     C=3869.00  → -[-]  
10:33:01    SHRIRAMFIN   Baseline     C=1009.80  → -[-]  
10:33:01  SCAN #14 complete in 0.0s
10:36:01  SCAN #15  10:36:01  phase=ACTIVE_AM  active=True  missed=0
10:36:01  FETCH  WS  9 new bars (3 clock-flushed) in 0.020s
10:36:01    HINDUNILVR   Baseline     C=2143.00  → -[-]  
10:36:01  ORDER  AXISBANK     BUY  qty=56  limit=1337.90  buf=0.10  SL=1332.85  TP=1340.49  sym=AXISBANK-EQ
10:36:02  ORDER RAW RESP  AXISBANK     {'status': True, 'message': 'SUCCESS', 'errorcode': '', 'data': {'script': 'AXISBANK-EQ', 'orderid': '260409000320149', 'uniqueorderid': '25ca1af3-217b-4361-999f-9e792c16e98f'}}
10:36:02  ORDER OK  AXISBANK     order_id=260409000320149
10:36:02  ORDER FILLED  AXISBANK     order_id=260409000320149  qty=56  avg=1337.70  in 0.0s
10:36:02  SL ORDER  AXISBANK     SELL  qty=56  trigger=1332.90  limit=1330.30
10:36:02  SL ORDER RAW  AXISBANK     {'status': True, 'message': 'SUCCESS', 'errorcode': '', 'data': {'script': 'AXISBANK-EQ', 'orderid': '260409000320165', 'uniqueorderid': '3a7874f6-71c0-401c-b522-185716eaa41d'}}
10:36:03  SL ORDER OK  AXISBANK     order_id=260409000320165  exchange=trigger pending
10:36:03  TP ORDER  AXISBANK     SELL  qty=56  limit=1340.50
10:36:04  TP ORDER RAW  AXISBANK     {'status': True, 'message': 'SUCCESS', 'errorcode': '', 'data': {'script': 'AXISBANK-EQ', 'orderid': '260409000320249', 'uniqueorderid': '4268cfe9-18bf-412e-8655-37bd4af53275'}}
10:36:05  TP ORDER OK  AXISBANK     order_id=260409000320249  exchange=open
10:36:06    AXISBANK     Baseline     C=1337.80  → ★ LONG[PDL_BASE]  SL=1332.85  TP=1340.49  Qty=56
10:36:06    HDFCLIFE     Baseline     C=592.20  → -[-]  
10:36:06    BAJAJFINSV   Baseline     C=1778.90  → -[-]  
10:36:06    JSWSTEEL     Baseline     C=1205.00  → -[-]  
10:36:06    SBIN         Baseline     C=1060.25  → -[-]  
10:36:06    MARUTI       Baseline     C=13441.00  → -[-]  
10:36:06    TRENT        Baseline     C=3885.20  → -[-]  
10:36:06    SHRIRAMFIN   Baseline     C=1010.75  → -[-]  
10:36:06  SCAN #15 complete in 5.3s
10:39:01  SCAN #16  10:39:01  phase=ACTIVE_AM  active=True  missed=0
10:39:01  FETCH  WS  9 new bars (0 clock-flushed) in 0.020s
10:39:01    HINDUNILVR   Baseline     C=2140.70  → -[-]  
10:39:01    AXISBANK     Baseline     C=1333.30  → -[-]  in_position
10:39:01    HDFCLIFE     Baseline     C=591.50  → -[-]  
10:39:01    BAJAJFINSV   Baseline     C=1776.90  → -[-]  
10:39:01    JSWSTEEL     Baseline     C=1201.60  → -[-]  
10:39:01    SBIN         Baseline     C=1054.95  → -[-]  
10:39:01    MARUTI       Baseline     C=13450.00  → -[-]  
10:39:01    TRENT        Baseline     C=3878.80  → -[-]  
10:39:01    SHRIRAMFIN   Baseline     C=1009.05  → -[-]  
10:39:01  SCAN #16 complete in 0.3s
10:42:01  SCAN #17  10:42:01  phase=ACTIVE_AM  active=True  missed=0
10:42:01  FETCH  WS  9 new bars (4 clock-flushed) in 0.011s
10:42:01    HINDUNILVR   Baseline     C=2140.40  → -[-]  
10:42:01  BROKER EXIT  AXISBANK     SL filled on broker — cleaning up
10:42:01  ORDER CANCELLED  order_id=260409000320249
10:42:01  BROKER EXIT P&L  AXISBANK     SL  ₹-271.51
10:42:01    HDFCLIFE     Baseline     C=590.90  → -[-]  
10:42:01    BAJAJFINSV   Baseline     C=1776.60  → -[-]  
10:42:01    JSWSTEEL     Baseline     C=1199.90  → -[-]  
10:42:01    SBIN         Baseline     C=1054.50  → -[-]  
10:42:01    MARUTI       Baseline     C=13436.00  → -[-]  
10:42:01    TRENT        Baseline     C=3881.70  → -[-]  
10:42:01    SHRIRAMFIN   Baseline     C=1007.60  → -[-]  
10:42:01  SCAN #17 complete in 0.7s
10:45:01  SCAN #18  10:45:01  phase=ACTIVE_AM  active=True  missed=0
10:45:01  FETCH  WS  9 new bars (1 clock-flushed) in 0.009s
10:45:01    HINDUNILVR   Baseline     C=2140.80  → -[-]  
10:45:01    AXISBANK     Baseline     C=1327.90  → -[-]  cooldown_until_11:06
10:45:01    HDFCLIFE     Baseline     C=590.50  → -[-]  
10:45:01    BAJAJFINSV   Baseline     C=1774.50  → -[-]  
10:45:01    JSWSTEEL     Baseline     C=1198.40  → -[-]  
10:45:01    SBIN         Baseline     C=1051.85  → -[-]  
10:45:01    MARUTI       Baseline     C=13460.00  → -[-]  
10:45:01    TRENT        Baseline     C=3882.10  → -[-]  
10:45:01    SHRIRAMFIN   Baseline     C=1005.45  → -[-]  
10:45:01  SCAN #18 complete in 0.0s
10:48:01  SCAN #19  10:48:01  phase=ACTIVE_AM  active=True  missed=0
10:48:01  FETCH  WS  9 new bars (0 clock-flushed) in 0.009s
10:48:01    HINDUNILVR   Baseline     C=2141.50  → -[-]  
10:48:01    AXISBANK     Baseline     C=1331.30  → -[-]  cooldown_until_11:06
10:48:01    HDFCLIFE     Baseline     C=591.20  → -[-]  
10:48:01    BAJAJFINSV   Baseline     C=1774.50  → -[-]  
10:48:01    JSWSTEEL     Baseline     C=1201.30  → -[-]  
10:48:01    SBIN         Baseline     C=1053.35  → -[-]  
10:48:01    MARUTI       Baseline     C=13485.00  → -[-]  
10:48:01    TRENT        Baseline     C=3887.40  → -[-]  
10:48:01    SHRIRAMFIN   Baseline     C=1006.45  → -[-]  
10:48:01  SCAN #19 complete in 0.0s
10:51:01  SCAN #20  10:51:01  phase=ACTIVE_AM  active=True  missed=0
10:51:01  FETCH  WS  9 new bars (2 clock-flushed) in 0.021s
10:51:01    HINDUNILVR   Baseline     C=2140.00  → -[-]  
10:51:01    AXISBANK     Baseline     C=1329.70  → -[-]  cooldown_until_11:06
10:51:01    HDFCLIFE     Baseline     C=591.95  → -[-]  
10:51:01    BAJAJFINSV   Baseline     C=1773.60  → -[-]  
10:51:01    JSWSTEEL     Baseline     C=1202.30  → -[-]  
10:51:01    SBIN         Baseline     C=1053.20  → -[-]  
10:51:01    MARUTI       Baseline     C=13477.00  → -[-]  
10:51:01    TRENT        Baseline     C=3886.70  → -[-]  
10:51:01    SHRIRAMFIN   Baseline     C=1004.50  → -[-]  
10:51:01  SCAN #20 complete in 0.0s
10:54:01  SCAN #21  10:54:01  phase=ACTIVE_AM  active=True  missed=0
10:54:01  FETCH  WS  9 new bars (0 clock-flushed) in 0.013s
10:54:01    HINDUNILVR   Baseline     C=2138.40  → -[-]  
10:54:01    AXISBANK     Baseline     C=1330.00  → -[-]  cooldown_until_11:06
10:54:01    HDFCLIFE     Baseline     C=592.35  → -[-]  
10:54:01    BAJAJFINSV   Baseline     C=1773.10  → -[-]  
10:54:01    JSWSTEEL     Baseline     C=1200.50  → -[-]  
10:54:01    SBIN         Baseline     C=1052.55  → -[-]  
10:54:01    MARUTI       Baseline     C=13442.00  → -[-]  
10:54:01    TRENT        Baseline     C=3888.60  → -[-]  
10:54:01    SHRIRAMFIN   Baseline     C=1004.75  → -[-]  
10:54:01  SCAN #21 complete in 0.0s
10:57:01  SCAN #22  10:57:01  phase=ACTIVE_AM  active=True  missed=0
10:57:01  FETCH  WS  9 new bars (2 clock-flushed) in 0.020s
10:57:01    HINDUNILVR   Baseline     C=2138.30  → -[-]  
10:57:01    AXISBANK     Baseline     C=1331.70  → -[-]  cooldown_until_11:06
10:57:01    HDFCLIFE     Baseline     C=593.10  → -[-]  
10:57:01    BAJAJFINSV   Baseline     C=1775.70  → -[-]  
10:57:01    JSWSTEEL     Baseline     C=1200.60  → -[-]  
10:57:01    SBIN         Baseline     C=1052.85  → -[-]  
10:57:01    MARUTI       Baseline     C=13477.00  → -[-]  
10:57:01    TRENT        Baseline     C=3894.00  → -[-]  
10:57:01    SHRIRAMFIN   Baseline     C=1005.05  → -[-]  
10:57:01  SCAN #22 complete in 0.0s
11:00:01  SCAN #23  11:00:01  phase=ACTIVE_AM  active=True  missed=0
11:00:01  FETCH  WS  9 new bars (4 clock-flushed) in 0.020s
11:00:01    HINDUNILVR   Baseline     C=2138.20  → -[-]  
11:00:01    AXISBANK     Baseline     C=1330.70  → -[-]  cooldown_until_11:06
11:00:01    HDFCLIFE     Baseline     C=592.30  → -[-]  
11:00:01    BAJAJFINSV   Baseline     C=1775.60  → -[-]  
11:00:01    JSWSTEEL     Baseline     C=1199.90  → -[-]  
11:00:01    SBIN         Baseline     C=1053.90  → -[-]  
11:00:01    MARUTI       Baseline     C=13469.00  → -[-]  
11:00:01    TRENT        Baseline     C=3893.00  → -[-]  
11:00:01    SHRIRAMFIN   Baseline     C=1005.10  → -[-]  
11:00:01  SCAN #23 complete in 0.0s
11:03:01  SCAN #24  11:03:01  phase=ACTIVE_AM  active=True  missed=0
11:03:01  FETCH  WS  9 new bars (4 clock-flushed) in 0.021s
11:03:01    HINDUNILVR   Baseline     C=2139.80  → -[-]  
11:03:01    AXISBANK     Baseline     C=1334.30  → -[-]  cooldown_until_11:06
11:03:01    HDFCLIFE     Baseline     C=593.25  → -[-]  
11:03:01    BAJAJFINSV   Baseline     C=1776.90  → -[-]  
11:03:01    JSWSTEEL     Baseline     C=1200.40  → -[-]  
11:03:01    SBIN         Baseline     C=1054.70  → -[-]  
11:03:01    MARUTI       Baseline     C=13502.00  → -[-]  
11:03:01    TRENT        Baseline     C=3902.80  → -[-]  
11:03:01    SHRIRAMFIN   Baseline     C=1005.95  → -[-]  
11:03:01  SCAN #24 complete in 0.0s
11:06:01  SCAN #25  11:06:01  phase=ACTIVE_AM  active=True  missed=0
11:06:01  FETCH  WS  9 new bars (2 clock-flushed) in 0.022s
11:06:01    HINDUNILVR   Baseline     C=2139.50  → -[-]  
11:06:01    AXISBANK     Baseline     C=1332.70  → -[-]  
11:06:01    HDFCLIFE     Baseline     C=593.05  → -[-]  
11:06:01    BAJAJFINSV   Baseline     C=1776.20  → -[-]  
11:06:01    JSWSTEEL     Baseline     C=1204.80  → -[-]  
11:06:01    SBIN         Baseline     C=1053.50  → -[-]  
11:06:01    MARUTI       Baseline     C=13491.00  → -[-]  
11:06:01    TRENT        Baseline     C=3903.70  → -[-]  
11:06:01    SHRIRAMFIN   Baseline     C=1005.15  → -[-]  
11:06:01  SCAN #25 complete in 0.0s
11:09:01  SCAN #26  11:09:01  phase=ACTIVE_AM  active=True  missed=0
11:09:01  FETCH  WS  9 new bars (4 clock-flushed) in 0.021s
11:09:01    HINDUNILVR   Baseline     C=2140.50  → -[-]  
11:09:01    AXISBANK     Baseline     C=1333.70  → -[-]  
11:09:01    HDFCLIFE     Baseline     C=593.00  → -[-]  
11:09:01    BAJAJFINSV   Baseline     C=1780.40  → -[-]  
11:09:01    JSWSTEEL     Baseline     C=1202.00  → -[-]  
11:09:01    SBIN         Baseline     C=1053.50  → -[-]  
11:09:01    MARUTI       Baseline     C=13514.00  → -[-]  
11:09:01    TRENT        Baseline     C=3909.00  → -[-]  
11:09:01    SHRIRAMFIN   Baseline     C=1006.50  → -[-]  
11:09:01  SCAN #26 complete in 0.0s
11:12:01  SCAN #27  11:12:01  phase=ACTIVE_AM  active=True  missed=0
11:12:01  FETCH  WS  9 new bars (2 clock-flushed) in 0.018s
11:12:01    HINDUNILVR   Baseline     C=2139.60  → -[-]  
11:12:01    AXISBANK     Baseline     C=1333.30  → -[-]  
11:12:01    HDFCLIFE     Baseline     C=593.60  → -[-]  
11:12:01    BAJAJFINSV   Baseline     C=1780.20  → -[-]  
11:12:01    JSWSTEEL     Baseline     C=1202.00  → -[-]  
11:12:01    SBIN         Baseline     C=1053.25  → -[-]  
11:12:01    MARUTI       Baseline     C=13515.00  → -[-]  
11:12:01    TRENT        Baseline     C=3914.90  → -[-]  
11:12:01    SHRIRAMFIN   Baseline     C=1006.55  → -[-]  
11:12:01  SCAN #27 complete in 0.0s
11:13:49  WS connected — subscribing 9 tokens (mode=2 Quote)
11:15:01  SCAN #28  11:15:01  phase=ACTIVE_AM  active=True  missed=0
11:15:01  FETCH  WS  9 new bars (0 clock-flushed) in 0.020s
11:15:01    HINDUNILVR   Baseline     C=2139.90  → -[-]  
11:15:01    AXISBANK     Baseline     C=1330.80  → -[-]  
11:15:01    HDFCLIFE     Baseline     C=593.00  → -[-]  
11:15:01    BAJAJFINSV   Baseline     C=1777.80  → -[-]  
11:15:01    JSWSTEEL     Baseline     C=1203.20  → -[-]  
11:15:01    SBIN         Baseline     C=1052.50  → -[-]  
11:15:01    MARUTI       Baseline     C=13527.00  → -[-]  
11:15:01    TRENT        Baseline     C=3914.00  → -[-]  
11:15:01    SHRIRAMFIN   Baseline     C=1005.60  → -[-]  
11:15:01  SCAN #28 complete in 0.0s
11:18:01  SCAN #29  11:18:01  phase=ACTIVE_AM  active=True  missed=0
11:18:01  FETCH  WS  9 new bars (1 clock-flushed) in 0.010s
11:18:01    HINDUNILVR   Baseline     C=2137.30  → -[-]  
11:18:01    AXISBANK     Baseline     C=1330.10  → -[-]  
11:18:01    HDFCLIFE     Baseline     C=592.90  → -[-]  
11:18:01    BAJAJFINSV   Baseline     C=1778.40  → -[-]  
11:18:01    JSWSTEEL     Baseline     C=1201.70  → -[-]  
11:18:01    SBIN         Baseline     C=1051.75  → -[-]  
11:18:01    MARUTI       Baseline     C=13535.00  → -[-]  
11:18:01    TRENT        Baseline     C=3909.50  → -[-]  
11:18:01    SHRIRAMFIN   Baseline     C=1005.15  → -[-]  
11:18:01  SCAN #29 complete in 0.0s
11:21:01  SCAN #30  11:21:01  phase=ACTIVE_AM  active=True  missed=0
11:21:01  FETCH  WS  9 new bars (2 clock-flushed) in 0.019s
11:21:01    HINDUNILVR   Baseline     C=2138.10  → -[-]  
11:21:01    AXISBANK     Baseline     C=1329.00  → -[-]  
11:21:01    HDFCLIFE     Baseline     C=592.75  → -[-]  
11:21:01    BAJAJFINSV   Baseline     C=1777.50  → -[-]  
11:21:01    JSWSTEEL     Baseline     C=1201.40  → -[-]  
11:21:01    SBIN         Baseline     C=1049.60  → -[-]  
11:21:01    MARUTI       Baseline     C=13525.00  → -[-]  
11:21:01    TRENT        Baseline     C=3912.40  → -[-]  
11:21:01    SHRIRAMFIN   Baseline     C=1004.90  → -[-]  
11:21:01  SCAN #30 complete in 0.0s
11:24:01  SCAN #31  11:24:01  phase=ACTIVE_AM  active=True  missed=0
11:24:01  FETCH  WS  9 new bars (9 clock-flushed) in 0.020s
11:24:01    HINDUNILVR   Baseline     C=2139.30  → -[-]  
11:24:01    AXISBANK     Baseline     C=1330.40  → -[-]  
11:24:01    HDFCLIFE     Baseline     C=592.55  → -[-]  
11:24:01    BAJAJFINSV   Baseline     C=1779.00  → -[-]  
11:24:01    JSWSTEEL     Baseline     C=1202.30  → -[-]  
11:24:01    SBIN         Baseline     C=1050.35  → -[-]  
11:24:01    MARUTI       Baseline     C=13521.00  → -[-]  
11:24:01    TRENT        Baseline     C=3908.70  → -[-]  
11:24:01    SHRIRAMFIN   Baseline     C=1005.10  → -[-]  
11:24:01  SCAN #31 complete in 0.0s
11:27:01  SCAN #32  11:27:01  phase=ACTIVE_AM  active=True  missed=0
11:27:01  FETCH  WS  9 new bars (4 clock-flushed) in 0.014s
11:27:01    HINDUNILVR   Baseline     C=2140.00  → -[-]  
11:27:01    AXISBANK     Baseline     C=1330.50  → -[-]  
11:27:01    HDFCLIFE     Baseline     C=592.70  → -[-]  
11:27:01    BAJAJFINSV   Baseline     C=1781.50  → -[-]  
11:27:01    JSWSTEEL     Baseline     C=1203.40  → -[-]  
11:27:01    SBIN         Baseline     C=1051.40  → -[-]  
11:27:01    MARUTI       Baseline     C=13519.00  → -[-]  
11:27:01    TRENT        Baseline     C=3913.10  → -[-]  
11:27:01    SHRIRAMFIN   Baseline     C=1006.10  → -[-]  
11:27:01  SCAN #32 complete in 0.0s
11:30:01  SCAN #33  11:30:01  phase=ACTIVE_AM  active=True  missed=0
11:30:01  FETCH  WS  9 new bars (1 clock-flushed) in 0.019s
11:30:01    HINDUNILVR   Baseline     C=2140.30  → -[-]  
11:30:01    AXISBANK     Baseline     C=1331.00  → -[-]  
11:30:01    HDFCLIFE     Baseline     C=592.40  → -[-]  
11:30:01    BAJAJFINSV   Baseline     C=1778.00  → -[-]  
11:30:01    JSWSTEEL     Baseline     C=1200.80  → -[-]  
11:30:01    SBIN         Baseline     C=1050.00  → -[-]  
11:30:01    MARUTI       Baseline     C=13512.00  → -[-]  
11:30:01    TRENT        Baseline     C=3905.40  → -[-]  
11:30:01    SHRIRAMFIN   Baseline     C=1005.00  → -[-]  
11:30:01  SCAN #33 complete in 0.0s
11:33:01  SCAN #34  11:33:01  phase=ACTIVE_AM  active=True  missed=0
11:33:01  FETCH  WS  9 new bars (4 clock-flushed) in 0.020s
11:33:01    HINDUNILVR   Baseline     C=2146.20  → -[-]  
11:33:01    AXISBANK     Baseline     C=1331.60  → -[-]  
11:33:01    HDFCLIFE     Baseline     C=592.50  → -[-]  
11:33:01    BAJAJFINSV   Baseline     C=1780.00  → -[-]  
11:33:01    JSWSTEEL     Baseline     C=1200.60  → -[-]  
11:33:01    SBIN         Baseline     C=1051.50  → -[-]  
11:33:01    MARUTI       Baseline     C=13512.00  → -[-]  
11:33:01    TRENT        Baseline     C=3900.50  → -[-]  
11:33:01    SHRIRAMFIN   Baseline     C=1005.90  → -[-]  
11:33:01  SCAN #34 complete in 0.0s
11:36:01  SCAN #35  11:36:01  phase=ACTIVE_AM  active=True  missed=0
11:36:01  FETCH  WS  9 new bars (4 clock-flushed) in 0.018s
11:36:01    HINDUNILVR   Baseline     C=2143.00  → -[-]  
11:36:01    AXISBANK     Baseline     C=1329.10  → -[-]  
11:36:01    HDFCLIFE     Baseline     C=592.25  → -[-]  
11:36:01    BAJAJFINSV   Baseline     C=1778.60  → -[-]  
11:36:01    JSWSTEEL     Baseline     C=1200.50  → -[-]  
11:36:01    SBIN         Baseline     C=1049.60  → -[-]  
11:36:01    MARUTI       Baseline     C=13492.00  → -[-]  
11:36:01    TRENT        Baseline     C=3902.00  → -[-]  
11:36:01    SHRIRAMFIN   Baseline     C=1006.50  → -[-]  
11:36:01  SCAN #35 complete in 0.0s
11:39:01  SCAN #36  11:39:01  phase=ACTIVE_AM  active=True  missed=0
11:39:01  FETCH  WS  9 new bars (6 clock-flushed) in 0.015s
11:39:01    HINDUNILVR   Baseline     C=2142.10  → -[-]  
11:39:01    AXISBANK     Baseline     C=1329.30  → -[-]  
11:39:01    HDFCLIFE     Baseline     C=592.70  → -[-]  
11:39:01    BAJAJFINSV   Baseline     C=1778.70  → -[-]  
11:39:01    JSWSTEEL     Baseline     C=1201.20  → -[-]  
11:39:01    SBIN         Baseline     C=1049.85  → -[-]  
11:39:01    MARUTI       Baseline     C=13500.00  → -[-]  
11:39:01    TRENT        Baseline     C=3905.40  → -[-]  
11:39:01    SHRIRAMFIN   Baseline     C=1006.80  → -[-]  
11:39:01  SCAN #36 complete in 0.0s
11:42:01  SCAN #37  11:42:01  phase=ACTIVE_AM  active=True  missed=0
11:42:01  FETCH  WS  9 new bars (2 clock-flushed) in 0.017s
11:42:01    HINDUNILVR   Baseline     C=2140.00  → -[-]  
11:42:01    AXISBANK     Baseline     C=1330.40  → -[-]  
11:42:01    HDFCLIFE     Baseline     C=592.80  → -[-]  
11:42:01    BAJAJFINSV   Baseline     C=1778.90  → -[-]  
11:42:01    JSWSTEEL     Baseline     C=1201.10  → -[-]  
11:42:01    SBIN         Baseline     C=1051.10  → -[-]  
11:42:01    MARUTI       Baseline     C=13524.00  → -[-]  
11:42:01    TRENT        Baseline     C=3910.70  → -[-]  
11:42:01    SHRIRAMFIN   Baseline     C=1006.70  → -[-]  
11:42:01  SCAN #37 complete in 0.0s
11:45:01  SCAN #38  11:45:01  phase=ACTIVE_AM  active=True  missed=0
11:45:01  FETCH  WS  9 new bars (2 clock-flushed) in 0.020s
11:45:01    HINDUNILVR   Baseline     C=2139.60  → -[-]  
11:45:01    AXISBANK     Baseline     C=1329.40  → -[-]  
11:45:01    HDFCLIFE     Baseline     C=592.45  → -[-]  
11:45:01    BAJAJFINSV   Baseline     C=1779.30  → -[-]  
11:45:01    JSWSTEEL     Baseline     C=1202.00  → -[-]  
11:45:01    SBIN         Baseline     C=1050.50  → -[-]  
11:45:01    MARUTI       Baseline     C=13598.00  → -[-]  
11:45:01    TRENT        Baseline     C=3912.00  → -[-]  
11:45:01    SHRIRAMFIN   Baseline     C=1006.80  → -[-]  
11:45:01  SCAN #38 complete in 0.0s
11:48:01  SCAN #39  11:48:01  phase=ACTIVE_AM  active=True  missed=0
11:48:01  FETCH  WS  9 new bars (1 clock-flushed) in 0.022s
11:48:01    HINDUNILVR   Baseline     C=2140.00  → -[-]  
11:48:01    AXISBANK     Baseline     C=1328.90  → -[-]  
11:48:01    HDFCLIFE     Baseline     C=592.25  → -[-]  
11:48:01    BAJAJFINSV   Baseline     C=1782.40  → -[-]  
11:48:01    JSWSTEEL     Baseline     C=1201.10  → -[-]  
11:48:01    SBIN         Baseline     C=1050.45  → -[-]  
11:48:01    MARUTI       Baseline     C=13603.00  → -[-]  
11:48:01    TRENT        Baseline     C=3910.80  → -[-]  
11:48:01    SHRIRAMFIN   Baseline     C=1008.50  → -[-]  
11:48:01  SCAN #39 complete in 0.0s
11:51:01  SCAN #40  11:51:01  phase=ACTIVE_AM  active=True  missed=0
11:51:01  FETCH  WS  9 new bars (2 clock-flushed) in 0.020s
11:51:01    HINDUNILVR   Baseline     C=2140.50  → -[-]  
11:51:01    AXISBANK     Baseline     C=1328.00  → -[-]  
11:51:01    HDFCLIFE     Baseline     C=592.30  → -[-]  
11:51:01    BAJAJFINSV   Baseline     C=1782.60  → -[-]  
11:51:01    JSWSTEEL     Baseline     C=1201.70  → -[-]  
11:51:01    SBIN         Baseline     C=1051.05  → -[-]  
11:51:01    MARUTI       Baseline     C=13635.00  → -[-]  
11:51:01    TRENT        Baseline     C=3915.00  → -[-]  
11:51:01    SHRIRAMFIN   Baseline     C=1008.35  → -[-]  
11:51:01  SCAN #40 complete in 0.0s
11:54:01  SCAN #41  11:54:01  phase=ACTIVE_AM  active=True  missed=0
11:54:01  FETCH  WS  9 new bars (5 clock-flushed) in 0.018s
11:54:01    HINDUNILVR   Baseline     C=2142.50  → -[-]  
11:54:01    AXISBANK     Baseline     C=1329.80  → -[-]  
11:54:01    HDFCLIFE     Baseline     C=592.65  → -[-]  
11:54:01    BAJAJFINSV   Baseline     C=1783.80  → -[-]  
11:54:01    JSWSTEEL     Baseline     C=1204.80  → -[-]  
11:54:01    SBIN         Baseline     C=1049.80  → -[-]  
11:54:01    MARUTI       Baseline     C=13691.00  → -[-]  
11:54:01    TRENT        Baseline     C=3915.40  → -[-]  
11:54:01    SHRIRAMFIN   Baseline     C=1008.15  → -[-]  
11:54:01  SCAN #41 complete in 0.0s
11:57:01  SCAN #42  11:57:01  phase=ACTIVE_AM  active=True  missed=0
11:57:01  FETCH  WS  9 new bars (1 clock-flushed) in 0.008s
11:57:01    HINDUNILVR   Baseline     C=2144.10  → -[-]  
11:57:01    AXISBANK     Baseline     C=1329.80  → -[-]  
11:57:01    HDFCLIFE     Baseline     C=592.05  → -[-]  
11:57:01    BAJAJFINSV   Baseline     C=1781.40  → -[-]  
11:57:01    JSWSTEEL     Baseline     C=1205.00  → -[-]  
11:57:01    SBIN         Baseline     C=1049.80  → -[-]  
11:57:01    MARUTI       Baseline     C=13689.00  → -[-]  
11:57:01    TRENT        Baseline     C=3908.30  → -[-]  
11:57:01    SHRIRAMFIN   Baseline     C=1008.65  → -[-]  
11:57:01  SCAN #42 complete in 0.0s
12:00:01  SCAN #43  12:00:01  phase=ACTIVE_AM  active=True  missed=0
12:00:01  FETCH  WS  9 new bars (2 clock-flushed) in 0.019s
12:00:01    HINDUNILVR   Baseline     C=2143.40  → -[-]  
12:00:01    AXISBANK     Baseline     C=1328.80  → -[-]  
12:00:01    HDFCLIFE     Baseline     C=591.90  → -[-]  
12:00:01    BAJAJFINSV   Baseline     C=1782.70  → -[-]  
12:00:01    JSWSTEEL     Baseline     C=1203.90  → -[-]  
12:00:01    SBIN         Baseline     C=1050.90  → -[-]  
12:00:01    MARUTI       Baseline     C=13705.00  → -[-]  
12:00:01    TRENT        Baseline     C=3906.30  → -[-]  
12:00:01    SHRIRAMFIN   Baseline     C=1008.50  → -[-]  
12:00:01  SCAN #43 complete in 0.0s
12:03:01  SCAN #44  12:03:01  phase=ACTIVE_AM  active=True  missed=0
12:03:01  FETCH  WS  9 new bars (0 clock-flushed) in 0.013s
12:03:01    HINDUNILVR   Baseline     C=2140.00  → -[-]  
12:03:01    AXISBANK     Baseline     C=1326.00  → -[-]  
12:03:01    HDFCLIFE     Baseline     C=592.50  → -[-]  
12:03:01    BAJAJFINSV   Baseline     C=1784.60  → -[-]  
12:03:01    JSWSTEEL     Baseline     C=1204.30  → -[-]  
12:03:01    SBIN         Baseline     C=1050.60  → -[-]  
12:03:01    MARUTI       Baseline     C=13716.00  → -[-]  
12:03:01    TRENT        Baseline     C=3895.50  → -[-]  
12:03:01    SHRIRAMFIN   Baseline     C=1007.75  → -[-]  
12:03:01  SCAN #44 complete in 0.0s
12:06:01  SCAN #45  12:06:01  phase=ACTIVE_AM  active=True  missed=0
12:06:01  FETCH  WS  9 new bars (4 clock-flushed) in 0.019s
12:06:01    HINDUNILVR   Baseline     C=2139.70  → -[-]  
12:06:01    AXISBANK     Baseline     C=1324.70  → -[-]  
12:06:01    HDFCLIFE     Baseline     C=592.00  → -[-]  
12:06:01    BAJAJFINSV   Baseline     C=1783.20  → -[-]  
12:06:01    JSWSTEEL     Baseline     C=1205.50  → -[-]  
12:06:01    SBIN         Baseline     C=1050.00  → -[-]  
12:06:01    MARUTI       Baseline     C=13709.00  → -[-]  
12:06:01    TRENT        Baseline     C=3884.50  → -[-]  
12:06:01    SHRIRAMFIN   Baseline     C=1007.25  → -[-]  
12:06:01  SCAN #45 complete in 0.0s
12:09:01  SCAN #46  12:09:01  phase=ACTIVE_AM  active=True  missed=0
12:09:01  FETCH  WS  9 new bars (5 clock-flushed) in 0.010s
12:09:01    HINDUNILVR   Baseline     C=2141.40  → -[-]  
12:09:01    AXISBANK     Baseline     C=1324.70  → -[-]  
12:09:01    HDFCLIFE     Baseline     C=592.15  → -[-]  
12:09:01    BAJAJFINSV   Baseline     C=1787.20  → -[-]  
12:09:01    JSWSTEEL     Baseline     C=1206.00  → -[-]  
12:09:01    SBIN         Baseline     C=1050.15  → -[-]  
12:09:01    MARUTI       Baseline     C=13732.00  → -[-]  
12:09:01    TRENT        Baseline     C=3887.00  → -[-]  
12:09:01    SHRIRAMFIN   Baseline     C=1008.10  → -[-]  
12:09:01  SCAN #46 complete in 0.0s
12:12:01  SCAN #47  12:12:01  phase=ACTIVE_AM  active=True  missed=0
12:12:01  FETCH  WS  9 new bars (1 clock-flushed) in 0.020s
12:12:01    HINDUNILVR   Baseline     C=2139.60  → -[-]  
12:12:01    AXISBANK     Baseline     C=1328.40  → -[-]  
12:12:01    HDFCLIFE     Baseline     C=592.40  → -[-]  
12:12:01    BAJAJFINSV   Baseline     C=1787.80  → -[-]  
12:12:01    JSWSTEEL     Baseline     C=1204.70  → -[-]  
12:12:01    SBIN         Baseline     C=1050.35  → -[-]  
12:12:01    MARUTI       Baseline     C=13744.00  → -[-]  
12:12:01    TRENT        Baseline     C=3890.00  → -[-]  
12:12:01    SHRIRAMFIN   Baseline     C=1009.80  → -[-]  
12:12:01  SCAN #47 complete in 0.0s
12:15:01  SCAN #48  12:15:01  phase=ACTIVE_AM  active=True  missed=0
12:15:01  FETCH  WS  9 new bars (1 clock-flushed) in 0.020s
12:15:01    HINDUNILVR   Baseline     C=2137.10  → -[-]  
12:15:01    AXISBANK     Baseline     C=1328.90  → -[-]  
12:15:01    HDFCLIFE     Baseline     C=591.75  → -[-]  
12:15:01    BAJAJFINSV   Baseline     C=1787.40  → -[-]  
12:15:01    JSWSTEEL     Baseline     C=1204.00  → -[-]  
12:15:01    SBIN         Baseline     C=1049.50  → -[-]  
12:15:01    MARUTI       Baseline     C=13703.00  → -[-]  
12:15:01    TRENT        Baseline     C=3885.00  → -[-]  
12:15:01    SHRIRAMFIN   Baseline     C=1008.50  → -[-]  
12:15:01  SCAN #48 complete in 0.0s
12:18:01  SCAN #49  12:18:01  phase=ACTIVE_AM  active=True  missed=0
12:18:01  FETCH  WS  9 new bars (4 clock-flushed) in 0.014s
12:18:01    HINDUNILVR   Baseline     C=2137.80  → -[-]  
12:18:01    AXISBANK     Baseline     C=1329.20  → -[-]  
12:18:01    HDFCLIFE     Baseline     C=590.75  → -[-]  
12:18:01    BAJAJFINSV   Baseline     C=1785.70  → -[-]  
12:18:01    JSWSTEEL     Baseline     C=1204.50  → -[-]  
12:18:01    SBIN         Baseline     C=1048.85  → -[-]  
12:18:01    MARUTI       Baseline     C=13699.00  → -[-]  
12:18:01    TRENT        Baseline     C=3895.40  → -[-]  
12:18:01    SHRIRAMFIN   Baseline     C=1008.40  → -[-]  
12:18:01  SCAN #49 complete in 0.0s
12:21:01  SCAN #50  12:21:01  phase=ACTIVE_AM  active=True  missed=0
12:21:01  FETCH  WS  9 new bars (9 clock-flushed) in 0.023s
12:21:01    HINDUNILVR   Baseline     C=2135.90  → -[-]  
12:21:01    AXISBANK     Baseline     C=1329.30  → -[-]  
12:21:01    HDFCLIFE     Baseline     C=593.40  → -[-]  
12:21:01    BAJAJFINSV   Baseline     C=1784.60  → -[-]  
12:21:01    JSWSTEEL     Baseline     C=1203.80  → -[-]  
12:21:01    SBIN         Baseline     C=1047.50  → -[-]  
12:21:01    MARUTI       Baseline     C=13678.00  → -[-]  
12:21:01    TRENT        Baseline     C=3892.20  → -[-]  
12:21:01    SHRIRAMFIN   Baseline     C=1007.80  → -[-]  
12:21:01  SCAN #50 complete in 0.0s
12:24:01  SCAN #51  12:24:01  phase=ACTIVE_AM  active=True  missed=0
12:24:01  FETCH  WS  9 new bars (1 clock-flushed) in 0.020s
12:24:01    HINDUNILVR   Baseline     C=2136.70  → -[-]  
12:24:01    AXISBANK     Baseline     C=1327.20  → -[-]  
12:24:01    HDFCLIFE     Baseline     C=594.15  → -[-]  
12:24:01    BAJAJFINSV   Baseline     C=1785.10  → -[-]  
12:24:01    JSWSTEEL     Baseline     C=1203.90  → -[-]  
12:24:01    SBIN         Baseline     C=1047.10  → -[-]  
12:24:01    MARUTI       Baseline     C=13664.00  → -[-]  
12:24:01    TRENT        Baseline     C=3893.70  → -[-]  
12:24:01    SHRIRAMFIN   Baseline     C=1007.85  → -[-]  
12:24:01  SCAN #51 complete in 0.0s
12:27:01  SCAN #52  12:27:01  phase=ACTIVE_AM  active=True  missed=0
12:27:01  FETCH  WS  9 new bars (2 clock-flushed) in 0.008s
12:27:01    HINDUNILVR   Baseline     C=2136.30  → -[-]  
12:27:01    AXISBANK     Baseline     C=1325.60  → -[-]  
12:27:01    HDFCLIFE     Baseline     C=593.85  → -[-]  
12:27:01    BAJAJFINSV   Baseline     C=1784.20  → -[-]  
12:27:01    JSWSTEEL     Baseline     C=1203.50  → -[-]  
12:27:01    SBIN         Baseline     C=1045.65  → -[-]  
12:27:01    MARUTI       Baseline     C=13660.00  → -[-]  
12:27:01    TRENT        Baseline     C=3895.00  → -[-]  
12:27:01    SHRIRAMFIN   Baseline     C=1006.85  → -[-]  
12:27:01  SCAN #52 complete in 0.0s
12:30:01  SCAN #53  12:30:01  phase=ACTIVE_AM  active=True  missed=0
12:30:01  FETCH  WS  9 new bars (1 clock-flushed) in 0.009s
12:30:01    HINDUNILVR   Baseline     C=2138.30  → -[-]  
12:30:01    AXISBANK     Baseline     C=1326.00  → -[-]  
12:30:01    HDFCLIFE     Baseline     C=595.20  → -[-]  
12:30:01    BAJAJFINSV   Baseline     C=1785.10  → -[-]  
12:30:01    JSWSTEEL     Baseline     C=1204.40  → -[-]  
12:30:01    SBIN         Baseline     C=1047.20  → -[-]  
12:30:01    MARUTI       Baseline     C=13657.00  → -[-]  
12:30:01    TRENT        Baseline     C=3893.10  → -[-]  
12:30:01    SHRIRAMFIN   Baseline     C=1006.85  → -[-]  
12:30:01  SCAN #53 complete in 0.0s
12:33:01  SCAN #54  12:33:01  phase=ACTIVE_AM  active=True  missed=0
12:33:01  FETCH  WS  9 new bars (2 clock-flushed) in 0.021s
12:33:01    HINDUNILVR   Baseline     C=2138.40  → -[-]  
12:33:01    AXISBANK     Baseline     C=1325.70  → -[-]  
12:33:01    HDFCLIFE     Baseline     C=594.70  → -[-]  
12:33:01    BAJAJFINSV   Baseline     C=1785.30  → -[-]  
12:33:01    JSWSTEEL     Baseline     C=1206.00  → -[-]  
12:33:01    SBIN         Baseline     C=1049.00  → -[-]  
12:33:01    MARUTI       Baseline     C=13680.00  → -[-]  
12:33:01    TRENT        Baseline     C=3900.30  → -[-]  
12:33:01    SHRIRAMFIN   Baseline     C=1007.15  → -[-]  
12:33:01  SCAN #54 complete in 0.0s
12:36:01  SCAN #55  12:36:01  phase=ACTIVE_AM  active=True  missed=0
12:36:01  FETCH  WS  9 new bars (0 clock-flushed) in 0.018s
12:36:01    HINDUNILVR   Baseline     C=2135.90  → -[-]  
12:36:01    AXISBANK     Baseline     C=1324.40  → -[-]  
12:36:01    HDFCLIFE     Baseline     C=594.90  → -[-]  
12:36:01    BAJAJFINSV   Baseline     C=1784.50  → -[-]  
12:36:01    JSWSTEEL     Baseline     C=1205.50  → -[-]  
12:36:01    SBIN         Baseline     C=1048.75  → -[-]  
12:36:01    MARUTI       Baseline     C=13695.00  → -[-]  
12:36:01    TRENT        Baseline     C=3895.90  → -[-]  
12:36:01    SHRIRAMFIN   Baseline     C=1006.50  → -[-]  
12:36:01  SCAN #55 complete in 0.0s
12:39:01  SCAN #56  12:39:01  phase=ACTIVE_AM  active=True  missed=0
12:39:01  FETCH  WS  9 new bars (5 clock-flushed) in 0.020s
12:39:01    HINDUNILVR   Baseline     C=2134.20  → -[-]  
12:39:01    AXISBANK     Baseline     C=1322.60  → -[-]  
12:39:01    HDFCLIFE     Baseline     C=593.60  → -[-]  
12:39:01    BAJAJFINSV   Baseline     C=1781.00  → -[-]  
12:39:01    JSWSTEEL     Baseline     C=1204.80  → -[-]  
12:39:01    SBIN         Baseline     C=1046.90  → -[-]  
12:39:01    MARUTI       Baseline     C=13720.00  → -[-]  
12:39:01    TRENT        Baseline     C=3892.50  → -[-]  
12:39:01    SHRIRAMFIN   Baseline     C=1005.40  → -[-]  
12:39:01  SCAN #56 complete in 0.0s
12:42:01  SCAN #57  12:42:01  phase=ACTIVE_AM  active=True  missed=0
12:42:01  FETCH  WS  9 new bars (0 clock-flushed) in 0.019s
12:42:01    HINDUNILVR   Baseline     C=2130.50  → -[-]  
12:42:01    AXISBANK     Baseline     C=1324.00  → -[-]  
12:42:01    HDFCLIFE     Baseline     C=593.95  → -[-]  
12:42:01    BAJAJFINSV   Baseline     C=1782.30  → -[-]  
12:42:01    JSWSTEEL     Baseline     C=1204.70  → -[-]  
12:42:01    SBIN         Baseline     C=1047.60  → -[-]  
12:42:01    MARUTI       Baseline     C=13722.00  → -[-]  
12:42:01    TRENT        Baseline     C=3893.00  → -[-]  
12:42:01    SHRIRAMFIN   Baseline     C=1006.00  → -[-]  
12:42:01  SCAN #57 complete in 0.0s
12:45:01  SCAN #58  12:45:01  phase=ACTIVE_AM  active=True  missed=0
12:45:01  FETCH  WS  9 new bars (8 clock-flushed) in 0.020s
12:45:01  ORDER  HINDUNILVR   SELL  qty=35  limit=2129.70  buf=0.10  SL=2132.41  TP=2125.71  sym=HINDUNILVR-EQ
12:45:02  ORDER RAW RESP  HINDUNILVR   {'status': True, 'message': 'SUCCESS', 'errorcode': '', 'data': {'script': 'HINDUNILVR-EQ', 'orderid': '260409000555410', 'uniqueorderid': '9b259996-a2f9-42df-89c1-f60f28fe98ac'}}
12:45:02  ORDER OK  HINDUNILVR   order_id=260409000555410
12:45:09  ORDER FILLED  HINDUNILVR   order_id=260409000555410  qty=35  avg=2129.70  in 6.6s
12:45:09  SL ORDER  HINDUNILVR   BUY  qty=35  trigger=2132.40  limit=2136.70
12:45:09  SL ORDER RAW  HINDUNILVR   {'status': True, 'message': 'SUCCESS', 'errorcode': '', 'data': {'script': 'HINDUNILVR-EQ', 'orderid': '260409000555621', 'uniqueorderid': '985291fc-9a43-4554-aa26-7184fafa4a92'}}
12:45:10  SL ORDER OK  HINDUNILVR   order_id=260409000555621  exchange=trigger pending
12:45:10  TP ORDER  HINDUNILVR   BUY  qty=35  limit=2125.70
12:45:11  TP ORDER RAW  HINDUNILVR   {'status': True, 'message': 'SUCCESS', 'errorcode': '', 'data': {'script': 'HINDUNILVR-EQ', 'orderid': '260409000555662', 'uniqueorderid': 'fa660a7e-2ced-4a52-807d-281a904cf522'}}
12:45:12  TP ORDER OK  HINDUNILVR   order_id=260409000555662  exchange=open
12:45:13    HINDUNILVR   Baseline     C=2129.80  → ★ SHORT[PDL_BASE]  SL=2132.41  TP=2125.71  Qty=35
12:45:13    AXISBANK     Baseline     C=1322.90  → -[-]  
12:45:13    HDFCLIFE     Baseline     C=593.65  → -[-]  
12:45:13    BAJAJFINSV   Baseline     C=1780.80  → -[-]  
12:45:13    JSWSTEEL     Baseline     C=1204.00  → -[-]  
12:45:13    SBIN         Baseline     C=1047.35  → -[-]  
12:45:13    MARUTI       Baseline     C=13709.00  → -[-]  
12:45:13    TRENT        Baseline     C=3888.90  → -[-]  
12:45:13    SHRIRAMFIN   Baseline     C=1004.75  → -[-]  
12:45:13  SCAN #58 complete in 12.5s
12:48:01  SCAN #59  12:48:01  phase=ACTIVE_AM  active=True  missed=0
12:48:01  FETCH  WS  9 new bars (0 clock-flushed) in 0.013s
12:48:01  BROKER EXIT  HINDUNILVR   TP filled on broker — cleaning up
12:48:01  ORDER CANCELLED  order_id=260409000555621
12:48:01  BROKER EXIT P&L  HINDUNILVR   TP  ₹+139.50
12:48:01    AXISBANK     Baseline     C=1320.80  → -[-]  
12:48:01    HDFCLIFE     Baseline     C=591.60  → -[-]  
12:48:01    BAJAJFINSV   Baseline     C=1778.50  → -[-]  
12:48:01    JSWSTEEL     Baseline     C=1206.10  → -[-]  
12:48:01    SBIN         Baseline     C=1045.80  → -[-]  
12:48:01    MARUTI       Baseline     C=13671.00  → -[-]  
12:48:01    TRENT        Baseline     C=3878.40  → -[-]  
12:48:01    SHRIRAMFIN   Baseline     C=1003.95  → -[-]  
12:48:01  SCAN #59 complete in 0.6s
12:51:01  SCAN #60  12:51:01  phase=ACTIVE_AM  active=True  missed=0
12:51:01  FETCH  WS  9 new bars (3 clock-flushed) in 0.021s
12:51:01    HINDUNILVR   Baseline     C=2124.50  → -[-]  cooldown_until_13:15
12:51:01    AXISBANK     Baseline     C=1322.40  → -[-]  
12:51:01    HDFCLIFE     Baseline     C=591.15  → -[-]  
12:51:01    BAJAJFINSV   Baseline     C=1778.30  → -[-]  
12:51:01    JSWSTEEL     Baseline     C=1209.40  → -[-]  
12:51:01    SBIN         Baseline     C=1044.00  → -[-]  
12:51:01    MARUTI       Baseline     C=13670.00  → -[-]  
12:51:01    TRENT        Baseline     C=3878.30  → -[-]  
12:51:01    SHRIRAMFIN   Baseline     C=1001.85  → -[-]  
12:51:01  SCAN #60 complete in 0.0s
12:54:01  SCAN #61  12:54:01  phase=ACTIVE_AM  active=True  missed=0
12:54:01  FETCH  WS  9 new bars (2 clock-flushed) in 0.022s
12:54:01    HINDUNILVR   Baseline     C=2124.50  → -[-]  cooldown_until_13:15
12:54:01    AXISBANK     Baseline     C=1324.90  → -[-]  
12:54:01    HDFCLIFE     Baseline     C=591.40  → -[-]  
12:54:01    BAJAJFINSV   Baseline     C=1776.80  → -[-]  
12:54:01    JSWSTEEL     Baseline     C=1210.60  → -[-]  
12:54:01    SBIN         Baseline     C=1044.80  → -[-]  
12:54:01    MARUTI       Baseline     C=13670.00  → -[-]  
12:54:01    TRENT        Baseline     C=3884.30  → -[-]  
12:54:01    SHRIRAMFIN   Baseline     C=1003.60  → -[-]  
12:54:01  SCAN #61 complete in 0.0s
12:57:01  SCAN #62  12:57:01  phase=ACTIVE_AM  active=True  missed=0
12:57:01  FETCH  WS  9 new bars (6 clock-flushed) in 0.019s
12:57:01    HINDUNILVR   Baseline     C=2123.10  → -[-]  cooldown_until_13:15
12:57:01    AXISBANK     Baseline     C=1324.40  → -[-]  
12:57:01    HDFCLIFE     Baseline     C=591.10  → -[-]  
12:57:01    BAJAJFINSV   Baseline     C=1777.30  → -[-]  
12:57:01    JSWSTEEL     Baseline     C=1211.40  → -[-]  
12:57:01    SBIN         Baseline     C=1042.40  → -[-]  
12:57:01    MARUTI       Baseline     C=13682.00  → -[-]  
12:57:01    TRENT        Baseline     C=3886.60  → -[-]  
12:57:01    SHRIRAMFIN   Baseline     C=1002.05  → -[-]  
12:57:01  SCAN #62 complete in 0.0s
13:00:01  SCAN #63  13:00:01  phase=ACTIVE_AM  active=True  missed=0
13:00:01  FETCH  WS  9 new bars (5 clock-flushed) in 0.021s
13:00:01    HINDUNILVR   Baseline     C=2123.70  → -[-]  cooldown_until_13:15
13:00:01    AXISBANK     Baseline     C=1322.50  → -[-]  
13:00:01    HDFCLIFE     Baseline     C=591.00  → -[-]  
13:00:01    BAJAJFINSV   Baseline     C=1776.80  → -[-]  
13:00:01    JSWSTEEL     Baseline     C=1213.10  → -[-]  
13:00:01    SBIN         Baseline     C=1042.55  → -[-]  
13:00:01    MARUTI       Baseline     C=13665.00  → -[-]  
13:00:01    TRENT        Baseline     C=3884.50  → -[-]  
13:00:01    SHRIRAMFIN   Baseline     C=1002.10  → -[-]  
13:00:01  SCAN #63 complete in 0.0s
13:03:01  SCAN #64  13:03:01  phase=ACTIVE_AM  active=True  missed=0
13:03:01  FETCH  WS  9 new bars (5 clock-flushed) in 0.018s
13:03:01    HINDUNILVR   Baseline     C=2125.00  → -[-]  cooldown_until_13:15
13:03:01    AXISBANK     Baseline     C=1322.40  → -[-]  
13:03:01    HDFCLIFE     Baseline     C=589.65  → -[-]  
13:03:01    BAJAJFINSV   Baseline     C=1776.90  → -[-]  
13:03:01    JSWSTEEL     Baseline     C=1209.70  → -[-]  
13:03:01    SBIN         Baseline     C=1042.30  → -[-]  
13:03:01    MARUTI       Baseline     C=13680.00  → -[-]  
13:03:01    TRENT        Baseline     C=3886.00  → -[-]  
13:03:01    SHRIRAMFIN   Baseline     C=1000.25  → -[-]  
13:03:01  SCAN #64 complete in 0.0s
13:06:01  SCAN #65  13:06:01  phase=ACTIVE_AM  active=True  missed=0
13:06:01  FETCH  WS  9 new bars (1 clock-flushed) in 0.021s
13:06:01    HINDUNILVR   Baseline     C=2125.00  → -[-]  cooldown_until_13:15
13:06:01    AXISBANK     Baseline     C=1322.60  → -[-]  
13:06:01    HDFCLIFE     Baseline     C=589.15  → -[-]  
13:06:01    BAJAJFINSV   Baseline     C=1777.70  → -[-]  
13:06:01    JSWSTEEL     Baseline     C=1209.30  → -[-]  
13:06:01    SBIN         Baseline     C=1041.50  → -[-]  
13:06:01    MARUTI       Baseline     C=13707.00  → -[-]  
13:06:01    TRENT        Baseline     C=3888.90  → -[-]  
13:06:01    SHRIRAMFIN   Baseline     C=1000.00  → -[-]  
13:06:01  SCAN #65 complete in 0.0s
13:09:01  SCAN #66  13:09:01  phase=ACTIVE_AM  active=True  missed=0
13:09:01  FETCH  WS  9 new bars (1 clock-flushed) in 0.016s
13:09:01    HINDUNILVR   Baseline     C=2128.10  → -[-]  cooldown_until_13:15
13:09:01    AXISBANK     Baseline     C=1321.20  → -[-]  
13:09:01    HDFCLIFE     Baseline     C=589.85  → -[-]  
13:09:01    BAJAJFINSV   Baseline     C=1777.50  → -[-]  
13:09:01    JSWSTEEL     Baseline     C=1210.20  → -[-]  
13:09:01    SBIN         Baseline     C=1042.90  → -[-]  
13:09:01    MARUTI       Baseline     C=13711.00  → -[-]  
13:09:01    TRENT        Baseline     C=3890.40  → -[-]  
13:09:01    SHRIRAMFIN   Baseline     C=1000.00  → -[-]  
13:09:01  SCAN #66 complete in 0.0s
13:12:01  SCAN #67  13:12:01  phase=ACTIVE_AM  active=True  missed=0
13:12:01  FETCH  WS  9 new bars (4 clock-flushed) in 0.016s
13:12:01    HINDUNILVR   Baseline     C=2125.50  → -[-]  cooldown_until_13:15
13:12:01    AXISBANK     Baseline     C=1321.00  → -[-]  
13:12:01    HDFCLIFE     Baseline     C=588.55  → -[-]  
13:12:01    BAJAJFINSV   Baseline     C=1776.80  → -[-]  
13:12:01    JSWSTEEL     Baseline     C=1209.90  → -[-]  
13:12:01    SBIN         Baseline     C=1041.55  → -[-]  
13:12:01    MARUTI       Baseline     C=13704.00  → -[-]  
13:12:01    TRENT        Baseline     C=3882.50  → -[-]  
13:12:01    SHRIRAMFIN   Baseline     C=1000.50  → -[-]  
13:12:01  SCAN #67 complete in 0.0s
13:15:01  SCAN #68  13:15:01  phase=ACTIVE_AM  active=True  missed=0
13:15:01  FETCH  WS  9 new bars (7 clock-flushed) in 0.015s
13:15:01    HINDUNILVR   Baseline     C=2123.30  → -[-]  
13:15:01    AXISBANK     Baseline     C=1322.10  → -[-]  
13:15:01    HDFCLIFE     Baseline     C=588.45  → -[-]  
13:15:01    BAJAJFINSV   Baseline     C=1775.00  → -[-]  
13:15:01    JSWSTEEL     Baseline     C=1209.40  → -[-]  
13:15:01    SBIN         Baseline     C=1041.75  → -[-]  
13:15:01    MARUTI       Baseline     C=13701.00  → -[-]  
13:15:01    TRENT        Baseline     C=3885.50  → -[-]  
13:15:01    SHRIRAMFIN   Baseline     C=998.70  → -[-]  
13:15:01  SCAN #68 complete in 0.0s
13:18:01  SCAN #69  13:18:01  phase=ACTIVE_AM  active=True  missed=0
13:18:01  FETCH  WS  9 new bars (2 clock-flushed) in 0.021s
13:18:01    HINDUNILVR   Baseline     C=2122.20  → -[-]  
13:18:01    AXISBANK     Baseline     C=1322.30  → -[-]  
13:18:01    HDFCLIFE     Baseline     C=587.70  → -[-]  
13:18:01    BAJAJFINSV   Baseline     C=1777.80  → -[-]  
13:18:01    JSWSTEEL     Baseline     C=1208.40  → -[-]  
13:18:01    SBIN         Baseline     C=1041.10  → -[-]  
13:18:01    MARUTI       Baseline     C=13676.00  → -[-]  
13:18:01    TRENT        Baseline     C=3878.90  → -[-]  
13:18:01    SHRIRAMFIN   Baseline     C=995.50  → -[-]  
13:18:01  SCAN #69 complete in 0.0s
13:21:01  SCAN #70  13:21:01  phase=ACTIVE_AM  active=True  missed=0
13:21:01  FETCH  WS  9 new bars (6 clock-flushed) in 0.020s
13:21:01    HINDUNILVR   Baseline     C=2118.50  → -[-]  
13:21:01    AXISBANK     Baseline     C=1321.70  → -[-]  
13:21:01    HDFCLIFE     Baseline     C=587.25  → -[-]  
13:21:01    BAJAJFINSV   Baseline     C=1771.70  → -[-]  
13:21:01    JSWSTEEL     Baseline     C=1208.30  → -[-]  
13:21:01    SBIN         Baseline     C=1039.90  → -[-]  
13:21:01    MARUTI       Baseline     C=13684.00  → -[-]  
13:21:01    TRENT        Baseline     C=3877.80  → -[-]  
13:21:01    SHRIRAMFIN   Baseline     C=995.20  → -[-]  
13:21:01  SCAN #70 complete in 0.0s
13:24:01  SCAN #71  13:24:01  phase=ACTIVE_AM  active=True  missed=0
13:24:01  FETCH  WS  9 new bars (1 clock-flushed) in 0.019s
13:24:01    HINDUNILVR   Baseline     C=2118.80  → -[-]  
13:24:01    AXISBANK     Baseline     C=1324.20  → -[-]  
13:24:01    HDFCLIFE     Baseline     C=586.65  → -[-]  
13:24:01    BAJAJFINSV   Baseline     C=1772.00  → -[-]  
13:24:01    JSWSTEEL     Baseline     C=1209.00  → -[-]  
13:24:01    SBIN         Baseline     C=1040.80  → -[-]  
13:24:01    MARUTI       Baseline     C=13676.00  → -[-]  
13:24:01    TRENT        Baseline     C=3870.30  → -[-]  
13:24:01    SHRIRAMFIN   Baseline     C=994.20  → -[-]  
13:24:01  SCAN #71 complete in 0.0s
13:27:01  SCAN #72  13:27:01  phase=ACTIVE_AM  active=True  missed=0
13:27:01  FETCH  WS  9 new bars (2 clock-flushed) in 0.020s
13:27:01    HINDUNILVR   Baseline     C=2118.90  → -[-]  
13:27:01    AXISBANK     Baseline     C=1324.20  → -[-]  
13:27:01    HDFCLIFE     Baseline     C=586.50  → -[-]  
13:27:01    BAJAJFINSV   Baseline     C=1773.20  → -[-]  
13:27:01    JSWSTEEL     Baseline     C=1210.00  → -[-]  
13:27:01    SBIN         Baseline     C=1040.65  → -[-]  
13:27:01    MARUTI       Baseline     C=13672.00  → -[-]  
13:27:01    TRENT        Baseline     C=3870.00  → -[-]  
13:27:01    SHRIRAMFIN   Baseline     C=995.25  → -[-]  
13:27:01  SCAN #72 complete in 0.0s
13:30:01  SCAN #73  13:30:01  phase=ACTIVE_AM  active=True  missed=0
13:30:01  FETCH  WS  9 new bars (3 clock-flushed) in 0.021s
13:30:01    HINDUNILVR   Baseline     C=2116.40  → -[-]  
13:30:01    AXISBANK     Baseline     C=1322.20  → -[-]  
13:30:01    HDFCLIFE     Baseline     C=586.25  → -[-]  
13:30:01    BAJAJFINSV   Baseline     C=1768.30  → -[-]  
13:30:01    JSWSTEEL     Baseline     C=1209.50  → -[-]  
13:30:01    SBIN         Baseline     C=1040.60  → -[-]  
13:30:01    MARUTI       Baseline     C=13636.00  → -[-]  
13:30:01    TRENT        Baseline     C=3868.50  → -[-]  
13:30:01    SHRIRAMFIN   Baseline     C=994.50  → -[-]  
13:30:01  SCAN #73 complete in 0.0s
13:33:01  SCAN #74  13:33:01  phase=ACTIVE_AM  active=True  missed=0
13:33:01  FETCH  WS  9 new bars (5 clock-flushed) in 0.019s
13:33:01    HINDUNILVR   Baseline     C=2116.70  → -[-]  
13:33:01    AXISBANK     Baseline     C=1323.30  → -[-]  
13:33:01    HDFCLIFE     Baseline     C=586.45  → -[-]  
13:33:01    BAJAJFINSV   Baseline     C=1768.50  → -[-]  
13:33:01    JSWSTEEL     Baseline     C=1206.60  → -[-]  
13:33:01    SBIN         Baseline     C=1041.25  → -[-]  
13:33:01    MARUTI       Baseline     C=13640.00  → -[-]  
13:33:01    TRENT        Baseline     C=3865.00  → -[-]  
13:33:01    SHRIRAMFIN   Baseline     C=994.25  → -[-]  
13:33:01  SCAN #74 complete in 0.0s
13:36:01  SCAN #75  13:36:01  phase=ACTIVE_AM  active=True  missed=0
13:36:01  FETCH  WS  9 new bars (2 clock-flushed) in 0.017s
13:36:01    HINDUNILVR   Baseline     C=2119.00  → -[-]  
13:36:01    AXISBANK     Baseline     C=1324.60  → -[-]  
13:36:01    HDFCLIFE     Baseline     C=586.50  → -[-]  
13:36:01    BAJAJFINSV   Baseline     C=1769.40  → -[-]  
13:36:01    JSWSTEEL     Baseline     C=1207.60  → -[-]  
13:36:01    SBIN         Baseline     C=1043.55  → -[-]  
13:36:01    MARUTI       Baseline     C=13639.00  → -[-]  
13:36:01    TRENT        Baseline     C=3869.40  → -[-]  
13:36:01    SHRIRAMFIN   Baseline     C=995.55  → -[-]  
13:36:01  SCAN #75 complete in 0.0s
13:39:01  SCAN #76  13:39:01  phase=ACTIVE_AM  active=True  missed=0
13:39:01  FETCH  WS  9 new bars (5 clock-flushed) in 0.020s
13:39:01    HINDUNILVR   Baseline     C=2117.00  → -[-]  
13:39:01    AXISBANK     Baseline     C=1323.00  → -[-]  
13:39:01    HDFCLIFE     Baseline     C=586.75  → -[-]  
13:39:01    BAJAJFINSV   Baseline     C=1768.90  → -[-]  
13:39:01    JSWSTEEL     Baseline     C=1207.50  → -[-]  
13:39:01    SBIN         Baseline     C=1041.10  → -[-]  
13:39:01    MARUTI       Baseline     C=13614.00  → -[-]  
13:39:01    TRENT        Baseline     C=3866.00  → -[-]  
13:39:01    SHRIRAMFIN   Baseline     C=994.60  → -[-]  
13:39:01  SCAN #76 complete in 0.0s
13:42:01  SCAN #77  13:42:01  phase=ACTIVE_AM  active=True  missed=0
13:42:01  FETCH  WS  9 new bars (6 clock-flushed) in 0.020s
13:42:01    HINDUNILVR   Baseline     C=2117.70  → -[-]  
13:42:01    AXISBANK     Baseline     C=1322.60  → -[-]  
13:42:01    HDFCLIFE     Baseline     C=586.10  → -[-]  
13:42:01    BAJAJFINSV   Baseline     C=1766.40  → -[-]  
13:42:01    JSWSTEEL     Baseline     C=1207.20  → -[-]  
13:42:01    SBIN         Baseline     C=1040.90  → -[-]  
13:42:01    MARUTI       Baseline     C=13602.00  → -[-]  
13:42:01    TRENT        Baseline     C=3861.90  → -[-]  
13:42:01    SHRIRAMFIN   Baseline     C=995.25  → -[-]  
13:42:01  SCAN #77 complete in 0.0s
13:45:01  SCAN #78  13:45:01  phase=ACTIVE_AM  active=True  missed=0
13:45:01  FETCH  WS  9 new bars (3 clock-flushed) in 0.021s
13:45:01    HINDUNILVR   Baseline     C=2117.10  → -[-]  
13:45:01    AXISBANK     Baseline     C=1323.20  → -[-]  
13:45:01    HDFCLIFE     Baseline     C=586.05  → -[-]  
13:45:01    BAJAJFINSV   Baseline     C=1766.00  → -[-]  
13:45:01    JSWSTEEL     Baseline     C=1206.30  → -[-]  
13:45:01    SBIN         Baseline     C=1040.95  → -[-]  
13:45:01    MARUTI       Baseline     C=13614.00  → -[-]  
13:45:01    TRENT        Baseline     C=3861.40  → -[-]  
13:45:01    SHRIRAMFIN   Baseline     C=994.90  → -[-]  
13:45:01  SCAN #78 complete in 0.0s
13:48:01  SCAN #79  13:48:01  phase=ACTIVE_AM  active=True  missed=0
13:48:01  FETCH  WS  9 new bars (4 clock-flushed) in 0.021s
13:48:01    HINDUNILVR   Baseline     C=2118.50  → -[-]  
13:48:01    AXISBANK     Baseline     C=1321.70  → -[-]  
13:48:01    HDFCLIFE     Baseline     C=585.80  → -[-]  
13:48:01    BAJAJFINSV   Baseline     C=1763.00  → -[-]  
13:48:01    JSWSTEEL     Baseline     C=1204.80  → -[-]  
13:48:01    SBIN         Baseline     C=1040.00  → -[-]  
13:48:01    MARUTI       Baseline     C=13576.00  → -[-]  
13:48:01    TRENT        Baseline     C=3852.60  → -[-]  
13:48:01    SHRIRAMFIN   Baseline     C=993.00  → -[-]  
13:48:01  SCAN #79 complete in 0.0s
13:50:23  WS error: Connection closed
13:50:23  WS error: Connection closed
13:50:23  WS error: Connection closed
13:50:23  WS reconnecting in 1s (attempt 1)...
13:51:01  SCAN #80  13:51:01  phase=ACTIVE_AM  active=True  missed=0
13:51:01  WS stale (59s since last tick) — REST fallback
13:51:23  WS error: Connection closed
13:51:23  WS error: Connection closed
13:51:23  WS error: Connection closed
13:51:23  WS reconnecting in 2s (attempt 2)...
13:51:23  API  HINDUNILVR   fetch error: Candle fetch timed out after 10s
13:51:23  API  HDFCLIFE     fetch error: Candle fetch timed out after 10s
13:51:23  API  AXISBANK     fetch error: Candle fetch timed out after 10s
13:51:23  API  BAJAJFINSV   fetch error: Candle fetch failed: HTTPSConnectionPool(host='apiconnect.angelone.in', port=443): Max retries exceeded with url: /rest/secure/angelbroking/historical/v1/getCandleData (Caused by NameResolutionError("HTTPSConnection(host='apiconnect.angelone.in', port=443): Failed to resolve 'apiconnect.angelone.in' ([Errno 8] nodename nor servname provided, or not known)"))
13:51:25  FETCH  REST  5/9 OK in 24.2s
13:51:25    JSWSTEEL     Baseline     C=1205.90  → -[-]  
13:51:25    SBIN         Baseline     C=1044.65  → -[-]  
13:51:25    MARUTI       Baseline     C=13594.00  → -[-]  
13:51:25    TRENT        Baseline     C=3857.00  → -[-]  
13:51:25    SHRIRAMFIN   Baseline     C=995.35  → -[-]  
13:51:25  SCAN #80 complete in 24.2s
13:51:25  WS connected — subscribing 9 tokens (mode=2 Quote)
13:54:01  SCAN #81  13:54:01  phase=ACTIVE_AM  active=True  missed=0
13:54:01  FETCH  WS  18 new bars (6 clock-flushed) in 0.020s
13:54:01    HINDUNILVR   Baseline     C=2119.90  → -[-]  
13:54:01    HINDUNILVR   Baseline     C=2119.80  → -[-]  
13:54:01    AXISBANK     Baseline     C=1324.10  → -[-]  
13:54:01    AXISBANK     Baseline     C=1322.90  → -[-]  
13:54:01    HDFCLIFE     Baseline     C=586.00  → -[-]  
13:54:01    HDFCLIFE     Baseline     C=586.00  → -[-]  
13:54:01    BAJAJFINSV   Baseline     C=1763.90  → -[-]  
13:54:01    BAJAJFINSV   Baseline     C=1764.40  → -[-]  
13:54:01    JSWSTEEL     Baseline     C=1205.70  → -[-]  
13:54:01    SBIN         Baseline     C=1043.00  → -[-]  
13:54:01    MARUTI       Baseline     C=13566.00  → -[-]  
13:54:01    TRENT        Baseline     C=3854.20  → -[-]  
13:54:01    SHRIRAMFIN   Baseline     C=994.55  → -[-]  
13:54:01  SCAN #81 complete in 0.0s
13:57:01  SCAN #82  13:57:01  phase=ACTIVE_AM  active=True  missed=0
13:57:01  FETCH  WS  9 new bars (1 clock-flushed) in 0.020s
13:57:01    HINDUNILVR   Baseline     C=2121.60  → -[-]  
13:57:01    AXISBANK     Baseline     C=1325.70  → -[-]  
13:57:01    HDFCLIFE     Baseline     C=586.20  → -[-]  
13:57:01    BAJAJFINSV   Baseline     C=1767.60  → -[-]  
13:57:01    JSWSTEEL     Baseline     C=1206.80  → -[-]  
13:57:01    SBIN         Baseline     C=1044.50  → -[-]  
13:57:01    MARUTI       Baseline     C=13601.00  → -[-]  
13:57:01    TRENT        Baseline     C=3857.70  → -[-]  
13:57:01    SHRIRAMFIN   Baseline     C=996.70  → -[-]  
13:57:01  SCAN #82 complete in 0.0s
14:00:01  SCAN #83  14:00:01  phase=ACTIVE_AM  active=True  missed=0
14:00:01  FETCH  WS  9 new bars (2 clock-flushed) in 0.021s
14:00:01    HINDUNILVR   Baseline     C=2121.70  → -[-]  
14:00:01    AXISBANK     Baseline     C=1324.80  → -[-]  
14:00:01    HDFCLIFE     Baseline     C=585.75  → -[-]  
14:00:01    BAJAJFINSV   Baseline     C=1766.60  → -[-]  
14:00:01    JSWSTEEL     Baseline     C=1206.80  → -[-]  
14:00:01    SBIN         Baseline     C=1043.65  → -[-]  
14:00:01    MARUTI       Baseline     C=13588.00  → -[-]  
14:00:01    TRENT        Baseline     C=3860.80  → -[-]  
14:00:01    SHRIRAMFIN   Baseline     C=995.65  → -[-]  
14:00:01  SCAN #83 complete in 0.0s
14:03:01  SCAN #84  14:03:01  phase=ACTIVE_AM  active=True  missed=0
14:03:01  FETCH  WS  9 new bars (2 clock-flushed) in 0.020s
14:03:01    HINDUNILVR   Baseline     C=2122.20  → -[-]  
14:03:01    AXISBANK     Baseline     C=1324.80  → -[-]  
14:03:01    HDFCLIFE     Baseline     C=585.95  → -[-]  
14:03:01    BAJAJFINSV   Baseline     C=1767.30  → -[-]  
14:03:01    JSWSTEEL     Baseline     C=1207.60  → -[-]  
14:03:01    SBIN         Baseline     C=1043.90  → -[-]  
14:03:01    MARUTI       Baseline     C=13582.00  → -[-]  
14:03:01    TRENT        Baseline     C=3867.60  → -[-]  
14:03:01    SHRIRAMFIN   Baseline     C=996.60  → -[-]  
14:03:01  SCAN #84 complete in 0.0s
14:06:01  SCAN #85  14:06:01  phase=ACTIVE_AM  active=True  missed=0
14:06:01  FETCH  WS  9 new bars (1 clock-flushed) in 0.018s
14:06:01    HINDUNILVR   Baseline     C=2121.30  → -[-]  
14:06:01    AXISBANK     Baseline     C=1324.70  → -[-]  
14:06:01    HDFCLIFE     Baseline     C=585.75  → -[-]  
14:06:01    BAJAJFINSV   Baseline     C=1767.60  → -[-]  
14:06:01    JSWSTEEL     Baseline     C=1206.70  → -[-]  
14:06:01    SBIN         Baseline     C=1043.20  → -[-]  
14:06:01    MARUTI       Baseline     C=13577.00  → -[-]  
14:06:01    TRENT        Baseline     C=3862.50  → -[-]  
14:06:01    SHRIRAMFIN   Baseline     C=996.95  → -[-]  
14:06:01  SCAN #85 complete in 0.0s
14:09:01  SCAN #86  14:09:01  phase=ACTIVE_AM  active=True  missed=0
14:09:01  FETCH  WS  9 new bars (6 clock-flushed) in 0.021s
14:09:01    HINDUNILVR   Baseline     C=2122.90  → -[-]  
14:09:01    AXISBANK     Baseline     C=1326.60  → -[-]  
14:09:01    HDFCLIFE     Baseline     C=587.25  → -[-]  
14:09:01    BAJAJFINSV   Baseline     C=1770.80  → -[-]  
14:09:01    JSWSTEEL     Baseline     C=1207.00  → -[-]  
14:09:01    SBIN         Baseline     C=1044.70  → -[-]  
14:09:01    MARUTI       Baseline     C=13580.00  → -[-]  
14:09:01    TRENT        Baseline     C=3863.90  → -[-]  
14:09:01    SHRIRAMFIN   Baseline     C=997.90  → -[-]  
14:09:01  SCAN #86 complete in 0.0s
14:12:01  SCAN #87  14:12:01  phase=ACTIVE_AM  active=True  missed=0
14:12:01  FETCH  WS  9 new bars (5 clock-flushed) in 0.019s
14:12:01    HINDUNILVR   Baseline     C=2121.80  → -[-]  
14:12:01    AXISBANK     Baseline     C=1324.50  → -[-]  
14:12:01    HDFCLIFE     Baseline     C=586.40  → -[-]  
14:12:01    BAJAJFINSV   Baseline     C=1764.40  → -[-]  
14:12:01    JSWSTEEL     Baseline     C=1205.60  → -[-]  
14:12:01    SBIN         Baseline     C=1042.30  → -[-]  
14:12:01    MARUTI       Baseline     C=13555.00  → -[-]  
14:12:01    TRENT        Baseline     C=3858.50  → -[-]  
14:12:01    SHRIRAMFIN   Baseline     C=996.80  → -[-]  
14:12:01  SCAN #87 complete in 0.0s
14:15:01  SCAN #88  14:15:01  phase=ACTIVE_AM  active=True  missed=0
14:15:01  FETCH  WS  9 new bars (2 clock-flushed) in 0.020s
14:15:01    HINDUNILVR   Baseline     C=2121.10  → -[-]  
14:15:01    AXISBANK     Baseline     C=1323.80  → -[-]  
14:15:01    HDFCLIFE     Baseline     C=586.30  → -[-]  
14:15:01    BAJAJFINSV   Baseline     C=1763.00  → -[-]  
14:15:01    JSWSTEEL     Baseline     C=1205.70  → -[-]  
14:15:01    SBIN         Baseline     C=1041.65  → -[-]  
14:15:01    MARUTI       Baseline     C=13547.00  → -[-]  
14:15:01    TRENT        Baseline     C=3856.10  → -[-]  
14:15:01    SHRIRAMFIN   Baseline     C=996.60  → -[-]  
14:15:01  SCAN #88 complete in 0.0s
14:18:01  SCAN #89  14:18:01  phase=ACTIVE_AM  active=True  missed=0
14:18:01  FETCH  WS  9 new bars (5 clock-flushed) in 0.020s
14:18:01    HINDUNILVR   Baseline     C=2120.80  → -[-]  
14:18:01    AXISBANK     Baseline     C=1324.50  → -[-]  
14:18:01    HDFCLIFE     Baseline     C=586.10  → -[-]  
14:18:01    BAJAJFINSV   Baseline     C=1764.10  → -[-]  
14:18:01    JSWSTEEL     Baseline     C=1206.00  → -[-]  
14:18:01    SBIN         Baseline     C=1042.10  → -[-]  
14:18:01    MARUTI       Baseline     C=13562.00  → -[-]  
14:18:01    TRENT        Baseline     C=3859.00  → -[-]  
14:18:01    SHRIRAMFIN   Baseline     C=996.75  → -[-]  
14:18:01  SCAN #89 complete in 0.0s
14:21:01  SCAN #90  14:21:01  phase=ACTIVE_AM  active=True  missed=0
14:21:01  FETCH  WS  9 new bars (2 clock-flushed) in 0.020s
14:21:01    HINDUNILVR   Baseline     C=2125.90  → -[-]  
14:21:01    AXISBANK     Baseline     C=1324.30  → -[-]  
14:21:01    HDFCLIFE     Baseline     C=586.10  → -[-]  
14:21:01    BAJAJFINSV   Baseline     C=1763.80  → -[-]  
14:21:01    JSWSTEEL     Baseline     C=1205.50  → -[-]  
14:21:01    SBIN         Baseline     C=1041.00  → -[-]  
14:21:01    MARUTI       Baseline     C=13579.00  → -[-]  
14:21:01    TRENT        Baseline     C=3858.60  → -[-]  
14:21:01    SHRIRAMFIN   Baseline     C=994.40  → -[-]  
14:21:01  SCAN #90 complete in 0.0s
14:24:01  SCAN #91  14:24:01  phase=ACTIVE_AM  active=True  missed=0
14:24:01  FETCH  WS  9 new bars (2 clock-flushed) in 0.019s
14:24:01    HINDUNILVR   Baseline     C=2127.00  → -[-]  
14:24:01    AXISBANK     Baseline     C=1322.80  → -[-]  
14:24:01    HDFCLIFE     Baseline     C=586.55  → -[-]  
14:24:01    BAJAJFINSV   Baseline     C=1762.80  → -[-]  
14:24:01    JSWSTEEL     Baseline     C=1204.30  → -[-]  
14:24:01    SBIN         Baseline     C=1040.75  → -[-]  
14:24:01    MARUTI       Baseline     C=13552.00  → -[-]  
14:24:01    TRENT        Baseline     C=3856.10  → -[-]  
14:24:01    SHRIRAMFIN   Baseline     C=994.55  → -[-]  
14:24:01  SCAN #91 complete in 0.0s
14:27:01  SCAN #92  14:27:01  phase=ACTIVE_AM  active=True  missed=0
14:27:01  FETCH  WS  9 new bars (0 clock-flushed) in 0.011s
14:27:01    HINDUNILVR   Baseline     C=2127.00  → -[-]  
14:27:01    AXISBANK     Baseline     C=1318.90  → -[-]  
14:27:01    HDFCLIFE     Baseline     C=586.10  → -[-]  
14:27:01    BAJAJFINSV   Baseline     C=1762.00  → -[-]  
14:27:01    JSWSTEEL     Baseline     C=1203.30  → -[-]  
14:27:01    SBIN         Baseline     C=1040.50  → -[-]  
14:27:01    MARUTI       Baseline     C=13548.00  → -[-]  
14:27:01    TRENT        Baseline     C=3857.80  → -[-]  
14:27:01    SHRIRAMFIN   Baseline     C=992.40  → -[-]  
14:27:01  SCAN #92 complete in 0.0s
14:30:01  SCAN #93  14:30:01  phase=ACTIVE_AM  active=True  missed=0
14:30:01  FETCH  WS  9 new bars (1 clock-flushed) in 0.020s
14:30:01    HINDUNILVR   Baseline     C=2128.40  → -[-]  
14:30:01    AXISBANK     Baseline     C=1319.00  → -[-]  
14:30:01    HDFCLIFE     Baseline     C=586.10  → -[-]  
14:30:01    BAJAJFINSV   Baseline     C=1762.50  → -[-]  
14:30:01    JSWSTEEL     Baseline     C=1203.70  → -[-]  
14:30:01    SBIN         Baseline     C=1041.05  → -[-]  
14:30:01    MARUTI       Baseline     C=13557.00  → -[-]  
14:30:01    TRENT        Baseline     C=3852.40  → -[-]  
14:30:01    SHRIRAMFIN   Baseline     C=993.10  → -[-]  
14:30:01  SCAN #93 complete in 0.0s
14:33:01  PHASE  ACTIVE_AM → SHUTDOWN
14:33:01  ======================================================================
14:33:01  SHUTDOWN  2 signal(s), 93 scan cycles
14:33:01    SUMMARY  10:36   LONG  AXISBANK     Baseline     @ 1337.70  SL=1332.85  TP=1340.49
14:33:01    SUMMARY  12:45  SHORT  HINDUNILVR   Baseline     @ 2129.70  SL=2132.41  TP=2125.71
14:33:01  ======================================================================
14:33:01  WS feed stopped
